#-----------------------------------------------------------
# Vivado v2019.1 (64-bit)
# SW Build 2552052 on Fri May 24 14:49:42 MDT 2019
# IP Build 2548770 on Fri May 24 18:01:18 MDT 2019
# Start of session at: Mon Oct 21 22:45:48 2019
# Process ID: 7360
# Current directory: D:/Program_Files/projects/hls/lab7_z2/lab7_2/solution1/sim/verilog
# Command line: vivado.exe -source open_wave.tcl
# Log file: D:/Program_Files/projects/hls/lab7_z2/lab7_2/solution1/sim/verilog/vivado.log
# Journal file: D:/Program_Files/projects/hls/lab7_z2/lab7_2/solution1/sim/verilog\vivado.jou
#-----------------------------------------------------------
start_gui
source open_wave.tcl
# current_fileset
INFO: [IP_Flow 19-234] Refreshing IP repositories
INFO: [IP_Flow 19-1704] No user IP repositories specified
INFO: [IP_Flow 19-2313] Loaded Vivado IP repository 'D:/Program_Files/Xilinx/Vivado/2019.1/data/ip'.
current_fileset: Time (s): cpu = 00:00:07 ; elapsed = 00:00:07 . Memory (MB): peak = 636.910 ; gain = 60.125
# open_wave_database foo.wdb
open_wave_config D:/Program_Files/projects/hls/lab7_z2/lab7_2/solution1/sim/verilog/foo.wcfg
close_sim
INFO: [Simtcl 6-16] Simulation closed
exit
INFO: [Common 17-206] Exiting Vivado at Mon Oct 21 23:01:17 2019...
