#-----------------------------------------------------------
# Vivado v2018.2 (64-bit)
# SW Build 2258646 on Thu Jun 14 20:03:12 MDT 2018
# IP Build 2256618 on Thu Jun 14 22:10:49 MDT 2018
# Start of session at: Wed Dec 25 22:36:03 2019
# Process ID: 10588
# Current directory: C:/Users/fedor/Desktop/ANTOSHA/lab11_2/lab11_z2/solution1/sim/verilog
# Command line: vivado.exe -source open_wave.tcl
# Log file: C:/Users/fedor/Desktop/ANTOSHA/lab11_2/lab11_z2/solution1/sim/verilog/vivado.log
# Journal file: C:/Users/fedor/Desktop/ANTOSHA/lab11_2/lab11_z2/solution1/sim/verilog\vivado.jou
#-----------------------------------------------------------
start_gui
source open_wave.tcl
# current_fileset
INFO: [IP_Flow 19-234] Refreshing IP repositories
INFO: [IP_Flow 19-1704] No user IP repositories specified
INFO: [IP_Flow 19-2313] Loaded Vivado IP repository 'D:/Xilinx/Vivado/2018.2/data/ip'.
current_fileset: Time (s): cpu = 00:00:05 ; elapsed = 00:00:09 . Memory (MB): peak = 699.191 ; gain = 35.516
# open_wave_database foo.wdb
open_wave_config C:/Users/fedor/Desktop/ANTOSHA/lab11_2/lab11_z2/solution1/sim/verilog/foo.wcfg
close_sim
INFO: [Simtcl 6-16] Simulation closed
exit
INFO: [Common 17-206] Exiting Vivado at Wed Dec 25 23:12:00 2019...
