

================================================================
== Vivado HLS Report for 'foo'
================================================================
* Date:           Thu Dec 26 00:39:57 2019

* Version:        2018.2 (Build 2258646 on Thu Jun 14 20:25:20 MDT 2018)
* Project:        lab11_z1
* Solution:       solution2
* Product family: aartix7
* Target device:  xa7a12tcsg325-1q


================================================================
== Performance Estimates
================================================================
+ Timing (ns): 
    * Summary: 
    +--------+-------+----------+------------+
    |  Clock | Target| Estimated| Uncertainty|
    +--------+-------+----------+------------+
    |ap_clk  |  10.00|     7.006|        0.10|
    +--------+-------+----------+------------+

+ Latency (clock cycles): 
    * Summary: 
    +-----+-----+-----+-----+---------+
    |  Latency  |  Interval | Pipeline|
    | min | max | min | max |   Type  |
    +-----+-----+-----+-----+---------+
    |    8|    8|    8|    8|   none  |
    +-----+-----+-----+-----+---------+

    + Detail: 
        * Instance: 
        N/A

        * Loop: 
        N/A

============================================================
+ Verbose Summary: Synthesis Manager
============================================================
InlineROM: 1
ExposeGlobal: 0
============================================================
+ Verbose Summary: CDFG Model
============================================================
IsTopModel: 1
ResetActiveHigh: 1
IsCombinational: 0
IsDatapathOnly: 0
HasWiredReturn: 1
HasMFsm: 0
HasVarLatency: 1
IsPipeline: 0
IsRtlPipelined: 0
IsInstanceOverlapped: 0
IsDontTouch: 0
HasImplIP: 0
IsGatedGlobalClock: 0


============================================================
+ Verbose Summary: Schedule
============================================================
* Number of FSM states : 9
* Pipeline : 0
* Dataflow Pipeline: 0

* FSM state transitions: 
1 --> 
	2  / true
2 --> 
	3  / true
3 --> 
	4  / true
4 --> 
	5  / true
5 --> 
	6  / true
6 --> 
	7  / true
7 --> 
	8  / true
8 --> 
	9  / true
9 --> 

* FSM state operations: 

State 1 <SV = 0> <Delay = 2.15>
ST_1 : Operation 10 [1/1] (0.00ns)   --->   "%b_addr = getelementptr [16 x i32]* %b, i64 0, i64 0" [foo.c:7]   --->   Operation 10 'getelementptr' 'b_addr' <Predicate = true> <Delay = 0.00>
ST_1 : Operation 11 [2/2] (2.15ns)   --->   "%b_load = load i32* %b_addr, align 4" [foo.c:7]   --->   Operation 11 'load' 'b_load' <Predicate = true> <Delay = 2.15> <Core = "RAM">   --->   Core 37 'RAM' <Latency = 1> <II = 1> <Delay = 2.15> <Storage> <Opcode : 'load' 'store'> <Ports = 2> <Width = 32> <Depth = 16> <RAM>
ST_1 : Operation 12 [1/1] (0.00ns)   --->   "%c_addr = getelementptr [16 x i32]* %c, i64 0, i64 0" [foo.c:7]   --->   Operation 12 'getelementptr' 'c_addr' <Predicate = true> <Delay = 0.00>
ST_1 : Operation 13 [2/2] (2.15ns)   --->   "%c_load = load i32* %c_addr, align 4" [foo.c:7]   --->   Operation 13 'load' 'c_load' <Predicate = true> <Delay = 2.15> <Core = "RAM">   --->   Core 37 'RAM' <Latency = 1> <II = 1> <Delay = 2.15> <Storage> <Opcode : 'load' 'store'> <Ports = 2> <Width = 32> <Depth = 16> <RAM>
ST_1 : Operation 14 [1/1] (0.00ns)   --->   "%b_addr_1 = getelementptr [16 x i32]* %b, i64 0, i64 1" [foo.c:7]   --->   Operation 14 'getelementptr' 'b_addr_1' <Predicate = true> <Delay = 0.00>
ST_1 : Operation 15 [2/2] (2.15ns)   --->   "%b_load_1 = load i32* %b_addr_1, align 4" [foo.c:7]   --->   Operation 15 'load' 'b_load_1' <Predicate = true> <Delay = 2.15> <Core = "RAM">   --->   Core 37 'RAM' <Latency = 1> <II = 1> <Delay = 2.15> <Storage> <Opcode : 'load' 'store'> <Ports = 2> <Width = 32> <Depth = 16> <RAM>
ST_1 : Operation 16 [1/1] (0.00ns)   --->   "%c_addr_1 = getelementptr [16 x i32]* %c, i64 0, i64 1" [foo.c:7]   --->   Operation 16 'getelementptr' 'c_addr_1' <Predicate = true> <Delay = 0.00>
ST_1 : Operation 17 [2/2] (2.15ns)   --->   "%c_load_1 = load i32* %c_addr_1, align 4" [foo.c:7]   --->   Operation 17 'load' 'c_load_1' <Predicate = true> <Delay = 2.15> <Core = "RAM">   --->   Core 37 'RAM' <Latency = 1> <II = 1> <Delay = 2.15> <Storage> <Opcode : 'load' 'store'> <Ports = 2> <Width = 32> <Depth = 16> <RAM>

State 2 <SV = 1> <Delay = 7.00>
ST_2 : Operation 18 [1/2] (2.15ns)   --->   "%b_load = load i32* %b_addr, align 4" [foo.c:7]   --->   Operation 18 'load' 'b_load' <Predicate = true> <Delay = 2.15> <Core = "RAM">   --->   Core 37 'RAM' <Latency = 1> <II = 1> <Delay = 2.15> <Storage> <Opcode : 'load' 'store'> <Ports = 2> <Width = 32> <Depth = 16> <RAM>
ST_2 : Operation 19 [1/2] (2.15ns)   --->   "%c_load = load i32* %c_addr, align 4" [foo.c:7]   --->   Operation 19 'load' 'c_load' <Predicate = true> <Delay = 2.15> <Core = "RAM">   --->   Core 37 'RAM' <Latency = 1> <II = 1> <Delay = 2.15> <Storage> <Opcode : 'load' 'store'> <Ports = 2> <Width = 32> <Depth = 16> <RAM>
ST_2 : Operation 20 [1/1] (2.70ns)   --->   "%tmp_1 = add nsw i32 %b_load, %c_load" [foo.c:7]   --->   Operation 20 'add' 'tmp_1' <Predicate = true> <Delay = 2.70> <Core = "AddSub">   --->   Core 14 'AddSub' <Latency = 0> <II = 1> <Delay = 2.70> <FuncUnit> <Opcode : 'add' 'sub'> <InPorts = 2> <OutPorts = 1>
ST_2 : Operation 21 [1/1] (0.00ns)   --->   "%a_addr = getelementptr [16 x i32]* %a, i64 0, i64 0" [foo.c:7]   --->   Operation 21 'getelementptr' 'a_addr' <Predicate = true> <Delay = 0.00>
ST_2 : Operation 22 [1/1] (2.15ns)   --->   "store i32 %tmp_1, i32* %a_addr, align 4" [foo.c:7]   --->   Operation 22 'store' <Predicate = true> <Delay = 2.15> <Core = "RAM">   --->   Core 37 'RAM' <Latency = 1> <II = 1> <Delay = 2.15> <Storage> <Opcode : 'load' 'store'> <Ports = 2> <Width = 32> <Depth = 16> <RAM>
ST_2 : Operation 23 [1/2] (2.15ns)   --->   "%b_load_1 = load i32* %b_addr_1, align 4" [foo.c:7]   --->   Operation 23 'load' 'b_load_1' <Predicate = true> <Delay = 2.15> <Core = "RAM">   --->   Core 37 'RAM' <Latency = 1> <II = 1> <Delay = 2.15> <Storage> <Opcode : 'load' 'store'> <Ports = 2> <Width = 32> <Depth = 16> <RAM>
ST_2 : Operation 24 [1/2] (2.15ns)   --->   "%c_load_1 = load i32* %c_addr_1, align 4" [foo.c:7]   --->   Operation 24 'load' 'c_load_1' <Predicate = true> <Delay = 2.15> <Core = "RAM">   --->   Core 37 'RAM' <Latency = 1> <II = 1> <Delay = 2.15> <Storage> <Opcode : 'load' 'store'> <Ports = 2> <Width = 32> <Depth = 16> <RAM>
ST_2 : Operation 25 [1/1] (2.70ns)   --->   "%tmp_1_1 = add nsw i32 %b_load_1, %c_load_1" [foo.c:7]   --->   Operation 25 'add' 'tmp_1_1' <Predicate = true> <Delay = 2.70> <Core = "AddSub">   --->   Core 14 'AddSub' <Latency = 0> <II = 1> <Delay = 2.70> <FuncUnit> <Opcode : 'add' 'sub'> <InPorts = 2> <OutPorts = 1>
ST_2 : Operation 26 [1/1] (0.00ns)   --->   "%a_addr_1 = getelementptr [16 x i32]* %a, i64 0, i64 1" [foo.c:7]   --->   Operation 26 'getelementptr' 'a_addr_1' <Predicate = true> <Delay = 0.00>
ST_2 : Operation 27 [1/1] (2.15ns)   --->   "store i32 %tmp_1_1, i32* %a_addr_1, align 4" [foo.c:7]   --->   Operation 27 'store' <Predicate = true> <Delay = 2.15> <Core = "RAM">   --->   Core 37 'RAM' <Latency = 1> <II = 1> <Delay = 2.15> <Storage> <Opcode : 'load' 'store'> <Ports = 2> <Width = 32> <Depth = 16> <RAM>
ST_2 : Operation 28 [1/1] (0.00ns)   --->   "%b_addr_2 = getelementptr [16 x i32]* %b, i64 0, i64 2" [foo.c:7]   --->   Operation 28 'getelementptr' 'b_addr_2' <Predicate = true> <Delay = 0.00>
ST_2 : Operation 29 [2/2] (2.15ns)   --->   "%b_load_2 = load i32* %b_addr_2, align 4" [foo.c:7]   --->   Operation 29 'load' 'b_load_2' <Predicate = true> <Delay = 2.15> <Core = "RAM">   --->   Core 37 'RAM' <Latency = 1> <II = 1> <Delay = 2.15> <Storage> <Opcode : 'load' 'store'> <Ports = 2> <Width = 32> <Depth = 16> <RAM>
ST_2 : Operation 30 [1/1] (0.00ns)   --->   "%c_addr_2 = getelementptr [16 x i32]* %c, i64 0, i64 2" [foo.c:7]   --->   Operation 30 'getelementptr' 'c_addr_2' <Predicate = true> <Delay = 0.00>
ST_2 : Operation 31 [2/2] (2.15ns)   --->   "%c_load_2 = load i32* %c_addr_2, align 4" [foo.c:7]   --->   Operation 31 'load' 'c_load_2' <Predicate = true> <Delay = 2.15> <Core = "RAM">   --->   Core 37 'RAM' <Latency = 1> <II = 1> <Delay = 2.15> <Storage> <Opcode : 'load' 'store'> <Ports = 2> <Width = 32> <Depth = 16> <RAM>
ST_2 : Operation 32 [1/1] (0.00ns)   --->   "%b_addr_3 = getelementptr [16 x i32]* %b, i64 0, i64 3" [foo.c:7]   --->   Operation 32 'getelementptr' 'b_addr_3' <Predicate = true> <Delay = 0.00>
ST_2 : Operation 33 [2/2] (2.15ns)   --->   "%b_load_3 = load i32* %b_addr_3, align 4" [foo.c:7]   --->   Operation 33 'load' 'b_load_3' <Predicate = true> <Delay = 2.15> <Core = "RAM">   --->   Core 37 'RAM' <Latency = 1> <II = 1> <Delay = 2.15> <Storage> <Opcode : 'load' 'store'> <Ports = 2> <Width = 32> <Depth = 16> <RAM>
ST_2 : Operation 34 [1/1] (0.00ns)   --->   "%c_addr_3 = getelementptr [16 x i32]* %c, i64 0, i64 3" [foo.c:7]   --->   Operation 34 'getelementptr' 'c_addr_3' <Predicate = true> <Delay = 0.00>
ST_2 : Operation 35 [2/2] (2.15ns)   --->   "%c_load_3 = load i32* %c_addr_3, align 4" [foo.c:7]   --->   Operation 35 'load' 'c_load_3' <Predicate = true> <Delay = 2.15> <Core = "RAM">   --->   Core 37 'RAM' <Latency = 1> <II = 1> <Delay = 2.15> <Storage> <Opcode : 'load' 'store'> <Ports = 2> <Width = 32> <Depth = 16> <RAM>

State 3 <SV = 2> <Delay = 7.00>
ST_3 : Operation 36 [1/2] (2.15ns)   --->   "%b_load_2 = load i32* %b_addr_2, align 4" [foo.c:7]   --->   Operation 36 'load' 'b_load_2' <Predicate = true> <Delay = 2.15> <Core = "RAM">   --->   Core 37 'RAM' <Latency = 1> <II = 1> <Delay = 2.15> <Storage> <Opcode : 'load' 'store'> <Ports = 2> <Width = 32> <Depth = 16> <RAM>
ST_3 : Operation 37 [1/2] (2.15ns)   --->   "%c_load_2 = load i32* %c_addr_2, align 4" [foo.c:7]   --->   Operation 37 'load' 'c_load_2' <Predicate = true> <Delay = 2.15> <Core = "RAM">   --->   Core 37 'RAM' <Latency = 1> <II = 1> <Delay = 2.15> <Storage> <Opcode : 'load' 'store'> <Ports = 2> <Width = 32> <Depth = 16> <RAM>
ST_3 : Operation 38 [1/1] (2.70ns)   --->   "%tmp_1_2 = add nsw i32 %b_load_2, %c_load_2" [foo.c:7]   --->   Operation 38 'add' 'tmp_1_2' <Predicate = true> <Delay = 2.70> <Core = "AddSub">   --->   Core 14 'AddSub' <Latency = 0> <II = 1> <Delay = 2.70> <FuncUnit> <Opcode : 'add' 'sub'> <InPorts = 2> <OutPorts = 1>
ST_3 : Operation 39 [1/1] (0.00ns)   --->   "%a_addr_2 = getelementptr [16 x i32]* %a, i64 0, i64 2" [foo.c:7]   --->   Operation 39 'getelementptr' 'a_addr_2' <Predicate = true> <Delay = 0.00>
ST_3 : Operation 40 [1/1] (2.15ns)   --->   "store i32 %tmp_1_2, i32* %a_addr_2, align 4" [foo.c:7]   --->   Operation 40 'store' <Predicate = true> <Delay = 2.15> <Core = "RAM">   --->   Core 37 'RAM' <Latency = 1> <II = 1> <Delay = 2.15> <Storage> <Opcode : 'load' 'store'> <Ports = 2> <Width = 32> <Depth = 16> <RAM>
ST_3 : Operation 41 [1/2] (2.15ns)   --->   "%b_load_3 = load i32* %b_addr_3, align 4" [foo.c:7]   --->   Operation 41 'load' 'b_load_3' <Predicate = true> <Delay = 2.15> <Core = "RAM">   --->   Core 37 'RAM' <Latency = 1> <II = 1> <Delay = 2.15> <Storage> <Opcode : 'load' 'store'> <Ports = 2> <Width = 32> <Depth = 16> <RAM>
ST_3 : Operation 42 [1/2] (2.15ns)   --->   "%c_load_3 = load i32* %c_addr_3, align 4" [foo.c:7]   --->   Operation 42 'load' 'c_load_3' <Predicate = true> <Delay = 2.15> <Core = "RAM">   --->   Core 37 'RAM' <Latency = 1> <II = 1> <Delay = 2.15> <Storage> <Opcode : 'load' 'store'> <Ports = 2> <Width = 32> <Depth = 16> <RAM>
ST_3 : Operation 43 [1/1] (2.70ns)   --->   "%tmp_1_3 = add nsw i32 %b_load_3, %c_load_3" [foo.c:7]   --->   Operation 43 'add' 'tmp_1_3' <Predicate = true> <Delay = 2.70> <Core = "AddSub">   --->   Core 14 'AddSub' <Latency = 0> <II = 1> <Delay = 2.70> <FuncUnit> <Opcode : 'add' 'sub'> <InPorts = 2> <OutPorts = 1>
ST_3 : Operation 44 [1/1] (0.00ns)   --->   "%a_addr_3 = getelementptr [16 x i32]* %a, i64 0, i64 3" [foo.c:7]   --->   Operation 44 'getelementptr' 'a_addr_3' <Predicate = true> <Delay = 0.00>
ST_3 : Operation 45 [1/1] (2.15ns)   --->   "store i32 %tmp_1_3, i32* %a_addr_3, align 4" [foo.c:7]   --->   Operation 45 'store' <Predicate = true> <Delay = 2.15> <Core = "RAM">   --->   Core 37 'RAM' <Latency = 1> <II = 1> <Delay = 2.15> <Storage> <Opcode : 'load' 'store'> <Ports = 2> <Width = 32> <Depth = 16> <RAM>
ST_3 : Operation 46 [1/1] (0.00ns)   --->   "%b_addr_4 = getelementptr [16 x i32]* %b, i64 0, i64 4" [foo.c:7]   --->   Operation 46 'getelementptr' 'b_addr_4' <Predicate = true> <Delay = 0.00>
ST_3 : Operation 47 [2/2] (2.15ns)   --->   "%b_load_4 = load i32* %b_addr_4, align 4" [foo.c:7]   --->   Operation 47 'load' 'b_load_4' <Predicate = true> <Delay = 2.15> <Core = "RAM">   --->   Core 37 'RAM' <Latency = 1> <II = 1> <Delay = 2.15> <Storage> <Opcode : 'load' 'store'> <Ports = 2> <Width = 32> <Depth = 16> <RAM>
ST_3 : Operation 48 [1/1] (0.00ns)   --->   "%c_addr_4 = getelementptr [16 x i32]* %c, i64 0, i64 4" [foo.c:7]   --->   Operation 48 'getelementptr' 'c_addr_4' <Predicate = true> <Delay = 0.00>
ST_3 : Operation 49 [2/2] (2.15ns)   --->   "%c_load_4 = load i32* %c_addr_4, align 4" [foo.c:7]   --->   Operation 49 'load' 'c_load_4' <Predicate = true> <Delay = 2.15> <Core = "RAM">   --->   Core 37 'RAM' <Latency = 1> <II = 1> <Delay = 2.15> <Storage> <Opcode : 'load' 'store'> <Ports = 2> <Width = 32> <Depth = 16> <RAM>
ST_3 : Operation 50 [1/1] (0.00ns)   --->   "%b_addr_5 = getelementptr [16 x i32]* %b, i64 0, i64 5" [foo.c:7]   --->   Operation 50 'getelementptr' 'b_addr_5' <Predicate = true> <Delay = 0.00>
ST_3 : Operation 51 [2/2] (2.15ns)   --->   "%b_load_5 = load i32* %b_addr_5, align 4" [foo.c:7]   --->   Operation 51 'load' 'b_load_5' <Predicate = true> <Delay = 2.15> <Core = "RAM">   --->   Core 37 'RAM' <Latency = 1> <II = 1> <Delay = 2.15> <Storage> <Opcode : 'load' 'store'> <Ports = 2> <Width = 32> <Depth = 16> <RAM>
ST_3 : Operation 52 [1/1] (0.00ns)   --->   "%c_addr_5 = getelementptr [16 x i32]* %c, i64 0, i64 5" [foo.c:7]   --->   Operation 52 'getelementptr' 'c_addr_5' <Predicate = true> <Delay = 0.00>
ST_3 : Operation 53 [2/2] (2.15ns)   --->   "%c_load_5 = load i32* %c_addr_5, align 4" [foo.c:7]   --->   Operation 53 'load' 'c_load_5' <Predicate = true> <Delay = 2.15> <Core = "RAM">   --->   Core 37 'RAM' <Latency = 1> <II = 1> <Delay = 2.15> <Storage> <Opcode : 'load' 'store'> <Ports = 2> <Width = 32> <Depth = 16> <RAM>

State 4 <SV = 3> <Delay = 7.00>
ST_4 : Operation 54 [1/2] (2.15ns)   --->   "%b_load_4 = load i32* %b_addr_4, align 4" [foo.c:7]   --->   Operation 54 'load' 'b_load_4' <Predicate = true> <Delay = 2.15> <Core = "RAM">   --->   Core 37 'RAM' <Latency = 1> <II = 1> <Delay = 2.15> <Storage> <Opcode : 'load' 'store'> <Ports = 2> <Width = 32> <Depth = 16> <RAM>
ST_4 : Operation 55 [1/2] (2.15ns)   --->   "%c_load_4 = load i32* %c_addr_4, align 4" [foo.c:7]   --->   Operation 55 'load' 'c_load_4' <Predicate = true> <Delay = 2.15> <Core = "RAM">   --->   Core 37 'RAM' <Latency = 1> <II = 1> <Delay = 2.15> <Storage> <Opcode : 'load' 'store'> <Ports = 2> <Width = 32> <Depth = 16> <RAM>
ST_4 : Operation 56 [1/1] (2.70ns)   --->   "%tmp_1_4 = add nsw i32 %b_load_4, %c_load_4" [foo.c:7]   --->   Operation 56 'add' 'tmp_1_4' <Predicate = true> <Delay = 2.70> <Core = "AddSub">   --->   Core 14 'AddSub' <Latency = 0> <II = 1> <Delay = 2.70> <FuncUnit> <Opcode : 'add' 'sub'> <InPorts = 2> <OutPorts = 1>
ST_4 : Operation 57 [1/1] (0.00ns)   --->   "%a_addr_4 = getelementptr [16 x i32]* %a, i64 0, i64 4" [foo.c:7]   --->   Operation 57 'getelementptr' 'a_addr_4' <Predicate = true> <Delay = 0.00>
ST_4 : Operation 58 [1/1] (2.15ns)   --->   "store i32 %tmp_1_4, i32* %a_addr_4, align 4" [foo.c:7]   --->   Operation 58 'store' <Predicate = true> <Delay = 2.15> <Core = "RAM">   --->   Core 37 'RAM' <Latency = 1> <II = 1> <Delay = 2.15> <Storage> <Opcode : 'load' 'store'> <Ports = 2> <Width = 32> <Depth = 16> <RAM>
ST_4 : Operation 59 [1/2] (2.15ns)   --->   "%b_load_5 = load i32* %b_addr_5, align 4" [foo.c:7]   --->   Operation 59 'load' 'b_load_5' <Predicate = true> <Delay = 2.15> <Core = "RAM">   --->   Core 37 'RAM' <Latency = 1> <II = 1> <Delay = 2.15> <Storage> <Opcode : 'load' 'store'> <Ports = 2> <Width = 32> <Depth = 16> <RAM>
ST_4 : Operation 60 [1/2] (2.15ns)   --->   "%c_load_5 = load i32* %c_addr_5, align 4" [foo.c:7]   --->   Operation 60 'load' 'c_load_5' <Predicate = true> <Delay = 2.15> <Core = "RAM">   --->   Core 37 'RAM' <Latency = 1> <II = 1> <Delay = 2.15> <Storage> <Opcode : 'load' 'store'> <Ports = 2> <Width = 32> <Depth = 16> <RAM>
ST_4 : Operation 61 [1/1] (2.70ns)   --->   "%tmp_1_5 = add nsw i32 %b_load_5, %c_load_5" [foo.c:7]   --->   Operation 61 'add' 'tmp_1_5' <Predicate = true> <Delay = 2.70> <Core = "AddSub">   --->   Core 14 'AddSub' <Latency = 0> <II = 1> <Delay = 2.70> <FuncUnit> <Opcode : 'add' 'sub'> <InPorts = 2> <OutPorts = 1>
ST_4 : Operation 62 [1/1] (0.00ns)   --->   "%a_addr_5 = getelementptr [16 x i32]* %a, i64 0, i64 5" [foo.c:7]   --->   Operation 62 'getelementptr' 'a_addr_5' <Predicate = true> <Delay = 0.00>
ST_4 : Operation 63 [1/1] (2.15ns)   --->   "store i32 %tmp_1_5, i32* %a_addr_5, align 4" [foo.c:7]   --->   Operation 63 'store' <Predicate = true> <Delay = 2.15> <Core = "RAM">   --->   Core 37 'RAM' <Latency = 1> <II = 1> <Delay = 2.15> <Storage> <Opcode : 'load' 'store'> <Ports = 2> <Width = 32> <Depth = 16> <RAM>
ST_4 : Operation 64 [1/1] (0.00ns)   --->   "%b_addr_6 = getelementptr [16 x i32]* %b, i64 0, i64 6" [foo.c:7]   --->   Operation 64 'getelementptr' 'b_addr_6' <Predicate = true> <Delay = 0.00>
ST_4 : Operation 65 [2/2] (2.15ns)   --->   "%b_load_6 = load i32* %b_addr_6, align 4" [foo.c:7]   --->   Operation 65 'load' 'b_load_6' <Predicate = true> <Delay = 2.15> <Core = "RAM">   --->   Core 37 'RAM' <Latency = 1> <II = 1> <Delay = 2.15> <Storage> <Opcode : 'load' 'store'> <Ports = 2> <Width = 32> <Depth = 16> <RAM>
ST_4 : Operation 66 [1/1] (0.00ns)   --->   "%c_addr_6 = getelementptr [16 x i32]* %c, i64 0, i64 6" [foo.c:7]   --->   Operation 66 'getelementptr' 'c_addr_6' <Predicate = true> <Delay = 0.00>
ST_4 : Operation 67 [2/2] (2.15ns)   --->   "%c_load_6 = load i32* %c_addr_6, align 4" [foo.c:7]   --->   Operation 67 'load' 'c_load_6' <Predicate = true> <Delay = 2.15> <Core = "RAM">   --->   Core 37 'RAM' <Latency = 1> <II = 1> <Delay = 2.15> <Storage> <Opcode : 'load' 'store'> <Ports = 2> <Width = 32> <Depth = 16> <RAM>
ST_4 : Operation 68 [1/1] (0.00ns)   --->   "%b_addr_7 = getelementptr [16 x i32]* %b, i64 0, i64 7" [foo.c:7]   --->   Operation 68 'getelementptr' 'b_addr_7' <Predicate = true> <Delay = 0.00>
ST_4 : Operation 69 [2/2] (2.15ns)   --->   "%b_load_7 = load i32* %b_addr_7, align 4" [foo.c:7]   --->   Operation 69 'load' 'b_load_7' <Predicate = true> <Delay = 2.15> <Core = "RAM">   --->   Core 37 'RAM' <Latency = 1> <II = 1> <Delay = 2.15> <Storage> <Opcode : 'load' 'store'> <Ports = 2> <Width = 32> <Depth = 16> <RAM>
ST_4 : Operation 70 [1/1] (0.00ns)   --->   "%c_addr_7 = getelementptr [16 x i32]* %c, i64 0, i64 7" [foo.c:7]   --->   Operation 70 'getelementptr' 'c_addr_7' <Predicate = true> <Delay = 0.00>
ST_4 : Operation 71 [2/2] (2.15ns)   --->   "%c_load_7 = load i32* %c_addr_7, align 4" [foo.c:7]   --->   Operation 71 'load' 'c_load_7' <Predicate = true> <Delay = 2.15> <Core = "RAM">   --->   Core 37 'RAM' <Latency = 1> <II = 1> <Delay = 2.15> <Storage> <Opcode : 'load' 'store'> <Ports = 2> <Width = 32> <Depth = 16> <RAM>

State 5 <SV = 4> <Delay = 7.00>
ST_5 : Operation 72 [1/2] (2.15ns)   --->   "%b_load_6 = load i32* %b_addr_6, align 4" [foo.c:7]   --->   Operation 72 'load' 'b_load_6' <Predicate = true> <Delay = 2.15> <Core = "RAM">   --->   Core 37 'RAM' <Latency = 1> <II = 1> <Delay = 2.15> <Storage> <Opcode : 'load' 'store'> <Ports = 2> <Width = 32> <Depth = 16> <RAM>
ST_5 : Operation 73 [1/2] (2.15ns)   --->   "%c_load_6 = load i32* %c_addr_6, align 4" [foo.c:7]   --->   Operation 73 'load' 'c_load_6' <Predicate = true> <Delay = 2.15> <Core = "RAM">   --->   Core 37 'RAM' <Latency = 1> <II = 1> <Delay = 2.15> <Storage> <Opcode : 'load' 'store'> <Ports = 2> <Width = 32> <Depth = 16> <RAM>
ST_5 : Operation 74 [1/1] (2.70ns)   --->   "%tmp_1_6 = add nsw i32 %b_load_6, %c_load_6" [foo.c:7]   --->   Operation 74 'add' 'tmp_1_6' <Predicate = true> <Delay = 2.70> <Core = "AddSub">   --->   Core 14 'AddSub' <Latency = 0> <II = 1> <Delay = 2.70> <FuncUnit> <Opcode : 'add' 'sub'> <InPorts = 2> <OutPorts = 1>
ST_5 : Operation 75 [1/1] (0.00ns)   --->   "%a_addr_6 = getelementptr [16 x i32]* %a, i64 0, i64 6" [foo.c:7]   --->   Operation 75 'getelementptr' 'a_addr_6' <Predicate = true> <Delay = 0.00>
ST_5 : Operation 76 [1/1] (2.15ns)   --->   "store i32 %tmp_1_6, i32* %a_addr_6, align 4" [foo.c:7]   --->   Operation 76 'store' <Predicate = true> <Delay = 2.15> <Core = "RAM">   --->   Core 37 'RAM' <Latency = 1> <II = 1> <Delay = 2.15> <Storage> <Opcode : 'load' 'store'> <Ports = 2> <Width = 32> <Depth = 16> <RAM>
ST_5 : Operation 77 [1/2] (2.15ns)   --->   "%b_load_7 = load i32* %b_addr_7, align 4" [foo.c:7]   --->   Operation 77 'load' 'b_load_7' <Predicate = true> <Delay = 2.15> <Core = "RAM">   --->   Core 37 'RAM' <Latency = 1> <II = 1> <Delay = 2.15> <Storage> <Opcode : 'load' 'store'> <Ports = 2> <Width = 32> <Depth = 16> <RAM>
ST_5 : Operation 78 [1/2] (2.15ns)   --->   "%c_load_7 = load i32* %c_addr_7, align 4" [foo.c:7]   --->   Operation 78 'load' 'c_load_7' <Predicate = true> <Delay = 2.15> <Core = "RAM">   --->   Core 37 'RAM' <Latency = 1> <II = 1> <Delay = 2.15> <Storage> <Opcode : 'load' 'store'> <Ports = 2> <Width = 32> <Depth = 16> <RAM>
ST_5 : Operation 79 [1/1] (2.70ns)   --->   "%tmp_1_7 = add nsw i32 %b_load_7, %c_load_7" [foo.c:7]   --->   Operation 79 'add' 'tmp_1_7' <Predicate = true> <Delay = 2.70> <Core = "AddSub">   --->   Core 14 'AddSub' <Latency = 0> <II = 1> <Delay = 2.70> <FuncUnit> <Opcode : 'add' 'sub'> <InPorts = 2> <OutPorts = 1>
ST_5 : Operation 80 [1/1] (0.00ns)   --->   "%a_addr_7 = getelementptr [16 x i32]* %a, i64 0, i64 7" [foo.c:7]   --->   Operation 80 'getelementptr' 'a_addr_7' <Predicate = true> <Delay = 0.00>
ST_5 : Operation 81 [1/1] (2.15ns)   --->   "store i32 %tmp_1_7, i32* %a_addr_7, align 4" [foo.c:7]   --->   Operation 81 'store' <Predicate = true> <Delay = 2.15> <Core = "RAM">   --->   Core 37 'RAM' <Latency = 1> <II = 1> <Delay = 2.15> <Storage> <Opcode : 'load' 'store'> <Ports = 2> <Width = 32> <Depth = 16> <RAM>
ST_5 : Operation 82 [1/1] (0.00ns)   --->   "%b_addr_8 = getelementptr [16 x i32]* %b, i64 0, i64 8" [foo.c:7]   --->   Operation 82 'getelementptr' 'b_addr_8' <Predicate = true> <Delay = 0.00>
ST_5 : Operation 83 [2/2] (2.15ns)   --->   "%b_load_8 = load i32* %b_addr_8, align 4" [foo.c:7]   --->   Operation 83 'load' 'b_load_8' <Predicate = true> <Delay = 2.15> <Core = "RAM">   --->   Core 37 'RAM' <Latency = 1> <II = 1> <Delay = 2.15> <Storage> <Opcode : 'load' 'store'> <Ports = 2> <Width = 32> <Depth = 16> <RAM>
ST_5 : Operation 84 [1/1] (0.00ns)   --->   "%c_addr_8 = getelementptr [16 x i32]* %c, i64 0, i64 8" [foo.c:7]   --->   Operation 84 'getelementptr' 'c_addr_8' <Predicate = true> <Delay = 0.00>
ST_5 : Operation 85 [2/2] (2.15ns)   --->   "%c_load_8 = load i32* %c_addr_8, align 4" [foo.c:7]   --->   Operation 85 'load' 'c_load_8' <Predicate = true> <Delay = 2.15> <Core = "RAM">   --->   Core 37 'RAM' <Latency = 1> <II = 1> <Delay = 2.15> <Storage> <Opcode : 'load' 'store'> <Ports = 2> <Width = 32> <Depth = 16> <RAM>
ST_5 : Operation 86 [1/1] (0.00ns)   --->   "%b_addr_9 = getelementptr [16 x i32]* %b, i64 0, i64 9" [foo.c:7]   --->   Operation 86 'getelementptr' 'b_addr_9' <Predicate = true> <Delay = 0.00>
ST_5 : Operation 87 [2/2] (2.15ns)   --->   "%b_load_9 = load i32* %b_addr_9, align 4" [foo.c:7]   --->   Operation 87 'load' 'b_load_9' <Predicate = true> <Delay = 2.15> <Core = "RAM">   --->   Core 37 'RAM' <Latency = 1> <II = 1> <Delay = 2.15> <Storage> <Opcode : 'load' 'store'> <Ports = 2> <Width = 32> <Depth = 16> <RAM>
ST_5 : Operation 88 [1/1] (0.00ns)   --->   "%c_addr_9 = getelementptr [16 x i32]* %c, i64 0, i64 9" [foo.c:7]   --->   Operation 88 'getelementptr' 'c_addr_9' <Predicate = true> <Delay = 0.00>
ST_5 : Operation 89 [2/2] (2.15ns)   --->   "%c_load_9 = load i32* %c_addr_9, align 4" [foo.c:7]   --->   Operation 89 'load' 'c_load_9' <Predicate = true> <Delay = 2.15> <Core = "RAM">   --->   Core 37 'RAM' <Latency = 1> <II = 1> <Delay = 2.15> <Storage> <Opcode : 'load' 'store'> <Ports = 2> <Width = 32> <Depth = 16> <RAM>

State 6 <SV = 5> <Delay = 7.00>
ST_6 : Operation 90 [1/2] (2.15ns)   --->   "%b_load_8 = load i32* %b_addr_8, align 4" [foo.c:7]   --->   Operation 90 'load' 'b_load_8' <Predicate = true> <Delay = 2.15> <Core = "RAM">   --->   Core 37 'RAM' <Latency = 1> <II = 1> <Delay = 2.15> <Storage> <Opcode : 'load' 'store'> <Ports = 2> <Width = 32> <Depth = 16> <RAM>
ST_6 : Operation 91 [1/2] (2.15ns)   --->   "%c_load_8 = load i32* %c_addr_8, align 4" [foo.c:7]   --->   Operation 91 'load' 'c_load_8' <Predicate = true> <Delay = 2.15> <Core = "RAM">   --->   Core 37 'RAM' <Latency = 1> <II = 1> <Delay = 2.15> <Storage> <Opcode : 'load' 'store'> <Ports = 2> <Width = 32> <Depth = 16> <RAM>
ST_6 : Operation 92 [1/1] (2.70ns)   --->   "%tmp_1_8 = add nsw i32 %b_load_8, %c_load_8" [foo.c:7]   --->   Operation 92 'add' 'tmp_1_8' <Predicate = true> <Delay = 2.70> <Core = "AddSub">   --->   Core 14 'AddSub' <Latency = 0> <II = 1> <Delay = 2.70> <FuncUnit> <Opcode : 'add' 'sub'> <InPorts = 2> <OutPorts = 1>
ST_6 : Operation 93 [1/1] (0.00ns)   --->   "%a_addr_8 = getelementptr [16 x i32]* %a, i64 0, i64 8" [foo.c:7]   --->   Operation 93 'getelementptr' 'a_addr_8' <Predicate = true> <Delay = 0.00>
ST_6 : Operation 94 [1/1] (2.15ns)   --->   "store i32 %tmp_1_8, i32* %a_addr_8, align 4" [foo.c:7]   --->   Operation 94 'store' <Predicate = true> <Delay = 2.15> <Core = "RAM">   --->   Core 37 'RAM' <Latency = 1> <II = 1> <Delay = 2.15> <Storage> <Opcode : 'load' 'store'> <Ports = 2> <Width = 32> <Depth = 16> <RAM>
ST_6 : Operation 95 [1/2] (2.15ns)   --->   "%b_load_9 = load i32* %b_addr_9, align 4" [foo.c:7]   --->   Operation 95 'load' 'b_load_9' <Predicate = true> <Delay = 2.15> <Core = "RAM">   --->   Core 37 'RAM' <Latency = 1> <II = 1> <Delay = 2.15> <Storage> <Opcode : 'load' 'store'> <Ports = 2> <Width = 32> <Depth = 16> <RAM>
ST_6 : Operation 96 [1/2] (2.15ns)   --->   "%c_load_9 = load i32* %c_addr_9, align 4" [foo.c:7]   --->   Operation 96 'load' 'c_load_9' <Predicate = true> <Delay = 2.15> <Core = "RAM">   --->   Core 37 'RAM' <Latency = 1> <II = 1> <Delay = 2.15> <Storage> <Opcode : 'load' 'store'> <Ports = 2> <Width = 32> <Depth = 16> <RAM>
ST_6 : Operation 97 [1/1] (2.70ns)   --->   "%tmp_1_9 = add nsw i32 %b_load_9, %c_load_9" [foo.c:7]   --->   Operation 97 'add' 'tmp_1_9' <Predicate = true> <Delay = 2.70> <Core = "AddSub">   --->   Core 14 'AddSub' <Latency = 0> <II = 1> <Delay = 2.70> <FuncUnit> <Opcode : 'add' 'sub'> <InPorts = 2> <OutPorts = 1>
ST_6 : Operation 98 [1/1] (0.00ns)   --->   "%a_addr_9 = getelementptr [16 x i32]* %a, i64 0, i64 9" [foo.c:7]   --->   Operation 98 'getelementptr' 'a_addr_9' <Predicate = true> <Delay = 0.00>
ST_6 : Operation 99 [1/1] (2.15ns)   --->   "store i32 %tmp_1_9, i32* %a_addr_9, align 4" [foo.c:7]   --->   Operation 99 'store' <Predicate = true> <Delay = 2.15> <Core = "RAM">   --->   Core 37 'RAM' <Latency = 1> <II = 1> <Delay = 2.15> <Storage> <Opcode : 'load' 'store'> <Ports = 2> <Width = 32> <Depth = 16> <RAM>
ST_6 : Operation 100 [1/1] (0.00ns)   --->   "%b_addr_10 = getelementptr [16 x i32]* %b, i64 0, i64 10" [foo.c:7]   --->   Operation 100 'getelementptr' 'b_addr_10' <Predicate = true> <Delay = 0.00>
ST_6 : Operation 101 [2/2] (2.15ns)   --->   "%b_load_10 = load i32* %b_addr_10, align 4" [foo.c:7]   --->   Operation 101 'load' 'b_load_10' <Predicate = true> <Delay = 2.15> <Core = "RAM">   --->   Core 37 'RAM' <Latency = 1> <II = 1> <Delay = 2.15> <Storage> <Opcode : 'load' 'store'> <Ports = 2> <Width = 32> <Depth = 16> <RAM>
ST_6 : Operation 102 [1/1] (0.00ns)   --->   "%c_addr_10 = getelementptr [16 x i32]* %c, i64 0, i64 10" [foo.c:7]   --->   Operation 102 'getelementptr' 'c_addr_10' <Predicate = true> <Delay = 0.00>
ST_6 : Operation 103 [2/2] (2.15ns)   --->   "%c_load_10 = load i32* %c_addr_10, align 4" [foo.c:7]   --->   Operation 103 'load' 'c_load_10' <Predicate = true> <Delay = 2.15> <Core = "RAM">   --->   Core 37 'RAM' <Latency = 1> <II = 1> <Delay = 2.15> <Storage> <Opcode : 'load' 'store'> <Ports = 2> <Width = 32> <Depth = 16> <RAM>
ST_6 : Operation 104 [1/1] (0.00ns)   --->   "%b_addr_11 = getelementptr [16 x i32]* %b, i64 0, i64 11" [foo.c:7]   --->   Operation 104 'getelementptr' 'b_addr_11' <Predicate = true> <Delay = 0.00>
ST_6 : Operation 105 [2/2] (2.15ns)   --->   "%b_load_11 = load i32* %b_addr_11, align 4" [foo.c:7]   --->   Operation 105 'load' 'b_load_11' <Predicate = true> <Delay = 2.15> <Core = "RAM">   --->   Core 37 'RAM' <Latency = 1> <II = 1> <Delay = 2.15> <Storage> <Opcode : 'load' 'store'> <Ports = 2> <Width = 32> <Depth = 16> <RAM>
ST_6 : Operation 106 [1/1] (0.00ns)   --->   "%c_addr_11 = getelementptr [16 x i32]* %c, i64 0, i64 11" [foo.c:7]   --->   Operation 106 'getelementptr' 'c_addr_11' <Predicate = true> <Delay = 0.00>
ST_6 : Operation 107 [2/2] (2.15ns)   --->   "%c_load_11 = load i32* %c_addr_11, align 4" [foo.c:7]   --->   Operation 107 'load' 'c_load_11' <Predicate = true> <Delay = 2.15> <Core = "RAM">   --->   Core 37 'RAM' <Latency = 1> <II = 1> <Delay = 2.15> <Storage> <Opcode : 'load' 'store'> <Ports = 2> <Width = 32> <Depth = 16> <RAM>

State 7 <SV = 6> <Delay = 7.00>
ST_7 : Operation 108 [1/2] (2.15ns)   --->   "%b_load_10 = load i32* %b_addr_10, align 4" [foo.c:7]   --->   Operation 108 'load' 'b_load_10' <Predicate = true> <Delay = 2.15> <Core = "RAM">   --->   Core 37 'RAM' <Latency = 1> <II = 1> <Delay = 2.15> <Storage> <Opcode : 'load' 'store'> <Ports = 2> <Width = 32> <Depth = 16> <RAM>
ST_7 : Operation 109 [1/2] (2.15ns)   --->   "%c_load_10 = load i32* %c_addr_10, align 4" [foo.c:7]   --->   Operation 109 'load' 'c_load_10' <Predicate = true> <Delay = 2.15> <Core = "RAM">   --->   Core 37 'RAM' <Latency = 1> <II = 1> <Delay = 2.15> <Storage> <Opcode : 'load' 'store'> <Ports = 2> <Width = 32> <Depth = 16> <RAM>
ST_7 : Operation 110 [1/1] (2.70ns)   --->   "%tmp_1_s = add nsw i32 %b_load_10, %c_load_10" [foo.c:7]   --->   Operation 110 'add' 'tmp_1_s' <Predicate = true> <Delay = 2.70> <Core = "AddSub">   --->   Core 14 'AddSub' <Latency = 0> <II = 1> <Delay = 2.70> <FuncUnit> <Opcode : 'add' 'sub'> <InPorts = 2> <OutPorts = 1>
ST_7 : Operation 111 [1/1] (0.00ns)   --->   "%a_addr_10 = getelementptr [16 x i32]* %a, i64 0, i64 10" [foo.c:7]   --->   Operation 111 'getelementptr' 'a_addr_10' <Predicate = true> <Delay = 0.00>
ST_7 : Operation 112 [1/1] (2.15ns)   --->   "store i32 %tmp_1_s, i32* %a_addr_10, align 4" [foo.c:7]   --->   Operation 112 'store' <Predicate = true> <Delay = 2.15> <Core = "RAM">   --->   Core 37 'RAM' <Latency = 1> <II = 1> <Delay = 2.15> <Storage> <Opcode : 'load' 'store'> <Ports = 2> <Width = 32> <Depth = 16> <RAM>
ST_7 : Operation 113 [1/2] (2.15ns)   --->   "%b_load_11 = load i32* %b_addr_11, align 4" [foo.c:7]   --->   Operation 113 'load' 'b_load_11' <Predicate = true> <Delay = 2.15> <Core = "RAM">   --->   Core 37 'RAM' <Latency = 1> <II = 1> <Delay = 2.15> <Storage> <Opcode : 'load' 'store'> <Ports = 2> <Width = 32> <Depth = 16> <RAM>
ST_7 : Operation 114 [1/2] (2.15ns)   --->   "%c_load_11 = load i32* %c_addr_11, align 4" [foo.c:7]   --->   Operation 114 'load' 'c_load_11' <Predicate = true> <Delay = 2.15> <Core = "RAM">   --->   Core 37 'RAM' <Latency = 1> <II = 1> <Delay = 2.15> <Storage> <Opcode : 'load' 'store'> <Ports = 2> <Width = 32> <Depth = 16> <RAM>
ST_7 : Operation 115 [1/1] (2.70ns)   --->   "%tmp_1_10 = add nsw i32 %b_load_11, %c_load_11" [foo.c:7]   --->   Operation 115 'add' 'tmp_1_10' <Predicate = true> <Delay = 2.70> <Core = "AddSub">   --->   Core 14 'AddSub' <Latency = 0> <II = 1> <Delay = 2.70> <FuncUnit> <Opcode : 'add' 'sub'> <InPorts = 2> <OutPorts = 1>
ST_7 : Operation 116 [1/1] (0.00ns)   --->   "%a_addr_11 = getelementptr [16 x i32]* %a, i64 0, i64 11" [foo.c:7]   --->   Operation 116 'getelementptr' 'a_addr_11' <Predicate = true> <Delay = 0.00>
ST_7 : Operation 117 [1/1] (2.15ns)   --->   "store i32 %tmp_1_10, i32* %a_addr_11, align 4" [foo.c:7]   --->   Operation 117 'store' <Predicate = true> <Delay = 2.15> <Core = "RAM">   --->   Core 37 'RAM' <Latency = 1> <II = 1> <Delay = 2.15> <Storage> <Opcode : 'load' 'store'> <Ports = 2> <Width = 32> <Depth = 16> <RAM>
ST_7 : Operation 118 [1/1] (0.00ns)   --->   "%b_addr_12 = getelementptr [16 x i32]* %b, i64 0, i64 12" [foo.c:7]   --->   Operation 118 'getelementptr' 'b_addr_12' <Predicate = true> <Delay = 0.00>
ST_7 : Operation 119 [2/2] (2.15ns)   --->   "%b_load_12 = load i32* %b_addr_12, align 4" [foo.c:7]   --->   Operation 119 'load' 'b_load_12' <Predicate = true> <Delay = 2.15> <Core = "RAM">   --->   Core 37 'RAM' <Latency = 1> <II = 1> <Delay = 2.15> <Storage> <Opcode : 'load' 'store'> <Ports = 2> <Width = 32> <Depth = 16> <RAM>
ST_7 : Operation 120 [1/1] (0.00ns)   --->   "%c_addr_12 = getelementptr [16 x i32]* %c, i64 0, i64 12" [foo.c:7]   --->   Operation 120 'getelementptr' 'c_addr_12' <Predicate = true> <Delay = 0.00>
ST_7 : Operation 121 [2/2] (2.15ns)   --->   "%c_load_12 = load i32* %c_addr_12, align 4" [foo.c:7]   --->   Operation 121 'load' 'c_load_12' <Predicate = true> <Delay = 2.15> <Core = "RAM">   --->   Core 37 'RAM' <Latency = 1> <II = 1> <Delay = 2.15> <Storage> <Opcode : 'load' 'store'> <Ports = 2> <Width = 32> <Depth = 16> <RAM>
ST_7 : Operation 122 [1/1] (0.00ns)   --->   "%b_addr_13 = getelementptr [16 x i32]* %b, i64 0, i64 13" [foo.c:7]   --->   Operation 122 'getelementptr' 'b_addr_13' <Predicate = true> <Delay = 0.00>
ST_7 : Operation 123 [2/2] (2.15ns)   --->   "%b_load_13 = load i32* %b_addr_13, align 4" [foo.c:7]   --->   Operation 123 'load' 'b_load_13' <Predicate = true> <Delay = 2.15> <Core = "RAM">   --->   Core 37 'RAM' <Latency = 1> <II = 1> <Delay = 2.15> <Storage> <Opcode : 'load' 'store'> <Ports = 2> <Width = 32> <Depth = 16> <RAM>
ST_7 : Operation 124 [1/1] (0.00ns)   --->   "%c_addr_13 = getelementptr [16 x i32]* %c, i64 0, i64 13" [foo.c:7]   --->   Operation 124 'getelementptr' 'c_addr_13' <Predicate = true> <Delay = 0.00>
ST_7 : Operation 125 [2/2] (2.15ns)   --->   "%c_load_13 = load i32* %c_addr_13, align 4" [foo.c:7]   --->   Operation 125 'load' 'c_load_13' <Predicate = true> <Delay = 2.15> <Core = "RAM">   --->   Core 37 'RAM' <Latency = 1> <II = 1> <Delay = 2.15> <Storage> <Opcode : 'load' 'store'> <Ports = 2> <Width = 32> <Depth = 16> <RAM>

State 8 <SV = 7> <Delay = 7.00>
ST_8 : Operation 126 [1/2] (2.15ns)   --->   "%b_load_12 = load i32* %b_addr_12, align 4" [foo.c:7]   --->   Operation 126 'load' 'b_load_12' <Predicate = true> <Delay = 2.15> <Core = "RAM">   --->   Core 37 'RAM' <Latency = 1> <II = 1> <Delay = 2.15> <Storage> <Opcode : 'load' 'store'> <Ports = 2> <Width = 32> <Depth = 16> <RAM>
ST_8 : Operation 127 [1/2] (2.15ns)   --->   "%c_load_12 = load i32* %c_addr_12, align 4" [foo.c:7]   --->   Operation 127 'load' 'c_load_12' <Predicate = true> <Delay = 2.15> <Core = "RAM">   --->   Core 37 'RAM' <Latency = 1> <II = 1> <Delay = 2.15> <Storage> <Opcode : 'load' 'store'> <Ports = 2> <Width = 32> <Depth = 16> <RAM>
ST_8 : Operation 128 [1/1] (2.70ns)   --->   "%tmp_1_11 = add nsw i32 %b_load_12, %c_load_12" [foo.c:7]   --->   Operation 128 'add' 'tmp_1_11' <Predicate = true> <Delay = 2.70> <Core = "AddSub">   --->   Core 14 'AddSub' <Latency = 0> <II = 1> <Delay = 2.70> <FuncUnit> <Opcode : 'add' 'sub'> <InPorts = 2> <OutPorts = 1>
ST_8 : Operation 129 [1/1] (0.00ns)   --->   "%a_addr_12 = getelementptr [16 x i32]* %a, i64 0, i64 12" [foo.c:7]   --->   Operation 129 'getelementptr' 'a_addr_12' <Predicate = true> <Delay = 0.00>
ST_8 : Operation 130 [1/1] (2.15ns)   --->   "store i32 %tmp_1_11, i32* %a_addr_12, align 4" [foo.c:7]   --->   Operation 130 'store' <Predicate = true> <Delay = 2.15> <Core = "RAM">   --->   Core 37 'RAM' <Latency = 1> <II = 1> <Delay = 2.15> <Storage> <Opcode : 'load' 'store'> <Ports = 2> <Width = 32> <Depth = 16> <RAM>
ST_8 : Operation 131 [1/2] (2.15ns)   --->   "%b_load_13 = load i32* %b_addr_13, align 4" [foo.c:7]   --->   Operation 131 'load' 'b_load_13' <Predicate = true> <Delay = 2.15> <Core = "RAM">   --->   Core 37 'RAM' <Latency = 1> <II = 1> <Delay = 2.15> <Storage> <Opcode : 'load' 'store'> <Ports = 2> <Width = 32> <Depth = 16> <RAM>
ST_8 : Operation 132 [1/2] (2.15ns)   --->   "%c_load_13 = load i32* %c_addr_13, align 4" [foo.c:7]   --->   Operation 132 'load' 'c_load_13' <Predicate = true> <Delay = 2.15> <Core = "RAM">   --->   Core 37 'RAM' <Latency = 1> <II = 1> <Delay = 2.15> <Storage> <Opcode : 'load' 'store'> <Ports = 2> <Width = 32> <Depth = 16> <RAM>
ST_8 : Operation 133 [1/1] (2.70ns)   --->   "%tmp_1_12 = add nsw i32 %b_load_13, %c_load_13" [foo.c:7]   --->   Operation 133 'add' 'tmp_1_12' <Predicate = true> <Delay = 2.70> <Core = "AddSub">   --->   Core 14 'AddSub' <Latency = 0> <II = 1> <Delay = 2.70> <FuncUnit> <Opcode : 'add' 'sub'> <InPorts = 2> <OutPorts = 1>
ST_8 : Operation 134 [1/1] (0.00ns)   --->   "%a_addr_13 = getelementptr [16 x i32]* %a, i64 0, i64 13" [foo.c:7]   --->   Operation 134 'getelementptr' 'a_addr_13' <Predicate = true> <Delay = 0.00>
ST_8 : Operation 135 [1/1] (2.15ns)   --->   "store i32 %tmp_1_12, i32* %a_addr_13, align 4" [foo.c:7]   --->   Operation 135 'store' <Predicate = true> <Delay = 2.15> <Core = "RAM">   --->   Core 37 'RAM' <Latency = 1> <II = 1> <Delay = 2.15> <Storage> <Opcode : 'load' 'store'> <Ports = 2> <Width = 32> <Depth = 16> <RAM>
ST_8 : Operation 136 [1/1] (0.00ns)   --->   "%b_addr_14 = getelementptr [16 x i32]* %b, i64 0, i64 14" [foo.c:7]   --->   Operation 136 'getelementptr' 'b_addr_14' <Predicate = true> <Delay = 0.00>
ST_8 : Operation 137 [2/2] (2.15ns)   --->   "%b_load_14 = load i32* %b_addr_14, align 4" [foo.c:7]   --->   Operation 137 'load' 'b_load_14' <Predicate = true> <Delay = 2.15> <Core = "RAM">   --->   Core 37 'RAM' <Latency = 1> <II = 1> <Delay = 2.15> <Storage> <Opcode : 'load' 'store'> <Ports = 2> <Width = 32> <Depth = 16> <RAM>
ST_8 : Operation 138 [1/1] (0.00ns)   --->   "%c_addr_14 = getelementptr [16 x i32]* %c, i64 0, i64 14" [foo.c:7]   --->   Operation 138 'getelementptr' 'c_addr_14' <Predicate = true> <Delay = 0.00>
ST_8 : Operation 139 [2/2] (2.15ns)   --->   "%c_load_14 = load i32* %c_addr_14, align 4" [foo.c:7]   --->   Operation 139 'load' 'c_load_14' <Predicate = true> <Delay = 2.15> <Core = "RAM">   --->   Core 37 'RAM' <Latency = 1> <II = 1> <Delay = 2.15> <Storage> <Opcode : 'load' 'store'> <Ports = 2> <Width = 32> <Depth = 16> <RAM>
ST_8 : Operation 140 [1/1] (0.00ns)   --->   "%b_addr_15 = getelementptr [16 x i32]* %b, i64 0, i64 15" [foo.c:7]   --->   Operation 140 'getelementptr' 'b_addr_15' <Predicate = true> <Delay = 0.00>
ST_8 : Operation 141 [2/2] (2.15ns)   --->   "%b_load_15 = load i32* %b_addr_15, align 4" [foo.c:7]   --->   Operation 141 'load' 'b_load_15' <Predicate = true> <Delay = 2.15> <Core = "RAM">   --->   Core 37 'RAM' <Latency = 1> <II = 1> <Delay = 2.15> <Storage> <Opcode : 'load' 'store'> <Ports = 2> <Width = 32> <Depth = 16> <RAM>
ST_8 : Operation 142 [1/1] (0.00ns)   --->   "%c_addr_15 = getelementptr [16 x i32]* %c, i64 0, i64 15" [foo.c:7]   --->   Operation 142 'getelementptr' 'c_addr_15' <Predicate = true> <Delay = 0.00>
ST_8 : Operation 143 [2/2] (2.15ns)   --->   "%c_load_15 = load i32* %c_addr_15, align 4" [foo.c:7]   --->   Operation 143 'load' 'c_load_15' <Predicate = true> <Delay = 2.15> <Core = "RAM">   --->   Core 37 'RAM' <Latency = 1> <II = 1> <Delay = 2.15> <Storage> <Opcode : 'load' 'store'> <Ports = 2> <Width = 32> <Depth = 16> <RAM>

State 9 <SV = 8> <Delay = 7.00>
ST_9 : Operation 144 [1/1] (0.00ns)   --->   "call void (...)* @_ssdm_op_SpecBitsMap([16 x i32]* %a) nounwind, !map !7"   --->   Operation 144 'specbitsmap' <Predicate = true> <Delay = 0.00>
ST_9 : Operation 145 [1/1] (0.00ns)   --->   "call void (...)* @_ssdm_op_SpecBitsMap([16 x i32]* %b) nounwind, !map !13"   --->   Operation 145 'specbitsmap' <Predicate = true> <Delay = 0.00>
ST_9 : Operation 146 [1/1] (0.00ns)   --->   "call void (...)* @_ssdm_op_SpecBitsMap([16 x i32]* %c) nounwind, !map !17"   --->   Operation 146 'specbitsmap' <Predicate = true> <Delay = 0.00>
ST_9 : Operation 147 [1/1] (0.00ns)   --->   "call void (...)* @_ssdm_op_SpecTopModule([4 x i8]* @foo_str) nounwind"   --->   Operation 147 'spectopmodule' <Predicate = true> <Delay = 0.00>
ST_9 : Operation 148 [1/2] (2.15ns)   --->   "%b_load_14 = load i32* %b_addr_14, align 4" [foo.c:7]   --->   Operation 148 'load' 'b_load_14' <Predicate = true> <Delay = 2.15> <Core = "RAM">   --->   Core 37 'RAM' <Latency = 1> <II = 1> <Delay = 2.15> <Storage> <Opcode : 'load' 'store'> <Ports = 2> <Width = 32> <Depth = 16> <RAM>
ST_9 : Operation 149 [1/2] (2.15ns)   --->   "%c_load_14 = load i32* %c_addr_14, align 4" [foo.c:7]   --->   Operation 149 'load' 'c_load_14' <Predicate = true> <Delay = 2.15> <Core = "RAM">   --->   Core 37 'RAM' <Latency = 1> <II = 1> <Delay = 2.15> <Storage> <Opcode : 'load' 'store'> <Ports = 2> <Width = 32> <Depth = 16> <RAM>
ST_9 : Operation 150 [1/1] (2.70ns)   --->   "%tmp_1_13 = add nsw i32 %b_load_14, %c_load_14" [foo.c:7]   --->   Operation 150 'add' 'tmp_1_13' <Predicate = true> <Delay = 2.70> <Core = "AddSub">   --->   Core 14 'AddSub' <Latency = 0> <II = 1> <Delay = 2.70> <FuncUnit> <Opcode : 'add' 'sub'> <InPorts = 2> <OutPorts = 1>
ST_9 : Operation 151 [1/1] (0.00ns)   --->   "%a_addr_14 = getelementptr [16 x i32]* %a, i64 0, i64 14" [foo.c:7]   --->   Operation 151 'getelementptr' 'a_addr_14' <Predicate = true> <Delay = 0.00>
ST_9 : Operation 152 [1/1] (2.15ns)   --->   "store i32 %tmp_1_13, i32* %a_addr_14, align 4" [foo.c:7]   --->   Operation 152 'store' <Predicate = true> <Delay = 2.15> <Core = "RAM">   --->   Core 37 'RAM' <Latency = 1> <II = 1> <Delay = 2.15> <Storage> <Opcode : 'load' 'store'> <Ports = 2> <Width = 32> <Depth = 16> <RAM>
ST_9 : Operation 153 [1/2] (2.15ns)   --->   "%b_load_15 = load i32* %b_addr_15, align 4" [foo.c:7]   --->   Operation 153 'load' 'b_load_15' <Predicate = true> <Delay = 2.15> <Core = "RAM">   --->   Core 37 'RAM' <Latency = 1> <II = 1> <Delay = 2.15> <Storage> <Opcode : 'load' 'store'> <Ports = 2> <Width = 32> <Depth = 16> <RAM>
ST_9 : Operation 154 [1/2] (2.15ns)   --->   "%c_load_15 = load i32* %c_addr_15, align 4" [foo.c:7]   --->   Operation 154 'load' 'c_load_15' <Predicate = true> <Delay = 2.15> <Core = "RAM">   --->   Core 37 'RAM' <Latency = 1> <II = 1> <Delay = 2.15> <Storage> <Opcode : 'load' 'store'> <Ports = 2> <Width = 32> <Depth = 16> <RAM>
ST_9 : Operation 155 [1/1] (2.70ns)   --->   "%tmp_1_14 = add nsw i32 %b_load_15, %c_load_15" [foo.c:7]   --->   Operation 155 'add' 'tmp_1_14' <Predicate = true> <Delay = 2.70> <Core = "AddSub">   --->   Core 14 'AddSub' <Latency = 0> <II = 1> <Delay = 2.70> <FuncUnit> <Opcode : 'add' 'sub'> <InPorts = 2> <OutPorts = 1>
ST_9 : Operation 156 [1/1] (0.00ns)   --->   "%a_addr_15 = getelementptr [16 x i32]* %a, i64 0, i64 15" [foo.c:7]   --->   Operation 156 'getelementptr' 'a_addr_15' <Predicate = true> <Delay = 0.00>
ST_9 : Operation 157 [1/1] (2.15ns)   --->   "store i32 %tmp_1_14, i32* %a_addr_15, align 4" [foo.c:7]   --->   Operation 157 'store' <Predicate = true> <Delay = 2.15> <Core = "RAM">   --->   Core 37 'RAM' <Latency = 1> <II = 1> <Delay = 2.15> <Storage> <Opcode : 'load' 'store'> <Ports = 2> <Width = 32> <Depth = 16> <RAM>
ST_9 : Operation 158 [1/1] (0.00ns)   --->   "ret void" [foo.c:9]   --->   Operation 158 'ret' <Predicate = true> <Delay = 0.00>


============================================================
+ Verbose Summary: Timing violations
============================================================
Target clock period: 10ns, clock uncertainty: 0.1ns.

 <State 1>: 2.15ns
The critical path consists of the following:
	'getelementptr' operation ('b_addr', foo.c:7) [8]  (0 ns)
	'load' operation ('b_load', foo.c:7) on array 'b' [9]  (2.15 ns)

 <State 2>: 7.01ns
The critical path consists of the following:
	'load' operation ('b_load', foo.c:7) on array 'b' [9]  (2.15 ns)
	'add' operation ('tmp_1', foo.c:7) [12]  (2.7 ns)
	'store' operation (foo.c:7) of variable 'tmp_1', foo.c:7 on array 'a' [14]  (2.15 ns)

 <State 3>: 7.01ns
The critical path consists of the following:
	'load' operation ('b_load_2', foo.c:7) on array 'b' [23]  (2.15 ns)
	'add' operation ('tmp_1_2', foo.c:7) [26]  (2.7 ns)
	'store' operation (foo.c:7) of variable 'tmp_1_2', foo.c:7 on array 'a' [28]  (2.15 ns)

 <State 4>: 7.01ns
The critical path consists of the following:
	'load' operation ('b_load_4', foo.c:7) on array 'b' [37]  (2.15 ns)
	'add' operation ('tmp_1_4', foo.c:7) [40]  (2.7 ns)
	'store' operation (foo.c:7) of variable 'tmp_1_4', foo.c:7 on array 'a' [42]  (2.15 ns)

 <State 5>: 7.01ns
The critical path consists of the following:
	'load' operation ('b_load_6', foo.c:7) on array 'b' [51]  (2.15 ns)
	'add' operation ('tmp_1_6', foo.c:7) [54]  (2.7 ns)
	'store' operation (foo.c:7) of variable 'tmp_1_6', foo.c:7 on array 'a' [56]  (2.15 ns)

 <State 6>: 7.01ns
The critical path consists of the following:
	'load' operation ('b_load_8', foo.c:7) on array 'b' [65]  (2.15 ns)
	'add' operation ('tmp_1_8', foo.c:7) [68]  (2.7 ns)
	'store' operation (foo.c:7) of variable 'tmp_1_8', foo.c:7 on array 'a' [70]  (2.15 ns)

 <State 7>: 7.01ns
The critical path consists of the following:
	'load' operation ('b_load_10', foo.c:7) on array 'b' [79]  (2.15 ns)
	'add' operation ('tmp_1_s', foo.c:7) [82]  (2.7 ns)
	'store' operation (foo.c:7) of variable 'tmp_1_s', foo.c:7 on array 'a' [84]  (2.15 ns)

 <State 8>: 7.01ns
The critical path consists of the following:
	'load' operation ('b_load_12', foo.c:7) on array 'b' [93]  (2.15 ns)
	'add' operation ('tmp_1_11', foo.c:7) [96]  (2.7 ns)
	'store' operation (foo.c:7) of variable 'tmp_1_11', foo.c:7 on array 'a' [98]  (2.15 ns)

 <State 9>: 7.01ns
The critical path consists of the following:
	'load' operation ('b_load_14', foo.c:7) on array 'b' [107]  (2.15 ns)
	'add' operation ('tmp_1_13', foo.c:7) [110]  (2.7 ns)
	'store' operation (foo.c:7) of variable 'tmp_1_13', foo.c:7 on array 'a' [112]  (2.15 ns)


============================================================
+ Verbose Summary: Binding
============================================================
N/A
* FSMD analyzer results:
  - Output states:
 - Input state : 
  - Chain level:
	State 1
	State 2
	State 3
	State 4
	State 5
	State 6
	State 7
	State 8
	State 9


============================================================
+ Verbose Summary: Datapath Resource usage 
============================================================
N/A
