INFO: [SIM 2] *************** CSIM start ***************
INFO: [SIM 4] CSIM will launch GCC as the compiler.
   Compiling(apcc) ../../../../dct_test.c in debug mode
INFO: [HLS 200-10] Running 'D:/Program_Files/Xilinx/Vivado/2019.1/bin/unwrapped/win64.o/apcc.exe'
INFO: [HLS 200-10] For user 'Леонид' on host 'леонид-пк' (Windows NT_amd64 version 6.1) on Tue Nov 05 19:25:04 +0300 2019
INFO: [HLS 200-10] In directory 'D:/Program_Files/projects/hls/lab9_z1/source/dct_prj/solution1/csim/build'
INFO: [APCC 202-3] Tmp directory is apcc_db
INFO: [APCC 202-1] APCC is done.
   Compiling(apcc) ../../../../dct.c in debug mode
INFO: [HLS 200-10] Running 'D:/Program_Files/Xilinx/Vivado/2019.1/bin/unwrapped/win64.o/apcc.exe'
INFO: [HLS 200-10] For user 'Леонид' on host 'леонид-пк' (Windows NT_amd64 version 6.1) on Tue Nov 05 19:25:10 +0300 2019
INFO: [HLS 200-10] In directory 'D:/Program_Files/projects/hls/lab9_z1/source/dct_prj/solution1/csim/build'
INFO: [APCC 202-3] Tmp directory is apcc_db
INFO: [APCC 202-1] APCC is done.
   Generating csim.exe
    *** *** *** *** 
    Results are good 
    *** *** *** *** 
INFO: [SIM 1] CSim done with 0 errors.
INFO: [SIM 3] *************** CSIM finish ***************
