==============================================================
File generated on Sun May 05 14:59:21 +0300 2019
Vivado(TM) HLS - High-Level Synthesis from C, C++ and SystemC v2018.3 (64-bit)
SW Build 2405991 on Thu Dec  6 23:38:27 MST 2018
IP Build 2404404 on Fri Dec  7 01:43:56 MST 2018
Copyright 1986-2018 Xilinx, Inc. All Rights Reserved.
==============================================================
INFO: [SYN 201-201] Setting up clock 'default' with a period of 10ns.
INFO: [SYN 201-201] Setting up clock 'default' with an uncertainty of 0.1ns.
INFO: [HLS 200-10] Setting target device to 'xa7a12tcsg325-1q'
INFO: [SYN 201-201] Setting up clock 'default' with a period of 10ns.
INFO: [SCHED 204-61] Option 'relax_ii_for_timing' is enabled, will increase II to preserve clock frequency constraints.
INFO: [HLS 200-10] Analyzing design file 'lab11_z2/foo.c' ... 
INFO: [HLS 200-111] Finished Linking Time (s): cpu = 00:00:01 ; elapsed = 00:00:07 . Memory (MB): peak = 101.730 ; gain = 16.902
INFO: [HLS 200-111] Finished Checking Pragmas Time (s): cpu = 00:00:01 ; elapsed = 00:00:07 . Memory (MB): peak = 101.957 ; gain = 17.129
INFO: [HLS 200-10] Starting code transformations ...
INFO: [HLS 200-111] Finished Standard Transforms Time (s): cpu = 00:00:01 ; elapsed = 00:00:08 . Memory (MB): peak = 103.195 ; gain = 18.367
INFO: [HLS 200-10] Checking synthesizability ...
INFO: [HLS 200-111] Finished Checking Synthesizability Time (s): cpu = 00:00:01 ; elapsed = 00:00:08 . Memory (MB): peak = 103.449 ; gain = 18.621
INFO: [HLS 200-111] Finished Pre-synthesis Time (s): cpu = 00:00:01 ; elapsed = 00:00:08 . Memory (MB): peak = 125.078 ; gain = 40.250
INFO: [HLS 200-111] Finished Architecture Synthesis Time (s): cpu = 00:00:01 ; elapsed = 00:00:08 . Memory (MB): peak = 125.078 ; gain = 40.250
INFO: [HLS 200-10] Starting hardware synthesis ...
INFO: [HLS 200-10] Synthesizing 'foo' ...
INFO: [HLS 200-10] ----------------------------------------------------------------
INFO: [HLS 200-42] -- Implementing module 'foo' 
INFO: [HLS 200-10] ----------------------------------------------------------------
INFO: [SCHED 204-11] Starting scheduling ...
INFO: [SCHED 204-11] Finished scheduling.
INFO: [HLS 200-111]  Elapsed time: 8.216 seconds; current allocated memory: 75.604 MB.
INFO: [HLS 200-434] Only 0 loops out of a total 1 loops have been pipelined in this design.
INFO: [BIND 205-100] Starting micro-architecture generation ...
INFO: [BIND 205-101] Performing variable lifetime analysis.
INFO: [BIND 205-101] Exploring resource sharing.
INFO: [BIND 205-101] Binding ...
INFO: [BIND 205-100] Finished micro-architecture generation.
INFO: [HLS 200-111]  Elapsed time: 0.103 seconds; current allocated memory: 75.827 MB.
INFO: [HLS 200-10] ----------------------------------------------------------------
INFO: [HLS 200-10] -- Generating RTL for module 'foo' 
INFO: [HLS 200-10] ----------------------------------------------------------------
INFO: [RTGEN 206-500] Setting interface mode on port 'foo/d_in' to 'ap_memory'.
INFO: [RTGEN 206-500] Setting interface mode on port 'foo/d_out' to 'ap_memory'.
INFO: [RTGEN 206-500] Setting interface mode on function 'foo' to 'ap_ctrl_hs'.
INFO: [RTGEN 206-100] Finished creating RTL model for 'foo'.
INFO: [HLS 200-111]  Elapsed time: 0.122 seconds; current allocated memory: 76.004 MB.
INFO: [HLS 200-111] Finished generating all RTL models Time (s): cpu = 00:00:02 ; elapsed = 00:00:10 . Memory (MB): peak = 125.078 ; gain = 40.250
INFO: [SYSC 207-301] Generating SystemC RTL for foo.
INFO: [VHDL 208-304] Generating VHDL RTL for foo.
INFO: [VLOG 209-307] Generating Verilog RTL for foo.
INFO: [HLS 200-112] Total elapsed time: 9.916 seconds; peak allocated memory: 76.004 MB.
==============================================================
File generated on Sun May 05 15:00:44 +0300 2019
Vivado(TM) HLS - High-Level Synthesis from C, C++ and SystemC v2018.3 (64-bit)
SW Build 2405991 on Thu Dec  6 23:38:27 MST 2018
IP Build 2404404 on Fri Dec  7 01:43:56 MST 2018
Copyright 1986-2018 Xilinx, Inc. All Rights Reserved.
==============================================================
INFO: [SYN 201-201] Setting up clock 'default' with a period of 10ns.
INFO: [SYN 201-201] Setting up clock 'default' with an uncertainty of 0.1ns.
INFO: [HLS 200-10] Setting target device to 'xa7a12tcsg325-1q'
INFO: [SCHED 204-61] Option 'relax_ii_for_timing' is enabled, will increase II to preserve clock frequency constraints.
INFO: [HLS 200-10] Analyzing design file 'lab11_z2/foo.c' ... 
INFO: [HLS 200-111] Finished Linking Time (s): cpu = 00:00:01 ; elapsed = 00:00:07 . Memory (MB): peak = 102.012 ; gain = 17.426
INFO: [HLS 200-111] Finished Checking Pragmas Time (s): cpu = 00:00:01 ; elapsed = 00:00:07 . Memory (MB): peak = 102.012 ; gain = 17.426
INFO: [HLS 200-10] Starting code transformations ...
INFO: [HLS 200-111] Finished Standard Transforms Time (s): cpu = 00:00:01 ; elapsed = 00:00:08 . Memory (MB): peak = 103.098 ; gain = 18.512
INFO: [HLS 200-10] Checking synthesizability ...
INFO: [HLS 200-111] Finished Checking Synthesizability Time (s): cpu = 00:00:01 ; elapsed = 00:00:08 . Memory (MB): peak = 103.359 ; gain = 18.773
INFO: [HLS 200-111] Finished Pre-synthesis Time (s): cpu = 00:00:01 ; elapsed = 00:00:08 . Memory (MB): peak = 124.652 ; gain = 40.066
INFO: [HLS 200-111] Finished Architecture Synthesis Time (s): cpu = 00:00:01 ; elapsed = 00:00:08 . Memory (MB): peak = 124.652 ; gain = 40.066
INFO: [HLS 200-10] Starting hardware synthesis ...
INFO: [HLS 200-10] Synthesizing 'foo' ...
INFO: [HLS 200-10] ----------------------------------------------------------------
INFO: [HLS 200-42] -- Implementing module 'foo' 
INFO: [HLS 200-10] ----------------------------------------------------------------
INFO: [SCHED 204-11] Starting scheduling ...
WARNING: [SCHED 204-71] Latency directive discarded for region foo since it contains subloops.
INFO: [SCHED 204-11] Finished scheduling.
INFO: [HLS 200-111]  Elapsed time: 8.08 seconds; current allocated memory: 75.602 MB.
INFO: [HLS 200-434] Only 0 loops out of a total 1 loops have been pipelined in this design.
INFO: [BIND 205-100] Starting micro-architecture generation ...
INFO: [BIND 205-101] Performing variable lifetime analysis.
INFO: [BIND 205-101] Exploring resource sharing.
INFO: [BIND 205-101] Binding ...
INFO: [BIND 205-100] Finished micro-architecture generation.
INFO: [HLS 200-111]  Elapsed time: 0.099 seconds; current allocated memory: 75.822 MB.
INFO: [HLS 200-10] ----------------------------------------------------------------
INFO: [HLS 200-10] -- Generating RTL for module 'foo' 
INFO: [HLS 200-10] ----------------------------------------------------------------
INFO: [RTGEN 206-500] Setting interface mode on port 'foo/d_in' to 'ap_memory'.
INFO: [RTGEN 206-500] Setting interface mode on port 'foo/d_out' to 'ap_memory'.
INFO: [RTGEN 206-500] Setting interface mode on function 'foo' to 'ap_ctrl_hs'.
INFO: [RTGEN 206-100] Finished creating RTL model for 'foo'.
INFO: [HLS 200-111]  Elapsed time: 0.158 seconds; current allocated memory: 75.999 MB.
INFO: [HLS 200-111] Finished generating all RTL models Time (s): cpu = 00:00:02 ; elapsed = 00:00:10 . Memory (MB): peak = 124.652 ; gain = 40.066
INFO: [SYSC 207-301] Generating SystemC RTL for foo.
INFO: [VHDL 208-304] Generating VHDL RTL for foo.
INFO: [VLOG 209-307] Generating Verilog RTL for foo.
INFO: [HLS 200-112] Total elapsed time: 9.93 seconds; peak allocated memory: 75.999 MB.
==============================================================
File generated on Sun May 05 15:01:45 +0300 2019
Vivado(TM) HLS - High-Level Synthesis from C, C++ and SystemC v2018.3 (64-bit)
SW Build 2405991 on Thu Dec  6 23:38:27 MST 2018
IP Build 2404404 on Fri Dec  7 01:43:56 MST 2018
Copyright 1986-2018 Xilinx, Inc. All Rights Reserved.
==============================================================
INFO: [SYN 201-201] Setting up clock 'default' with a period of 10ns.
INFO: [SYN 201-201] Setting up clock 'default' with an uncertainty of 0.1ns.
INFO: [HLS 200-10] Setting target device to 'xa7a12tcsg325-1q'
INFO: [SCHED 204-61] Option 'relax_ii_for_timing' is enabled, will increase II to preserve clock frequency constraints.
INFO: [HLS 200-10] Analyzing design file 'lab11_z2/foo.c' ... 
INFO: [HLS 200-111] Finished Linking Time (s): cpu = 00:00:00 ; elapsed = 00:00:07 . Memory (MB): peak = 101.828 ; gain = 17.250
INFO: [HLS 200-111] Finished Checking Pragmas Time (s): cpu = 00:00:00 ; elapsed = 00:00:07 . Memory (MB): peak = 101.828 ; gain = 17.250
INFO: [HLS 200-10] Starting code transformations ...
INFO: [HLS 200-111] Finished Standard Transforms Time (s): cpu = 00:00:00 ; elapsed = 00:00:08 . Memory (MB): peak = 103.211 ; gain = 18.633
INFO: [HLS 200-10] Checking synthesizability ...
INFO: [HLS 200-111] Finished Checking Synthesizability Time (s): cpu = 00:00:01 ; elapsed = 00:00:08 . Memory (MB): peak = 103.465 ; gain = 18.887
INFO: [HLS 200-111] Finished Pre-synthesis Time (s): cpu = 00:00:01 ; elapsed = 00:00:08 . Memory (MB): peak = 124.574 ; gain = 39.996
INFO: [HLS 200-111] Finished Architecture Synthesis Time (s): cpu = 00:00:01 ; elapsed = 00:00:08 . Memory (MB): peak = 124.574 ; gain = 39.996
INFO: [HLS 200-10] Starting hardware synthesis ...
INFO: [HLS 200-10] Synthesizing 'foo' ...
INFO: [HLS 200-10] ----------------------------------------------------------------
INFO: [HLS 200-42] -- Implementing module 'foo' 
INFO: [HLS 200-10] ----------------------------------------------------------------
INFO: [SCHED 204-11] Starting scheduling ...
WARNING: [SCHED 204-71] Latency directive discarded for region foo since it contains subloops.
INFO: [SCHED 204-11] Finished scheduling.
INFO: [HLS 200-111]  Elapsed time: 8.247 seconds; current allocated memory: 75.618 MB.
INFO: [HLS 200-434] Only 0 loops out of a total 1 loops have been pipelined in this design.
INFO: [BIND 205-100] Starting micro-architecture generation ...
INFO: [BIND 205-101] Performing variable lifetime analysis.
INFO: [BIND 205-101] Exploring resource sharing.
INFO: [BIND 205-101] Binding ...
INFO: [BIND 205-100] Finished micro-architecture generation.
INFO: [HLS 200-111]  Elapsed time: 0.105 seconds; current allocated memory: 75.822 MB.
INFO: [HLS 200-10] ----------------------------------------------------------------
INFO: [HLS 200-10] -- Generating RTL for module 'foo' 
INFO: [HLS 200-10] ----------------------------------------------------------------
INFO: [RTGEN 206-500] Setting interface mode on port 'foo/d_in' to 'ap_memory'.
INFO: [RTGEN 206-500] Setting interface mode on port 'foo/d_out' to 'ap_memory'.
INFO: [RTGEN 206-500] Setting interface mode on function 'foo' to 'ap_ctrl_hs'.
INFO: [RTGEN 206-100] Finished creating RTL model for 'foo'.
INFO: [HLS 200-111]  Elapsed time: 0.116 seconds; current allocated memory: 76.030 MB.
INFO: [HLS 200-111] Finished generating all RTL models Time (s): cpu = 00:00:01 ; elapsed = 00:00:10 . Memory (MB): peak = 124.574 ; gain = 39.996
INFO: [SYSC 207-301] Generating SystemC RTL for foo.
INFO: [VHDL 208-304] Generating VHDL RTL for foo.
INFO: [VLOG 209-307] Generating Verilog RTL for foo.
INFO: [HLS 200-112] Total elapsed time: 9.881 seconds; peak allocated memory: 76.030 MB.
==============================================================
File generated on Sun May 05 15:02:37 +0300 2019
Vivado(TM) HLS - High-Level Synthesis from C, C++ and SystemC v2018.3 (64-bit)
SW Build 2405991 on Thu Dec  6 23:38:27 MST 2018
IP Build 2404404 on Fri Dec  7 01:43:56 MST 2018
Copyright 1986-2018 Xilinx, Inc. All Rights Reserved.
==============================================================
INFO: [SYN 201-201] Setting up clock 'default' with a period of 10ns.
INFO: [SYN 201-201] Setting up clock 'default' with an uncertainty of 0.1ns.
INFO: [HLS 200-10] Setting target device to 'xa7a12tcsg325-1q'
INFO: [SCHED 204-61] Option 'relax_ii_for_timing' is enabled, will increase II to preserve clock frequency constraints.
INFO: [HLS 200-10] Analyzing design file 'lab11_z2/foo.c' ... 
INFO: [HLS 200-111] Finished Linking Time (s): cpu = 00:00:00 ; elapsed = 00:00:07 . Memory (MB): peak = 101.914 ; gain = 17.105
INFO: [HLS 200-111] Finished Checking Pragmas Time (s): cpu = 00:00:00 ; elapsed = 00:00:07 . Memory (MB): peak = 101.914 ; gain = 17.105
INFO: [HLS 200-10] Starting code transformations ...
INFO: [HLS 200-111] Finished Standard Transforms Time (s): cpu = 00:00:01 ; elapsed = 00:00:08 . Memory (MB): peak = 103.031 ; gain = 18.223
INFO: [HLS 200-10] Checking synthesizability ...
INFO: [HLS 200-111] Finished Checking Synthesizability Time (s): cpu = 00:00:01 ; elapsed = 00:00:08 . Memory (MB): peak = 103.297 ; gain = 18.488
INFO: [HLS 200-111] Finished Pre-synthesis Time (s): cpu = 00:00:01 ; elapsed = 00:00:08 . Memory (MB): peak = 124.574 ; gain = 39.766
INFO: [HLS 200-111] Finished Architecture Synthesis Time (s): cpu = 00:00:01 ; elapsed = 00:00:08 . Memory (MB): peak = 124.574 ; gain = 39.766
INFO: [HLS 200-10] Starting hardware synthesis ...
INFO: [HLS 200-10] Synthesizing 'foo' ...
INFO: [HLS 200-10] ----------------------------------------------------------------
INFO: [HLS 200-42] -- Implementing module 'foo' 
INFO: [HLS 200-10] ----------------------------------------------------------------
INFO: [SCHED 204-11] Starting scheduling ...
WARNING: [SCHED 204-71] Latency directive discarded for region foo since it contains subloops.
INFO: [SCHED 204-11] Finished scheduling.
INFO: [HLS 200-111]  Elapsed time: 8.242 seconds; current allocated memory: 75.618 MB.
INFO: [HLS 200-434] Only 0 loops out of a total 1 loops have been pipelined in this design.
INFO: [BIND 205-100] Starting micro-architecture generation ...
INFO: [BIND 205-101] Performing variable lifetime analysis.
INFO: [BIND 205-101] Exploring resource sharing.
INFO: [BIND 205-101] Binding ...
INFO: [BIND 205-100] Finished micro-architecture generation.
INFO: [HLS 200-111]  Elapsed time: 0.093 seconds; current allocated memory: 75.822 MB.
INFO: [HLS 200-10] ----------------------------------------------------------------
INFO: [HLS 200-10] -- Generating RTL for module 'foo' 
INFO: [HLS 200-10] ----------------------------------------------------------------
INFO: [RTGEN 206-500] Setting interface mode on port 'foo/d_in' to 'ap_memory'.
INFO: [RTGEN 206-500] Setting interface mode on port 'foo/d_out' to 'ap_memory'.
INFO: [RTGEN 206-500] Setting interface mode on function 'foo' to 'ap_ctrl_hs'.
INFO: [RTGEN 206-100] Finished creating RTL model for 'foo'.
INFO: [HLS 200-111]  Elapsed time: 0.136 seconds; current allocated memory: 76.030 MB.
INFO: [HLS 200-111] Finished generating all RTL models Time (s): cpu = 00:00:01 ; elapsed = 00:00:10 . Memory (MB): peak = 124.574 ; gain = 39.766
INFO: [SYSC 207-301] Generating SystemC RTL for foo.
INFO: [VHDL 208-304] Generating VHDL RTL for foo.
INFO: [VLOG 209-307] Generating Verilog RTL for foo.
INFO: [HLS 200-112] Total elapsed time: 10.023 seconds; peak allocated memory: 76.030 MB.
==============================================================
File generated on Sun May 05 15:03:29 +0300 2019
Vivado(TM) HLS - High-Level Synthesis from C, C++ and SystemC v2018.3 (64-bit)
SW Build 2405991 on Thu Dec  6 23:38:27 MST 2018
IP Build 2404404 on Fri Dec  7 01:43:56 MST 2018
Copyright 1986-2018 Xilinx, Inc. All Rights Reserved.
==============================================================
INFO: [SYN 201-201] Setting up clock 'default' with a period of 10ns.
INFO: [SYN 201-201] Setting up clock 'default' with an uncertainty of 0.1ns.
INFO: [HLS 200-10] Setting target device to 'xa7a12tcsg325-1q'
INFO: [SIM 211-2] *************** CSIM start ***************
INFO: [SIM 211-4] CSIM will launch GCC as the compiler.
INFO: [SIM 211-1] CSim done with 0 errors.
INFO: [SIM 211-3] *************** CSIM finish ***************
==============================================================
File generated on Sun May 05 15:03:53 +0300 2019
Vivado(TM) HLS - High-Level Synthesis from C, C++ and SystemC v2018.3 (64-bit)
SW Build 2405991 on Thu Dec  6 23:38:27 MST 2018
IP Build 2404404 on Fri Dec  7 01:43:56 MST 2018
Copyright 1986-2018 Xilinx, Inc. All Rights Reserved.
==============================================================
INFO: [SYN 201-201] Setting up clock 'default' with a period of 10ns.
INFO: [SYN 201-201] Setting up clock 'default' with an uncertainty of 0.1ns.
INFO: [HLS 200-10] Setting target device to 'xa7a12tcsg325-1q'
INFO: [SYN 201-201] Setting up clock 'default' with a period of 10ns.
INFO: [SCHED 204-61] Option 'relax_ii_for_timing' is enabled, will increase II to preserve clock frequency constraints.
INFO: [HLS 200-10] Analyzing design file 'lab11_z2/foo.c' ... 
INFO: [HLS 200-111] Finished Linking Time (s): cpu = 00:00:01 ; elapsed = 00:00:09 . Memory (MB): peak = 101.891 ; gain = 16.633
INFO: [HLS 200-111] Finished Checking Pragmas Time (s): cpu = 00:00:01 ; elapsed = 00:00:09 . Memory (MB): peak = 101.891 ; gain = 16.633
INFO: [HLS 200-10] Starting code transformations ...
INFO: [HLS 200-111] Finished Standard Transforms Time (s): cpu = 00:00:01 ; elapsed = 00:00:10 . Memory (MB): peak = 103.051 ; gain = 17.793
INFO: [HLS 200-10] Checking synthesizability ...
INFO: [HLS 200-111] Finished Checking Synthesizability Time (s): cpu = 00:00:01 ; elapsed = 00:00:10 . Memory (MB): peak = 103.305 ; gain = 18.047
INFO: [HLS 200-111] Finished Pre-synthesis Time (s): cpu = 00:00:01 ; elapsed = 00:00:10 . Memory (MB): peak = 124.348 ; gain = 39.090
INFO: [HLS 200-111] Finished Architecture Synthesis Time (s): cpu = 00:00:01 ; elapsed = 00:00:10 . Memory (MB): peak = 124.348 ; gain = 39.090
INFO: [HLS 200-10] Starting hardware synthesis ...
INFO: [HLS 200-10] Synthesizing 'foo' ...
INFO: [HLS 200-10] ----------------------------------------------------------------
INFO: [HLS 200-42] -- Implementing module 'foo' 
INFO: [HLS 200-10] ----------------------------------------------------------------
INFO: [SCHED 204-11] Starting scheduling ...
WARNING: [SCHED 204-71] Latency directive discarded for region foo since it contains subloops.
INFO: [SCHED 204-11] Finished scheduling.
INFO: [HLS 200-111]  Elapsed time: 9.969 seconds; current allocated memory: 75.607 MB.
INFO: [HLS 200-434] Only 0 loops out of a total 1 loops have been pipelined in this design.
INFO: [BIND 205-100] Starting micro-architecture generation ...
INFO: [BIND 205-101] Performing variable lifetime analysis.
INFO: [BIND 205-101] Exploring resource sharing.
INFO: [BIND 205-101] Binding ...
INFO: [BIND 205-100] Finished micro-architecture generation.
INFO: [HLS 200-111]  Elapsed time: 0.097 seconds; current allocated memory: 75.827 MB.
INFO: [HLS 200-10] ----------------------------------------------------------------
INFO: [HLS 200-10] -- Generating RTL for module 'foo' 
INFO: [HLS 200-10] ----------------------------------------------------------------
INFO: [RTGEN 206-500] Setting interface mode on port 'foo/d_in' to 'ap_memory'.
INFO: [RTGEN 206-500] Setting interface mode on port 'foo/d_out' to 'ap_memory'.
INFO: [RTGEN 206-500] Setting interface mode on function 'foo' to 'ap_ctrl_hs'.
INFO: [RTGEN 206-100] Finished creating RTL model for 'foo'.
INFO: [HLS 200-111]  Elapsed time: 0.141 seconds; current allocated memory: 76.019 MB.
INFO: [HLS 200-111] Finished generating all RTL models Time (s): cpu = 00:00:02 ; elapsed = 00:00:12 . Memory (MB): peak = 124.348 ; gain = 39.090
INFO: [SYSC 207-301] Generating SystemC RTL for foo.
INFO: [VHDL 208-304] Generating VHDL RTL for foo.
INFO: [VLOG 209-307] Generating Verilog RTL for foo.
INFO: [HLS 200-112] Total elapsed time: 11.788 seconds; peak allocated memory: 76.019 MB.
==============================================================
File generated by Vivado(TM) HLS - High-Level Synthesis from C, C++ and SystemC
Version: 2018.2
Copyright (C) 1986-2018 Xilinx, Inc. All Rights Reserved.

==============================================================

INFO: [SYN 201-201] Setting up clock 'default' with a period of 10ns.
INFO: [SYN 201-201] Setting up clock 'default' with an uncertainty of 0.1ns.
INFO: [HLS 200-10] Setting target device to 'xa7a12tcsg325-1q'
INFO: [HLS 200-10] Analyzing design file 'lab11_z2/foo.c' ... 
INFO: [HLS 200-111] Finished Linking Time (s): cpu = 00:00:01 ; elapsed = 00:00:10 . Memory (MB): peak = 101.258 ; gain = 45.590
INFO: [HLS 200-111] Finished Checking Pragmas Time (s): cpu = 00:00:01 ; elapsed = 00:00:10 . Memory (MB): peak = 101.258 ; gain = 45.590
INFO: [HLS 200-10] Starting code transformations ...
INFO: [HLS 200-111] Finished Standard Transforms Time (s): cpu = 00:00:01 ; elapsed = 00:00:11 . Memory (MB): peak = 102.336 ; gain = 46.668
INFO: [HLS 200-10] Checking synthesizability ...
INFO: [HLS 200-111] Finished Checking Synthesizability Time (s): cpu = 00:00:01 ; elapsed = 00:00:11 . Memory (MB): peak = 102.594 ; gain = 46.926
INFO: [HLS 200-111] Finished Pre-synthesis Time (s): cpu = 00:00:01 ; elapsed = 00:00:11 . Memory (MB): peak = 123.512 ; gain = 67.844
INFO: [HLS 200-111] Finished Architecture Synthesis Time (s): cpu = 00:00:01 ; elapsed = 00:00:11 . Memory (MB): peak = 123.512 ; gain = 67.844
INFO: [HLS 200-10] Starting hardware synthesis ...
INFO: [HLS 200-10] Synthesizing 'foo' ...
INFO: [HLS 200-10] ----------------------------------------------------------------
INFO: [HLS 200-42] -- Implementing module 'foo' 
INFO: [HLS 200-10] ----------------------------------------------------------------
INFO: [SCHED 204-11] Starting scheduling ...
WARNING: [SCHED 204-71] Latency directive discarded for region foo since it contains subloops.
INFO: [SCHED 204-11] Finished scheduling.
INFO: [HLS 200-111]  Elapsed time: 11.194 seconds; current allocated memory: 74.436 MB.
INFO: [HLS 200-434] Only 0 loops out of a total 1 loops have been pipelined in this design.
INFO: [BIND 205-100] Starting micro-architecture generation ...
INFO: [BIND 205-101] Performing variable lifetime analysis.
INFO: [BIND 205-101] Exploring resource sharing.
INFO: [BIND 205-101] Binding ...
INFO: [BIND 205-100] Finished micro-architecture generation.
INFO: [HLS 200-111]  Elapsed time: 0.085 seconds; current allocated memory: 74.560 MB.
INFO: [HLS 200-10] ----------------------------------------------------------------
INFO: [HLS 200-10] -- Generating RTL for module 'foo' 
INFO: [HLS 200-10] ----------------------------------------------------------------
INFO: [RTGEN 206-500] Setting interface mode on port 'foo/d_in' to 'ap_memory'.
INFO: [RTGEN 206-500] Setting interface mode on port 'foo/d_out' to 'ap_memory'.
INFO: [RTGEN 206-500] Setting interface mode on function 'foo' to 'ap_ctrl_hs'.
INFO: [RTGEN 206-100] Finished creating RTL model for 'foo'.
INFO: [HLS 200-111]  Elapsed time: 0.126 seconds; current allocated memory: 74.775 MB.
INFO: [HLS 200-111] Finished generating all RTL models Time (s): cpu = 00:00:02 ; elapsed = 00:00:13 . Memory (MB): peak = 123.512 ; gain = 67.844
INFO: [SYSC 207-301] Generating SystemC RTL for foo.
INFO: [VHDL 208-304] Generating VHDL RTL for foo.
INFO: [VLOG 209-307] Generating Verilog RTL for foo.
INFO: [HLS 200-112] Total elapsed time: 12.907 seconds; peak allocated memory: 74.775 MB.
==============================================================
File generated by Vivado(TM) HLS - High-Level Synthesis from C, C++ and SystemC
Version: 2018.2
Copyright (C) 1986-2018 Xilinx, Inc. All Rights Reserved.

==============================================================

INFO: [SYN 201-201] Setting up clock 'default' with a period of 10ns.
INFO: [SYN 201-201] Setting up clock 'default' with an uncertainty of 0.1ns.
INFO: [HLS 200-10] Setting target device to 'xa7a12tcsg325-1q'
INFO: [COSIM 212-47] Using XSIM for RTL simulation.
INFO: [COSIM 212-14] Instrumenting C test bench ...
INFO: [COSIM 212-302] Starting C TB testing ... 
INFO: [COSIM 212-333] Generating C post check test bench ...
INFO: [COSIM 212-12] Generating RTL test bench ...
INFO: [COSIM 212-323] Starting verilog simulation. 
INFO: [COSIM 212-15] Starting XSIM ...
INFO: [COSIM 212-316] Starting C post checking ...
INFO: [COSIM 212-1000] *** C/RTL co-simulation finished: PASS ***
INFO: [COSIM 212-211] II is measurable only when transaction number is greater than 1 in RTL simulation. Otherwise, they will be marked as all NA. If user wants to calculate them, please make sure there are at least 2 transactions in RTL simulation.
==============================================================
File generated by Vivado(TM) HLS - High-Level Synthesis from C, C++ and SystemC
Version: 2018.2
Copyright (C) 1986-2018 Xilinx, Inc. All Rights Reserved.

==============================================================

INFO: [SYN 201-201] Setting up clock 'default' with a period of 10ns.
INFO: [SYN 201-201] Setting up clock 'default' with an uncertainty of 0.1ns.
INFO: [HLS 200-10] Setting target device to 'xa7a12tcsg325-1q'
INFO: [HLS 200-10] Analyzing design file 'lab11_z2/foo.c' ... 
INFO: [HLS 200-111] Finished Linking Time (s): cpu = 00:00:01 ; elapsed = 00:00:05 . Memory (MB): peak = 100.895 ; gain = 45.184
INFO: [HLS 200-111] Finished Checking Pragmas Time (s): cpu = 00:00:01 ; elapsed = 00:00:05 . Memory (MB): peak = 100.895 ; gain = 45.184
INFO: [HLS 200-10] Starting code transformations ...
INFO: [HLS 200-111] Finished Standard Transforms Time (s): cpu = 00:00:01 ; elapsed = 00:00:06 . Memory (MB): peak = 102.145 ; gain = 46.434
INFO: [HLS 200-10] Checking synthesizability ...
INFO: [HLS 200-111] Finished Checking Synthesizability Time (s): cpu = 00:00:01 ; elapsed = 00:00:06 . Memory (MB): peak = 102.398 ; gain = 46.688
INFO: [HLS 200-111] Finished Pre-synthesis Time (s): cpu = 00:00:01 ; elapsed = 00:00:06 . Memory (MB): peak = 123.957 ; gain = 68.246
INFO: [HLS 200-111] Finished Architecture Synthesis Time (s): cpu = 00:00:01 ; elapsed = 00:00:06 . Memory (MB): peak = 123.957 ; gain = 68.246
INFO: [HLS 200-10] Starting hardware synthesis ...
INFO: [HLS 200-10] Synthesizing 'foo' ...
INFO: [HLS 200-10] ----------------------------------------------------------------
INFO: [HLS 200-42] -- Implementing module 'foo' 
INFO: [HLS 200-10] ----------------------------------------------------------------
INFO: [SCHED 204-11] Starting scheduling ...
WARNING: [SCHED 204-71] Latency directive discarded for region foo since it contains subloops.
INFO: [SCHED 204-11] Finished scheduling.
INFO: [HLS 200-111]  Elapsed time: 6.025 seconds; current allocated memory: 74.448 MB.
INFO: [HLS 200-434] Only 0 loops out of a total 1 loops have been pipelined in this design.
INFO: [BIND 205-100] Starting micro-architecture generation ...
INFO: [BIND 205-101] Performing variable lifetime analysis.
INFO: [BIND 205-101] Exploring resource sharing.
INFO: [BIND 205-101] Binding ...
INFO: [BIND 205-100] Finished micro-architecture generation.
INFO: [HLS 200-111]  Elapsed time: 0.107 seconds; current allocated memory: 74.556 MB.
INFO: [HLS 200-10] ----------------------------------------------------------------
INFO: [HLS 200-10] -- Generating RTL for module 'foo' 
INFO: [HLS 200-10] ----------------------------------------------------------------
INFO: [RTGEN 206-500] Setting interface mode on port 'foo/d_in' to 'ap_memory'.
INFO: [RTGEN 206-500] Setting interface mode on port 'foo/d_out' to 'ap_memory'.
INFO: [RTGEN 206-500] Setting interface mode on function 'foo' to 'ap_ctrl_hs'.
INFO: [RTGEN 206-100] Finished creating RTL model for 'foo'.
INFO: [HLS 200-111]  Elapsed time: 0.079 seconds; current allocated memory: 74.787 MB.
INFO: [HLS 200-111] Finished generating all RTL models Time (s): cpu = 00:00:02 ; elapsed = 00:00:07 . Memory (MB): peak = 123.957 ; gain = 68.246
INFO: [SYSC 207-301] Generating SystemC RTL for foo.
INFO: [VHDL 208-304] Generating VHDL RTL for foo.
INFO: [VLOG 209-307] Generating Verilog RTL for foo.
INFO: [HLS 200-112] Total elapsed time: 7.056 seconds; peak allocated memory: 74.787 MB.
