

================================================================
== Vivado HLS Report for 'lab1_1'
================================================================
* Date:           Tue Oct  1 20:29:51 2019

* Version:        2019.1 (Build 2552052 on Fri May 24 15:28:33 MDT 2019)
* Project:        lab2_1
* Solution:       solution2
* Product family: artix7
* Target device:  xa7a12t-csg325-1Q


================================================================
== Performance Estimates
================================================================
+ Timing (ns): 
    * Summary: 
    +--------+-------+----------+------------+
    |  Clock | Target| Estimated| Uncertainty|
    +--------+-------+----------+------------+
    |ap_clk  |   6.00|     3.820|        0.10|
    +--------+-------+----------+------------+

+ Latency (clock cycles): 
    * Summary: 
    +-----+-----+-----+-----+---------+
    |  Latency  |  Interval | Pipeline|
    | min | max | min | max |   Type  |
    +-----+-----+-----+-----+---------+
    |    2|    2|    2|    2|   none  |
    +-----+-----+-----+-----+---------+

    + Detail: 
        * Instance: 
        N/A

        * Loop: 
        N/A

============================================================
+ Verbose Summary: Synthesis Manager
============================================================
InlineROM: 1
ExposeGlobal: 0
============================================================
+ Verbose Summary: CDFG Model
============================================================
IsTopModel: 1
ResetActiveHigh: 1
IsCombinational: 0
IsDatapathOnly: 0
HasWiredReturn: 1
HasMFsm: 0
HasVarLatency: 1
IsPipeline: 0
IsRtlPipelined: 0
IsInstanceOverlapped: 0
IsDontTouch: 0
HasImplIP: 0
IsGatedGlobalClock: 0


============================================================
+ Verbose Summary: Schedule
============================================================
* Number of FSM states : 3
* Pipeline : 0
* Dataflow Pipeline: 0

* FSM state transitions: 
1 --> 2 
2 --> 3 
3 --> 

* FSM state operations: 

State 1 <SV = 0> <Delay = 1.45>
ST_1 : Operation 4 [1/1] (0.00ns)   --->   "%b_read = call i8 @_ssdm_op_Read.ap_auto.i8(i8 %b) nounwind" [source/lab3_1.c:1]   --->   Operation 4 'read' 'b_read' <Predicate = true> <Delay = 0.00>
ST_1 : Operation 5 [1/1] (0.00ns)   --->   "%a_read = call i8 @_ssdm_op_Read.ap_auto.i8(i8 %a) nounwind" [source/lab3_1.c:1]   --->   Operation 5 'read' 'a_read' <Predicate = true> <Delay = 0.00>
ST_1 : Operation 6 [1/1] (0.00ns)   --->   "%sext_ln4 = sext i8 %a_read to i16" [source/lab3_1.c:4]   --->   Operation 6 'sext' 'sext_ln4' <Predicate = true> <Delay = 0.00>
ST_1 : Operation 7 [1/1] (0.00ns)   --->   "%sext_ln4_1 = sext i8 %b_read to i16" [source/lab3_1.c:4]   --->   Operation 7 'sext' 'sext_ln4_1' <Predicate = true> <Delay = 0.00>
ST_1 : Operation 8 [3/3] (1.45ns) (grouped into DSP with root node y)   --->   "%mul_ln4 = mul i16 %sext_ln4_1, %sext_ln4" [source/lab3_1.c:4]   --->   Operation 8 'mul' 'mul_ln4' <Predicate = true> <Delay = 1.45> <Core = "DSP48">   --->   Core 88 'DSP48' <Latency = 2> <II = 1> <Delay = 3.88> <IPBlock> <Opcode : 'mul' 'add' 'sub' 'select'> <InPorts = 0> <OutPorts = 1> <Sync> <CReg>

State 2 <SV = 1> <Delay = 2.11>
ST_2 : Operation 9 [1/1] (0.00ns)   --->   "%d_read = call i8 @_ssdm_op_Read.ap_auto.i8(i8 %d) nounwind" [source/lab3_1.c:1]   --->   Operation 9 'read' 'd_read' <Predicate = true> <Delay = 0.00>
ST_2 : Operation 10 [1/1] (0.00ns)   --->   "%c_read = call i8 @_ssdm_op_Read.ap_auto.i8(i8 %c) nounwind" [source/lab3_1.c:1]   --->   Operation 10 'read' 'c_read' <Predicate = true> <Delay = 0.00>
ST_2 : Operation 11 [2/3] (1.45ns) (grouped into DSP with root node y)   --->   "%mul_ln4 = mul i16 %sext_ln4_1, %sext_ln4" [source/lab3_1.c:4]   --->   Operation 11 'mul' 'mul_ln4' <Predicate = true> <Delay = 1.45> <Core = "DSP48">   --->   Core 88 'DSP48' <Latency = 2> <II = 1> <Delay = 3.88> <IPBlock> <Opcode : 'mul' 'add' 'sub' 'select'> <InPorts = 0> <OutPorts = 1> <Sync> <CReg>
ST_2 : Operation 12 [1/1] (0.00ns)   --->   "%sext_ln4_2 = sext i8 %c_read to i9" [source/lab3_1.c:4]   --->   Operation 12 'sext' 'sext_ln4_2' <Predicate = true> <Delay = 0.00>
ST_2 : Operation 13 [1/1] (0.00ns)   --->   "%sext_ln4_3 = sext i8 %d_read to i9" [source/lab3_1.c:4]   --->   Operation 13 'sext' 'sext_ln4_3' <Predicate = true> <Delay = 0.00>
ST_2 : Operation 14 [1/1] (2.11ns)   --->   "%add_ln4 = add i9 %sext_ln4_2, %sext_ln4_3" [source/lab3_1.c:4]   --->   Operation 14 'add' 'add_ln4' <Predicate = true> <Delay = 2.11> <Core = "AddSub">   --->   Core 14 'AddSub' <Latency = 0> <II = 1> <Delay = 2.11> <FuncUnit> <Opcode : 'add' 'sub'> <InPorts = 2> <OutPorts = 1>

State 3 <SV = 2> <Delay = 3.82>
ST_3 : Operation 15 [1/1] (0.00ns)   --->   "call void (...)* @_ssdm_op_SpecBitsMap(i8 %a) nounwind, !map !7"   --->   Operation 15 'specbitsmap' <Predicate = true> <Delay = 0.00>
ST_3 : Operation 16 [1/1] (0.00ns)   --->   "call void (...)* @_ssdm_op_SpecBitsMap(i8 %b) nounwind, !map !13"   --->   Operation 16 'specbitsmap' <Predicate = true> <Delay = 0.00>
ST_3 : Operation 17 [1/1] (0.00ns)   --->   "call void (...)* @_ssdm_op_SpecBitsMap(i8 %c) nounwind, !map !17"   --->   Operation 17 'specbitsmap' <Predicate = true> <Delay = 0.00>
ST_3 : Operation 18 [1/1] (0.00ns)   --->   "call void (...)* @_ssdm_op_SpecBitsMap(i8 %d) nounwind, !map !21"   --->   Operation 18 'specbitsmap' <Predicate = true> <Delay = 0.00>
ST_3 : Operation 19 [1/1] (0.00ns)   --->   "call void (...)* @_ssdm_op_SpecBitsMap(i32 0) nounwind, !map !25"   --->   Operation 19 'specbitsmap' <Predicate = true> <Delay = 0.00>
ST_3 : Operation 20 [1/1] (0.00ns)   --->   "call void (...)* @_ssdm_op_SpecTopModule([7 x i8]* @lab1_1_str) nounwind"   --->   Operation 20 'spectopmodule' <Predicate = true> <Delay = 0.00>
ST_3 : Operation 21 [1/1] (0.00ns)   --->   "call void (...)* @_ssdm_op_SpecInterface(i32 0, [14 x i8]* @p_str, i32 0, i32 0, [1 x i8]* @p_str1, i32 0, i32 0, [1 x i8]* @p_str1, [1 x i8]* @p_str1, [1 x i8]* @p_str1, i32 0, i32 0, i32 0, i32 0, [1 x i8]* @p_str1, [1 x i8]* @p_str1) nounwind" [source/lab3_1.c:2]   --->   Operation 21 'specinterface' <Predicate = true> <Delay = 0.00>
ST_3 : Operation 22 [1/3] (0.00ns) (grouped into DSP with root node y)   --->   "%mul_ln4 = mul i16 %sext_ln4_1, %sext_ln4" [source/lab3_1.c:4]   --->   Operation 22 'mul' 'mul_ln4' <Predicate = true> <Delay = 0.00> <Core = "DSP48">   --->   Core 88 'DSP48' <Latency = 2> <II = 1> <Delay = 3.88> <IPBlock> <Opcode : 'mul' 'add' 'sub' 'select'> <InPorts = 0> <OutPorts = 1> <Sync> <CReg>
ST_3 : Operation 23 [1/1] (0.00ns)   --->   "%sext_ln4_4 = sext i9 %add_ln4 to i16" [source/lab3_1.c:4]   --->   Operation 23 'sext' 'sext_ln4_4' <Predicate = true> <Delay = 0.00>
ST_3 : Operation 24 [1/1] (3.82ns) (root node of the DSP)   --->   "%y = add i16 %sext_ln4_4, %mul_ln4" [source/lab3_1.c:4]   --->   Operation 24 'add' 'y' <Predicate = true> <Delay = 3.82> <Core = "DSP48">   --->   Core 88 'DSP48' <Latency = 2> <II = 1> <Delay = 3.88> <IPBlock> <Opcode : 'mul' 'add' 'sub' 'select'> <InPorts = 0> <OutPorts = 1> <Sync> <CReg>
ST_3 : Operation 25 [1/1] (0.00ns)   --->   "%sext_ln4_5 = sext i16 %y to i32" [source/lab3_1.c:4]   --->   Operation 25 'sext' 'sext_ln4_5' <Predicate = true> <Delay = 0.00>
ST_3 : Operation 26 [1/1] (0.00ns)   --->   "ret i32 %sext_ln4_5" [source/lab3_1.c:5]   --->   Operation 26 'ret' <Predicate = true> <Delay = 0.00>


============================================================
+ Verbose Summary: Timing violations
============================================================
Target clock period: 6ns, clock uncertainty: 0.1ns.

 <State 1>: 1.45ns
The critical path consists of the following:
	wire read on port 'b' (source/lab3_1.c:1) [13]  (0 ns)
	'mul' operation of DSP[23] ('mul_ln4', source/lab3_1.c:4) [18]  (1.45 ns)

 <State 2>: 2.12ns
The critical path consists of the following:
	wire read on port 'd' (source/lab3_1.c:1) [11]  (0 ns)
	'add' operation ('add_ln4', source/lab3_1.c:4) [21]  (2.12 ns)

 <State 3>: 3.82ns
The critical path consists of the following:
	'mul' operation of DSP[23] ('mul_ln4', source/lab3_1.c:4) [18]  (0 ns)
	'add' operation of DSP[23] ('y', source/lab3_1.c:4) [23]  (3.82 ns)


============================================================
+ Verbose Summary: Binding
============================================================
N/A
* FSMD analyzer results:
  - Output states:
 - Input state : 
  - Chain level:
	State 1
	State 2
	State 3


============================================================
+ Verbose Summary: Datapath Resource usage 
============================================================
N/A
