INFO: [XSIM 43-3496] Using init file passed via -initfile option "D:/Program_Files/Xilinx/Vivado/2019.1/data/xsim/ip/xsim_ip.ini".
Vivado Simulator 2019.1
Copyright 1986-1999, 2001-2019 Xilinx, Inc. All Rights Reserved.
Running: D:/Program_Files/Xilinx/Vivado/2019.1/bin/unwrapped/win64.o/xelab.exe xil_defaultlib.apatb_lab1_1_top glbl -prj lab1_1.prj -L smartconnect_v1_0 -L axi_protocol_checker_v1_1_12 -L axi_protocol_checker_v1_1_13 -L axis_protocol_checker_v1_1_11 -L axis_protocol_checker_v1_1_12 -L xil_defaultlib -L unisims_ver -L xpm --initfile D:/Program_Files/Xilinx/Vivado/2019.1/data/xsim/ip/xsim_ip.ini --lib ieee_proposed=./ieee_proposed -s lab1_1 -debug wave 
Multi-threading is on. Using 2 slave threads.
INFO: [VRFC 10-2263] Analyzing SystemVerilog file "D:/Program_Files/projects/hls/lab3_z1/lab2_1/solution3/sim/verilog/glbl.v" into library work
INFO: [VRFC 10-311] analyzing module glbl
INFO: [VRFC 10-2263] Analyzing SystemVerilog file "D:/Program_Files/projects/hls/lab3_z1/lab2_1/solution3/sim/verilog/lab1_1.autotb.v" into library xil_defaultlib
INFO: [VRFC 10-311] analyzing module apatb_lab1_1_top
INFO: [VRFC 10-2263] Analyzing SystemVerilog file "D:/Program_Files/projects/hls/lab3_z1/lab2_1/solution3/sim/verilog/lab1_1.v" into library xil_defaultlib
INFO: [VRFC 10-311] analyzing module lab1_1
INFO: [VRFC 10-2263] Analyzing SystemVerilog file "D:/Program_Files/projects/hls/lab3_z1/lab2_1/solution3/sim/verilog/lab1_1_mac_muladdbkb.v" into library xil_defaultlib
INFO: [VRFC 10-311] analyzing module lab1_1_mac_muladdbkb_DSP48_0
INFO: [VRFC 10-311] analyzing module lab1_1_mac_muladdbkb
Starting static elaboration
Completed static elaboration
Starting simulation data flow analysis
Completed simulation data flow analysis
Time Resolution for simulation is 1ps
Compiling module xil_defaultlib.lab1_1_mac_muladdbkb_DSP48_0
Compiling module xil_defaultlib.lab1_1_mac_muladdbkb(ID=1,NUM_ST...
Compiling module xil_defaultlib.lab1_1
Compiling module xil_defaultlib.apatb_lab1_1_top
Compiling module work.glbl
Built simulation snapshot lab1_1
