psaer@ubuntu:~/Desktop/syscalls/fork$ strace ./clone.o 
execve("./clone.o", ["./clone.o"], [/* 67 vars */]) = 0
brk(NULL)                               = 0xb75000
access("/etc/ld.so.nohwcap", F_OK)      = -1 ENOENT (No such file or directory)
access("/etc/ld.so.preload", R_OK)      = -1 ENOENT (No such file or directory)
open("/etc/ld.so.cache", O_RDONLY|O_CLOEXEC) = 3
fstat(3, {st_mode=S_IFREG|0644, st_size=90273, ...}) = 0
mmap(NULL, 90273, PROT_READ, MAP_PRIVATE, 3, 0) = 0x7f3e999ab000
close(3)                                = 0
access("/etc/ld.so.nohwcap", F_OK)      = -1 ENOENT (No such file or directory)
open("/lib/x86_64-linux-gnu/libc.so.6", O_RDONLY|O_CLOEXEC) = 3
read(3, "\177ELF\2\1\1\3\0\0\0\0\0\0\0\0\3\0>\0\1\0\0\0P\t\2\0\0\0\0\0"..., 832) = 832
fstat(3, {st_mode=S_IFREG|0755, st_size=1868984, ...}) = 0
mmap(NULL, 4096, PROT_READ|PROT_WRITE, MAP_PRIVATE|MAP_ANONYMOUS, -1, 0) = 0x7f3e999aa000
mmap(NULL, 3971488, PROT_READ|PROT_EXEC, MAP_PRIVATE|MAP_DENYWRITE, 3, 0) = 0x7f3e993d3000
mprotect(0x7f3e99593000, 2097152, PROT_NONE) = 0
mmap(0x7f3e99793000, 24576, PROT_READ|PROT_WRITE, MAP_PRIVATE|MAP_FIXED|MAP_DENYWRITE, 3, 0x1c0000) = 0x7f3e99793000
mmap(0x7f3e99799000, 14752, PROT_READ|PROT_WRITE, MAP_PRIVATE|MAP_FIXED|MAP_ANONYMOUS, -1, 0) = 0x7f3e99799000
close(3)                                = 0
mmap(NULL, 4096, PROT_READ|PROT_WRITE, MAP_PRIVATE|MAP_ANONYMOUS, -1, 0) = 0x7f3e999a9000
mmap(NULL, 4096, PROT_READ|PROT_WRITE, MAP_PRIVATE|MAP_ANONYMOUS, -1, 0) = 0x7f3e999a8000
arch_prctl(ARCH_SET_FS, 0x7f3e999a9700) = 0
mprotect(0x7f3e99793000, 16384, PROT_READ) = 0
mprotect(0x600000, 4096, PROT_READ)     = 0
mprotect(0x7f3e999c2000, 4096, PROT_READ) = 0
munmap(0x7f3e999ab000, 90273)           = 0
brk(NULL)                               = 0xb75000
brk(0xb98000)                           = 0xb98000
clone(child_stack=0xb77000, flags=CLONE_VM) = 58490
getpid(child pid : 58490, a = 0
)                                = 58489
child pid : 58490, a = 1
child pid : 58490, a = 2
child pid : 58490, a = 3
child pid : 58490, a = 4
child pid : 58490, a = 5
child pid : 58490, a = 6
child pid : 58490, a = 7
child pid : 58490, a = 8
child pid : 58490, a = 9
write(1, "p", 1p)                        = 1
write(1, "arent pid : 58489, a = 0\n", 25arent pid : 58489, a = 0
) = 25
getpid()                                = 58489
write(1, "p", 1p)                        = 1
write(1, "arent pid : 58489, a = 1\n", 25arent pid : 58489, a = 1
) = 25
getpid()                                = 58489
write(1, "p", 1p)                        = 1
write(1, "arent pid : 58489, a = 2\n", 25arent pid : 58489, a = 2
) = 25
getpid()                                = 58489
write(1, "p", 1p)                        = 1
write(1, "arent pid : 58489, a = 3\n", 25arent pid : 58489, a = 3
) = 25
getpid()                                = 58489
write(1, "p", 1p)                        = 1
write(1, "arent pid : 58489, a = 4\n", 25arent pid : 58489, a = 4
) = 25
getpid()                                = 58489
write(1, "p", 1p)                        = 1
write(1, "arent pid : 58489, a = 5\n", 25arent pid : 58489, a = 5
) = 25
getpid()                                = 58489
write(1, "p", 1p)                        = 1
write(1, "arent pid : 58489, a = 6\n", 25arent pid : 58489, a = 6
) = 25
getpid()                                = 58489
write(1, "p", 1p)                        = 1
write(1, "arent pid : 58489, a = 7\n", 25arent pid : 58489, a = 7
) = 25
getpid()                                = 58489
write(1, "p", 1p)                        = 1
write(1, "arent pid : 58489, a = 8\n", 25arent pid : 58489, a = 8
) = 25
getpid()                                = 58489
write(1, "p", 1p)                        = 1
write(1, "arent pid : 58489, a = 9\n", 25arent pid : 58489, a = 9
) = 25
exit_group(1)                           = ?
+++ exited with 1 +++
