INFO: [SIM 2] *************** CSIM start ***************
INFO: [SIM 4] CSIM will launch GCC as the compiler.
   Compiling(apcc) ../../../lab11_z2_test.c in debug mode
INFO: [HLS 200-10] Running 'C:/Xilinx/Vivado/2018.3/bin/unwrapped/win64.o/apcc.exe'
INFO: [HLS 200-10] For user 'boris' on host 'desktop-v3m71m2' (Windows NT_amd64 version 6.2) on Sun May 05 15:03:33 +0300 2019
INFO: [HLS 200-10] In directory 'C:/Users/boris/OneDrive/WorkingDirectory/2018-2019/VivadoHLSLabs/spring/lab11_z2/source/lab11_z2/solution2/csim/build'
INFO: [APCC 202-3] Tmp directory is apcc_db
INFO: [APCC 202-1] APCC is done.
   Compiling(apcc) ../../../foo.c in debug mode
INFO: [HLS 200-10] Running 'C:/Xilinx/Vivado/2018.3/bin/unwrapped/win64.o/apcc.exe'
INFO: [HLS 200-10] For user 'boris' on host 'desktop-v3m71m2' (Windows NT_amd64 version 6.2) on Sun May 05 15:03:39 +0300 2019
INFO: [HLS 200-10] In directory 'C:/Users/boris/OneDrive/WorkingDirectory/2018-2019/VivadoHLSLabs/spring/lab11_z2/source/lab11_z2/solution2/csim/build'
INFO: [APCC 202-3] Tmp directory is apcc_db
INFO: [APCC 202-1] APCC is done.
   Generating csim.exe
Expected [0] actual [0]
Expected [1] actual [1]
Expected [4] actual [4]
Expected [9] actual [9]
Expected [16] actual [16]
Expected [25] actual [25]
Expected [36] actual [36]
Expected [49] actual [49]
Expected [64] actual [64]
Expected [81] actual [81]
Expected [100] actual [100]
Expected [121] actual [121]
Expected [144] actual [144]
Expected [169] actual [169]
Expected [196] actual [196]
Expected [225] actual [225]
----------Test passed----------
INFO: [SIM 1] CSim done with 0 errors.
INFO: [SIM 3] *************** CSIM finish ***************
