

================================================================
== Vivado HLS Report for 'foo'
================================================================
* Date:           Tue Nov  5 17:43:25 2019

* Version:        2019.1 (Build 2552052 on Fri May 24 15:28:33 MDT 2019)
* Project:        lab7_3
* Solution:       solution3
* Product family: artix7
* Target device:  xa7a12t-csg325-1Q


================================================================
== Performance Estimates
================================================================
+ Timing (ns): 
    * Summary: 
    +--------+-------+----------+------------+
    |  Clock | Target| Estimated| Uncertainty|
    +--------+-------+----------+------------+
    |ap_clk  |  10.00|     6.169|        0.10|
    +--------+-------+----------+------------+

+ Latency (clock cycles): 
    * Summary: 
    +-----+-----+-----+-----+---------+
    |  Latency  |  Interval | Pipeline|
    | min | max | min | max |   Type  |
    +-----+-----+-----+-----+---------+
    |    9|   10|    9|   10|   none  |
    +-----+-----+-----+-----+---------+

    + Detail: 
        * Instance: 
        N/A

        * Loop: 
        +----------+-----+-----+----------+-----------+-----------+------+----------+
        |          |  Latency  | Iteration|  Initiation Interval  | Trip |          |
        | Loop Name| min | max |  Latency |  achieved |   target  | Count| Pipelined|
        +----------+-----+-----+----------+-----------+-----------+------+----------+
        |- L1      |    9|    9|         1|          1|          1|    10|    yes   |
        +----------+-----+-----+----------+-----------+-----------+------+----------+



================================================================
== Utilization Estimates
================================================================
* Summary: 
+-----------------+---------+-------+-------+------+-----+
|       Name      | BRAM_18K| DSP48E|   FF  |  LUT | URAM|
+-----------------+---------+-------+-------+------+-----+
|DSP              |        -|      -|      -|     -|    -|
|Expression       |        -|      -|      0|    86|    -|
|FIFO             |        -|      -|      -|     -|    -|
|Instance         |        -|      -|      -|     -|    -|
|Memory           |        -|      -|      -|     -|    -|
|Multiplexer      |        -|      -|      -|    54|    -|
|Register         |        -|      -|    103|     -|    -|
+-----------------+---------+-------+-------+------+-----+
|Total            |        0|      0|    103|   140|    0|
+-----------------+---------+-------+-------+------+-----+
|Available        |       40|     40|  16000|  8000|    0|
+-----------------+---------+-------+-------+------+-----+
|Utilization (%)  |        0|      0|   ~0  |     1|    0|
+-----------------+---------+-------+-------+------+-----+

+ Detail: 
    * Instance: 
    N/A

    * DSP48E: 
    N/A

    * Memory: 
    N/A

    * FIFO: 
    N/A

    * Expression: 
    +---------------------+----------+-------+---+----+------------+------------+
    |    Variable Name    | Operation| DSP48E| FF| LUT| Bitwidth P0| Bitwidth P1|
    +---------------------+----------+-------+---+----+------------+------------+
    |add_ln5_1_fu_164_p2  |     +    |      0|  0|  32|          32|          32|
    |add_ln5_fu_158_p2    |     +    |      0|  0|  32|          32|          32|
    |i_fu_177_p2          |     +    |      0|  0|  13|           4|           1|
    |icmp_ln4_fu_183_p2   |   icmp   |      0|  0|   9|           4|           4|
    +---------------------+----------+-------+---+----+------------+------------+
    |Total                |          |      0|  0|  86|          72|          69|
    +---------------------+----------+-------+---+----+------------+------------+

    * Multiplexer: 
    +-----------------------------------+----+-----------+-----+-----------+
    |                Name               | LUT| Input Size| Bits| Total Bits|
    +-----------------------------------+----+-----------+-----+-----------+
    |ap_NS_fsm                          |  15|          3|    1|          3|
    |ap_phi_mux_in12_phi_phi_fu_132_p4  |  15|          3|   32|         96|
    |ap_phi_mux_in23_phi_phi_fu_145_p4  |  15|          3|   32|         96|
    |i_01_reg_114                       |   9|          2|    4|          8|
    +-----------------------------------+----+-----------+-----+-----------+
    |Total                              |  54|         11|   69|        203|
    +-----------------------------------+----+-----------+-----+-----------+

    * Register: 
    +---------------------+----+----+-----+-----------+
    |         Name        | FF | LUT| Bits| Const Bits|
    +---------------------+----+----+-----+-----------+
    |accum                |  32|   0|   32|          0|
    |ap_CS_fsm            |   2|   0|    2|          0|
    |do_init_reg_71       |   1|   0|    1|          0|
    |i_01_reg_114         |   4|   0|    4|          0|
    |in12_rewind_reg_86   |  32|   0|   32|          0|
    |in23_rewind_reg_100  |  32|   0|   32|          0|
    +---------------------+----+----+-----+-----------+
    |Total                | 103|   0|  103|          0|
    +---------------------+----+----+-----+-----------+



================================================================
== Interface
================================================================
* Summary: 
+-----------------+-----+-----+------------+--------------+--------------+
|    RTL Ports    | Dir | Bits|  Protocol  | Source Object|    C Type    |
+-----------------+-----+-----+------------+--------------+--------------+
|ap_clk           |  in |    1| ap_ctrl_hs |      foo     | return value |
|ap_rst           |  in |    1| ap_ctrl_hs |      foo     | return value |
|ap_start         |  in |    1| ap_ctrl_hs |      foo     | return value |
|ap_done          | out |    1| ap_ctrl_hs |      foo     | return value |
|ap_idle          | out |    1| ap_ctrl_hs |      foo     | return value |
|ap_ready         | out |    1| ap_ctrl_hs |      foo     | return value |
|in1              |  in |   32|   ap_none  |      in1     |    scalar    |
|in2              |  in |   32|   ap_none  |      in2     |    scalar    |
|out_data         | out |   32|   ap_vld   |   out_data   |    pointer   |
|out_data_ap_vld  | out |    1|   ap_vld   |   out_data   |    pointer   |
+-----------------+-----+-----+------------+--------------+--------------+

