psaer@ubuntu:~/Desktop/syscalls/fork$ strace ./fork2.o 
execve("./fork2.o", ["./fork2.o"], [/* 60 vars */]) = 0
brk(NULL)                               = 0x12f8000
access("/etc/ld.so.nohwcap", F_OK)      = -1 ENOENT (No such file or directory)
access("/etc/ld.so.preload", R_OK)      = -1 ENOENT (No such file or directory)
open("/etc/ld.so.cache", O_RDONLY|O_CLOEXEC) = 3
fstat(3, {st_mode=S_IFREG|0644, st_size=90273, ...}) = 0
mmap(NULL, 90273, PROT_READ, MAP_PRIVATE, 3, 0) = 0x7ff82eee1000
close(3)                                = 0
access("/etc/ld.so.nohwcap", F_OK)      = -1 ENOENT (No such file or directory)
open("/lib/x86_64-linux-gnu/libc.so.6", O_RDONLY|O_CLOEXEC) = 3
read(3, "\177ELF\2\1\1\3\0\0\0\0\0\0\0\0\3\0>\0\1\0\0\0P\t\2\0\0\0\0\0"..., 832) = 832
fstat(3, {st_mode=S_IFREG|0755, st_size=1868984, ...}) = 0
mmap(NULL, 4096, PROT_READ|PROT_WRITE, MAP_PRIVATE|MAP_ANONYMOUS, -1, 0) = 0x7ff82eee0000
mmap(NULL, 3971488, PROT_READ|PROT_EXEC, MAP_PRIVATE|MAP_DENYWRITE, 3, 0) = 0x7ff82e909000
mprotect(0x7ff82eac9000, 2097152, PROT_NONE) = 0
mmap(0x7ff82ecc9000, 24576, PROT_READ|PROT_WRITE, MAP_PRIVATE|MAP_FIXED|MAP_DENYWRITE, 3, 0x1c0000) = 0x7ff82ecc9000
mmap(0x7ff82eccf000, 14752, PROT_READ|PROT_WRITE, MAP_PRIVATE|MAP_FIXED|MAP_ANONYMOUS, -1, 0) = 0x7ff82eccf000
close(3)                                = 0
mmap(NULL, 4096, PROT_READ|PROT_WRITE, MAP_PRIVATE|MAP_ANONYMOUS, -1, 0) = 0x7ff82eedf000
mmap(NULL, 4096, PROT_READ|PROT_WRITE, MAP_PRIVATE|MAP_ANONYMOUS, -1, 0) = 0x7ff82eede000
arch_prctl(ARCH_SET_FS, 0x7ff82eedf700) = 0
mprotect(0x7ff82ecc9000, 16384, PROT_READ) = 0
mprotect(0x600000, 4096, PROT_READ)     = 0
mprotect(0x7ff82eef8000, 4096, PROT_READ) = 0
munmap(0x7ff82eee1000, 90273)           = 0
fstat(1, {st_mode=S_IFCHR|0620, st_rdev=makedev(136, 6), ...}) = 0
brk(NULL)                               = 0x12f8000
brk(0x1319000)                          = 0x1319000
write(1, "Invoking 'fork()' system call\n", 30Invoking 'fork()' system call
) = 30
fork()                                  = 7724
I'm child process, my pid is 0
write(1, "I'm parent process, my pid is 77"..., 35I'm parent process, my pid is 7724
) = 35
--- SIGCHLD {si_signo=SIGCHLD, si_code=CLD_EXITED, si_pid=7724, si_uid=1000, si_status=0, si_utime=0, si_stime=0} ---
exit_group(0)                           = ?
+++ exited with 0 +++
