psaer@ubuntu:~/Desktop/exit$ strace ./sys_exit.o 
execve("./sys_exit.o", ["./sys_exit.o"], [/* 60 vars */]) = 0
brk(NULL)                               = 0x92e000
access("/etc/ld.so.nohwcap", F_OK)      = -1 ENOENT (No such file or directory)
access("/etc/ld.so.preload", R_OK)      = -1 ENOENT (No such file or directory)
open("/etc/ld.so.cache", O_RDONLY|O_CLOEXEC) = 3
fstat(3, {st_mode=S_IFREG|0644, st_size=90273, ...}) = 0
mmap(NULL, 90273, PROT_READ, MAP_PRIVATE, 3, 0) = 0x7f4ba908f000
close(3)                                = 0
access("/etc/ld.so.nohwcap", F_OK)      = -1 ENOENT (No such file or directory)
open("/lib/x86_64-linux-gnu/libc.so.6", O_RDONLY|O_CLOEXEC) = 3
read(3, "\177ELF\2\1\1\3\0\0\0\0\0\0\0\0\3\0>\0\1\0\0\0P\t\2\0\0\0\0\0"..., 832) = 832
fstat(3, {st_mode=S_IFREG|0755, st_size=1868984, ...}) = 0
mmap(NULL, 4096, PROT_READ|PROT_WRITE, MAP_PRIVATE|MAP_ANONYMOUS, -1, 0) = 0x7f4ba908e000
mmap(NULL, 3971488, PROT_READ|PROT_EXEC, MAP_PRIVATE|MAP_DENYWRITE, 3, 0) = 0x7f4ba8ab7000
mprotect(0x7f4ba8c77000, 2097152, PROT_NONE) = 0
mmap(0x7f4ba8e77000, 24576, PROT_READ|PROT_WRITE, MAP_PRIVATE|MAP_FIXED|MAP_DENYWRITE, 3, 0x1c0000) = 0x7f4ba8e77000
mmap(0x7f4ba8e7d000, 14752, PROT_READ|PROT_WRITE, MAP_PRIVATE|MAP_FIXED|MAP_ANONYMOUS, -1, 0) = 0x7f4ba8e7d000
close(3)                                = 0
mmap(NULL, 4096, PROT_READ|PROT_WRITE, MAP_PRIVATE|MAP_ANONYMOUS, -1, 0) = 0x7f4ba908d000
mmap(NULL, 4096, PROT_READ|PROT_WRITE, MAP_PRIVATE|MAP_ANONYMOUS, -1, 0) = 0x7f4ba908c000
arch_prctl(ARCH_SET_FS, 0x7f4ba908d700) = 0
mprotect(0x7f4ba8e77000, 16384, PROT_READ) = 0
mprotect(0x600000, 4096, PROT_READ)     = 0
mprotect(0x7f4ba90a6000, 4096, PROT_READ) = 0
munmap(0x7f4ba908f000, 90273)           = 0
fstat(1, {st_mode=S_IFCHR|0620, st_rdev=makedev(136, 4), ...}) = 0
brk(NULL)                               = 0x92e000
brk(0x94f000)                           = 0x94f000
write(1, "Invoking 'exit()' system call\n", 30Invoking 'exit()' system call
) = 30
exit(9625616)                           = ?
+++ exited with 16 +++
