root@kali:~# cat /usr/share/nmap/nmap-service-probes 
tcpwrappedms 3000

match 1c-server m|^S\xf5\xc6\x1a{| p/1C:Enterprise business management server/

match 4d-server m|^\0\0\0H\0\0\0\x02.[^\0]*\0\0\0\0\0\0\0\0\0\0\0\0\0\0\0\0\0\0\0\0\0\0\0\0\0\0\0\0\0\0\0\0\0\0\0\0\0\0\0\0\0$|s p/4th Dimension database server/ cpe:/a:4d_sas:4d/

match aastra-pbx m|^BUSY$| p|Aastra/Mitel 400-series PBX service port|
match acap m|^\* ACAP \(IMPLEMENTATION \"CommuniGate Pro ACAP (\d[-.\w]+)\"\) | p/CommuniGate Pro ACAP server/ v/$1/ i/for mail client preference sharing/ cpe:/a:stalker:communigate_pro:$1/
match acarsd m|^g\0\0\0\x1b\0\0\0\0\0\0\0acarsd\t([\w._-]+)\tAPI-([\w._-]+)\)\0\0\0\x06\x05\0\0\0\0\0\0<\?xml | p/acarsd/ v/$1/ i/API $2/ cpe:/a:acarsd:acarsd:$1/
match acmp m|^ACMP Server Version ([\w._-]+)\r\n| p/Aagon ACMP Inventory/ v/$1/

match apachemq m|^\0\0..\x01ActiveMQ\0\0\0.\x01\0\0.*\x0cProviderName\t\0\x08ActiveMQ.*\x0fPlatformDetails\t..JVM: (\d[^,]*), [^,]*, Oracle Corporation, OS: Linux, (\d\.[\d.]+)[^,]*, ([\w_-]+).*\x0fProviderVersion\t..(\d[\w._-]*)|s p/ActiveMQ OpenWire transport/ v/$4/ i/Java $1; arch: $3/ o/Linux $2/ cpe:/a:apache:activemq:$4/ cpe:/o:linux:linux_kernel:$2/a
softmatch apachemq m|^\0\0..\x01ActiveMQ\0| p/ActiveMQ OpenWire transport/


# Microsoft ActiveSync Version 3.7 Build 3083 (It's used for syncing
# my ipaq it disappears when you remove the ipaq.)
match activesync m|^.\0\x01\0[^\0]\0[^\0]\0[^\0]\0[^\0]\0[^\0]\0.*\0\0\0$|s p/Microsoft ActiveSync/ o/Windows/ cpe:/a:microsoft:activesync/ cpe:/o:microsoft:windows/a
match activesync m|^\(\0\0\0\x02\0\0\0\x03\0\0\0\+\0\0\x003\0\0\0\0\0\0\0\x04\0\0`\x01\0\0\xff\0\0\0\0\0\0\0\0\0\0\0$|s p/Citrix ActiveSync/ o/Windows/ cpe:/o:microsoft:windows/a

match adabas-d m|^Adabas D Remote Control Server Version ([\d.]+) Date [\d-]+ \(key is [0-9a-f]+\)\r\nOK> | p/Adabas D database remote control/ v/$1/

match adobe-crossdomain m|^<cross-domain-policy><allow-access-from domain='([^']*)' to-ports='([^']*)' /></cross-domain-policy>\0$| p/Adobe cross-domain policy/ i/domain: $1; ports: $2/
# Missing trailing \0? Was like that in the submission.
match adobe-crossdomain m|^<cross-domain-policy><allow-access-from domain=\"([^\"]*)\" to-ports=\"([^\"]*)\"/></cross-domain-policy>$| p/Adobe cross-domain policy/ i/domain: $1; ports: $2/
match adobe-crossdomain m|^<\?xml version=\"1\.0\"\?>\r\n<cross-domain-policy>\r\n    <site-control permitted-cross-domain-policies=\"master-only\"/>\r\n    <allow-access-from domain=\"\*\" to-ports=\"59160\"/>\r\n</cross-domain-policy>\0| p/Konica Minolta printer cross-domain-policy/
# playbrassmonkey.com
match adobe-crossdomain m|^<\?xml version=\"1\.0\"\?><cross-domain-policy><allow-access-from domain=\"\*\" to-ports=\"1008-49151\" /></cross-domain-policy>\0$| p/Brass Monkey cross-domain-policy/
match adobe-crossdomain m|^<\?xml version="1\.0"\?>\r\n<!DOCTYPE cross-domain-policy SYSTEM "http://www\.adobe\.com/xml/dtds/cross-domain-policy\.dtd">\r\n<cross-domain-policy>\r\n <site-control permitted-cross-domain-policies="master-only"/>\r\n <allow-access-from domain="www\.facebook\.com" to-ports="443" />\r\n</cross-domain-policy>\r\n| p/Facebook cross-domain policy/
softmatch adobe-crossdomain m|^<\?xml version=\"1\.0\"\?>.*<cross-domain-policy>|s

match afsmain m|^\+Welcome to Ability FTP Server \(Admin\)\. \[20500\]\r\n| p/Code-Crafters Ability FTP Server afsmain admin/ o/Windows/ cpe:/a:code-crafters:ability_ftp_server/ cpe:/o:microsoft:windows/a

match airserv-ng m|^\x05\0\0\x01.\0\0\0\0....\xff\xff\xff.\0\0\0\0\0\0\0.\0\0\0\0\0\x0fB@\0\0\0.\x80\0\0\0\xff\xff\xff\xff\xff\xff|s p/airserv-ng/ cpe:/a:aircrack-ng:airserv-ng/

match altiris-agent m|^<\0r\0e\0s\0p\0o\0n\0s\0e\0>\0C\0o\0n\0n\0e\0c\0t\0e\0d\0 \0t\0o\0 [\0\d.]*<\0/\0r\0e\0s\0p\0o\0n\0s\0e\0>\0$| p/Altiris remote monitoring agent/


< ... >