INFO: [SIM 2] *************** CSIM start ***************
INFO: [SIM 4] CSIM will launch GCC as the compiler.
   Compiling(apcc) ../../../../../../../../Desktop/SPBGPU_Mag/Antonov/lab_1/lab1_2.c in debug mode
INFO: [HLS 200-10] Running 'C:/Xilinx/Vivado/2019.1/bin/unwrapped/win64.o/apcc.exe'
INFO: [HLS 200-10] For user 'Yaroslav' on host 'svytoslavpc' (Windows NT_amd64 version 6.1) on Tue Oct 08 14:15:24 +0300 2019
INFO: [HLS 200-10] In directory 'C:/Users/Yaroslav/AppData/Roaming/Xilinx/Vivado/lab1_2/solution1/csim/build'
INFO: [APCC 202-3] Tmp directory is apcc_db
INFO: [APCC 202-1] APCC is done.
   Generating csim.exe
  5*1+10+15=30 
  5*3+10+15=40 
  5*9+10+15=70 
  25*1+30+35=90 
  25*3+30+35=140 
  25*9+30+35=290 
  45*1+50+55=150 
  45*3+50+55=240 
  45*9+50+55=510 
----------Pass!------------
INFO: [SIM 1] CSim done with 0 errors.
INFO: [SIM 3] *************** CSIM finish ***************
