root@kali:~# nmap -sV 192.168.56.101
< ... >
80/tcp   open  http        Apache httpd 2.2.8 ((Ubuntu) DAV/2)
< ... >



msf > info exploit/multi/http/phpmyadmin_3522_backdoor

       Name: phpMyAdmin 3.5.2.2 server_sync.php Backdoor
     Module: exploit/multi/http/phpmyadmin_3522_backdoor
   Platform: PHP
 Privileged: No
    License: Metasploit Framework License (BSD)
       Rank: Normal
  Disclosed: 2012-09-25
  
< ... >

Basic options:
  Name     Current Setting  Required  Description
  ----     ---------------  --------  -----------
  PATH     /phpMyAdmin      yes       The base directory containing phpMyAdmin try
  Proxies                   no        A proxy chain of format type:host:port[,type:host:port][...]
  RHOST                     yes       The target address
  RPORT    80               yes       The target port (TCP)
  SSL      false            no        Negotiate SSL/TLS for outgoing connections
  VHOST                     no        HTTP server virtual host

< ... >
