==============================================================
Vivado(TM) HLS - High-Level Synthesis from C, C++ and SystemC v2019.1 (64-bit)
Copyright 1986-2019 Xilinx, Inc. All Rights Reserved.
==============================================================
INFO: [SYN 201-201] Setting up clock 'default' with a period of 10ns.
INFO: [SYN 201-201] Setting up clock 'default' with an uncertainty of 0.1ns.
WARNING: [HLS 200-40] Cannot find library 'D:/Program_Files/Xilinx/Vivado/2019.1/common/technology/xilinx/aartix7/aartix7.lib'.
WARNING: [HLS 200-40] Cannot find library 'xilinx/aartix7/aartix7'.
INFO: [HLS 200-10] Setting target device to 'xa7a12t-csg325-1Q'
INFO: [SCHED 204-61] Option 'relax_ii_for_timing' is enabled, will increase II to preserve clock frequency constraints.
INFO: [HLS 200-10] Analyzing design file 'source/lab7_z3.c' ... 
INFO: [HLS 200-111] Finished Linking Time (s): cpu = 00:00:01 ; elapsed = 00:00:07 . Memory (MB): peak = 155.848 ; gain = 61.281
INFO: [HLS 200-111] Finished Checking Pragmas Time (s): cpu = 00:00:01 ; elapsed = 00:00:07 . Memory (MB): peak = 155.848 ; gain = 61.281
INFO: [HLS 200-10] Starting code transformations ...
INFO: [HLS 200-111] Finished Standard Transforms Time (s): cpu = 00:00:01 ; elapsed = 00:00:08 . Memory (MB): peak = 155.848 ; gain = 61.281
INFO: [HLS 200-10] Checking synthesizability ...
INFO: [HLS 200-111] Finished Checking Synthesizability Time (s): cpu = 00:00:01 ; elapsed = 00:00:08 . Memory (MB): peak = 155.848 ; gain = 61.281
INFO: [HLS 200-111] Finished Pre-synthesis Time (s): cpu = 00:00:01 ; elapsed = 00:00:08 . Memory (MB): peak = 155.848 ; gain = 61.281
INFO: [HLS 200-111] Finished Architecture Synthesis Time (s): cpu = 00:00:01 ; elapsed = 00:00:08 . Memory (MB): peak = 155.848 ; gain = 61.281
INFO: [HLS 200-10] Starting hardware synthesis ...
INFO: [HLS 200-10] Synthesizing 'foo' ...
INFO: [HLS 200-10] ----------------------------------------------------------------
INFO: [HLS 200-42] -- Implementing module 'foo' 
INFO: [HLS 200-10] ----------------------------------------------------------------
INFO: [SCHED 204-11] Starting scheduling ...
INFO: [SCHED 204-61] Pipelining loop 'L1'.
INFO: [SCHED 204-61] Pipelining result : Target II = 1, Final II = 1, Depth = 1.
INFO: [SCHED 204-11] Finished scheduling.
INFO: [HLS 200-111]  Elapsed time: 8.306 seconds; current allocated memory: 91.410 MB.
INFO: [BIND 205-100] Starting micro-architecture generation ...
INFO: [BIND 205-101] Performing variable lifetime analysis.
INFO: [BIND 205-101] Exploring resource sharing.
INFO: [BIND 205-101] Binding ...
INFO: [BIND 205-100] Finished micro-architecture generation.
INFO: [HLS 200-111]  Elapsed time: 0.035 seconds; current allocated memory: 91.514 MB.
INFO: [HLS 200-10] ----------------------------------------------------------------
INFO: [HLS 200-10] -- Generating RTL for module 'foo' 
INFO: [HLS 200-10] ----------------------------------------------------------------
INFO: [RTGEN 206-500] Setting interface mode on port 'foo/in1' to 'ap_none'.
INFO: [RTGEN 206-500] Setting interface mode on port 'foo/in2' to 'ap_none'.
INFO: [RTGEN 206-500] Setting interface mode on port 'foo/out_data' to 'ap_vld'.
INFO: [RTGEN 206-500] Setting interface mode on function 'foo' to 'ap_ctrl_hs'.
WARNING: [RTGEN 206-101] Register 'accum' is power-on initialization.
INFO: [RTGEN 206-100] Finished creating RTL model for 'foo'.
INFO: [HLS 200-111]  Elapsed time: 0.055 seconds; current allocated memory: 91.691 MB.
INFO: [HLS 200-111] Finished generating all RTL models Time (s): cpu = 00:00:02 ; elapsed = 00:00:09 . Memory (MB): peak = 155.848 ; gain = 61.281
INFO: [VHDL 208-304] Generating VHDL RTL for foo.
INFO: [VLOG 209-307] Generating Verilog RTL for foo.
INFO: [HLS 200-112] Total elapsed time: 9.126 seconds; peak allocated memory: 91.691 MB.
==============================================================
Vivado(TM) HLS - High-Level Synthesis from C, C++ and SystemC v2019.1 (64-bit)
Copyright 1986-2019 Xilinx, Inc. All Rights Reserved.
==============================================================
INFO: [SYN 201-201] Setting up clock 'default' with a period of 10ns.
INFO: [SYN 201-201] Setting up clock 'default' with an uncertainty of 0.1ns.
WARNING: [HLS 200-40] Cannot find library 'D:/Program_Files/Xilinx/Vivado/2019.1/common/technology/xilinx/aartix7/aartix7.lib'.
WARNING: [HLS 200-40] Cannot find library 'xilinx/aartix7/aartix7'.
INFO: [HLS 200-10] Setting target device to 'xa7a12t-csg325-1Q'
INFO: [SCHED 204-61] Option 'relax_ii_for_timing' is enabled, will increase II to preserve clock frequency constraints.
INFO: [HLS 200-10] Analyzing design file 'source/lab7_z3.c' ... 
INFO: [HLS 200-111] Finished Linking Time (s): cpu = 00:00:01 ; elapsed = 00:00:08 . Memory (MB): peak = 175.430 ; gain = 81.820
INFO: [HLS 200-111] Finished Checking Pragmas Time (s): cpu = 00:00:01 ; elapsed = 00:00:08 . Memory (MB): peak = 175.430 ; gain = 81.820
INFO: [HLS 200-10] Starting code transformations ...
INFO: [HLS 200-111] Finished Standard Transforms Time (s): cpu = 00:00:01 ; elapsed = 00:00:08 . Memory (MB): peak = 175.430 ; gain = 81.820
INFO: [HLS 200-10] Checking synthesizability ...
INFO: [HLS 200-111] Finished Checking Synthesizability Time (s): cpu = 00:00:01 ; elapsed = 00:00:08 . Memory (MB): peak = 175.430 ; gain = 81.820
INFO: [XFORM 203-502] Unrolling all loops for pipelining in function 'foo' (source/lab7_z3.c:1).
INFO: [HLS 200-489] Unrolling loop 'L1' (source/lab7_z3.c:5) in function 'foo' completely with a factor of 10.
INFO: [XFORM 203-11] Balancing expressions in function 'foo' (source/lab7_z3.c:1)...19 expression(s) balanced.
INFO: [HLS 200-111] Finished Pre-synthesis Time (s): cpu = 00:00:01 ; elapsed = 00:00:09 . Memory (MB): peak = 175.430 ; gain = 81.820
INFO: [HLS 200-111] Finished Architecture Synthesis Time (s): cpu = 00:00:01 ; elapsed = 00:00:09 . Memory (MB): peak = 175.430 ; gain = 81.820
INFO: [HLS 200-10] Starting hardware synthesis ...
INFO: [HLS 200-10] Synthesizing 'foo' ...
INFO: [HLS 200-10] ----------------------------------------------------------------
INFO: [HLS 200-42] -- Implementing module 'foo' 
INFO: [HLS 200-10] ----------------------------------------------------------------
INFO: [SCHED 204-11] Starting scheduling ...
INFO: [SCHED 204-61] Pipelining function 'foo'.
INFO: [SCHED 204-61] Pipelining result : Target II = 1, Final II = 1, Depth = 2.
INFO: [SCHED 204-11] Finished scheduling.
INFO: [HLS 200-111]  Elapsed time: 8.635 seconds; current allocated memory: 90.758 MB.
INFO: [BIND 205-100] Starting micro-architecture generation ...
INFO: [BIND 205-101] Performing variable lifetime analysis.
INFO: [BIND 205-101] Exploring resource sharing.
INFO: [BIND 205-101] Binding ...
INFO: [BIND 205-100] Finished micro-architecture generation.
INFO: [HLS 200-111]  Elapsed time: 0.033 seconds; current allocated memory: 90.846 MB.
INFO: [HLS 200-10] ----------------------------------------------------------------
INFO: [HLS 200-10] -- Generating RTL for module 'foo' 
INFO: [HLS 200-10] ----------------------------------------------------------------
INFO: [RTGEN 206-500] Setting interface mode on port 'foo/in1' to 'ap_none'.
INFO: [RTGEN 206-500] Setting interface mode on port 'foo/in2' to 'ap_none'.
INFO: [RTGEN 206-500] Setting interface mode on port 'foo/out_data' to 'ap_vld'.
INFO: [RTGEN 206-500] Setting interface mode on function 'foo' to 'ap_ctrl_hs'.
WARNING: [RTGEN 206-101] Register 'accum' is power-on initialization.
INFO: [RTGEN 206-100] Finished creating RTL model for 'foo'.
INFO: [HLS 200-111]  Elapsed time: 0.049 seconds; current allocated memory: 91.076 MB.
INFO: [HLS 200-111] Finished generating all RTL models Time (s): cpu = 00:00:02 ; elapsed = 00:00:09 . Memory (MB): peak = 175.430 ; gain = 81.820
INFO: [VHDL 208-304] Generating VHDL RTL for foo.
INFO: [VLOG 209-307] Generating Verilog RTL for foo.
INFO: [HLS 200-112] Total elapsed time: 9.414 seconds; peak allocated memory: 91.076 MB.
==============================================================
Vivado(TM) HLS - High-Level Synthesis from C, C++ and SystemC v2019.1 (64-bit)
Copyright 1986-2019 Xilinx, Inc. All Rights Reserved.
==============================================================
INFO: [SYN 201-201] Setting up clock 'default' with a period of 10ns.
INFO: [SYN 201-201] Setting up clock 'default' with an uncertainty of 0.1ns.
WARNING: [HLS 200-40] Cannot find library 'D:/Program_Files/Xilinx/Vivado/2019.1/common/technology/xilinx/aartix7/aartix7.lib'.
WARNING: [HLS 200-40] Cannot find library 'xilinx/aartix7/aartix7'.
INFO: [HLS 200-10] Setting target device to 'xa7a12t-csg325-1Q'
INFO: [COSIM 212-47] Using XSIM for RTL simulation.
INFO: [COSIM 212-14] Instrumenting C test bench ...
INFO: [COSIM 212-302] Starting C TB testing ... 
INFO: [COSIM 212-333] Generating C post check test bench ...
INFO: [COSIM 212-12] Generating RTL test bench ...
INFO: [COSIM 212-1] *** C/RTL co-simulation file generation completed. ***
INFO: [COSIM 212-323] Starting verilog simulation. 
INFO: [COSIM 212-15] Starting XSIM ...
INFO: [COSIM 212-316] Starting C post checking ...
INFO: [COSIM 212-1000] *** C/RTL co-simulation finished: PASS ***
INFO: [COSIM 212-211] II is measurable only when transaction number is greater than 1 in RTL simulation. Otherwise, they will be marked as all NA. If user wants to calculate them, please make sure there are at least 2 transactions in RTL simulation.
==============================================================
Vivado(TM) HLS - High-Level Synthesis from C, C++ and SystemC v2019.1 (64-bit)
Copyright 1986-2019 Xilinx, Inc. All Rights Reserved.
==============================================================
INFO: [SYN 201-201] Setting up clock 'default' with a period of 10ns.
INFO: [SYN 201-201] Setting up clock 'default' with an uncertainty of 0.1ns.
WARNING: [HLS 200-40] Cannot find library 'D:/Program_Files/Xilinx/Vivado/2019.1/common/technology/xilinx/aartix7/aartix7.lib'.
WARNING: [HLS 200-40] Cannot find library 'xilinx/aartix7/aartix7'.
INFO: [HLS 200-10] Setting target device to 'xa7a12t-csg325-1Q'
INFO: [SCHED 204-61] Option 'relax_ii_for_timing' is enabled, will increase II to preserve clock frequency constraints.
INFO: [HLS 200-10] Analyzing design file 'source/lab7_z3.c' ... 
INFO: [HLS 200-111] Finished Linking Time (s): cpu = 00:00:01 ; elapsed = 00:00:08 . Memory (MB): peak = 175.746 ; gain = 82.141
INFO: [HLS 200-111] Finished Checking Pragmas Time (s): cpu = 00:00:01 ; elapsed = 00:00:08 . Memory (MB): peak = 175.746 ; gain = 82.141
INFO: [HLS 200-10] Starting code transformations ...
INFO: [HLS 200-111] Finished Standard Transforms Time (s): cpu = 00:00:01 ; elapsed = 00:00:08 . Memory (MB): peak = 175.746 ; gain = 82.141
INFO: [HLS 200-10] Checking synthesizability ...
INFO: [HLS 200-111] Finished Checking Synthesizability Time (s): cpu = 00:00:01 ; elapsed = 00:00:08 . Memory (MB): peak = 175.746 ; gain = 82.141
INFO: [HLS 200-111] Finished Pre-synthesis Time (s): cpu = 00:00:01 ; elapsed = 00:00:08 . Memory (MB): peak = 175.746 ; gain = 82.141
INFO: [HLS 200-111] Finished Architecture Synthesis Time (s): cpu = 00:00:01 ; elapsed = 00:00:08 . Memory (MB): peak = 175.746 ; gain = 82.141
INFO: [HLS 200-10] Starting hardware synthesis ...
INFO: [HLS 200-10] Synthesizing 'foo' ...
INFO: [HLS 200-10] ----------------------------------------------------------------
INFO: [HLS 200-42] -- Implementing module 'foo' 
INFO: [HLS 200-10] ----------------------------------------------------------------
INFO: [SCHED 204-11] Starting scheduling ...
INFO: [SCHED 204-61] Pipelining loop 'L1'.
INFO: [SCHED 204-61] Pipelining result : Target II = 1, Final II = 1, Depth = 1.
INFO: [SCHED 204-11] Finished scheduling.
INFO: [HLS 200-111]  Elapsed time: 8.45 seconds; current allocated memory: 91.441 MB.
INFO: [BIND 205-100] Starting micro-architecture generation ...
INFO: [BIND 205-101] Performing variable lifetime analysis.
INFO: [BIND 205-101] Exploring resource sharing.
INFO: [BIND 205-101] Binding ...
INFO: [BIND 205-100] Finished micro-architecture generation.
INFO: [HLS 200-111]  Elapsed time: 0.035 seconds; current allocated memory: 91.545 MB.
INFO: [HLS 200-10] ----------------------------------------------------------------
INFO: [HLS 200-10] -- Generating RTL for module 'foo' 
INFO: [HLS 200-10] ----------------------------------------------------------------
INFO: [RTGEN 206-500] Setting interface mode on port 'foo/in1' to 'ap_none'.
INFO: [RTGEN 206-500] Setting interface mode on port 'foo/in2' to 'ap_none'.
INFO: [RTGEN 206-500] Setting interface mode on port 'foo/out_data' to 'ap_vld'.
INFO: [RTGEN 206-500] Setting interface mode on function 'foo' to 'ap_ctrl_hs'.
WARNING: [RTGEN 206-101] Register 'accum' is power-on initialization.
INFO: [RTGEN 206-100] Finished creating RTL model for 'foo'.
INFO: [HLS 200-111]  Elapsed time: 0.066 seconds; current allocated memory: 91.722 MB.
INFO: [HLS 200-111] Finished generating all RTL models Time (s): cpu = 00:00:02 ; elapsed = 00:00:09 . Memory (MB): peak = 175.746 ; gain = 82.141
INFO: [VHDL 208-304] Generating VHDL RTL for foo.
INFO: [VLOG 209-307] Generating Verilog RTL for foo.
INFO: [HLS 200-112] Total elapsed time: 9.297 seconds; peak allocated memory: 91.722 MB.
==============================================================
Vivado(TM) HLS - High-Level Synthesis from C, C++ and SystemC v2019.1 (64-bit)
Copyright 1986-2019 Xilinx, Inc. All Rights Reserved.
==============================================================
INFO: [SYN 201-201] Setting up clock 'default' with a period of 10ns.
INFO: [SYN 201-201] Setting up clock 'default' with an uncertainty of 0.1ns.
WARNING: [HLS 200-40] Cannot find library 'D:/Program_Files/Xilinx/Vivado/2019.1/common/technology/xilinx/aartix7/aartix7.lib'.
WARNING: [HLS 200-40] Cannot find library 'xilinx/aartix7/aartix7'.
INFO: [HLS 200-10] Setting target device to 'xa7a12t-csg325-1Q'
INFO: [COSIM 212-47] Using XSIM for RTL simulation.
INFO: [COSIM 212-14] Instrumenting C test bench ...
INFO: [COSIM 212-302] Starting C TB testing ... 
INFO: [COSIM 212-333] Generating C post check test bench ...
INFO: [COSIM 212-12] Generating RTL test bench ...
INFO: [COSIM 212-1] *** C/RTL co-simulation file generation completed. ***
INFO: [COSIM 212-323] Starting verilog simulation. 
INFO: [COSIM 212-15] Starting XSIM ...
INFO: [COSIM 212-316] Starting C post checking ...
INFO: [COSIM 212-1000] *** C/RTL co-simulation finished: PASS ***
INFO: [COSIM 212-211] II is measurable only when transaction number is greater than 1 in RTL simulation. Otherwise, they will be marked as all NA. If user wants to calculate them, please make sure there are at least 2 transactions in RTL simulation.
