

================================================================
== Vivado HLS Report for 'foo'
================================================================
* Date:           Thu Jan  2 21:12:08 2020

* Version:        2019.1 (Build 2552052 on Fri May 24 15:28:33 MDT 2019)
* Project:        lab6_1
* Solution:       solution2
* Product family: artix7
* Target device:  xa7a12t-csg325-1Q


================================================================
== Performance Estimates
================================================================
+ Timing (ns): 
    * Summary: 
    +--------+-------+----------+------------+
    |  Clock | Target| Estimated| Uncertainty|
    +--------+-------+----------+------------+
    |ap_clk  |   6.00|     5.900|        0.10|
    +--------+-------+----------+------------+

+ Latency (clock cycles): 
    * Summary: 
    +-----+-----+-----+-----+---------+
    |  Latency  |  Interval | Pipeline|
    | min | max | min | max |   Type  |
    +-----+-----+-----+-----+---------+
    |   25|   25|   25|   25|   none  |
    +-----+-----+-----+-----+---------+

    + Detail: 
        * Instance: 
        N/A

        * Loop: 
        +----------+-----+-----+----------+-----------+-----------+------+----------+
        |          |  Latency  | Iteration|  Initiation Interval  | Trip |          |
        | Loop Name| min | max |  Latency |  achieved |   target  | Count| Pipelined|
        +----------+-----+-----+----------+-----------+-----------+------+----------+
        |- Loop 1  |   24|   24|         6|          -|          -|     4|    no    |
        +----------+-----+-----+----------+-----------+-----------+------+----------+



================================================================
== Utilization Estimates
================================================================
* Summary: 
+-----------------+---------+-------+-------+------+-----+
|       Name      | BRAM_18K| DSP48E|   FF  |  LUT | URAM|
+-----------------+---------+-------+-------+------+-----+
|DSP              |        -|      -|      -|     -|    -|
|Expression       |        -|      -|      0|    60|    -|
|FIFO             |        -|      -|      -|     -|    -|
|Instance         |        -|      -|      -|     -|    -|
|Memory           |        -|      -|      -|     -|    -|
|Multiplexer      |        -|      -|      -|    65|    -|
|Register         |        -|      -|    109|     -|    -|
+-----------------+---------+-------+-------+------+-----+
|Total            |        0|      0|    109|   125|    0|
+-----------------+---------+-------+-------+------+-----+
|Available        |       40|     40|  16000|  8000|    0|
+-----------------+---------+-------+-------+------+-----+
|Utilization (%)  |        0|      0|   ~0  |     1|    0|
+-----------------+---------+-------+-------+------+-----+

+ Detail: 
    * Instance: 
    N/A

    * DSP48E: 
    N/A

    * Memory: 
    N/A

    * FIFO: 
    N/A

    * Expression: 
    +--------------------+----------+-------+---+----+------------+------------+
    |    Variable Name   | Operation| DSP48E| FF| LUT| Bitwidth P0| Bitwidth P1|
    +--------------------+----------+-------+---+----+------------+------------+
    |add_ln9_1_fu_96_p2  |     +    |      0|  0|  39|          32|          32|
    |i_fu_76_p2          |     +    |      0|  0|  12|           3|           1|
    |icmp_ln8_fu_70_p2   |   icmp   |      0|  0|   9|           3|           4|
    +--------------------+----------+-------+---+----+------------+------------+
    |Total               |          |      0|  0|  60|          38|          37|
    +--------------------+----------+-------+---+----+------------+------------+

    * Multiplexer: 
    +------------+----+-----------+-----+-----------+
    |    Name    | LUT| Input Size| Bits| Total Bits|
    +------------+----+-----------+-----+-----------+
    |ap_NS_fsm   |  41|          8|    1|          8|
    |d_address   |  15|          3|   32|         96|
    |i_0_reg_58  |   9|          2|    3|          6|
    +------------+----+-----------+-----+-----------+
    |Total       |  65|         13|   36|        110|
    +------------+----+-----------+-----+-----------+

    * Register: 
    +---------------------+----+----+-----+-----------+
    |         Name        | FF | LUT| Bits| Const Bits|
    +---------------------+----+----+-----+-----------+
    |acc                  |  32|   0|   32|          0|
    |add_ln9_1_reg_138    |  32|   0|   32|          0|
    |ap_CS_fsm            |   7|   0|    7|          0|
    |d_addr_read_reg_133  |  32|   0|   32|          0|
    |i_0_reg_58           |   3|   0|    3|          0|
    |i_reg_121            |   3|   0|    3|          0|
    +---------------------+----+----+-----+-----------+
    |Total                | 109|   0|  109|          0|
    +---------------------+----+----+-----+-----------+



================================================================
== Interface
================================================================
* Summary: 
+---------------+-----+-----+------------+--------------+--------------+
|   RTL Ports   | Dir | Bits|  Protocol  | Source Object|    C Type    |
+---------------+-----+-----+------------+--------------+--------------+
|ap_clk         |  in |    1| ap_ctrl_hs |      foo     | return value |
|ap_rst         |  in |    1| ap_ctrl_hs |      foo     | return value |
|ap_start       |  in |    1| ap_ctrl_hs |      foo     | return value |
|ap_done        | out |    1| ap_ctrl_hs |      foo     | return value |
|ap_idle        | out |    1| ap_ctrl_hs |      foo     | return value |
|ap_ready       | out |    1| ap_ctrl_hs |      foo     | return value |
|d_req_din      | out |    1|   ap_bus   |       d      |    pointer   |
|d_req_full_n   |  in |    1|   ap_bus   |       d      |    pointer   |
|d_req_write    | out |    1|   ap_bus   |       d      |    pointer   |
|d_rsp_empty_n  |  in |    1|   ap_bus   |       d      |    pointer   |
|d_rsp_read     | out |    1|   ap_bus   |       d      |    pointer   |
|d_address      | out |   32|   ap_bus   |       d      |    pointer   |
|d_datain       |  in |   32|   ap_bus   |       d      |    pointer   |
|d_dataout      | out |   32|   ap_bus   |       d      |    pointer   |
|d_size         | out |   32|   ap_bus   |       d      |    pointer   |
+---------------+-----+-----+------------+--------------+--------------+

