==============================================================
Vivado(TM) HLS - High-Level Synthesis from C, C++ and SystemC v2019.1 (64-bit)
Copyright 1986-2019 Xilinx, Inc. All Rights Reserved.
==============================================================
INFO: [SYN 201-201] Setting up clock 'default' with a period of 6ns.
INFO: [SYN 201-201] Setting up clock 'default' with an uncertainty of 0.1ns.
WARNING: [HLS 200-40] Cannot find library 'C:/Xilinx/Vivado/2019.1/common/technology/xilinx/aartix7/aartix7.lib'.
WARNING: [HLS 200-40] Cannot find library 'xilinx/aartix7/aartix7'.
INFO: [HLS 200-10] Setting target device to 'xa7a12t-csg325-1Q'
INFO: [SIM 211-2] *************** CSIM start ***************
INFO: [SIM 211-4] CSIM will launch GCC as the compiler.
INFO: [SIM 211-1] CSim done with 0 errors.
INFO: [SIM 211-3] *************** CSIM finish ***************
==============================================================
Vivado(TM) HLS - High-Level Synthesis from C, C++ and SystemC v2019.1 (64-bit)
Copyright 1986-2019 Xilinx, Inc. All Rights Reserved.
==============================================================
==============================================================
Vivado(TM) HLS - High-Level Synthesis from C, C++ and SystemC v2019.1 (64-bit)
Copyright 1986-2019 Xilinx, Inc. All Rights Reserved.
==============================================================
INFO: [SYN 201-201] Setting up clock 'default' with a period of 6ns.
INFO: [SYN 201-201] Setting up clock 'default' with an uncertainty of 0.1ns.
WARNING: [HLS 200-40] Cannot find library 'C:/Xilinx/Vivado/2019.1/common/technology/xilinx/aartix7/aartix7.lib'.
WARNING: [HLS 200-40] Cannot find library 'xilinx/aartix7/aartix7'.
INFO: [HLS 200-10] Setting target device to 'xa7a12t-csg325-1Q'
INFO: [SIM 211-2] *************** CSIM start ***************
INFO: [SIM 211-4] CSIM will launch GCC as the compiler.
INFO: [SIM 211-1] CSim done with 0 errors.
INFO: [SIM 211-3] *************** CSIM finish ***************
==============================================================
Vivado(TM) HLS - High-Level Synthesis from C, C++ and SystemC v2019.1 (64-bit)
Copyright 1986-2019 Xilinx, Inc. All Rights Reserved.
==============================================================
INFO: [SYN 201-201] Setting up clock 'default' with a period of 6ns.
INFO: [SYN 201-201] Setting up clock 'default' with an uncertainty of 0.1ns.
WARNING: [HLS 200-40] Cannot find library 'C:/Xilinx/Vivado/2019.1/common/technology/xilinx/aartix7/aartix7.lib'.
WARNING: [HLS 200-40] Cannot find library 'xilinx/aartix7/aartix7'.
INFO: [HLS 200-10] Setting target device to 'xa7a12t-csg325-1Q'
INFO: [SCHED 204-61] Option 'relax_ii_for_timing' is enabled, will increase II to preserve clock frequency constraints.
INFO: [HLS 200-10] Analyzing design file '../../../../Desktop/SPBGPU_Mag/Antonov/plis/lectask/lab4_z1/source/lab4_1.c' ... 
INFO: [HLS 200-111] Finished Linking Time (s): cpu = 00:00:01 ; elapsed = 00:00:07 . Memory (MB): peak = 176.781 ; gain = 84.082
INFO: [HLS 200-111] Finished Checking Pragmas Time (s): cpu = 00:00:01 ; elapsed = 00:00:07 . Memory (MB): peak = 176.781 ; gain = 84.082
INFO: [HLS 200-10] Starting code transformations ...
INFO: [HLS 200-111] Finished Standard Transforms Time (s): cpu = 00:00:01 ; elapsed = 00:00:07 . Memory (MB): peak = 176.781 ; gain = 84.082
INFO: [HLS 200-10] Checking synthesizability ...
INFO: [HLS 200-111] Finished Checking Synthesizability Time (s): cpu = 00:00:01 ; elapsed = 00:00:08 . Memory (MB): peak = 176.781 ; gain = 84.082
INFO: [HLS 200-111] Finished Pre-synthesis Time (s): cpu = 00:00:01 ; elapsed = 00:00:08 . Memory (MB): peak = 176.781 ; gain = 84.082
INFO: [HLS 200-111] Finished Architecture Synthesis Time (s): cpu = 00:00:01 ; elapsed = 00:00:08 . Memory (MB): peak = 176.781 ; gain = 84.082
INFO: [HLS 200-10] Starting hardware synthesis ...
INFO: [HLS 200-10] Synthesizing 'lab4_1' ...
INFO: [HLS 200-10] ----------------------------------------------------------------
INFO: [HLS 200-42] -- Implementing module 'lab4_1' 
INFO: [HLS 200-10] ----------------------------------------------------------------
INFO: [SCHED 204-11] Starting scheduling ...
INFO: [SCHED 204-11] Finished scheduling.
INFO: [HLS 200-111]  Elapsed time: 7.647 seconds; current allocated memory: 91.305 MB.
INFO: [BIND 205-100] Starting micro-architecture generation ...
INFO: [BIND 205-101] Performing variable lifetime analysis.
INFO: [BIND 205-101] Exploring resource sharing.
INFO: [BIND 205-101] Binding ...
INFO: [BIND 205-100] Finished micro-architecture generation.
INFO: [HLS 200-111]  Elapsed time: 0.038 seconds; current allocated memory: 91.390 MB.
INFO: [HLS 200-10] ----------------------------------------------------------------
INFO: [HLS 200-10] -- Generating RTL for module 'lab4_1' 
INFO: [HLS 200-10] ----------------------------------------------------------------
INFO: [RTGEN 206-500] Setting interface mode on port 'lab4_1/a' to 'ap_none'.
INFO: [RTGEN 206-500] Setting interface mode on port 'lab4_1/b' to 'ap_none'.
INFO: [RTGEN 206-500] Setting interface mode on port 'lab4_1/c' to 'ap_none'.
INFO: [RTGEN 206-500] Setting interface mode on port 'lab4_1/d' to 'ap_none'.
INFO: [RTGEN 206-500] Setting interface mode on port 'lab4_1/p_y' to 'ap_vld'.
INFO: [RTGEN 206-500] Setting interface mode on function 'lab4_1' to 'ap_ctrl_hs'.
INFO: [SYN 201-210] Renamed object name 'lab4_1_mul_32s_32s_32_3_1' to 'lab4_1_mul_32s_32bkb' due to the length limit 20
INFO: [RTGEN 206-100] Generating core module 'lab4_1_mul_32s_32bkb': 1 instance(s).
INFO: [RTGEN 206-100] Finished creating RTL model for 'lab4_1'.
INFO: [HLS 200-111]  Elapsed time: 0.094 seconds; current allocated memory: 91.545 MB.
INFO: [RTMG 210-282] Generating pipelined core: 'lab4_1_mul_32s_32bkb_MulnS_0'
INFO: [HLS 200-111] Finished generating all RTL models Time (s): cpu = 00:00:01 ; elapsed = 00:00:09 . Memory (MB): peak = 176.781 ; gain = 84.082
INFO: [VHDL 208-304] Generating VHDL RTL for lab4_1.
INFO: [VLOG 209-307] Generating Verilog RTL for lab4_1.
INFO: [HLS 200-112] Total elapsed time: 8.695 seconds; peak allocated memory: 91.545 MB.
==============================================================
Vivado(TM) HLS - High-Level Synthesis from C, C++ and SystemC v2019.1 (64-bit)
Copyright 1986-2019 Xilinx, Inc. All Rights Reserved.
==============================================================
INFO: [SYN 201-201] Setting up clock 'default' with a period of 6ns.
INFO: [SYN 201-201] Setting up clock 'default' with an uncertainty of 0.1ns.
WARNING: [HLS 200-40] Cannot find library 'C:/Xilinx/Vivado/2019.1/common/technology/xilinx/aartix7/aartix7.lib'.
WARNING: [HLS 200-40] Cannot find library 'xilinx/aartix7/aartix7'.
INFO: [HLS 200-10] Setting target device to 'xa7a12t-csg325-1Q'
INFO: [COSIM 212-47] Using XSIM for RTL simulation.
INFO: [COSIM 212-14] Instrumenting C test bench ...
INFO: [COSIM 212-302] Starting C TB testing ... 
INFO: [COSIM 212-333] Generating C post check test bench ...
INFO: [COSIM 212-12] Generating RTL test bench ...
INFO: [COSIM 212-1] *** C/RTL co-simulation file generation completed. ***
INFO: [COSIM 212-323] Starting verilog simulation. 
INFO: [COSIM 212-15] Starting XSIM ...
INFO: [COSIM 212-316] Starting C post checking ...
INFO: [COSIM 212-1000] *** C/RTL co-simulation finished: PASS ***
==============================================================
Vivado(TM) HLS - High-Level Synthesis from C, C++ and SystemC v2019.1 (64-bit)
Copyright 1986-2019 Xilinx, Inc. All Rights Reserved.
==============================================================
INFO: [SYN 201-201] Setting up clock 'default' with a period of 6ns.
INFO: [SYN 201-201] Setting up clock 'default' with an uncertainty of 0.1ns.
WARNING: [HLS 200-40] Cannot find library 'C:/Xilinx/Vivado/2019.1/common/technology/xilinx/aartix7/aartix7.lib'.
WARNING: [HLS 200-40] Cannot find library 'xilinx/aartix7/aartix7'.
INFO: [HLS 200-10] Setting target device to 'xa7a12t-csg325-1Q'
INFO: [IMPL 213-8] Exporting RTL as a Vivado IP.
