  10*20+30+40=270 
  20*30+40+50=690 
  30*40+50+60=1310 
----------Pass!------------

D:\Program_Files\projects\hls\lab3_z1\lab2_1\solution2\sim\verilog>set PATH= 

D:\Program_Files\projects\hls\lab3_z1\lab2_1\solution2\sim\verilog>call D:/Program_Files/Xilinx/Vivado/2019.1/bin/xelab xil_defaultlib.apatb_lab1_1_top glbl -prj lab1_1.prj -L smartconnect_v1_0 -L axi_protocol_checker_v1_1_12 -L axi_protocol_checker_v1_1_13 -L axis_protocol_checker_v1_1_11 -L axis_protocol_checker_v1_1_12 -L xil_defaultlib -L unisims_ver -L xpm --initfile "D:/Program_Files/Xilinx/Vivado/2019.1/data/xsim/ip/xsim_ip.ini" --lib "ieee_proposed=./ieee_proposed" -s lab1_1 -debug wave 
INFO: [XSIM 43-3496] Using init file passed via -initfile option "D:/Program_Files/Xilinx/Vivado/2019.1/data/xsim/ip/xsim_ip.ini".
Vivado Simulator 2019.1
Copyright 1986-1999, 2001-2019 Xilinx, Inc. All Rights Reserved.
Running: D:/Program_Files/Xilinx/Vivado/2019.1/bin/unwrapped/win64.o/xelab.exe xil_defaultlib.apatb_lab1_1_top glbl -prj lab1_1.prj -L smartconnect_v1_0 -L axi_protocol_checker_v1_1_12 -L axi_protocol_checker_v1_1_13 -L axis_protocol_checker_v1_1_11 -L axis_protocol_checker_v1_1_12 -L xil_defaultlib -L unisims_ver -L xpm --initfile D:/Program_Files/Xilinx/Vivado/2019.1/data/xsim/ip/xsim_ip.ini --lib ieee_proposed=./ieee_proposed -s lab1_1 -debug wave 
Multi-threading is on. Using 2 slave threads.
INFO: [VRFC 10-2263] Analyzing SystemVerilog file "D:/Program_Files/projects/hls/lab3_z1/lab2_1/solution2/sim/verilog/glbl.v" into library work
INFO: [VRFC 10-311] analyzing module glbl
INFO: [VRFC 10-2263] Analyzing SystemVerilog file "D:/Program_Files/projects/hls/lab3_z1/lab2_1/solution2/sim/verilog/lab1_1.autotb.v" into library xil_defaultlib
INFO: [VRFC 10-311] analyzing module apatb_lab1_1_top
INFO: [VRFC 10-2263] Analyzing SystemVerilog file "D:/Program_Files/projects/hls/lab3_z1/lab2_1/solution2/sim/verilog/lab1_1.v" into library xil_defaultlib
INFO: [VRFC 10-311] analyzing module lab1_1
INFO: [VRFC 10-2263] Analyzing SystemVerilog file "D:/Program_Files/projects/hls/lab3_z1/lab2_1/solution2/sim/verilog/lab1_1_mac_muladdbkb.v" into library xil_defaultlib
INFO: [VRFC 10-311] analyzing module lab1_1_mac_muladdbkb_DSP48_0
INFO: [VRFC 10-311] analyzing module lab1_1_mac_muladdbkb
Starting static elaboration
Completed static elaboration
Starting simulation data flow analysis
Completed simulation data flow analysis
Time Resolution for simulation is 1ps
Compiling module xil_defaultlib.lab1_1_mac_muladdbkb_DSP48_0
Compiling module xil_defaultlib.lab1_1_mac_muladdbkb(ID=1,NUM_ST...
Compiling module xil_defaultlib.lab1_1
Compiling module xil_defaultlib.apatb_lab1_1_top
Compiling module work.glbl
Built simulation snapshot lab1_1

****** Webtalk v2019.1 (64-bit)
  **** SW Build 2552052 on Fri May 24 14:49:42 MDT 2019
  **** IP Build 2548770 on Fri May 24 18:01:18 MDT 2019
    ** Copyright 1986-2019 Xilinx, Inc. All Rights Reserved.

source D:/Program_Files/projects/hls/lab3_z1/lab2_1/solution2/sim/verilog/xsim.dir/lab1_1/webtalk/xsim_webtalk.tcl -notrace
INFO: [Common 17-186] 'D:/Program_Files/projects/hls/lab3_z1/lab2_1/solution2/sim/verilog/xsim.dir/lab1_1/webtalk/usage_statistics_ext_xsim.xml' has been successfully sent to Xilinx on Tue Oct  1 20:42:45 2019. For additional details about this file, please refer to the WebTalk help file at D:/Program_Files/Xilinx/Vivado/2019.1/doc/webtalk_introduction.html.
webtalk_transmit: Time (s): cpu = 00:00:00 ; elapsed = 00:00:31 . Memory (MB): peak = 93.625 ; gain = 0.000
INFO: [Common 17-206] Exiting Webtalk at Tue Oct  1 20:42:45 2019...

****** xsim v2019.1 (64-bit)
  **** SW Build 2552052 on Fri May 24 14:49:42 MDT 2019
  **** IP Build 2548770 on Fri May 24 18:01:18 MDT 2019
    ** Copyright 1986-2019 Xilinx, Inc. All Rights Reserved.

source xsim.dir/lab1_1/xsim_script.tcl
# xsim {lab1_1} -autoloadwcfg -tclbatch {lab1_1.tcl}
Vivado Simulator 2019.1
Time resolution is 1 ps
source lab1_1.tcl
## log_wave -r /
WARNING: [Simtcl 6-197] One or more HDL objects could not be logged because of object type or size limitations.  To see details please rerun the command with -verbose (-v).
## set designtopgroup [add_wave_group "Design Top Signals"]
## set coutputgroup [add_wave_group "C Outputs" -into $designtopgroup]
## set return_group [add_wave_group return(wire) -into $coutputgroup]
## add_wave /apatb_lab1_1_top/AESL_inst_lab1_1/ap_return -into $return_group -radix hex
## set cinputgroup [add_wave_group "C Inputs" -into $designtopgroup]
## set d_group [add_wave_group d(wire) -into $cinputgroup]
## add_wave /apatb_lab1_1_top/AESL_inst_lab1_1/d -into $d_group -radix hex
## set c_group [add_wave_group c(wire) -into $cinputgroup]
## add_wave /apatb_lab1_1_top/AESL_inst_lab1_1/c -into $c_group -radix hex
## set b_group [add_wave_group b(wire) -into $cinputgroup]
## add_wave /apatb_lab1_1_top/AESL_inst_lab1_1/b -into $b_group -radix hex
## set a_group [add_wave_group a(wire) -into $cinputgroup]
## add_wave /apatb_lab1_1_top/AESL_inst_lab1_1/a -into $a_group -radix hex
## set blocksiggroup [add_wave_group "Block-level IO Handshake" -into $designtopgroup]
## add_wave /apatb_lab1_1_top/AESL_inst_lab1_1/ap_start -into $blocksiggroup
## add_wave /apatb_lab1_1_top/AESL_inst_lab1_1/ap_done -into $blocksiggroup
## add_wave /apatb_lab1_1_top/AESL_inst_lab1_1/ap_continue -into $blocksiggroup
## add_wave /apatb_lab1_1_top/AESL_inst_lab1_1/ap_idle -into $blocksiggroup
## add_wave /apatb_lab1_1_top/AESL_inst_lab1_1/ap_ready -into $blocksiggroup
## set resetgroup [add_wave_group "Reset" -into $designtopgroup]
## add_wave /apatb_lab1_1_top/AESL_inst_lab1_1/ap_rst -into $resetgroup
## set clockgroup [add_wave_group "Clock" -into $designtopgroup]
## add_wave /apatb_lab1_1_top/AESL_inst_lab1_1/ap_clk -into $clockgroup
## set testbenchgroup [add_wave_group "Test Bench Signals"]
## set tbinternalsiggroup [add_wave_group "Internal Signals" -into $testbenchgroup]
## set tb_simstatus_group [add_wave_group "Simulation Status" -into $tbinternalsiggroup]
## set tb_portdepth_group [add_wave_group "Port Depth" -into $tbinternalsiggroup]
## add_wave /apatb_lab1_1_top/AUTOTB_TRANSACTION_NUM -into $tb_simstatus_group -radix hex
## add_wave /apatb_lab1_1_top/ready_cnt -into $tb_simstatus_group -radix hex
## add_wave /apatb_lab1_1_top/done_cnt -into $tb_simstatus_group -radix hex
## add_wave /apatb_lab1_1_top/LENGTH_a -into $tb_portdepth_group -radix hex
## add_wave /apatb_lab1_1_top/LENGTH_b -into $tb_portdepth_group -radix hex
## add_wave /apatb_lab1_1_top/LENGTH_c -into $tb_portdepth_group -radix hex
## add_wave /apatb_lab1_1_top/LENGTH_d -into $tb_portdepth_group -radix hex
## add_wave /apatb_lab1_1_top/LENGTH_ap_return -into $tb_portdepth_group -radix hex
## set tbcoutputgroup [add_wave_group "C Outputs" -into $testbenchgroup]
## set tb_return_group [add_wave_group return(wire) -into $tbcoutputgroup]
## add_wave /apatb_lab1_1_top/ap_return -into $tb_return_group -radix hex
## set tbcinputgroup [add_wave_group "C Inputs" -into $testbenchgroup]
## set tb_d_group [add_wave_group d(wire) -into $tbcinputgroup]
## add_wave /apatb_lab1_1_top/d -into $tb_d_group -radix hex
## set tb_c_group [add_wave_group c(wire) -into $tbcinputgroup]
## add_wave /apatb_lab1_1_top/c -into $tb_c_group -radix hex
## set tb_b_group [add_wave_group b(wire) -into $tbcinputgroup]
## add_wave /apatb_lab1_1_top/b -into $tb_b_group -radix hex
## set tb_a_group [add_wave_group a(wire) -into $tbcinputgroup]
## add_wave /apatb_lab1_1_top/a -into $tb_a_group -radix hex
## save_wave_config lab1_1.wcfg
## run all
////////////////////////////////////////////////////////////////////////////////////
// Inter-Transaction Progress: Completed Transaction / Total Transaction
// Intra-Transaction Progress: Measured Latency / Latency Estimation * 100%
//
// RTL Simulation : "Inter-Transaction Progress" ["Intra-Transaction Progress"] @ "Simulation Time"
////////////////////////////////////////////////////////////////////////////////////
// RTL Simulation : 0 / 3 [0.00%] @ "117000"
// RTL Simulation : 1 / 3 [100.00%] @ "141000"
// RTL Simulation : 2 / 3 [100.00%] @ "159000"
// RTL Simulation : 3 / 3 [100.00%] @ "177000"
////////////////////////////////////////////////////////////////////////////////////
$finish called at time : 201 ns : File "D:/Program_Files/projects/hls/lab3_z1/lab2_1/solution2/sim/verilog/lab1_1.autotb.v" Line 443
## quit
INFO: [Common 17-206] Exiting xsim at Tue Oct  1 20:43:07 2019...
  10*20+30+40=270 
  20*30+40+50=690 
  30*40+50+60=1310 
----------Pass!------------
