

================================================================
== Vivado HLS Report for 'lab4_1'
================================================================
* Date:           Thu Jan  2 18:50:59 2020

* Version:        2019.1 (Build 2552052 on Fri May 24 15:28:33 MDT 2019)
* Project:        lab4_1
* Solution:       solution2
* Product family: artix7
* Target device:  xa7a12t-csg325-1Q


================================================================
== Performance Estimates
================================================================
+ Timing (ns): 
    * Summary: 
    +--------+-------+----------+------------+
    |  Clock | Target| Estimated| Uncertainty|
    +--------+-------+----------+------------+
    |ap_clk  |   6.00|     5.690|        0.10|
    +--------+-------+----------+------------+

+ Latency (clock cycles): 
    * Summary: 
    +-----+-----+-----+-----+---------+
    |  Latency  |  Interval | Pipeline|
    | min | max | min | max |   Type  |
    +-----+-----+-----+-----+---------+
    |    3|    3|    3|    3|   none  |
    +-----+-----+-----+-----+---------+

    + Detail: 
        * Instance: 
        N/A

        * Loop: 
        N/A

============================================================
+ Verbose Summary: Synthesis Manager
============================================================
InlineROM: 1
ExposeGlobal: 0
============================================================
+ Verbose Summary: CDFG Model
============================================================
IsTopModel: 1
ResetActiveHigh: 1
IsCombinational: 0
IsDatapathOnly: 0
HasWiredReturn: 1
HasMFsm: 0
HasVarLatency: 1
IsPipeline: 0
IsRtlPipelined: 0
IsInstanceOverlapped: 0
IsDontTouch: 0
HasImplIP: 0
IsGatedGlobalClock: 0


============================================================
+ Verbose Summary: Schedule
============================================================
* Number of FSM states : 4
* Pipeline : 0
* Dataflow Pipeline: 0

* FSM state transitions: 
1 --> 2 
2 --> 3 
3 --> 4 
4 --> 

* FSM state operations: 

State 1 <SV = 0> <Delay = 5.69>
ST_1 : Operation 5 [1/1] (0.00ns)   --->   "%b_read = call i32 @_ssdm_op_Read.ap_ack.i32(i32 %b) nounwind" [../../../../Desktop/SPBGPU_Mag/Antonov/plis/lectask/lab4_z1/source/lab4_1.c:1]   --->   Operation 5 'read' 'b_read' <Predicate = true> <Delay = 0.00>
ST_1 : Operation 6 [1/1] (0.00ns)   --->   "%a_read = call i32 @_ssdm_op_Read.ap_hs.i32(i32 %a) nounwind" [../../../../Desktop/SPBGPU_Mag/Antonov/plis/lectask/lab4_z1/source/lab4_1.c:1]   --->   Operation 6 'read' 'a_read' <Predicate = true> <Delay = 0.00>
ST_1 : Operation 7 [3/3] (5.69ns)   --->   "%mul_ln3 = mul nsw i32 %b_read, %a_read" [../../../../Desktop/SPBGPU_Mag/Antonov/plis/lectask/lab4_z1/source/lab4_1.c:3]   --->   Operation 7 'mul' 'mul_ln3' <Predicate = true> <Delay = 5.69> <Core = "MulnS">   --->   Core 17 'MulnS' <Latency = 2> <II = 1> <Delay = 5.69> <FuncUnit> <Opcode : 'mul'> <InPorts = 2> <OutPorts = 1>
ST_1 : Operation 8 [1/1] (0.00ns)   --->   "%c_read = call i32 @_ssdm_op_Read.ap_hs.i32P(i32* %c) nounwind" [../../../../Desktop/SPBGPU_Mag/Antonov/plis/lectask/lab4_z1/source/lab4_1.c:3]   --->   Operation 8 'read' 'c_read' <Predicate = true> <Delay = 0.00>
ST_1 : Operation 9 [1/1] (0.00ns)   --->   "%d_read = call i32 @_ssdm_op_Read.ap_vld.i32P(i32* %d) nounwind" [../../../../Desktop/SPBGPU_Mag/Antonov/plis/lectask/lab4_z1/source/lab4_1.c:4]   --->   Operation 9 'read' 'd_read' <Predicate = true> <Delay = 0.00>

State 2 <SV = 1> <Delay = 5.69>
ST_2 : Operation 10 [2/3] (5.69ns)   --->   "%mul_ln3 = mul nsw i32 %b_read, %a_read" [../../../../Desktop/SPBGPU_Mag/Antonov/plis/lectask/lab4_z1/source/lab4_1.c:3]   --->   Operation 10 'mul' 'mul_ln3' <Predicate = true> <Delay = 5.69> <Core = "MulnS">   --->   Core 17 'MulnS' <Latency = 2> <II = 1> <Delay = 5.69> <FuncUnit> <Opcode : 'mul'> <InPorts = 2> <OutPorts = 1>

State 3 <SV = 2> <Delay = 5.69>
ST_3 : Operation 11 [1/3] (5.69ns)   --->   "%mul_ln3 = mul nsw i32 %b_read, %a_read" [../../../../Desktop/SPBGPU_Mag/Antonov/plis/lectask/lab4_z1/source/lab4_1.c:3]   --->   Operation 11 'mul' 'mul_ln3' <Predicate = true> <Delay = 5.69> <Core = "MulnS">   --->   Core 17 'MulnS' <Latency = 2> <II = 1> <Delay = 5.69> <FuncUnit> <Opcode : 'mul'> <InPorts = 2> <OutPorts = 1>

State 4 <SV = 3> <Delay = 2.70>
ST_4 : Operation 12 [1/1] (0.00ns)   --->   "call void (...)* @_ssdm_op_SpecBitsMap(i32 %a) nounwind, !map !7"   --->   Operation 12 'specbitsmap' <Predicate = true> <Delay = 0.00>
ST_4 : Operation 13 [1/1] (0.00ns)   --->   "call void (...)* @_ssdm_op_SpecBitsMap(i32 %b) nounwind, !map !13"   --->   Operation 13 'specbitsmap' <Predicate = true> <Delay = 0.00>
ST_4 : Operation 14 [1/1] (0.00ns)   --->   "call void (...)* @_ssdm_op_SpecBitsMap(i32* %c) nounwind, !map !17"   --->   Operation 14 'specbitsmap' <Predicate = true> <Delay = 0.00>
ST_4 : Operation 15 [1/1] (0.00ns)   --->   "call void (...)* @_ssdm_op_SpecBitsMap(i32* %d) nounwind, !map !23"   --->   Operation 15 'specbitsmap' <Predicate = true> <Delay = 0.00>
ST_4 : Operation 16 [1/1] (0.00ns)   --->   "call void (...)* @_ssdm_op_SpecBitsMap(i32* %p_y) nounwind, !map !27"   --->   Operation 16 'specbitsmap' <Predicate = true> <Delay = 0.00>
ST_4 : Operation 17 [1/1] (0.00ns)   --->   "call void (...)* @_ssdm_op_SpecBitsMap(i32 0) nounwind, !map !31"   --->   Operation 17 'specbitsmap' <Predicate = true> <Delay = 0.00>
ST_4 : Operation 18 [1/1] (0.00ns)   --->   "call void (...)* @_ssdm_op_SpecTopModule([7 x i8]* @lab4_1_str) nounwind"   --->   Operation 18 'spectopmodule' <Predicate = true> <Delay = 0.00>
ST_4 : Operation 19 [1/1] (0.00ns)   --->   "call void (...)* @_ssdm_op_SpecInterface(i32 %b, [7 x i8]* @p_str, i32 0, i32 0, [1 x i8]* @p_str1, i32 0, i32 0, [1 x i8]* @p_str1, [1 x i8]* @p_str1, [1 x i8]* @p_str1, i32 0, i32 0, i32 0, i32 0, [1 x i8]* @p_str1, [1 x i8]* @p_str1) nounwind" [../../../../Desktop/SPBGPU_Mag/Antonov/plis/lectask/lab4_z1/source/lab4_1.c:2]   --->   Operation 19 'specinterface' <Predicate = true> <Delay = 0.00>
ST_4 : Operation 20 [1/1] (0.00ns)   --->   "call void (...)* @_ssdm_op_SpecInterface(i32* %p_y, [7 x i8]* @p_str, i32 0, i32 0, [1 x i8]* @p_str1, i32 0, i32 0, [1 x i8]* @p_str1, [1 x i8]* @p_str1, [1 x i8]* @p_str1, i32 0, i32 0, i32 0, i32 0, [1 x i8]* @p_str1, [1 x i8]* @p_str1) nounwind" [../../../../Desktop/SPBGPU_Mag/Antonov/plis/lectask/lab4_z1/source/lab4_1.c:2]   --->   Operation 20 'specinterface' <Predicate = true> <Delay = 0.00>
ST_4 : Operation 21 [1/1] (0.00ns)   --->   "call void (...)* @_ssdm_op_SpecInterface(i32 %a, [6 x i8]* @p_str2, i32 0, i32 0, [1 x i8]* @p_str1, i32 0, i32 0, [1 x i8]* @p_str1, [1 x i8]* @p_str1, [1 x i8]* @p_str1, i32 0, i32 0, i32 0, i32 0, [1 x i8]* @p_str1, [1 x i8]* @p_str1) nounwind" [../../../../Desktop/SPBGPU_Mag/Antonov/plis/lectask/lab4_z1/source/lab4_1.c:2]   --->   Operation 21 'specinterface' <Predicate = true> <Delay = 0.00>
ST_4 : Operation 22 [1/1] (0.00ns)   --->   "call void (...)* @_ssdm_op_SpecInterface(i32* %c, [6 x i8]* @p_str2, i32 0, i32 0, [1 x i8]* @p_str1, i32 0, i32 0, [1 x i8]* @p_str1, [1 x i8]* @p_str1, [1 x i8]* @p_str1, i32 0, i32 0, i32 0, i32 0, [1 x i8]* @p_str1, [1 x i8]* @p_str1) nounwind" [../../../../Desktop/SPBGPU_Mag/Antonov/plis/lectask/lab4_z1/source/lab4_1.c:2]   --->   Operation 22 'specinterface' <Predicate = true> <Delay = 0.00>
ST_4 : Operation 23 [1/1] (0.00ns)   --->   "call void (...)* @_ssdm_op_SpecInterface(i32* %d, [7 x i8]* @p_str3, i32 0, i32 0, [1 x i8]* @p_str1, i32 0, i32 0, [1 x i8]* @p_str1, [1 x i8]* @p_str1, [1 x i8]* @p_str1, i32 0, i32 0, i32 0, i32 0, [1 x i8]* @p_str1, [1 x i8]* @p_str1) nounwind" [../../../../Desktop/SPBGPU_Mag/Antonov/plis/lectask/lab4_z1/source/lab4_1.c:2]   --->   Operation 23 'specinterface' <Predicate = true> <Delay = 0.00>
ST_4 : Operation 24 [1/1] (2.70ns)   --->   "%y = add nsw i32 %c_read, %mul_ln3" [../../../../Desktop/SPBGPU_Mag/Antonov/plis/lectask/lab4_z1/source/lab4_1.c:3]   --->   Operation 24 'add' 'y' <Predicate = true> <Delay = 2.70> <Core = "AddSub">   --->   Core 14 'AddSub' <Latency = 0> <II = 1> <Delay = 2.70> <FuncUnit> <Opcode : 'add' 'sub'> <InPorts = 2> <OutPorts = 1>
ST_4 : Operation 25 [1/1] (2.70ns)   --->   "%add_ln4 = add nsw i32 %d_read, %mul_ln3" [../../../../Desktop/SPBGPU_Mag/Antonov/plis/lectask/lab4_z1/source/lab4_1.c:4]   --->   Operation 25 'add' 'add_ln4' <Predicate = true> <Delay = 2.70> <Core = "AddSub">   --->   Core 14 'AddSub' <Latency = 0> <II = 1> <Delay = 2.70> <FuncUnit> <Opcode : 'add' 'sub'> <InPorts = 2> <OutPorts = 1>
ST_4 : Operation 26 [1/1] (0.00ns)   --->   "call void @_ssdm_op_Write.ap_ack.i32P(i32* %p_y, i32 %add_ln4) nounwind" [../../../../Desktop/SPBGPU_Mag/Antonov/plis/lectask/lab4_z1/source/lab4_1.c:4]   --->   Operation 26 'write' <Predicate = true> <Delay = 0.00>
ST_4 : Operation 27 [1/1] (0.00ns)   --->   "ret i32 %y" [../../../../Desktop/SPBGPU_Mag/Antonov/plis/lectask/lab4_z1/source/lab4_1.c:5]   --->   Operation 27 'ret' <Predicate = true> <Delay = 0.00>


============================================================
+ Verbose Summary: Binding
============================================================
STG Binding: 
---------------- STG Properties BEGIN ----------------
- Is combinational: 0
- Is one-state seq: 0
- Is datapath-only: 0
- Is pipelined: 0
- Is top level: 1
Port [ Return ] is wired: 1; IO mode=ap_ctrl_hs:ce=0
Port [ a]:  wired=1; compound=0; hidden=0; nouse=0; global=0; static=0; extern=0; dir=0; type=0; pingpong=0; private_global=0; IO mode=ap_hs:ce=0
Port [ b]:  wired=1; compound=0; hidden=0; nouse=0; global=0; static=0; extern=0; dir=0; type=0; pingpong=0; private_global=0; IO mode=ap_ack:ce=0
Port [ c]:  wired=1; compound=0; hidden=0; nouse=0; global=0; static=0; extern=0; dir=0; type=0; pingpong=0; private_global=0; IO mode=ap_hs:ce=0
Port [ d]:  wired=1; compound=0; hidden=0; nouse=0; global=0; static=0; extern=0; dir=0; type=0; pingpong=0; private_global=0; IO mode=ap_vld:ce=0
Port [ p_y]:  wired=1; compound=0; hidden=0; nouse=0; global=0; static=0; extern=0; dir=1; type=0; pingpong=0; private_global=0; IO mode=ap_ack:ce=0
---------------- STG Properties END ------------------

---------------- Datapath Model BEGIN ----------------

<LifeTime>
<method=bitvector/>
b_read            (read         ) [ 00110]
a_read            (read         ) [ 00110]
c_read            (read         ) [ 00111]
d_read            (read         ) [ 00111]
mul_ln3           (mul          ) [ 00001]
specbitsmap_ln0   (specbitsmap  ) [ 00000]
specbitsmap_ln0   (specbitsmap  ) [ 00000]
specbitsmap_ln0   (specbitsmap  ) [ 00000]
specbitsmap_ln0   (specbitsmap  ) [ 00000]
specbitsmap_ln0   (specbitsmap  ) [ 00000]
specbitsmap_ln0   (specbitsmap  ) [ 00000]
spectopmodule_ln0 (spectopmodule) [ 00000]
specinterface_ln2 (specinterface) [ 00000]
specinterface_ln2 (specinterface) [ 00000]
specinterface_ln2 (specinterface) [ 00000]
specinterface_ln2 (specinterface) [ 00000]
specinterface_ln2 (specinterface) [ 00000]
y                 (add          ) [ 00000]
add_ln4           (add          ) [ 00000]
write_ln4         (write        ) [ 00000]
ret_ln5           (ret          ) [ 00000]
</LifeTime>

<model>

<comp_list>
<comp id="0" class="1000" name="a">
<pin_list>
<pin id="1" dir="1" index="0" bw="1" slack="0"/>
</pin_list>
<bind>
<StgValue><ssdm name="a"/></StgValue>
</bind>
</comp>

<comp id="2" class="1000" name="b">
<pin_list>
<pin id="3" dir="1" index="0" bw="1" slack="0"/>
</pin_list>
<bind>
<StgValue><ssdm name="b"/></StgValue>
</bind>
</comp>

<comp id="4" class="1000" name="c">
<pin_list>
<pin id="5" dir="1" index="0" bw="1" slack="0"/>
</pin_list>
<bind>
<StgValue><ssdm name="c"/></StgValue>
</bind>
</comp>

<comp id="6" class="1000" name="d">
<pin_list>
<pin id="7" dir="1" index="0" bw="1" slack="0"/>
</pin_list>
<bind>
<StgValue><ssdm name="d"/></StgValue>
</bind>
</comp>

<comp id="8" class="1000" name="p_y">
<pin_list>
<pin id="9" dir="1" index="0" bw="1" slack="0"/>
</pin_list>
<bind>
<StgValue><ssdm name="p_y"/></StgValue>
</bind>
</comp>

<comp id="10" class="1001" name="const_10">
<pin_list>
<pin id="11" dir="1" index="0" bw="1" slack="0"/>
</pin_list>
<bind>
<StgValue><ssdm name="_ssdm_op_Read.ap_ack.i32"/></StgValue>
</bind>
</comp>

<comp id="12" class="1001" name="const_12">
<pin_list>
<pin id="13" dir="1" index="0" bw="1" slack="0"/>
</pin_list>
<bind>
<StgValue><ssdm name="_ssdm_op_Read.ap_hs.i32"/></StgValue>
</bind>
</comp>

<comp id="14" class="1001" name="const_14">
<pin_list>
<pin id="15" dir="1" index="0" bw="1" slack="0"/>
</pin_list>
<bind>
<StgValue><ssdm name="_ssdm_op_Read.ap_hs.i32P"/></StgValue>
</bind>
</comp>

<comp id="16" class="1001" name="const_16">
<pin_list>
<pin id="17" dir="1" index="0" bw="1" slack="0"/>
</pin_list>
<bind>
<StgValue><ssdm name="_ssdm_op_Read.ap_vld.i32P"/></StgValue>
</bind>
</comp>

<comp id="18" class="1001" name="const_18">
<pin_list>
<pin id="19" dir="1" index="0" bw="1" slack="2147483647"/>
</pin_list>
<bind>
<StgValue><ssdm name="_ssdm_op_SpecBitsMap"/></StgValue>
</bind>
</comp>

<comp id="20" class="1001" name="const_20">
<pin_list>
<pin id="21" dir="1" index="0" bw="1" slack="2147483647"/>
</pin_list>
<bind>
<StgValue><ssdm name=""/></StgValue>
</bind>
</comp>

<comp id="22" class="1001" name="const_22">
<pin_list>
<pin id="23" dir="1" index="0" bw="1" slack="2147483647"/>
</pin_list>
<bind>
<StgValue><ssdm name="_ssdm_op_SpecTopModule"/></StgValue>
</bind>
</comp>

<comp id="24" class="1001" name="const_24">
<pin_list>
<pin id="25" dir="1" index="0" bw="1" slack="2147483647"/>
</pin_list>
<bind>
<StgValue><ssdm name="lab4_1_str"/></StgValue>
</bind>
</comp>

<comp id="26" class="1001" name="const_26">
<pin_list>
<pin id="27" dir="1" index="0" bw="1" slack="2147483647"/>
</pin_list>
<bind>
<StgValue><ssdm name="_ssdm_op_SpecInterface"/></StgValue>
</bind>
</comp>

<comp id="28" class="1001" name="const_28">
<pin_list>
<pin id="29" dir="1" index="0" bw="1" slack="2147483647"/>
</pin_list>
<bind>
<StgValue><ssdm name="p_str"/></StgValue>
</bind>
</comp>

<comp id="30" class="1001" name="const_30">
<pin_list>
<pin id="31" dir="1" index="0" bw="1" slack="2147483647"/>
</pin_list>
<bind>
<StgValue><ssdm name="p_str1"/></StgValue>
</bind>
</comp>

<comp id="32" class="1001" name="const_32">
<pin_list>
<pin id="33" dir="1" index="0" bw="1" slack="2147483647"/>
</pin_list>
<bind>
<StgValue><ssdm name="p_str2"/></StgValue>
</bind>
</comp>

<comp id="34" class="1001" name="const_34">
<pin_list>
<pin id="35" dir="1" index="0" bw="1" slack="2147483647"/>
</pin_list>
<bind>
<StgValue><ssdm name="p_str3"/></StgValue>
</bind>
</comp>

<comp id="36" class="1001" name="const_36">
<pin_list>
<pin id="37" dir="1" index="0" bw="1" slack="0"/>
</pin_list>
<bind>
<StgValue><ssdm name="_ssdm_op_Write.ap_ack.i32P"/></StgValue>
</bind>
</comp>

<comp id="38" class="1004" name="b_read_read_fu_38">
<pin_list>
<pin id="39" dir="0" index="0" bw="32" slack="0"/>
<pin id="40" dir="0" index="1" bw="32" slack="0"/>
<pin id="41" dir="1" index="2" bw="32" slack="0"/>
</pin_list>
<bind>
<opcode="read(1150) " fcode="read"/>
<opset="b_read/1 "/>
</bind>
</comp>

<comp id="44" class="1004" name="a_read_read_fu_44">
<pin_list>
<pin id="45" dir="0" index="0" bw="32" slack="0"/>
<pin id="46" dir="0" index="1" bw="32" slack="0"/>
<pin id="47" dir="1" index="2" bw="32" slack="0"/>
</pin_list>
<bind>
<opcode="read(1150) " fcode="read"/>
<opset="a_read/1 "/>
</bind>
</comp>

<comp id="50" class="1004" name="c_read_read_fu_50">
<pin_list>
<pin id="51" dir="0" index="0" bw="32" slack="0"/>
<pin id="52" dir="0" index="1" bw="32" slack="0"/>
<pin id="53" dir="1" index="2" bw="32" slack="3"/>
</pin_list>
<bind>
<opcode="read(1150) " fcode="read"/>
<opset="c_read/1 "/>
</bind>
</comp>

<comp id="56" class="1004" name="d_read_read_fu_56">
<pin_list>
<pin id="57" dir="0" index="0" bw="32" slack="0"/>
<pin id="58" dir="0" index="1" bw="32" slack="0"/>
<pin id="59" dir="1" index="2" bw="32" slack="3"/>
</pin_list>
<bind>
<opcode="read(1150) " fcode="read"/>
<opset="d_read/1 "/>
</bind>
</comp>

<comp id="62" class="1004" name="write_ln4_write_fu_62">
<pin_list>
<pin id="63" dir="0" index="0" bw="0" slack="0"/>
<pin id="64" dir="0" index="1" bw="32" slack="0"/>
<pin id="65" dir="0" index="2" bw="32" slack="0"/>
<pin id="66" dir="1" index="3" bw="0" slack="2147483647"/>
</pin_list>
<bind>
<opcode="write(1151) " fcode="write"/>
<opset="write_ln4/4 "/>
</bind>
</comp>

<comp id="69" class="1004" name="grp_fu_69">
<pin_list>
<pin id="70" dir="0" index="0" bw="32" slack="0"/>
<pin id="71" dir="0" index="1" bw="32" slack="0"/>
<pin id="72" dir="1" index="2" bw="32" slack="1"/>
</pin_list>
<bind>
<opcode="mul(12) " fcode="mul"/>
<opset="mul_ln3/1 "/>
</bind>
</comp>

<comp id="75" class="1004" name="y_fu_75">
<pin_list>
<pin id="76" dir="0" index="0" bw="32" slack="3"/>
<pin id="77" dir="0" index="1" bw="32" slack="1"/>
<pin id="78" dir="1" index="2" bw="32" slack="2147483647"/>
</pin_list>
<bind>
<opcode="add(8) " fcode="add"/>
<opset="y/4 "/>
</bind>
</comp>

<comp id="79" class="1004" name="add_ln4_fu_79">
<pin_list>
<pin id="80" dir="0" index="0" bw="32" slack="3"/>
<pin id="81" dir="0" index="1" bw="32" slack="1"/>
<pin id="82" dir="1" index="2" bw="32" slack="0"/>
</pin_list>
<bind>
<opcode="add(8) " fcode="add"/>
<opset="add_ln4/4 "/>
</bind>
</comp>

<comp id="84" class="1005" name="b_read_reg_84">
<pin_list>
<pin id="85" dir="0" index="0" bw="32" slack="1"/>
<pin id="86" dir="1" index="1" bw="32" slack="1"/>
</pin_list>
<bind>
<opset="b_read "/>
</bind>
</comp>

<comp id="89" class="1005" name="a_read_reg_89">
<pin_list>
<pin id="90" dir="0" index="0" bw="32" slack="1"/>
<pin id="91" dir="1" index="1" bw="32" slack="1"/>
</pin_list>
<bind>
<opset="a_read "/>
</bind>
</comp>

<comp id="94" class="1005" name="c_read_reg_94">
<pin_list>
<pin id="95" dir="0" index="0" bw="32" slack="3"/>
<pin id="96" dir="1" index="1" bw="32" slack="3"/>
</pin_list>
<bind>
<opset="c_read "/>
</bind>
</comp>

<comp id="99" class="1005" name="d_read_reg_99">
<pin_list>
<pin id="100" dir="0" index="0" bw="32" slack="3"/>
<pin id="101" dir="1" index="1" bw="32" slack="3"/>
</pin_list>
<bind>
<opset="d_read "/>
</bind>
</comp>

<comp id="104" class="1005" name="mul_ln3_reg_104">
<pin_list>
<pin id="105" dir="0" index="0" bw="32" slack="1"/>
<pin id="106" dir="1" index="1" bw="32" slack="1"/>
</pin_list>
<bind>
<opset="mul_ln3 "/>
</bind>
</comp>

</comp_list>

<net_list>
<net id="42"><net_src comp="10" pin="0"/><net_sink comp="38" pin=0"/></net>

<net id="43"><net_src comp="2" pin="0"/><net_sink comp="38" pin=1"/></net>

<net id="48"><net_src comp="12" pin="0"/><net_sink comp="44" pin=0"/></net>

<net id="49"><net_src comp="0" pin="0"/><net_sink comp="44" pin=1"/></net>

<net id="54"><net_src comp="14" pin="0"/><net_sink comp="50" pin=0"/></net>

<net id="55"><net_src comp="4" pin="0"/><net_sink comp="50" pin=1"/></net>

<net id="60"><net_src comp="16" pin="0"/><net_sink comp="56" pin=0"/></net>

<net id="61"><net_src comp="6" pin="0"/><net_sink comp="56" pin=1"/></net>

<net id="67"><net_src comp="36" pin="0"/><net_sink comp="62" pin=0"/></net>

<net id="68"><net_src comp="8" pin="0"/><net_sink comp="62" pin=1"/></net>

<net id="73"><net_src comp="38" pin="2"/><net_sink comp="69" pin=0"/></net>

<net id="74"><net_src comp="44" pin="2"/><net_sink comp="69" pin=1"/></net>

<net id="83"><net_src comp="79" pin="2"/><net_sink comp="62" pin=2"/></net>

<net id="87"><net_src comp="38" pin="2"/><net_sink comp="84" pin=0"/></net>

<net id="88"><net_src comp="84" pin="1"/><net_sink comp="69" pin=0"/></net>

<net id="92"><net_src comp="44" pin="2"/><net_sink comp="89" pin=0"/></net>

<net id="93"><net_src comp="89" pin="1"/><net_sink comp="69" pin=1"/></net>

<net id="97"><net_src comp="50" pin="2"/><net_sink comp="94" pin=0"/></net>

<net id="98"><net_src comp="94" pin="1"/><net_sink comp="75" pin=0"/></net>

<net id="102"><net_src comp="56" pin="2"/><net_sink comp="99" pin=0"/></net>

<net id="103"><net_src comp="99" pin="1"/><net_sink comp="79" pin=0"/></net>

<net id="107"><net_src comp="69" pin="2"/><net_sink comp="104" pin=0"/></net>

<net id="108"><net_src comp="104" pin="1"/><net_sink comp="75" pin=1"/></net>

<net id="109"><net_src comp="104" pin="1"/><net_sink comp="79" pin=1"/></net>

</net_list>

</model> 
---------------- Datapath Model END ------------------

* FSMD analyzer results:
  - Output states:
	Port: p_y | {4 }
 - Input state : 
	Port: lab4_1 : a | {1 }
	Port: lab4_1 : b | {1 }
	Port: lab4_1 : c | {1 }
	Port: lab4_1 : d | {1 }
  - Chain level:
	State 1
	State 2
	State 3
	State 4
		write_ln4 : 1
		ret_ln5 : 1


============================================================
+ Verbose Summary: Datapath Resource usage 
============================================================

* Functional unit list:
|----------|-----------------------|---------|---------|---------|
| Operation|    Functional Unit    |  DSP48E |    FF   |   LUT   |
|----------|-----------------------|---------|---------|---------|
|    mul   |       grp_fu_69       |    3    |   166   |    49   |
|----------|-----------------------|---------|---------|---------|
|    add   |        y_fu_75        |    0    |    0    |    39   |
|          |     add_ln4_fu_79     |    0    |    0    |    39   |
|----------|-----------------------|---------|---------|---------|
|          |   b_read_read_fu_38   |    0    |    0    |    0    |
|   read   |   a_read_read_fu_44   |    0    |    0    |    0    |
|          |   c_read_read_fu_50   |    0    |    0    |    0    |
|          |   d_read_read_fu_56   |    0    |    0    |    0    |
|----------|-----------------------|---------|---------|---------|
|   write  | write_ln4_write_fu_62 |    0    |    0    |    0    |
|----------|-----------------------|---------|---------|---------|
|   Total  |                       |    3    |   166   |   127   |
|----------|-----------------------|---------|---------|---------|

Memories:
N/A

* Register list:
+---------------+--------+
|               |   FF   |
+---------------+--------+
| a_read_reg_89 |   32   |
| b_read_reg_84 |   32   |
| c_read_reg_94 |   32   |
| d_read_reg_99 |   32   |
|mul_ln3_reg_104|   32   |
+---------------+--------+
|     Total     |   160  |
+---------------+--------+

* Multiplexer (MUX) list: 
|-----------|------|------|------|--------||---------||---------|
|    Comp   |  Pin | Size |  BW  | S x BW ||  Delay  ||   LUT   |
|-----------|------|------|------|--------||---------||---------|
| grp_fu_69 |  p0  |   2  |  32  |   64   ||    9    |
| grp_fu_69 |  p1  |   2  |  32  |   64   ||    9    |
|-----------|------|------|------|--------||---------||---------|
|   Total   |      |      |      |   128  ||  3.328  ||    18   |
|-----------|------|------|------|--------||---------||---------|



* Summary:
+-----------+--------+--------+--------+--------+
|           | DSP48E |  Delay |   FF   |   LUT  |
+-----------+--------+--------+--------+--------+
|  Function |    3   |    -   |   166  |   127  |
|   Memory  |    -   |    -   |    -   |    -   |
|Multiplexer|    -   |    3   |    -   |   18   |
|  Register |    -   |    -   |   160  |    -   |
+-----------+--------+--------+--------+--------+
|   Total   |    3   |    3   |   326  |   145  |
+-----------+--------+--------+--------+--------+
