

================================================================
== Vivado HLS Report for 'lab4_1'
================================================================
* Date:           Thu Jan  2 18:30:14 2020

* Version:        2019.1 (Build 2552052 on Fri May 24 15:28:33 MDT 2019)
* Project:        lab4_1
* Solution:       solution1
* Product family: artix7
* Target device:  xa7a12t-csg325-1Q


================================================================
== Performance Estimates
================================================================
+ Timing (ns): 
    * Summary: 
    +--------+-------+----------+------------+
    |  Clock | Target| Estimated| Uncertainty|
    +--------+-------+----------+------------+
    |ap_clk  |   6.00|     5.690|        0.10|
    +--------+-------+----------+------------+

+ Latency (clock cycles): 
    * Summary: 
    +-----+-----+-----+-----+---------+
    |  Latency  |  Interval | Pipeline|
    | min | max | min | max |   Type  |
    +-----+-----+-----+-----+---------+
    |    3|    3|    3|    3|   none  |
    +-----+-----+-----+-----+---------+

    + Detail: 
        * Instance: 
        N/A

        * Loop: 
        N/A



================================================================
== Utilization Estimates
================================================================
* Summary: 
+-----------------+---------+-------+-------+------+-----+
|       Name      | BRAM_18K| DSP48E|   FF  |  LUT | URAM|
+-----------------+---------+-------+-------+------+-----+
|DSP              |        -|      -|      -|     -|    -|
|Expression       |        -|      -|      0|    78|    -|
|FIFO             |        -|      -|      -|     -|    -|
|Instance         |        -|      3|    166|    49|    -|
|Memory           |        -|      -|      -|     -|    -|
|Multiplexer      |        -|      -|      -|    27|    -|
|Register         |        -|      -|     36|     -|    -|
+-----------------+---------+-------+-------+------+-----+
|Total            |        0|      3|    202|   154|    0|
+-----------------+---------+-------+-------+------+-----+
|Available        |       40|     40|  16000|  8000|    0|
+-----------------+---------+-------+-------+------+-----+
|Utilization (%)  |        0|      7|      1|     1|    0|
+-----------------+---------+-------+-------+------+-----+

+ Detail: 
    * Instance: 
    +-------------------------+----------------------+---------+-------+-----+----+-----+
    |         Instance        |        Module        | BRAM_18K| DSP48E|  FF | LUT| URAM|
    +-------------------------+----------------------+---------+-------+-----+----+-----+
    |lab4_1_mul_32s_32bkb_U1  |lab4_1_mul_32s_32bkb  |        0|      3|  166|  49|    0|
    +-------------------------+----------------------+---------+-------+-----+----+-----+
    |Total                    |                      |        0|      3|  166|  49|    0|
    +-------------------------+----------------------+---------+-------+-----+----+-----+

    * DSP48E: 
    N/A

    * Memory: 
    N/A

    * FIFO: 
    N/A

    * Expression: 
    +--------------+----------+-------+---+----+------------+------------+
    | Variable Name| Operation| DSP48E| FF| LUT| Bitwidth P0| Bitwidth P1|
    +--------------+----------+-------+---+----+------------+------------+
    |ap_return     |     +    |      0|  0|  39|          32|          32|
    |p_y           |     +    |      0|  0|  39|          32|          32|
    +--------------+----------+-------+---+----+------------+------------+
    |Total         |          |      0|  0|  78|          64|          64|
    +--------------+----------+-------+---+----+------------+------------+

    * Multiplexer: 
    +-----------+----+-----------+-----+-----------+
    |    Name   | LUT| Input Size| Bits| Total Bits|
    +-----------+----+-----------+-----+-----------+
    |ap_NS_fsm  |  27|          5|    1|          5|
    +-----------+----+-----------+-----+-----------+
    |Total      |  27|          5|    1|          5|
    +-----------+----+-----------+-----+-----------+

    * Register: 
    +----------------+----+----+-----+-----------+
    |      Name      | FF | LUT| Bits| Const Bits|
    +----------------+----+----+-----+-----------+
    |ap_CS_fsm       |   4|   0|    4|          0|
    |mul_ln3_reg_82  |  32|   0|   32|          0|
    +----------------+----+----+-----+-----------+
    |Total           |  36|   0|   36|          0|
    +----------------+----+----+-----+-----------+



================================================================
== Interface
================================================================
* Summary: 
+------------+-----+-----+------------+--------------+--------------+
|  RTL Ports | Dir | Bits|  Protocol  | Source Object|    C Type    |
+------------+-----+-----+------------+--------------+--------------+
|ap_clk      |  in |    1| ap_ctrl_hs |    lab4_1    | return value |
|ap_rst      |  in |    1| ap_ctrl_hs |    lab4_1    | return value |
|ap_start    |  in |    1| ap_ctrl_hs |    lab4_1    | return value |
|ap_done     | out |    1| ap_ctrl_hs |    lab4_1    | return value |
|ap_idle     | out |    1| ap_ctrl_hs |    lab4_1    | return value |
|ap_ready    | out |    1| ap_ctrl_hs |    lab4_1    | return value |
|ap_return   | out |   32| ap_ctrl_hs |    lab4_1    | return value |
|a           |  in |   32|   ap_none  |       a      |    scalar    |
|b           |  in |   32|   ap_none  |       b      |    scalar    |
|c           |  in |   32|   ap_none  |       c      |    pointer   |
|d           |  in |   32|   ap_none  |       d      |    pointer   |
|p_y         | out |   32|   ap_vld   |      p_y     |    pointer   |
|p_y_ap_vld  | out |    1|   ap_vld   |      p_y     |    pointer   |
+------------+-----+-----+------------+--------------+--------------+

