#-----------------------------------------------------------
# Vivado v2018.3 (64-bit)
# SW Build 2405991 on Thu Dec  6 23:38:27 MST 2018
# IP Build 2404404 on Fri Dec  7 01:43:56 MST 2018
# Start of session at: Sun May  5 14:56:20 2019
# Process ID: 4848
# Current directory: C:/Users/boris/OneDrive/WorkingDirectory/2018-2019/VivadoHLSLabs/spring/lab11_z2/source/lab11_z2/solution1/sim/verilog
# Command line: vivado.exe -source open_wave.tcl
# Log file: C:/Users/boris/OneDrive/WorkingDirectory/2018-2019/VivadoHLSLabs/spring/lab11_z2/source/lab11_z2/solution1/sim/verilog/vivado.log
# Journal file: C:/Users/boris/OneDrive/WorkingDirectory/2018-2019/VivadoHLSLabs/spring/lab11_z2/source/lab11_z2/solution1/sim/verilog\vivado.jou
#-----------------------------------------------------------
start_gui
source open_wave.tcl
# current_fileset
INFO: [IP_Flow 19-234] Refreshing IP repositories
INFO: [IP_Flow 19-1704] No user IP repositories specified
INFO: [IP_Flow 19-2313] Loaded Vivado IP repository 'C:/Xilinx/Vivado/2018.3/data/ip'.
current_fileset: Time (s): cpu = 00:00:10 ; elapsed = 00:00:07 . Memory (MB): peak = 620.414 ; gain = 62.832
# open_wave_database foo.wdb
open_wave_config C:/Users/boris/OneDrive/WorkingDirectory/2018-2019/VivadoHLSLabs/spring/lab11_z2/source/lab11_z2/solution1/sim/verilog/foo.wcfg
close_sim
INFO: [Simtcl 6-16] Simulation closed
exit
INFO: [Common 17-206] Exiting Vivado at Sun May  5 14:58:59 2019...
