==============================================================
Vivado(TM) HLS - High-Level Synthesis from C, C++ and SystemC v2019.1 (64-bit)
Copyright 1986-2019 Xilinx, Inc. All Rights Reserved.
==============================================================
INFO: [SYN 201-201] Setting up clock 'default' with a period of 6ns.
INFO: [SYN 201-201] Setting up clock 'default' with an uncertainty of 0.1ns.
WARNING: [HLS 200-40] Cannot find library 'C:/Xilinx/Vivado/2019.1/common/technology/xilinx/aartix7/aartix7.lib'.
WARNING: [HLS 200-40] Cannot find library 'xilinx/aartix7/aartix7'.
INFO: [HLS 200-10] Setting target device to 'xa7a12t-csg325-1Q'
INFO: [SYN 201-201] Setting up clock 'default' with a period of 6ns.
INFO: [SCHED 204-61] Option 'relax_ii_for_timing' is enabled, will increase II to preserve clock frequency constraints.
INFO: [HLS 200-10] Analyzing design file '../../../../../../Spbgpu/lab_z1/source/lab1_1.c' ... 
INFO: [HLS 200-111] Finished Linking Time (s): cpu = 00:00:01 ; elapsed = 00:00:19 . Memory (MB): peak = 148.453 ; gain = 53.711
INFO: [HLS 200-111] Finished Checking Pragmas Time (s): cpu = 00:00:01 ; elapsed = 00:00:19 . Memory (MB): peak = 148.453 ; gain = 53.711
INFO: [HLS 200-10] Starting code transformations ...
INFO: [HLS 200-111] Finished Standard Transforms Time (s): cpu = 00:00:01 ; elapsed = 00:00:20 . Memory (MB): peak = 148.453 ; gain = 53.711
INFO: [HLS 200-10] Checking synthesizability ...
INFO: [HLS 200-111] Finished Checking Synthesizability Time (s): cpu = 00:00:01 ; elapsed = 00:00:20 . Memory (MB): peak = 148.453 ; gain = 53.711
INFO: [HLS 200-111] Finished Pre-synthesis Time (s): cpu = 00:00:01 ; elapsed = 00:00:20 . Memory (MB): peak = 148.453 ; gain = 53.711
INFO: [HLS 200-111] Finished Architecture Synthesis Time (s): cpu = 00:00:01 ; elapsed = 00:00:20 . Memory (MB): peak = 148.453 ; gain = 53.711
INFO: [HLS 200-10] Starting hardware synthesis ...
INFO: [HLS 200-10] Synthesizing 'lab1_1' ...
INFO: [HLS 200-10] ----------------------------------------------------------------
INFO: [HLS 200-42] -- Implementing module 'lab1_1' 
INFO: [HLS 200-10] ----------------------------------------------------------------
INFO: [SCHED 204-11] Starting scheduling ...
INFO: [SCHED 204-11] Finished scheduling.
INFO: [HLS 200-111]  Elapsed time: 20.648 seconds; current allocated memory: 84.409 MB.
INFO: [BIND 205-100] Starting micro-architecture generation ...
INFO: [BIND 205-101] Performing variable lifetime analysis.
INFO: [BIND 205-101] Exploring resource sharing.
INFO: [BIND 205-101] Binding ...
INFO: [BIND 205-100] Finished micro-architecture generation.
INFO: [HLS 200-111]  Elapsed time: 0.073 seconds; current allocated memory: 84.482 MB.
INFO: [HLS 200-10] ----------------------------------------------------------------
INFO: [HLS 200-10] -- Generating RTL for module 'lab1_1' 
INFO: [HLS 200-10] ----------------------------------------------------------------
INFO: [RTGEN 206-500] Setting interface mode on port 'lab1_1/a' to 'ap_none'.
INFO: [RTGEN 206-500] Setting interface mode on port 'lab1_1/b' to 'ap_none'.
INFO: [RTGEN 206-500] Setting interface mode on port 'lab1_1/c' to 'ap_none'.
INFO: [RTGEN 206-500] Setting interface mode on port 'lab1_1/d' to 'ap_none'.
INFO: [RTGEN 206-500] Setting interface mode on function 'lab1_1' to 'ap_ctrl_hs'.
INFO: [SYN 201-210] Renamed object name 'lab1_1_mac_muladd_8s_8s_9s_16_3_1' to 'lab1_1_mac_muladdbkb' due to the length limit 20
INFO: [RTGEN 206-100] Generating core module 'lab1_1_mac_muladdbkb': 1 instance(s).
INFO: [RTGEN 206-100] Finished creating RTL model for 'lab1_1'.
INFO: [HLS 200-111]  Elapsed time: 0.058 seconds; current allocated memory: 84.664 MB.
INFO: [HLS 200-111] Finished generating all RTL models Time (s): cpu = 00:00:01 ; elapsed = 00:00:22 . Memory (MB): peak = 148.453 ; gain = 53.711
INFO: [VHDL 208-304] Generating VHDL RTL for lab1_1.
INFO: [VLOG 209-307] Generating Verilog RTL for lab1_1.
INFO: [HLS 200-112] Total elapsed time: 22.039 seconds; peak allocated memory: 84.664 MB.
==============================================================
Vivado(TM) HLS - High-Level Synthesis from C, C++ and SystemC v2019.1 (64-bit)
Copyright 1986-2019 Xilinx, Inc. All Rights Reserved.
==============================================================
INFO: [SYN 201-201] Setting up clock 'default' with a period of 6ns.
INFO: [SYN 201-201] Setting up clock 'default' with an uncertainty of 0.1ns.
WARNING: [HLS 200-40] Cannot find library 'C:/Xilinx/Vivado/2019.1/common/technology/xilinx/aartix7/aartix7.lib'.
WARNING: [HLS 200-40] Cannot find library 'xilinx/aartix7/aartix7'.
INFO: [HLS 200-10] Setting target device to 'xa7a12t-csg325-1Q'
INFO: [SIM 211-2] *************** CSIM start ***************
INFO: [SIM 211-4] CSIM will launch GCC as the compiler.
INFO: [SIM 211-1] CSim done with 0 errors.
INFO: [SIM 211-3] *************** CSIM finish ***************
==============================================================
Vivado(TM) HLS - High-Level Synthesis from C, C++ and SystemC v2019.1 (64-bit)
Copyright 1986-2019 Xilinx, Inc. All Rights Reserved.
==============================================================
INFO: [SYN 201-201] Setting up clock 'default' with a period of 6ns.
INFO: [SYN 201-201] Setting up clock 'default' with an uncertainty of 0.1ns.
WARNING: [HLS 200-40] Cannot find library 'C:/Xilinx/Vivado/2019.1/common/technology/xilinx/aartix7/aartix7.lib'.
WARNING: [HLS 200-40] Cannot find library 'xilinx/aartix7/aartix7'.
INFO: [HLS 200-10] Setting target device to 'xa7a12t-csg325-1Q'
INFO: [SYN 201-201] Setting up clock 'default' with a period of 6ns.
INFO: [SCHED 204-61] Option 'relax_ii_for_timing' is enabled, will increase II to preserve clock frequency constraints.
INFO: [HLS 200-10] Analyzing design file '../../../../../../Spbgpu/lab_z1/source/lab1_1.c' ... 
INFO: [HLS 200-111] Finished Linking Time (s): cpu = 00:00:01 ; elapsed = 00:00:07 . Memory (MB): peak = 168.887 ; gain = 75.152
INFO: [HLS 200-111] Finished Checking Pragmas Time (s): cpu = 00:00:01 ; elapsed = 00:00:07 . Memory (MB): peak = 168.887 ; gain = 75.152
INFO: [HLS 200-10] Starting code transformations ...
INFO: [HLS 200-111] Finished Standard Transforms Time (s): cpu = 00:00:01 ; elapsed = 00:00:07 . Memory (MB): peak = 168.887 ; gain = 75.152
INFO: [HLS 200-10] Checking synthesizability ...
INFO: [HLS 200-111] Finished Checking Synthesizability Time (s): cpu = 00:00:01 ; elapsed = 00:00:07 . Memory (MB): peak = 168.887 ; gain = 75.152
INFO: [HLS 200-111] Finished Pre-synthesis Time (s): cpu = 00:00:01 ; elapsed = 00:00:08 . Memory (MB): peak = 168.887 ; gain = 75.152
INFO: [HLS 200-111] Finished Architecture Synthesis Time (s): cpu = 00:00:01 ; elapsed = 00:00:08 . Memory (MB): peak = 168.887 ; gain = 75.152
INFO: [HLS 200-10] Starting hardware synthesis ...
INFO: [HLS 200-10] Synthesizing 'lab1_1' ...
INFO: [HLS 200-10] ----------------------------------------------------------------
INFO: [HLS 200-42] -- Implementing module 'lab1_1' 
INFO: [HLS 200-10] ----------------------------------------------------------------
INFO: [SCHED 204-11] Starting scheduling ...
INFO: [SCHED 204-11] Finished scheduling.
INFO: [HLS 200-111]  Elapsed time: 7.572 seconds; current allocated memory: 84.377 MB.
INFO: [BIND 205-100] Starting micro-architecture generation ...
INFO: [BIND 205-101] Performing variable lifetime analysis.
INFO: [BIND 205-101] Exploring resource sharing.
INFO: [BIND 205-101] Binding ...
INFO: [BIND 205-100] Finished micro-architecture generation.
INFO: [HLS 200-111]  Elapsed time: 0.031 seconds; current allocated memory: 84.467 MB.
INFO: [HLS 200-10] ----------------------------------------------------------------
INFO: [HLS 200-10] -- Generating RTL for module 'lab1_1' 
INFO: [HLS 200-10] ----------------------------------------------------------------
INFO: [RTGEN 206-500] Setting interface mode on port 'lab1_1/a' to 'ap_none'.
INFO: [RTGEN 206-500] Setting interface mode on port 'lab1_1/b' to 'ap_none'.
INFO: [RTGEN 206-500] Setting interface mode on port 'lab1_1/c' to 'ap_none'.
INFO: [RTGEN 206-500] Setting interface mode on port 'lab1_1/d' to 'ap_none'.
INFO: [RTGEN 206-500] Setting interface mode on function 'lab1_1' to 'ap_ctrl_hs'.
INFO: [SYN 201-210] Renamed object name 'lab1_1_mac_muladd_8s_8s_9s_16_3_1' to 'lab1_1_mac_muladdbkb' due to the length limit 20
INFO: [RTGEN 206-100] Generating core module 'lab1_1_mac_muladdbkb': 1 instance(s).
INFO: [RTGEN 206-100] Finished creating RTL model for 'lab1_1'.
INFO: [HLS 200-111]  Elapsed time: 0.041 seconds; current allocated memory: 84.664 MB.
INFO: [HLS 200-111] Finished generating all RTL models Time (s): cpu = 00:00:01 ; elapsed = 00:00:08 . Memory (MB): peak = 168.887 ; gain = 75.152
INFO: [VHDL 208-304] Generating VHDL RTL for lab1_1.
INFO: [VLOG 209-307] Generating Verilog RTL for lab1_1.
INFO: [HLS 200-112] Total elapsed time: 8.301 seconds; peak allocated memory: 84.664 MB.
==============================================================
Vivado(TM) HLS - High-Level Synthesis from C, C++ and SystemC v2019.1 (64-bit)
Copyright 1986-2019 Xilinx, Inc. All Rights Reserved.
==============================================================
INFO: [SYN 201-201] Setting up clock 'default' with a period of 6ns.
INFO: [SYN 201-201] Setting up clock 'default' with an uncertainty of 0.1ns.
WARNING: [HLS 200-40] Cannot find library 'C:/Xilinx/Vivado/2019.1/common/technology/xilinx/aartix7/aartix7.lib'.
WARNING: [HLS 200-40] Cannot find library 'xilinx/aartix7/aartix7'.
INFO: [HLS 200-10] Setting target device to 'xa7a12t-csg325-1Q'
INFO: [SIM 211-2] *************** CSIM start ***************
INFO: [SIM 211-4] CSIM will launch GCC as the compiler.
INFO: [SIM 211-1] CSim done with 0 errors.
INFO: [SIM 211-3] *************** CSIM finish ***************
==============================================================
Vivado(TM) HLS - High-Level Synthesis from C, C++ and SystemC v2019.1 (64-bit)
Copyright 1986-2019 Xilinx, Inc. All Rights Reserved.
==============================================================
INFO: [SYN 201-201] Setting up clock 'default' with a period of 6ns.
INFO: [SYN 201-201] Setting up clock 'default' with an uncertainty of 0.1ns.
WARNING: [HLS 200-40] Cannot find library 'C:/Xilinx/Vivado/2019.1/common/technology/xilinx/aartix7/aartix7.lib'.
WARNING: [HLS 200-40] Cannot find library 'xilinx/aartix7/aartix7'.
INFO: [HLS 200-10] Setting target device to 'xa7a12t-csg325-1Q'
INFO: [SYN 201-201] Setting up clock 'default' with a period of 6ns.
INFO: [SCHED 204-61] Option 'relax_ii_for_timing' is enabled, will increase II to preserve clock frequency constraints.
INFO: [HLS 200-10] Analyzing design file '../../../../../../Spbgpu/lab_z1/source/lab1_1.c' ... 
INFO: [HLS 200-111] Finished Linking Time (s): cpu = 00:00:01 ; elapsed = 00:00:07 . Memory (MB): peak = 168.566 ; gain = 74.785
INFO: [HLS 200-111] Finished Checking Pragmas Time (s): cpu = 00:00:01 ; elapsed = 00:00:07 . Memory (MB): peak = 168.566 ; gain = 74.785
INFO: [HLS 200-10] Starting code transformations ...
INFO: [HLS 200-111] Finished Standard Transforms Time (s): cpu = 00:00:01 ; elapsed = 00:00:08 . Memory (MB): peak = 168.566 ; gain = 74.785
INFO: [HLS 200-10] Checking synthesizability ...
INFO: [HLS 200-111] Finished Checking Synthesizability Time (s): cpu = 00:00:01 ; elapsed = 00:00:08 . Memory (MB): peak = 168.566 ; gain = 74.785
INFO: [HLS 200-111] Finished Pre-synthesis Time (s): cpu = 00:00:01 ; elapsed = 00:00:08 . Memory (MB): peak = 168.566 ; gain = 74.785
INFO: [HLS 200-111] Finished Architecture Synthesis Time (s): cpu = 00:00:01 ; elapsed = 00:00:08 . Memory (MB): peak = 168.566 ; gain = 74.785
INFO: [HLS 200-10] Starting hardware synthesis ...
INFO: [HLS 200-10] Synthesizing 'lab1_1' ...
INFO: [HLS 200-10] ----------------------------------------------------------------
INFO: [HLS 200-42] -- Implementing module 'lab1_1' 
INFO: [HLS 200-10] ----------------------------------------------------------------
INFO: [SCHED 204-11] Starting scheduling ...
INFO: [SCHED 204-11] Finished scheduling.
INFO: [HLS 200-111]  Elapsed time: 7.721 seconds; current allocated memory: 84.377 MB.
INFO: [BIND 205-100] Starting micro-architecture generation ...
INFO: [BIND 205-101] Performing variable lifetime analysis.
INFO: [BIND 205-101] Exploring resource sharing.
INFO: [BIND 205-101] Binding ...
INFO: [BIND 205-100] Finished micro-architecture generation.
INFO: [HLS 200-111]  Elapsed time: 0.025 seconds; current allocated memory: 84.467 MB.
INFO: [HLS 200-10] ----------------------------------------------------------------
INFO: [HLS 200-10] -- Generating RTL for module 'lab1_1' 
INFO: [HLS 200-10] ----------------------------------------------------------------
INFO: [RTGEN 206-500] Setting interface mode on port 'lab1_1/a' to 'ap_none'.
INFO: [RTGEN 206-500] Setting interface mode on port 'lab1_1/b' to 'ap_none'.
INFO: [RTGEN 206-500] Setting interface mode on port 'lab1_1/c' to 'ap_none'.
INFO: [RTGEN 206-500] Setting interface mode on port 'lab1_1/d' to 'ap_none'.
INFO: [RTGEN 206-500] Setting interface mode on function 'lab1_1' to 'ap_ctrl_hs'.
INFO: [SYN 201-210] Renamed object name 'lab1_1_mac_muladd_8s_8s_9s_16_3_1' to 'lab1_1_mac_muladdbkb' due to the length limit 20
INFO: [RTGEN 206-100] Generating core module 'lab1_1_mac_muladdbkb': 1 instance(s).
INFO: [RTGEN 206-100] Finished creating RTL model for 'lab1_1'.
INFO: [HLS 200-111]  Elapsed time: 0.037 seconds; current allocated memory: 84.664 MB.
INFO: [HLS 200-111] Finished generating all RTL models Time (s): cpu = 00:00:01 ; elapsed = 00:00:08 . Memory (MB): peak = 168.566 ; gain = 74.785
INFO: [VHDL 208-304] Generating VHDL RTL for lab1_1.
INFO: [VLOG 209-307] Generating Verilog RTL for lab1_1.
INFO: [HLS 200-112] Total elapsed time: 8.434 seconds; peak allocated memory: 84.664 MB.
==============================================================
Vivado(TM) HLS - High-Level Synthesis from C, C++ and SystemC v2019.1 (64-bit)
Copyright 1986-2019 Xilinx, Inc. All Rights Reserved.
==============================================================
INFO: [SYN 201-201] Setting up clock 'default' with a period of 6ns.
INFO: [SYN 201-201] Setting up clock 'default' with an uncertainty of 0.1ns.
WARNING: [HLS 200-40] Cannot find library 'C:/Xilinx/Vivado/2019.1/common/technology/xilinx/aartix7/aartix7.lib'.
WARNING: [HLS 200-40] Cannot find library 'xilinx/aartix7/aartix7'.
INFO: [HLS 200-10] Setting target device to 'xa7a12t-csg325-1Q'
INFO: [SIM 211-2] *************** CSIM start ***************
INFO: [SIM 211-4] CSIM will launch GCC as the compiler.
INFO: [SIM 211-1] CSim done with 0 errors.
INFO: [SIM 211-3] *************** CSIM finish ***************
==============================================================
Vivado(TM) HLS - High-Level Synthesis from C, C++ and SystemC v2019.1 (64-bit)
Copyright 1986-2019 Xilinx, Inc. All Rights Reserved.
==============================================================
INFO: [SYN 201-201] Setting up clock 'default' with a period of 6ns.
INFO: [SYN 201-201] Setting up clock 'default' with an uncertainty of 0.1ns.
WARNING: [HLS 200-40] Cannot find library 'C:/Xilinx/Vivado/2019.1/common/technology/xilinx/aartix7/aartix7.lib'.
WARNING: [HLS 200-40] Cannot find library 'xilinx/aartix7/aartix7'.
INFO: [HLS 200-10] Setting target device to 'xa7a12t-csg325-1Q'
INFO: [SIM 211-2] *************** CSIM start ***************
INFO: [SIM 211-4] CSIM will launch GCC as the compiler.
INFO: [SIM 211-1] CSim done with 0 errors.
INFO: [SIM 211-3] *************** CSIM finish ***************
==============================================================
Vivado(TM) HLS - High-Level Synthesis from C, C++ and SystemC v2019.1 (64-bit)
Copyright 1986-2019 Xilinx, Inc. All Rights Reserved.
==============================================================
INFO: [SYN 201-201] Setting up clock 'default' with a period of 6ns.
INFO: [SYN 201-201] Setting up clock 'default' with an uncertainty of 0.1ns.
WARNING: [HLS 200-40] Cannot find library 'C:/Xilinx/Vivado/2019.1/common/technology/xilinx/aartix7/aartix7.lib'.
WARNING: [HLS 200-40] Cannot find library 'xilinx/aartix7/aartix7'.
INFO: [HLS 200-10] Setting target device to 'xa7a12t-csg325-1Q'
INFO: [SCHED 204-61] Option 'relax_ii_for_timing' is enabled, will increase II to preserve clock frequency constraints.
INFO: [HLS 200-10] Analyzing design file '../../../../../../Spbgpu/lab_z1/source/lab1_1.c' ... 
INFO: [HLS 200-111] Finished Linking Time (s): cpu = 00:00:01 ; elapsed = 00:00:07 . Memory (MB): peak = 177.047 ; gain = 83.461
INFO: [HLS 200-111] Finished Checking Pragmas Time (s): cpu = 00:00:01 ; elapsed = 00:00:07 . Memory (MB): peak = 177.047 ; gain = 83.461
INFO: [HLS 200-10] Starting code transformations ...
INFO: [HLS 200-111] Finished Standard Transforms Time (s): cpu = 00:00:01 ; elapsed = 00:00:07 . Memory (MB): peak = 177.047 ; gain = 83.461
INFO: [HLS 200-10] Checking synthesizability ...
INFO: [HLS 200-111] Finished Checking Synthesizability Time (s): cpu = 00:00:01 ; elapsed = 00:00:07 . Memory (MB): peak = 177.047 ; gain = 83.461
INFO: [HLS 200-111] Finished Pre-synthesis Time (s): cpu = 00:00:01 ; elapsed = 00:00:07 . Memory (MB): peak = 177.047 ; gain = 83.461
INFO: [HLS 200-111] Finished Architecture Synthesis Time (s): cpu = 00:00:01 ; elapsed = 00:00:07 . Memory (MB): peak = 177.047 ; gain = 83.461
INFO: [HLS 200-10] Starting hardware synthesis ...
INFO: [HLS 200-10] Synthesizing 'lab1_1' ...
INFO: [HLS 200-10] ----------------------------------------------------------------
INFO: [HLS 200-42] -- Implementing module 'lab1_1' 
INFO: [HLS 200-10] ----------------------------------------------------------------
INFO: [SCHED 204-11] Starting scheduling ...
INFO: [SCHED 204-11] Finished scheduling.
INFO: [HLS 200-111]  Elapsed time: 7.306 seconds; current allocated memory: 91.214 MB.
INFO: [BIND 205-100] Starting micro-architecture generation ...
INFO: [BIND 205-101] Performing variable lifetime analysis.
INFO: [BIND 205-101] Exploring resource sharing.
INFO: [BIND 205-101] Binding ...
INFO: [BIND 205-100] Finished micro-architecture generation.
INFO: [HLS 200-111]  Elapsed time: 0.029 seconds; current allocated memory: 91.304 MB.
INFO: [HLS 200-10] ----------------------------------------------------------------
INFO: [HLS 200-10] -- Generating RTL for module 'lab1_1' 
INFO: [HLS 200-10] ----------------------------------------------------------------
INFO: [RTGEN 206-500] Setting interface mode on port 'lab1_1/a' to 'ap_none'.
INFO: [RTGEN 206-500] Setting interface mode on port 'lab1_1/b' to 'ap_none'.
INFO: [RTGEN 206-500] Setting interface mode on port 'lab1_1/c' to 'ap_none'.
INFO: [RTGEN 206-500] Setting interface mode on port 'lab1_1/d' to 'ap_none'.
INFO: [RTGEN 206-500] Setting interface mode on function 'lab1_1' to 'ap_ctrl_hs'.
INFO: [SYN 201-210] Renamed object name 'lab1_1_mac_muladd_8s_8s_9s_16_3_1' to 'lab1_1_mac_muladdbkb' due to the length limit 20
INFO: [RTGEN 206-100] Generating core module 'lab1_1_mac_muladdbkb': 1 instance(s).
INFO: [RTGEN 206-100] Finished creating RTL model for 'lab1_1'.
INFO: [HLS 200-111]  Elapsed time: 0.041 seconds; current allocated memory: 91.501 MB.
INFO: [HLS 200-111] Finished generating all RTL models Time (s): cpu = 00:00:01 ; elapsed = 00:00:08 . Memory (MB): peak = 177.047 ; gain = 83.461
INFO: [VHDL 208-304] Generating VHDL RTL for lab1_1.
INFO: [VLOG 209-307] Generating Verilog RTL for lab1_1.
INFO: [HLS 200-112] Total elapsed time: 8.023 seconds; peak allocated memory: 91.501 MB.
==============================================================
Vivado(TM) HLS - High-Level Synthesis from C, C++ and SystemC v2019.1 (64-bit)
Copyright 1986-2019 Xilinx, Inc. All Rights Reserved.
==============================================================
INFO: [SYN 201-201] Setting up clock 'default' with a period of 6ns.
INFO: [SYN 201-201] Setting up clock 'default' with an uncertainty of 0.1ns.
WARNING: [HLS 200-40] Cannot find library 'C:/Xilinx/Vivado/2019.1/common/technology/xilinx/aartix7/aartix7.lib'.
WARNING: [HLS 200-40] Cannot find library 'xilinx/aartix7/aartix7'.
INFO: [HLS 200-10] Setting target device to 'xa7a12t-csg325-1Q'
INFO: [COSIM 212-47] Using XSIM for RTL simulation.
INFO: [COSIM 212-14] Instrumenting C test bench ...
INFO: [COSIM 212-302] Starting C TB testing ... 
INFO: [COSIM 212-333] Generating C post check test bench ...
INFO: [COSIM 212-12] Generating RTL test bench ...
INFO: [COSIM 212-1] *** C/RTL co-simulation file generation completed. ***
INFO: [COSIM 212-323] Starting verilog simulation. 
INFO: [COSIM 212-15] Starting XSIM ...
INFO: [COSIM 212-316] Starting C post checking ...
INFO: [COSIM 212-1000] *** C/RTL co-simulation finished: PASS ***
==============================================================
Vivado(TM) HLS - High-Level Synthesis from C, C++ and SystemC v2019.1 (64-bit)
Copyright 1986-2019 Xilinx, Inc. All Rights Reserved.
==============================================================
INFO: [SYN 201-201] Setting up clock 'default' with a period of 6ns.
INFO: [SYN 201-201] Setting up clock 'default' with an uncertainty of 0.1ns.
WARNING: [HLS 200-40] Cannot find library 'C:/Xilinx/Vivado/2019.1/common/technology/xilinx/aartix7/aartix7.lib'.
WARNING: [HLS 200-40] Cannot find library 'xilinx/aartix7/aartix7'.
INFO: [HLS 200-10] Setting target device to 'xa7a12t-csg325-1Q'
INFO: [SIM 211-2] *************** CSIM start ***************
INFO: [SIM 211-4] CSIM will launch GCC as the compiler.
INFO: [SIM 211-1] CSim done with 0 errors.
INFO: [SIM 211-3] *************** CSIM finish ***************
==============================================================
Vivado(TM) HLS - High-Level Synthesis from C, C++ and SystemC v2019.1 (64-bit)
Copyright 1986-2019 Xilinx, Inc. All Rights Reserved.
==============================================================
INFO: [SYN 201-201] Setting up clock 'default' with a period of 6ns.
INFO: [SYN 201-201] Setting up clock 'default' with an uncertainty of 0.1ns.
WARNING: [HLS 200-40] Cannot find library 'C:/Xilinx/Vivado/2019.1/common/technology/xilinx/aartix7/aartix7.lib'.
WARNING: [HLS 200-40] Cannot find library 'xilinx/aartix7/aartix7'.
INFO: [HLS 200-10] Setting target device to 'xa7a12t-csg325-1Q'
INFO: [SCHED 204-61] Option 'relax_ii_for_timing' is enabled, will increase II to preserve clock frequency constraints.
INFO: [HLS 200-10] Analyzing design file '../../../../../../Spbgpu/lab_z1/source/lab1_1.c' ... 
INFO: [HLS 200-111] Finished Linking Time (s): cpu = 00:00:01 ; elapsed = 00:00:17 . Memory (MB): peak = 177.102 ; gain = 83.551
INFO: [HLS 200-111] Finished Checking Pragmas Time (s): cpu = 00:00:01 ; elapsed = 00:00:17 . Memory (MB): peak = 177.102 ; gain = 83.551
INFO: [HLS 200-10] Starting code transformations ...
INFO: [HLS 200-111] Finished Standard Transforms Time (s): cpu = 00:00:01 ; elapsed = 00:00:18 . Memory (MB): peak = 177.102 ; gain = 83.551
INFO: [HLS 200-10] Checking synthesizability ...
INFO: [HLS 200-111] Finished Checking Synthesizability Time (s): cpu = 00:00:01 ; elapsed = 00:00:18 . Memory (MB): peak = 177.102 ; gain = 83.551
INFO: [HLS 200-111] Finished Pre-synthesis Time (s): cpu = 00:00:01 ; elapsed = 00:00:18 . Memory (MB): peak = 177.102 ; gain = 83.551
INFO: [HLS 200-111] Finished Architecture Synthesis Time (s): cpu = 00:00:01 ; elapsed = 00:00:18 . Memory (MB): peak = 177.102 ; gain = 83.551
INFO: [HLS 200-10] Starting hardware synthesis ...
INFO: [HLS 200-10] Synthesizing 'lab1_1' ...
INFO: [HLS 200-10] ----------------------------------------------------------------
INFO: [HLS 200-42] -- Implementing module 'lab1_1' 
INFO: [HLS 200-10] ----------------------------------------------------------------
INFO: [SCHED 204-11] Starting scheduling ...
INFO: [SCHED 204-11] Finished scheduling.
INFO: [HLS 200-111]  Elapsed time: 18.195 seconds; current allocated memory: 91.214 MB.
INFO: [BIND 205-100] Starting micro-architecture generation ...
INFO: [BIND 205-101] Performing variable lifetime analysis.
INFO: [BIND 205-101] Exploring resource sharing.
INFO: [BIND 205-101] Binding ...
INFO: [BIND 205-100] Finished micro-architecture generation.
INFO: [HLS 200-111]  Elapsed time: 0.089 seconds; current allocated memory: 91.304 MB.
INFO: [HLS 200-10] ----------------------------------------------------------------
INFO: [HLS 200-10] -- Generating RTL for module 'lab1_1' 
INFO: [HLS 200-10] ----------------------------------------------------------------
INFO: [RTGEN 206-500] Setting interface mode on port 'lab1_1/a' to 'ap_none'.
INFO: [RTGEN 206-500] Setting interface mode on port 'lab1_1/b' to 'ap_none'.
INFO: [RTGEN 206-500] Setting interface mode on port 'lab1_1/c' to 'ap_none'.
INFO: [RTGEN 206-500] Setting interface mode on port 'lab1_1/d' to 'ap_none'.
INFO: [RTGEN 206-500] Setting interface mode on function 'lab1_1' to 'ap_ctrl_hs'.
INFO: [SYN 201-210] Renamed object name 'lab1_1_mac_muladd_8s_8s_9s_16_3_1' to 'lab1_1_mac_muladdbkb' due to the length limit 20
INFO: [RTGEN 206-100] Generating core module 'lab1_1_mac_muladdbkb': 1 instance(s).
INFO: [RTGEN 206-100] Finished creating RTL model for 'lab1_1'.
INFO: [HLS 200-111]  Elapsed time: 0.117 seconds; current allocated memory: 91.485 MB.
INFO: [HLS 200-111] Finished generating all RTL models Time (s): cpu = 00:00:01 ; elapsed = 00:00:19 . Memory (MB): peak = 177.102 ; gain = 83.551
INFO: [VHDL 208-304] Generating VHDL RTL for lab1_1.
INFO: [VLOG 209-307] Generating Verilog RTL for lab1_1.
INFO: [HLS 200-112] Total elapsed time: 19.261 seconds; peak allocated memory: 91.485 MB.
==============================================================
Vivado(TM) HLS - High-Level Synthesis from C, C++ and SystemC v2019.1 (64-bit)
Copyright 1986-2019 Xilinx, Inc. All Rights Reserved.
==============================================================
INFO: [SYN 201-201] Setting up clock 'default' with a period of 6ns.
INFO: [SYN 201-201] Setting up clock 'default' with an uncertainty of 0.1ns.
WARNING: [HLS 200-40] Cannot find library 'C:/Xilinx/Vivado/2019.1/common/technology/xilinx/aartix7/aartix7.lib'.
WARNING: [HLS 200-40] Cannot find library 'xilinx/aartix7/aartix7'.
INFO: [HLS 200-10] Setting target device to 'xa7a12t-csg325-1Q'
INFO: [SIM 211-2] *************** CSIM start ***************
INFO: [SIM 211-4] CSIM will launch GCC as the compiler.
INFO: [SIM 211-1] CSim done with 0 errors.
INFO: [SIM 211-3] *************** CSIM finish ***************
==============================================================
Vivado(TM) HLS - High-Level Synthesis from C, C++ and SystemC v2019.1 (64-bit)
Copyright 1986-2019 Xilinx, Inc. All Rights Reserved.
==============================================================
INFO: [SYN 201-201] Setting up clock 'default' with a period of 6ns.
INFO: [SYN 201-201] Setting up clock 'default' with an uncertainty of 0.1ns.
WARNING: [HLS 200-40] Cannot find library 'C:/Xilinx/Vivado/2019.1/common/technology/xilinx/aartix7/aartix7.lib'.
WARNING: [HLS 200-40] Cannot find library 'xilinx/aartix7/aartix7'.
INFO: [HLS 200-10] Setting target device to 'xa7a12t-csg325-1Q'
ERROR: [COSIM 212-366] Cannot delete directory  'sim/verilog': it is being used by another program. Please close the program and try again.
ERROR: [COSIM 212-5] *** C/RTL co-simulation file generation failed. ***
ERROR: [COSIM 212-4] *** C/RTL co-simulation finished: FAIL ***
