INFO: [COSIM-47] Using XSIM for RTL simulation.
INFO: [COSIM-14] Instrumenting C test bench ...
   Build using "C:/Xilinx/Vivado/2019.1/msys64/mingw64/bin/g++"
   Compiling apatb_lab1_2.cpp
   Compiling (apcc) lab1_2_test.c_pre.c.tb.c
INFO: [HLS 200-10] Running 'C:/Xilinx/Vivado/2019.1/bin/unwrapped/win64.o/apcc.exe'
INFO: [HLS 200-10] For user 'Yaroslav' on host 'svytoslavpc' (Windows NT_amd64 version 6.1) on Tue Oct 08 15:21:08 +0300 2019
INFO: [HLS 200-10] In directory 'C:/Users/Yaroslav/AppData/Roaming/Xilinx/Vivado/lab1_2/solution2/sim/wrapc'
clang: warning: argument unused during compilation: '-fno-builtin-isinf'
clang: warning: argument unused during compilation: '-fno-builtin-isnan'
INFO: [APCC 202-3] Tmp directory is apcc_db
INFO: [APCC 202-1] APCC is done.
   Compiling (apcc) lab1_2.c_pre.c.tb.c
INFO: [HLS 200-10] Running 'C:/Xilinx/Vivado/2019.1/bin/unwrapped/win64.o/apcc.exe'
INFO: [HLS 200-10] For user 'Yaroslav' on host 'svytoslavpc' (Windows NT_amd64 version 6.1) on Tue Oct 08 15:21:12 +0300 2019
INFO: [HLS 200-10] In directory 'C:/Users/Yaroslav/AppData/Roaming/Xilinx/Vivado/lab1_2/solution2/sim/wrapc'
clang: warning: argument unused during compilation: '-fno-builtin-isinf'
clang: warning: argument unused during compilation: '-fno-builtin-isnan'
INFO: [APCC 202-3] Tmp directory is apcc_db
INFO: [APCC 202-1] APCC is done.
   Generating cosim.tv.exe
INFO: [COSIM-302] Starting C TB testing ... 
INFO: [COSIM-333] Generating C post check test bench ...
INFO: [COSIM-12] Generating RTL test bench ...
INFO: [COSIM-1] *** C/RTL co-simulation file generation completed. ***
INFO: [COSIM-323] Starting verilog simulation. 
INFO: [COSIM-15] Starting XSIM ...
INFO: [COSIM-316] Starting C post checking ...
  5*1+10+15=30 
  5*3+10+15=40 
  5*9+10+15=70 
  25*1+30+35=90 
  25*3+30+35=140 
  25*9+30+35=290 
  45*1+50+55=150 
  45*3+50+55=240 
  45*9+50+55=510 
----------Pass!------------

C:\Users\Yaroslav\AppData\Roaming\Xilinx\Vivado\lab1_2\solution2\sim\verilog>set PATH= 

C:\Users\Yaroslav\AppData\Roaming\Xilinx\Vivado\lab1_2\solution2\sim\verilog>call C:/Xilinx/Vivado/2019.1/bin/xelab xil_defaultlib.apatb_lab1_2_top glbl -prj lab1_2.prj -L smartconnect_v1_0 -L axi_protocol_checker_v1_1_12 -L axi_protocol_checker_v1_1_13 -L axis_protocol_checker_v1_1_11 -L axis_protocol_checker_v1_1_12 -L xil_defaultlib -L unisims_ver -L xpm --initfile "C:/Xilinx/Vivado/2019.1/data/xsim/ip/xsim_ip.ini" --lib "ieee_proposed=./ieee_proposed" -s lab1_2 -debug wave 
INFO: [XSIM 43-3496] Using init file passed via -initfile option "C:/Xilinx/Vivado/2019.1/data/xsim/ip/xsim_ip.ini".
Vivado Simulator 2019.1
Copyright 1986-1999, 2001-2019 Xilinx, Inc. All Rights Reserved.
Running: C:/Xilinx/Vivado/2019.1/bin/unwrapped/win64.o/xelab.exe xil_defaultlib.apatb_lab1_2_top glbl -prj lab1_2.prj -L smartconnect_v1_0 -L axi_protocol_checker_v1_1_12 -L axi_protocol_checker_v1_1_13 -L axis_protocol_checker_v1_1_11 -L axis_protocol_checker_v1_1_12 -L xil_defaultlib -L unisims_ver -L xpm --initfile C:/Xilinx/Vivado/2019.1/data/xsim/ip/xsim_ip.ini --lib ieee_proposed=./ieee_proposed -s lab1_2 -debug wave 
Multi-threading is on. Using 2 slave threads.
INFO: [VRFC 10-2263] Analyzing SystemVerilog file "C:/Users/Yaroslav/AppData/Roaming/Xilinx/Vivado/lab1_2/solution2/sim/verilog/glbl.v" into library work
INFO: [VRFC 10-311] analyzing module glbl
INFO: [VRFC 10-2263] Analyzing SystemVerilog file "C:/Users/Yaroslav/AppData/Roaming/Xilinx/Vivado/lab1_2/solution2/sim/verilog/AESL_automem_in_r.v" into library xil_defaultlib
INFO: [VRFC 10-311] analyzing module AESL_automem_in_r
INFO: [VRFC 10-2263] Analyzing SystemVerilog file "C:/Users/Yaroslav/AppData/Roaming/Xilinx/Vivado/lab1_2/solution2/sim/verilog/AESL_automem_out_r.v" into library xil_defaultlib
INFO: [VRFC 10-311] analyzing module AESL_automem_out_r
INFO: [VRFC 10-2263] Analyzing SystemVerilog file "C:/Users/Yaroslav/AppData/Roaming/Xilinx/Vivado/lab1_2/solution2/sim/verilog/lab1_2.autotb.v" into library xil_defaultlib
INFO: [VRFC 10-311] analyzing module apatb_lab1_2_top
INFO: [VRFC 10-2263] Analyzing SystemVerilog file "C:/Users/Yaroslav/AppData/Roaming/Xilinx/Vivado/lab1_2/solution2/sim/verilog/lab1_2.v" into library xil_defaultlib
INFO: [VRFC 10-311] analyzing module lab1_2
Starting static elaboration
Completed static elaboration
Starting simulation data flow analysis
Completed simulation data flow analysis
Time Resolution for simulation is 1ps
Compiling module xil_defaultlib.lab1_2
Compiling module xil_defaultlib.AESL_automem_in_r
Compiling module xil_defaultlib.AESL_automem_out_r
Compiling module xil_defaultlib.apatb_lab1_2_top
Compiling module work.glbl
Built simulation snapshot lab1_2

****** Webtalk v2019.1 (64-bit)
  **** SW Build 2552052 on Fri May 24 14:49:42 MDT 2019
  **** IP Build 2548770 on Fri May 24 18:01:18 MDT 2019
    ** Copyright 1986-2019 Xilinx, Inc. All Rights Reserved.

source C:/Users/Yaroslav/AppData/Roaming/Xilinx/Vivado/lab1_2/solution2/sim/verilog/xsim.dir/lab1_2/webtalk/xsim_webtalk.tcl -notrace
INFO: [Common 17-186] 'C:/Users/Yaroslav/AppData/Roaming/Xilinx/Vivado/lab1_2/solution2/sim/verilog/xsim.dir/lab1_2/webtalk/usage_statistics_ext_xsim.xml' has been successfully sent to Xilinx on Tue Oct  8 15:21:23 2019. For additional details about this file, please refer to the WebTalk help file at C:/Xilinx/Vivado/2019.1/doc/webtalk_introduction.html.
webtalk_transmit: Time (s): cpu = 00:00:00 ; elapsed = 00:00:05 . Memory (MB): peak = 112.402 ; gain = 23.813
INFO: [Common 17-206] Exiting Webtalk at Tue Oct  8 15:21:23 2019...

****** xsim v2019.1 (64-bit)
  **** SW Build 2552052 on Fri May 24 14:49:42 MDT 2019
  **** IP Build 2548770 on Fri May 24 18:01:18 MDT 2019
    ** Copyright 1986-2019 Xilinx, Inc. All Rights Reserved.

source xsim.dir/lab1_2/xsim_script.tcl
# xsim {lab1_2} -autoloadwcfg -tclbatch {lab1_2.tcl}
Vivado Simulator 2019.1
Time resolution is 1 ps
source lab1_2.tcl
## log_wave -r /
WARNING: [Simtcl 6-197] One or more HDL objects could not be logged because of object type or size limitations.  To see details please rerun the command with -verbose (-v).
## set designtopgroup [add_wave_group "Design Top Signals"]
## set coutputgroup [add_wave_group "C Outputs" -into $designtopgroup]
## set out_group [add_wave_group out(memory) -into $coutputgroup]
## add_wave /apatb_lab1_2_top/AESL_inst_lab1_2/out_r_d0 -into $out_group -radix hex
## add_wave /apatb_lab1_2_top/AESL_inst_lab1_2/out_r_we0 -into $out_group -color #ffff00 -radix hex
## add_wave /apatb_lab1_2_top/AESL_inst_lab1_2/out_r_ce0 -into $out_group -color #ffff00 -radix hex
## add_wave /apatb_lab1_2_top/AESL_inst_lab1_2/out_r_address0 -into $out_group -radix hex
## set cinputgroup [add_wave_group "C Inputs" -into $designtopgroup]
## set c_group [add_wave_group c(wire) -into $cinputgroup]
## add_wave /apatb_lab1_2_top/AESL_inst_lab1_2/c -into $c_group -radix hex
## set b_group [add_wave_group b(wire) -into $cinputgroup]
## add_wave /apatb_lab1_2_top/AESL_inst_lab1_2/b -into $b_group -radix hex
## set a_group [add_wave_group a(wire) -into $cinputgroup]
## add_wave /apatb_lab1_2_top/AESL_inst_lab1_2/a -into $a_group -radix hex
## set in_group [add_wave_group in(memory) -into $cinputgroup]
## add_wave /apatb_lab1_2_top/AESL_inst_lab1_2/in_r_q0 -into $in_group -radix hex
## add_wave /apatb_lab1_2_top/AESL_inst_lab1_2/in_r_ce0 -into $in_group -color #ffff00 -radix hex
## add_wave /apatb_lab1_2_top/AESL_inst_lab1_2/in_r_address0 -into $in_group -radix hex
## set blocksiggroup [add_wave_group "Block-level IO Handshake" -into $designtopgroup]
## add_wave /apatb_lab1_2_top/AESL_inst_lab1_2/ap_start -into $blocksiggroup
## add_wave /apatb_lab1_2_top/AESL_inst_lab1_2/ap_done -into $blocksiggroup
## add_wave /apatb_lab1_2_top/AESL_inst_lab1_2/ap_idle -into $blocksiggroup
## add_wave /apatb_lab1_2_top/AESL_inst_lab1_2/ap_ready -into $blocksiggroup
## set resetgroup [add_wave_group "Reset" -into $designtopgroup]
## add_wave /apatb_lab1_2_top/AESL_inst_lab1_2/ap_rst -into $resetgroup
## set clockgroup [add_wave_group "Clock" -into $designtopgroup]
## add_wave /apatb_lab1_2_top/AESL_inst_lab1_2/ap_clk -into $clockgroup
## set testbenchgroup [add_wave_group "Test Bench Signals"]
## set tbinternalsiggroup [add_wave_group "Internal Signals" -into $testbenchgroup]
## set tb_simstatus_group [add_wave_group "Simulation Status" -into $tbinternalsiggroup]
## set tb_portdepth_group [add_wave_group "Port Depth" -into $tbinternalsiggroup]
## add_wave /apatb_lab1_2_top/AUTOTB_TRANSACTION_NUM -into $tb_simstatus_group -radix hex
## add_wave /apatb_lab1_2_top/ready_cnt -into $tb_simstatus_group -radix hex
## add_wave /apatb_lab1_2_top/done_cnt -into $tb_simstatus_group -radix hex
## add_wave /apatb_lab1_2_top/LENGTH_in_r -into $tb_portdepth_group -radix hex
## add_wave /apatb_lab1_2_top/LENGTH_a -into $tb_portdepth_group -radix hex
## add_wave /apatb_lab1_2_top/LENGTH_b -into $tb_portdepth_group -radix hex
## add_wave /apatb_lab1_2_top/LENGTH_c -into $tb_portdepth_group -radix hex
## add_wave /apatb_lab1_2_top/LENGTH_out_r -into $tb_portdepth_group -radix hex
## set tbcoutputgroup [add_wave_group "C Outputs" -into $testbenchgroup]
## set tb_out_group [add_wave_group out(memory) -into $tbcoutputgroup]
## add_wave /apatb_lab1_2_top/out_r_d0 -into $tb_out_group -radix hex
## add_wave /apatb_lab1_2_top/out_r_we0 -into $tb_out_group -color #ffff00 -radix hex
## add_wave /apatb_lab1_2_top/out_r_ce0 -into $tb_out_group -color #ffff00 -radix hex
## add_wave /apatb_lab1_2_top/out_r_address0 -into $tb_out_group -radix hex
## set tbcinputgroup [add_wave_group "C Inputs" -into $testbenchgroup]
## set tb_c_group [add_wave_group c(wire) -into $tbcinputgroup]
## add_wave /apatb_lab1_2_top/c -into $tb_c_group -radix hex
## set tb_b_group [add_wave_group b(wire) -into $tbcinputgroup]
## add_wave /apatb_lab1_2_top/b -into $tb_b_group -radix hex
## set tb_a_group [add_wave_group a(wire) -into $tbcinputgroup]
## add_wave /apatb_lab1_2_top/a -into $tb_a_group -radix hex
## set tb_in_group [add_wave_group in(memory) -into $tbcinputgroup]
## add_wave /apatb_lab1_2_top/in_r_q0 -into $tb_in_group -radix hex
## add_wave /apatb_lab1_2_top/in_r_ce0 -into $tb_in_group -color #ffff00 -radix hex
## add_wave /apatb_lab1_2_top/in_r_address0 -into $tb_in_group -radix hex
## save_wave_config lab1_2.wcfg
## run all
////////////////////////////////////////////////////////////////////////////////////
// Inter-Transaction Progress: Completed Transaction / Total Transaction
// Intra-Transaction Progress: Measured Latency / Latency Estimation * 100%
//
// RTL Simulation : "Inter-Transaction Progress" ["Intra-Transaction Progress"] @ "Simulation Time"
////////////////////////////////////////////////////////////////////////////////////
// RTL Simulation : 0 / 3 [0.00%] @ "125000"
// RTL Simulation : 1 / 3 [100.00%] @ "275000"
// RTL Simulation : 2 / 3 [100.00%] @ "415000"
// RTL Simulation : 3 / 3 [100.00%] @ "555000"
////////////////////////////////////////////////////////////////////////////////////
$finish called at time : 595 ns : File "C:/Users/Yaroslav/AppData/Roaming/Xilinx/Vivado/lab1_2/solution2/sim/verilog/lab1_2.autotb.v" Line 445
## quit
INFO: [Common 17-206] Exiting xsim at Tue Oct  8 15:21:32 2019...
  5*1+10+15=30 
  5*3+10+15=40 
  5*9+10+15=70 
  25*1+30+35=90 
  25*3+30+35=140 
  25*9+30+35=290 
  45*1+50+55=150 
  45*3+50+55=240 
  45*9+50+55=510 
----------Pass!------------
INFO: [COSIM-1000] *** C/RTL co-simulation finished: PASS ***
