

================================================================
== Vivado HLS Report for 'dct_2d'
================================================================
* Date:           Tue Nov  5 20:05:27 2019

* Version:        2019.1 (Build 2552052 on Fri May 24 15:28:33 MDT 2019)
* Project:        dct_prj
* Solution:       solution3
* Product family: kintex7
* Target device:  xc7k160t-fbg484-1


================================================================
== Performance Estimates
================================================================
+ Timing (ns): 
    * Summary: 
    +--------+-------+----------+------------+
    |  Clock | Target| Estimated| Uncertainty|
    +--------+-------+----------+------------+
    |ap_clk  |   6.00|     5.790|        1.25|
    +--------+-------+----------+------------+

+ Latency (clock cycles): 
    * Summary: 
    +-----+-----+-----+-----+---------+
    |  Latency  |  Interval | Pipeline|
    | min | max | min | max |   Type  |
    +-----+-----+-----+-----+---------+
    |  393|  393|  393|  393|   none  |
    +-----+-----+-----+-----+---------+

    + Detail: 
        * Instance: 
        N/A

        * Loop: 
        +---------------------------------------------+-----+-----+----------+-----------+-----------+------+----------+
        |                                             |  Latency  | Iteration|  Initiation Interval  | Trip |          |
        |                  Loop Name                  | min | max |  Latency |  achieved |   target  | Count| Pipelined|
        +---------------------------------------------+-----+-----+----------+-----------+-----------+------+----------+
        |- Row_DCT_Loop                               |  128|  128|        16|          -|          -|     8|    no    |
        |- Xpose_Row_Outer_Loop_Xpose_Row_Inner_Loop  |   65|   65|         3|          1|          1|    64|    yes   |
        |- Col_DCT_Loop                               |  128|  128|        16|          -|          -|     8|    no    |
        |- Xpose_Col_Outer_Loop_Xpose_Col_Inner_Loop  |   66|   66|         4|          1|          1|    64|    yes   |
        +---------------------------------------------+-----+-----+----------+-----------+-----------+------+----------+

============================================================
+ Verbose Summary: Synthesis Manager
============================================================
InlineROM: 1
ExposeGlobal: 0
============================================================
+ Verbose Summary: CDFG Model
============================================================
IsTopModel: 0
ResetActiveHigh: 1
IsCombinational: 0
IsDatapathOnly: 0
HasWiredReturn: 1
HasMFsm: 0
HasVarLatency: 1
IsPipeline: 0
IsRtlPipelined: 0
IsInstanceOverlapped: 0
IsDontTouch: 0
HasImplIP: 0
IsGatedGlobalClock: 0

+ Individual pipeline summary: 
  * Pipeline-0: initiation interval (II) = 1, depth = 3
  * Pipeline-1: initiation interval (II) = 1, depth = 4


============================================================
+ Verbose Summary: Schedule
============================================================
* Number of FSM states : 14
* Pipeline : 2
  Pipeline-0 : II = 1, D = 3, States = { 4 5 6 }
  Pipeline-1 : II = 1, D = 4, States = { 10 11 12 13 }
* Dataflow Pipeline: 0

* FSM state transitions: 
1 --> 2 
2 --> 3 4 
3 --> 2 
4 --> 7 5 
5 --> 6 
6 --> 4 
7 --> 8 
8 --> 9 10 
9 --> 8 
10 --> 14 11 
11 --> 12 
12 --> 13 
13 --> 10 
14 --> 

* FSM state operations: 

State 1 <SV = 0> <Delay = 1.06>
ST_1 : Operation 15 [1/1] (0.00ns)   --->   "%row_outbuf = alloca [64 x i16], align 2"   --->   Operation 15 'alloca' 'row_outbuf' <Predicate = true> <Delay = 0.00> <Core = "RAM">   --->   Core 37 'RAM' <Latency = 1> <II = 1> <Delay = 2.66> <Storage> <Opcode : 'load' 'store'> <Ports = 2> <Width = 16> <Depth = 64> <RAM>
ST_1 : Operation 16 [1/1] (0.00ns)   --->   "%col_outbuf = alloca [64 x i16], align 2"   --->   Operation 16 'alloca' 'col_outbuf' <Predicate = true> <Delay = 0.00> <Core = "RAM">   --->   Core 37 'RAM' <Latency = 1> <II = 1> <Delay = 2.66> <Storage> <Opcode : 'load' 'store'> <Ports = 2> <Width = 16> <Depth = 64> <RAM>
ST_1 : Operation 17 [1/1] (0.00ns)   --->   "%col_inbuf_0 = alloca [8 x i16], align 2" [dct.c:27]   --->   Operation 17 'alloca' 'col_inbuf_0' <Predicate = true> <Delay = 0.00> <Core = "RAM">   --->   Core 37 'RAM' <Latency = 1> <II = 1> <Delay = 2.66> <Storage> <Opcode : 'load' 'store'> <Ports = 2> <Width = 16> <Depth = 64> <RAM>
ST_1 : Operation 18 [1/1] (0.00ns)   --->   "%col_inbuf_1 = alloca [8 x i16], align 2" [dct.c:27]   --->   Operation 18 'alloca' 'col_inbuf_1' <Predicate = true> <Delay = 0.00> <Core = "RAM">   --->   Core 37 'RAM' <Latency = 1> <II = 1> <Delay = 2.66> <Storage> <Opcode : 'load' 'store'> <Ports = 2> <Width = 16> <Depth = 64> <RAM>
ST_1 : Operation 19 [1/1] (0.00ns)   --->   "%col_inbuf_2 = alloca [8 x i16], align 2" [dct.c:27]   --->   Operation 19 'alloca' 'col_inbuf_2' <Predicate = true> <Delay = 0.00> <Core = "RAM">   --->   Core 37 'RAM' <Latency = 1> <II = 1> <Delay = 2.66> <Storage> <Opcode : 'load' 'store'> <Ports = 2> <Width = 16> <Depth = 64> <RAM>
ST_1 : Operation 20 [1/1] (0.00ns)   --->   "%col_inbuf_3 = alloca [8 x i16], align 2" [dct.c:27]   --->   Operation 20 'alloca' 'col_inbuf_3' <Predicate = true> <Delay = 0.00> <Core = "RAM">   --->   Core 37 'RAM' <Latency = 1> <II = 1> <Delay = 2.66> <Storage> <Opcode : 'load' 'store'> <Ports = 2> <Width = 16> <Depth = 64> <RAM>
ST_1 : Operation 21 [1/1] (0.00ns)   --->   "%col_inbuf_4 = alloca [8 x i16], align 2" [dct.c:27]   --->   Operation 21 'alloca' 'col_inbuf_4' <Predicate = true> <Delay = 0.00> <Core = "RAM">   --->   Core 37 'RAM' <Latency = 1> <II = 1> <Delay = 2.66> <Storage> <Opcode : 'load' 'store'> <Ports = 2> <Width = 16> <Depth = 64> <RAM>
ST_1 : Operation 22 [1/1] (0.00ns)   --->   "%col_inbuf_5 = alloca [8 x i16], align 2" [dct.c:27]   --->   Operation 22 'alloca' 'col_inbuf_5' <Predicate = true> <Delay = 0.00> <Core = "RAM">   --->   Core 37 'RAM' <Latency = 1> <II = 1> <Delay = 2.66> <Storage> <Opcode : 'load' 'store'> <Ports = 2> <Width = 16> <Depth = 64> <RAM>
ST_1 : Operation 23 [1/1] (0.00ns)   --->   "%col_inbuf_6 = alloca [8 x i16], align 2" [dct.c:27]   --->   Operation 23 'alloca' 'col_inbuf_6' <Predicate = true> <Delay = 0.00> <Core = "RAM">   --->   Core 37 'RAM' <Latency = 1> <II = 1> <Delay = 2.66> <Storage> <Opcode : 'load' 'store'> <Ports = 2> <Width = 16> <Depth = 64> <RAM>
ST_1 : Operation 24 [1/1] (0.00ns)   --->   "%col_inbuf_7 = alloca [8 x i16], align 2" [dct.c:27]   --->   Operation 24 'alloca' 'col_inbuf_7' <Predicate = true> <Delay = 0.00> <Core = "RAM">   --->   Core 37 'RAM' <Latency = 1> <II = 1> <Delay = 2.66> <Storage> <Opcode : 'load' 'store'> <Ports = 2> <Width = 16> <Depth = 64> <RAM>
ST_1 : Operation 25 [1/1] (1.06ns)   --->   "br label %1" [dct.c:32]   --->   Operation 25 'br' <Predicate = true> <Delay = 1.06>

State 2 <SV = 1> <Delay = 1.70>
ST_2 : Operation 26 [1/1] (0.00ns)   --->   "%i_0 = phi i4 [ 0, %0 ], [ %i, %2 ]"   --->   Operation 26 'phi' 'i_0' <Predicate = true> <Delay = 0.00>
ST_2 : Operation 27 [1/1] (1.08ns)   --->   "%icmp_ln32 = icmp eq i4 %i_0, -8" [dct.c:32]   --->   Operation 27 'icmp' 'icmp_ln32' <Predicate = true> <Delay = 1.08> <Core = "Cmp">   --->   Core 25 'Cmp' <Latency = 0> <II = 1> <Delay = 1.08> <FuncUnit> <Opcode : 'icmp'> <InPorts = 2> <OutPorts = 1>
ST_2 : Operation 28 [1/1] (0.00ns)   --->   "%empty = call i32 (...)* @_ssdm_op_SpecLoopTripCount(i64 8, i64 8, i64 8)"   --->   Operation 28 'speclooptripcount' 'empty' <Predicate = true> <Delay = 0.00>
ST_2 : Operation 29 [1/1] (1.32ns)   --->   "%i = add i4 %i_0, 1" [dct.c:32]   --->   Operation 29 'add' 'i' <Predicate = true> <Delay = 1.32> <Core = "AddSub">   --->   Core 14 'AddSub' <Latency = 0> <II = 1> <Delay = 1.32> <FuncUnit> <Opcode : 'add' 'sub'> <InPorts = 2> <OutPorts = 1>
ST_2 : Operation 30 [1/1] (0.00ns)   --->   "br i1 %icmp_ln32, label %.preheader2.preheader.preheader, label %2" [dct.c:32]   --->   Operation 30 'br' <Predicate = true> <Delay = 0.00>
ST_2 : Operation 31 [2/2] (1.06ns)   --->   "call fastcc void @dct_1d([8 x i16]* %in_block_0, [8 x i16]* %in_block_1, [8 x i16]* %in_block_2, [8 x i16]* %in_block_3, [8 x i16]* %in_block_4, [8 x i16]* %in_block_5, [8 x i16]* %in_block_6, [8 x i16]* %in_block_7, i4 %i_0, [64 x i16]* %row_outbuf, i4 %i_0)" [dct.c:33]   --->   Operation 31 'call' <Predicate = (!icmp_ln32)> <Delay = 1.06> <CoreType = "Generic">   --->   Core 0 '' <Latency = 0> <II = 1> <Delay = 1.00> <Generic> <Opcode : >
ST_2 : Operation 32 [1/1] (1.06ns)   --->   "br label %.preheader2.preheader" [dct.c:37]   --->   Operation 32 'br' <Predicate = (icmp_ln32)> <Delay = 1.06>

State 3 <SV = 2> <Delay = 0.00>
ST_3 : Operation 33 [1/1] (0.00ns)   --->   "call void (...)* @_ssdm_op_SpecLoopName([13 x i8]* @p_str4) nounwind" [dct.c:32]   --->   Operation 33 'specloopname' <Predicate = true> <Delay = 0.00>
ST_3 : Operation 34 [1/2] (0.00ns)   --->   "call fastcc void @dct_1d([8 x i16]* %in_block_0, [8 x i16]* %in_block_1, [8 x i16]* %in_block_2, [8 x i16]* %in_block_3, [8 x i16]* %in_block_4, [8 x i16]* %in_block_5, [8 x i16]* %in_block_6, [8 x i16]* %in_block_7, i4 %i_0, [64 x i16]* %row_outbuf, i4 %i_0)" [dct.c:33]   --->   Operation 34 'call' <Predicate = true> <Delay = 0.00> <CoreType = "Generic">   --->   Core 0 '' <Latency = 0> <II = 1> <Delay = 1.00> <Generic> <Opcode : >
ST_3 : Operation 35 [1/1] (0.00ns)   --->   "br label %1" [dct.c:32]   --->   Operation 35 'br' <Predicate = true> <Delay = 0.00>

State 4 <SV = 2> <Delay = 3.06>
ST_4 : Operation 36 [1/1] (0.00ns)   --->   "%indvar_flatten = phi i7 [ %add_ln37, %Xpose_Row_Inner_Loop_end ], [ 0, %.preheader2.preheader.preheader ]" [dct.c:37]   --->   Operation 36 'phi' 'indvar_flatten' <Predicate = true> <Delay = 0.00>
ST_4 : Operation 37 [1/1] (0.00ns)   --->   "%j_0 = phi i4 [ %select_ln40_1, %Xpose_Row_Inner_Loop_end ], [ 0, %.preheader2.preheader.preheader ]" [dct.c:40]   --->   Operation 37 'phi' 'j_0' <Predicate = true> <Delay = 0.00>
ST_4 : Operation 38 [1/1] (0.00ns)   --->   "%i_1 = phi i4 [ %i_5, %Xpose_Row_Inner_Loop_end ], [ 0, %.preheader2.preheader.preheader ]"   --->   Operation 38 'phi' 'i_1' <Predicate = true> <Delay = 0.00>
ST_4 : Operation 39 [1/1] (1.18ns)   --->   "%icmp_ln37 = icmp eq i7 %indvar_flatten, -64" [dct.c:37]   --->   Operation 39 'icmp' 'icmp_ln37' <Predicate = true> <Delay = 1.18> <Core = "Cmp">   --->   Core 25 'Cmp' <Latency = 0> <II = 1> <Delay = 1.08> <FuncUnit> <Opcode : 'icmp'> <InPorts = 2> <OutPorts = 1>
ST_4 : Operation 40 [1/1] (1.37ns)   --->   "%add_ln37 = add i7 %indvar_flatten, 1" [dct.c:37]   --->   Operation 40 'add' 'add_ln37' <Predicate = true> <Delay = 1.37> <Core = "AddSub">   --->   Core 14 'AddSub' <Latency = 0> <II = 1> <Delay = 1.32> <FuncUnit> <Opcode : 'add' 'sub'> <InPorts = 2> <OutPorts = 1>
ST_4 : Operation 41 [1/1] (0.00ns)   --->   "br i1 %icmp_ln37, label %.preheader1.preheader, label %Xpose_Row_Inner_Loop_begin" [dct.c:37]   --->   Operation 41 'br' <Predicate = true> <Delay = 0.00>
ST_4 : Operation 42 [1/1] (1.32ns)   --->   "%j = add i4 1, %j_0" [dct.c:37]   --->   Operation 42 'add' 'j' <Predicate = (!icmp_ln37)> <Delay = 1.32> <Core = "AddSub">   --->   Core 14 'AddSub' <Latency = 0> <II = 1> <Delay = 1.32> <FuncUnit> <Opcode : 'add' 'sub'> <InPorts = 2> <OutPorts = 1>
ST_4 : Operation 43 [1/1] (1.08ns)   --->   "%icmp_ln39 = icmp eq i4 %i_1, -8" [dct.c:39]   --->   Operation 43 'icmp' 'icmp_ln39' <Predicate = (!icmp_ln37)> <Delay = 1.08> <Core = "Cmp">   --->   Core 25 'Cmp' <Latency = 0> <II = 1> <Delay = 1.08> <FuncUnit> <Opcode : 'icmp'> <InPorts = 2> <OutPorts = 1>
ST_4 : Operation 44 [1/1] (0.66ns)   --->   "%select_ln40 = select i1 %icmp_ln39, i4 0, i4 %i_1" [dct.c:40]   --->   Operation 44 'select' 'select_ln40' <Predicate = (!icmp_ln37)> <Delay = 0.66> <Core = "Sel">   --->   Core 26 'Sel' <Latency = 0> <II = 1> <Delay = 0.66> <FuncUnit> <Opcode : 'select'> <InPorts = 3> <OutPorts = 1>
ST_4 : Operation 45 [1/1] (0.66ns)   --->   "%select_ln40_1 = select i1 %icmp_ln39, i4 %j, i4 %j_0" [dct.c:40]   --->   Operation 45 'select' 'select_ln40_1' <Predicate = (!icmp_ln37)> <Delay = 0.66> <Core = "Sel">   --->   Core 26 'Sel' <Latency = 0> <II = 1> <Delay = 0.66> <FuncUnit> <Opcode : 'select'> <InPorts = 3> <OutPorts = 1>
ST_4 : Operation 46 [1/1] (0.00ns)   --->   "%trunc_ln40 = trunc i4 %select_ln40 to i3" [dct.c:40]   --->   Operation 46 'trunc' 'trunc_ln40' <Predicate = (!icmp_ln37)> <Delay = 0.00>
ST_4 : Operation 47 [1/1] (1.11ns)   --->   "switch i3 %trunc_ln40, label %branch7 [
    i3 0, label %branch0
    i3 1, label %branch1
    i3 2, label %branch2
    i3 3, label %branch3
    i3 -4, label %branch4
    i3 -3, label %branch5
    i3 -2, label %branch6
  ]" [dct.c:40]   --->   Operation 47 'switch' <Predicate = (!icmp_ln37)> <Delay = 1.11>
ST_4 : Operation 48 [1/1] (1.32ns)   --->   "%i_5 = add i4 %select_ln40, 1" [dct.c:39]   --->   Operation 48 'add' 'i_5' <Predicate = (!icmp_ln37)> <Delay = 1.32> <Core = "AddSub">   --->   Core 14 'AddSub' <Latency = 0> <II = 1> <Delay = 1.32> <FuncUnit> <Opcode : 'add' 'sub'> <InPorts = 2> <OutPorts = 1>

State 5 <SV = 3> <Delay = 4.03>
ST_5 : Operation 49 [1/1] (0.00ns)   --->   "%zext_ln40_1 = zext i4 %select_ln40_1 to i8" [dct.c:40]   --->   Operation 49 'zext' 'zext_ln40_1' <Predicate = (!icmp_ln37)> <Delay = 0.00>
ST_5 : Operation 50 [1/1] (0.00ns)   --->   "%tmp = call i7 @_ssdm_op_BitConcatenate.i7.i4.i3(i4 %select_ln40, i3 0)" [dct.c:40]   --->   Operation 50 'bitconcatenate' 'tmp' <Predicate = (!icmp_ln37)> <Delay = 0.00>
ST_5 : Operation 51 [1/1] (0.00ns)   --->   "%zext_ln40_2 = zext i7 %tmp to i8" [dct.c:40]   --->   Operation 51 'zext' 'zext_ln40_2' <Predicate = (!icmp_ln37)> <Delay = 0.00>
ST_5 : Operation 52 [1/1] (1.37ns)   --->   "%add_ln40 = add i8 %zext_ln40_2, %zext_ln40_1" [dct.c:40]   --->   Operation 52 'add' 'add_ln40' <Predicate = (!icmp_ln37)> <Delay = 1.37> <Core = "AddSub">   --->   Core 14 'AddSub' <Latency = 0> <II = 1> <Delay = 1.32> <FuncUnit> <Opcode : 'add' 'sub'> <InPorts = 2> <OutPorts = 1>
ST_5 : Operation 53 [1/1] (0.00ns)   --->   "%zext_ln40_3 = zext i8 %add_ln40 to i64" [dct.c:40]   --->   Operation 53 'zext' 'zext_ln40_3' <Predicate = (!icmp_ln37)> <Delay = 0.00>
ST_5 : Operation 54 [1/1] (0.00ns)   --->   "%row_outbuf_addr = getelementptr [64 x i16]* %row_outbuf, i64 0, i64 %zext_ln40_3" [dct.c:40]   --->   Operation 54 'getelementptr' 'row_outbuf_addr' <Predicate = (!icmp_ln37)> <Delay = 0.00>
ST_5 : Operation 55 [2/2] (2.66ns)   --->   "%row_outbuf_load = load i16* %row_outbuf_addr, align 2" [dct.c:40]   --->   Operation 55 'load' 'row_outbuf_load' <Predicate = (!icmp_ln37)> <Delay = 2.66> <Core = "RAM">   --->   Core 37 'RAM' <Latency = 1> <II = 1> <Delay = 2.66> <Storage> <Opcode : 'load' 'store'> <Ports = 2> <Width = 16> <Depth = 64> <RAM>

State 6 <SV = 4> <Delay = 4.08>
ST_6 : Operation 56 [1/1] (0.00ns)   --->   "call void (...)* @_ssdm_op_SpecLoopName([42 x i8]* @Xpose_Row_Outer_Loop)"   --->   Operation 56 'specloopname' <Predicate = (!icmp_ln37)> <Delay = 0.00>
ST_6 : Operation 57 [1/1] (0.00ns)   --->   "%empty_7 = call i32 (...)* @_ssdm_op_SpecLoopTripCount(i64 64, i64 64, i64 64)"   --->   Operation 57 'speclooptripcount' 'empty_7' <Predicate = (!icmp_ln37)> <Delay = 0.00>
ST_6 : Operation 58 [1/1] (0.00ns)   --->   "%zext_ln40 = zext i4 %select_ln40_1 to i64" [dct.c:40]   --->   Operation 58 'zext' 'zext_ln40' <Predicate = (!icmp_ln37)> <Delay = 0.00>
ST_6 : Operation 59 [1/1] (0.00ns)   --->   "call void (...)* @_ssdm_op_SpecLoopName([21 x i8]* @p_str6) nounwind" [dct.c:40]   --->   Operation 59 'specloopname' <Predicate = (!icmp_ln37)> <Delay = 0.00>
ST_6 : Operation 60 [1/1] (0.00ns)   --->   "%tmp_4 = call i32 (...)* @_ssdm_op_SpecRegionBegin([21 x i8]* @p_str6)" [dct.c:40]   --->   Operation 60 'specregionbegin' 'tmp_4' <Predicate = (!icmp_ln37)> <Delay = 0.00>
ST_6 : Operation 61 [1/1] (0.00ns)   --->   "call void (...)* @_ssdm_op_SpecPipeline(i32 -1, i32 1, i32 1, i32 0, [1 x i8]* @p_str1) nounwind" [dct.c:40]   --->   Operation 61 'specpipeline' <Predicate = (!icmp_ln37)> <Delay = 0.00>
ST_6 : Operation 62 [1/2] (2.66ns)   --->   "%row_outbuf_load = load i16* %row_outbuf_addr, align 2" [dct.c:40]   --->   Operation 62 'load' 'row_outbuf_load' <Predicate = (!icmp_ln37)> <Delay = 2.66> <Core = "RAM">   --->   Core 37 'RAM' <Latency = 1> <II = 1> <Delay = 2.66> <Storage> <Opcode : 'load' 'store'> <Ports = 2> <Width = 16> <Depth = 64> <RAM>
ST_6 : Operation 63 [1/1] (0.00ns)   --->   "%col_inbuf_6_addr = getelementptr [8 x i16]* %col_inbuf_6, i64 0, i64 %zext_ln40" [dct.c:40]   --->   Operation 63 'getelementptr' 'col_inbuf_6_addr' <Predicate = (trunc_ln40 == 6)> <Delay = 0.00>
ST_6 : Operation 64 [1/1] (1.42ns)   --->   "store i16 %row_outbuf_load, i16* %col_inbuf_6_addr, align 2" [dct.c:40]   --->   Operation 64 'store' <Predicate = (trunc_ln40 == 6)> <Delay = 1.42> <Core = "RAM">   --->   Core 37 'RAM' <Latency = 1> <II = 1> <Delay = 2.66> <Storage> <Opcode : 'load' 'store'> <Ports = 2> <Width = 16> <Depth = 64> <RAM>
ST_6 : Operation 65 [1/1] (0.00ns)   --->   "br label %Xpose_Row_Inner_Loop_end" [dct.c:40]   --->   Operation 65 'br' <Predicate = (trunc_ln40 == 6)> <Delay = 0.00>
ST_6 : Operation 66 [1/1] (0.00ns)   --->   "%col_inbuf_5_addr = getelementptr [8 x i16]* %col_inbuf_5, i64 0, i64 %zext_ln40" [dct.c:40]   --->   Operation 66 'getelementptr' 'col_inbuf_5_addr' <Predicate = (trunc_ln40 == 5)> <Delay = 0.00>
ST_6 : Operation 67 [1/1] (1.42ns)   --->   "store i16 %row_outbuf_load, i16* %col_inbuf_5_addr, align 2" [dct.c:40]   --->   Operation 67 'store' <Predicate = (trunc_ln40 == 5)> <Delay = 1.42> <Core = "RAM">   --->   Core 37 'RAM' <Latency = 1> <II = 1> <Delay = 2.66> <Storage> <Opcode : 'load' 'store'> <Ports = 2> <Width = 16> <Depth = 64> <RAM>
ST_6 : Operation 68 [1/1] (0.00ns)   --->   "br label %Xpose_Row_Inner_Loop_end" [dct.c:40]   --->   Operation 68 'br' <Predicate = (trunc_ln40 == 5)> <Delay = 0.00>
ST_6 : Operation 69 [1/1] (0.00ns)   --->   "%col_inbuf_4_addr = getelementptr [8 x i16]* %col_inbuf_4, i64 0, i64 %zext_ln40" [dct.c:40]   --->   Operation 69 'getelementptr' 'col_inbuf_4_addr' <Predicate = (trunc_ln40 == 4)> <Delay = 0.00>
ST_6 : Operation 70 [1/1] (1.42ns)   --->   "store i16 %row_outbuf_load, i16* %col_inbuf_4_addr, align 2" [dct.c:40]   --->   Operation 70 'store' <Predicate = (trunc_ln40 == 4)> <Delay = 1.42> <Core = "RAM">   --->   Core 37 'RAM' <Latency = 1> <II = 1> <Delay = 2.66> <Storage> <Opcode : 'load' 'store'> <Ports = 2> <Width = 16> <Depth = 64> <RAM>
ST_6 : Operation 71 [1/1] (0.00ns)   --->   "br label %Xpose_Row_Inner_Loop_end" [dct.c:40]   --->   Operation 71 'br' <Predicate = (trunc_ln40 == 4)> <Delay = 0.00>
ST_6 : Operation 72 [1/1] (0.00ns)   --->   "%col_inbuf_3_addr = getelementptr [8 x i16]* %col_inbuf_3, i64 0, i64 %zext_ln40" [dct.c:40]   --->   Operation 72 'getelementptr' 'col_inbuf_3_addr' <Predicate = (trunc_ln40 == 3)> <Delay = 0.00>
ST_6 : Operation 73 [1/1] (1.42ns)   --->   "store i16 %row_outbuf_load, i16* %col_inbuf_3_addr, align 2" [dct.c:40]   --->   Operation 73 'store' <Predicate = (trunc_ln40 == 3)> <Delay = 1.42> <Core = "RAM">   --->   Core 37 'RAM' <Latency = 1> <II = 1> <Delay = 2.66> <Storage> <Opcode : 'load' 'store'> <Ports = 2> <Width = 16> <Depth = 64> <RAM>
ST_6 : Operation 74 [1/1] (0.00ns)   --->   "br label %Xpose_Row_Inner_Loop_end" [dct.c:40]   --->   Operation 74 'br' <Predicate = (trunc_ln40 == 3)> <Delay = 0.00>
ST_6 : Operation 75 [1/1] (0.00ns)   --->   "%col_inbuf_2_addr = getelementptr [8 x i16]* %col_inbuf_2, i64 0, i64 %zext_ln40" [dct.c:40]   --->   Operation 75 'getelementptr' 'col_inbuf_2_addr' <Predicate = (trunc_ln40 == 2)> <Delay = 0.00>
ST_6 : Operation 76 [1/1] (1.42ns)   --->   "store i16 %row_outbuf_load, i16* %col_inbuf_2_addr, align 2" [dct.c:40]   --->   Operation 76 'store' <Predicate = (trunc_ln40 == 2)> <Delay = 1.42> <Core = "RAM">   --->   Core 37 'RAM' <Latency = 1> <II = 1> <Delay = 2.66> <Storage> <Opcode : 'load' 'store'> <Ports = 2> <Width = 16> <Depth = 64> <RAM>
ST_6 : Operation 77 [1/1] (0.00ns)   --->   "br label %Xpose_Row_Inner_Loop_end" [dct.c:40]   --->   Operation 77 'br' <Predicate = (trunc_ln40 == 2)> <Delay = 0.00>
ST_6 : Operation 78 [1/1] (0.00ns)   --->   "%col_inbuf_1_addr = getelementptr [8 x i16]* %col_inbuf_1, i64 0, i64 %zext_ln40" [dct.c:40]   --->   Operation 78 'getelementptr' 'col_inbuf_1_addr' <Predicate = (trunc_ln40 == 1)> <Delay = 0.00>
ST_6 : Operation 79 [1/1] (1.42ns)   --->   "store i16 %row_outbuf_load, i16* %col_inbuf_1_addr, align 2" [dct.c:40]   --->   Operation 79 'store' <Predicate = (trunc_ln40 == 1)> <Delay = 1.42> <Core = "RAM">   --->   Core 37 'RAM' <Latency = 1> <II = 1> <Delay = 2.66> <Storage> <Opcode : 'load' 'store'> <Ports = 2> <Width = 16> <Depth = 64> <RAM>
ST_6 : Operation 80 [1/1] (0.00ns)   --->   "br label %Xpose_Row_Inner_Loop_end" [dct.c:40]   --->   Operation 80 'br' <Predicate = (trunc_ln40 == 1)> <Delay = 0.00>
ST_6 : Operation 81 [1/1] (0.00ns)   --->   "%col_inbuf_0_addr = getelementptr [8 x i16]* %col_inbuf_0, i64 0, i64 %zext_ln40" [dct.c:40]   --->   Operation 81 'getelementptr' 'col_inbuf_0_addr' <Predicate = (trunc_ln40 == 0)> <Delay = 0.00>
ST_6 : Operation 82 [1/1] (1.42ns)   --->   "store i16 %row_outbuf_load, i16* %col_inbuf_0_addr, align 2" [dct.c:40]   --->   Operation 82 'store' <Predicate = (trunc_ln40 == 0)> <Delay = 1.42> <Core = "RAM">   --->   Core 37 'RAM' <Latency = 1> <II = 1> <Delay = 2.66> <Storage> <Opcode : 'load' 'store'> <Ports = 2> <Width = 16> <Depth = 64> <RAM>
ST_6 : Operation 83 [1/1] (0.00ns)   --->   "br label %Xpose_Row_Inner_Loop_end" [dct.c:40]   --->   Operation 83 'br' <Predicate = (trunc_ln40 == 0)> <Delay = 0.00>
ST_6 : Operation 84 [1/1] (0.00ns)   --->   "%col_inbuf_7_addr = getelementptr [8 x i16]* %col_inbuf_7, i64 0, i64 %zext_ln40" [dct.c:40]   --->   Operation 84 'getelementptr' 'col_inbuf_7_addr' <Predicate = (trunc_ln40 == 7)> <Delay = 0.00>
ST_6 : Operation 85 [1/1] (1.42ns)   --->   "store i16 %row_outbuf_load, i16* %col_inbuf_7_addr, align 2" [dct.c:40]   --->   Operation 85 'store' <Predicate = (trunc_ln40 == 7)> <Delay = 1.42> <Core = "RAM">   --->   Core 37 'RAM' <Latency = 1> <II = 1> <Delay = 2.66> <Storage> <Opcode : 'load' 'store'> <Ports = 2> <Width = 16> <Depth = 64> <RAM>
ST_6 : Operation 86 [1/1] (0.00ns)   --->   "br label %Xpose_Row_Inner_Loop_end" [dct.c:40]   --->   Operation 86 'br' <Predicate = (trunc_ln40 == 7)> <Delay = 0.00>
ST_6 : Operation 87 [1/1] (0.00ns)   --->   "%empty_6 = call i32 (...)* @_ssdm_op_SpecRegionEnd([21 x i8]* @p_str6, i32 %tmp_4)" [dct.c:40]   --->   Operation 87 'specregionend' 'empty_6' <Predicate = (!icmp_ln37)> <Delay = 0.00>
ST_6 : Operation 88 [1/1] (0.00ns)   --->   "br label %.preheader2.preheader"   --->   Operation 88 'br' <Predicate = (!icmp_ln37)> <Delay = 0.00>

State 7 <SV = 3> <Delay = 1.06>
ST_7 : Operation 89 [1/1] (1.06ns)   --->   "br label %.preheader1" [dct.c:43]   --->   Operation 89 'br' <Predicate = true> <Delay = 1.06>

State 8 <SV = 4> <Delay = 1.70>
ST_8 : Operation 90 [1/1] (0.00ns)   --->   "%i_2 = phi i4 [ %i_4, %3 ], [ 0, %.preheader1.preheader ]"   --->   Operation 90 'phi' 'i_2' <Predicate = true> <Delay = 0.00>
ST_8 : Operation 91 [1/1] (1.08ns)   --->   "%icmp_ln43 = icmp eq i4 %i_2, -8" [dct.c:43]   --->   Operation 91 'icmp' 'icmp_ln43' <Predicate = true> <Delay = 1.08> <Core = "Cmp">   --->   Core 25 'Cmp' <Latency = 0> <II = 1> <Delay = 1.08> <FuncUnit> <Opcode : 'icmp'> <InPorts = 2> <OutPorts = 1>
ST_8 : Operation 92 [1/1] (0.00ns)   --->   "%empty_8 = call i32 (...)* @_ssdm_op_SpecLoopTripCount(i64 8, i64 8, i64 8)"   --->   Operation 92 'speclooptripcount' 'empty_8' <Predicate = true> <Delay = 0.00>
ST_8 : Operation 93 [1/1] (1.32ns)   --->   "%i_4 = add i4 %i_2, 1" [dct.c:43]   --->   Operation 93 'add' 'i_4' <Predicate = true> <Delay = 1.32> <Core = "AddSub">   --->   Core 14 'AddSub' <Latency = 0> <II = 1> <Delay = 1.32> <FuncUnit> <Opcode : 'add' 'sub'> <InPorts = 2> <OutPorts = 1>
ST_8 : Operation 94 [1/1] (0.00ns)   --->   "br i1 %icmp_ln43, label %.preheader.preheader.preheader, label %3" [dct.c:43]   --->   Operation 94 'br' <Predicate = true> <Delay = 0.00>
ST_8 : Operation 95 [2/2] (1.06ns)   --->   "call fastcc void @dct_1d([8 x i16]* %col_inbuf_0, [8 x i16]* %col_inbuf_1, [8 x i16]* %col_inbuf_2, [8 x i16]* %col_inbuf_3, [8 x i16]* %col_inbuf_4, [8 x i16]* %col_inbuf_5, [8 x i16]* %col_inbuf_6, [8 x i16]* %col_inbuf_7, i4 %i_2, [64 x i16]* %col_outbuf, i4 %i_2)" [dct.c:44]   --->   Operation 95 'call' <Predicate = (!icmp_ln43)> <Delay = 1.06> <CoreType = "Generic">   --->   Core 0 '' <Latency = 0> <II = 1> <Delay = 1.00> <Generic> <Opcode : >
ST_8 : Operation 96 [1/1] (1.06ns)   --->   "br label %.preheader.preheader" [dct.c:48]   --->   Operation 96 'br' <Predicate = (icmp_ln43)> <Delay = 1.06>

State 9 <SV = 5> <Delay = 0.00>
ST_9 : Operation 97 [1/1] (0.00ns)   --->   "call void (...)* @_ssdm_op_SpecLoopName([13 x i8]* @p_str7) nounwind" [dct.c:43]   --->   Operation 97 'specloopname' <Predicate = true> <Delay = 0.00>
ST_9 : Operation 98 [1/2] (0.00ns)   --->   "call fastcc void @dct_1d([8 x i16]* %col_inbuf_0, [8 x i16]* %col_inbuf_1, [8 x i16]* %col_inbuf_2, [8 x i16]* %col_inbuf_3, [8 x i16]* %col_inbuf_4, [8 x i16]* %col_inbuf_5, [8 x i16]* %col_inbuf_6, [8 x i16]* %col_inbuf_7, i4 %i_2, [64 x i16]* %col_outbuf, i4 %i_2)" [dct.c:44]   --->   Operation 98 'call' <Predicate = true> <Delay = 0.00> <CoreType = "Generic">   --->   Core 0 '' <Latency = 0> <II = 1> <Delay = 1.00> <Generic> <Opcode : >
ST_9 : Operation 99 [1/1] (0.00ns)   --->   "br label %.preheader1" [dct.c:43]   --->   Operation 99 'br' <Predicate = true> <Delay = 0.00>

State 10 <SV = 5> <Delay = 3.06>
ST_10 : Operation 100 [1/1] (0.00ns)   --->   "%indvar_flatten19 = phi i7 [ %add_ln48, %Xpose_Col_Inner_Loop ], [ 0, %.preheader.preheader.preheader ]" [dct.c:48]   --->   Operation 100 'phi' 'indvar_flatten19' <Predicate = true> <Delay = 0.00>
ST_10 : Operation 101 [1/1] (0.00ns)   --->   "%j_1 = phi i4 [ %select_ln51_1, %Xpose_Col_Inner_Loop ], [ 0, %.preheader.preheader.preheader ]" [dct.c:51]   --->   Operation 101 'phi' 'j_1' <Predicate = true> <Delay = 0.00>
ST_10 : Operation 102 [1/1] (0.00ns)   --->   "%i_3 = phi i4 [ %i_6, %Xpose_Col_Inner_Loop ], [ 0, %.preheader.preheader.preheader ]"   --->   Operation 102 'phi' 'i_3' <Predicate = true> <Delay = 0.00>
ST_10 : Operation 103 [1/1] (1.18ns)   --->   "%icmp_ln48 = icmp eq i7 %indvar_flatten19, -64" [dct.c:48]   --->   Operation 103 'icmp' 'icmp_ln48' <Predicate = true> <Delay = 1.18> <Core = "Cmp">   --->   Core 25 'Cmp' <Latency = 0> <II = 1> <Delay = 1.08> <FuncUnit> <Opcode : 'icmp'> <InPorts = 2> <OutPorts = 1>
ST_10 : Operation 104 [1/1] (1.37ns)   --->   "%add_ln48 = add i7 %indvar_flatten19, 1" [dct.c:48]   --->   Operation 104 'add' 'add_ln48' <Predicate = true> <Delay = 1.37> <Core = "AddSub">   --->   Core 14 'AddSub' <Latency = 0> <II = 1> <Delay = 1.32> <FuncUnit> <Opcode : 'add' 'sub'> <InPorts = 2> <OutPorts = 1>
ST_10 : Operation 105 [1/1] (0.00ns)   --->   "br i1 %icmp_ln48, label %4, label %Xpose_Col_Inner_Loop" [dct.c:48]   --->   Operation 105 'br' <Predicate = true> <Delay = 0.00>
ST_10 : Operation 106 [1/1] (1.32ns)   --->   "%j_2 = add i4 %j_1, 1" [dct.c:48]   --->   Operation 106 'add' 'j_2' <Predicate = (!icmp_ln48)> <Delay = 1.32> <Core = "AddSub">   --->   Core 14 'AddSub' <Latency = 0> <II = 1> <Delay = 1.32> <FuncUnit> <Opcode : 'add' 'sub'> <InPorts = 2> <OutPorts = 1>
ST_10 : Operation 107 [1/1] (1.08ns)   --->   "%icmp_ln50 = icmp eq i4 %i_3, -8" [dct.c:50]   --->   Operation 107 'icmp' 'icmp_ln50' <Predicate = (!icmp_ln48)> <Delay = 1.08> <Core = "Cmp">   --->   Core 25 'Cmp' <Latency = 0> <II = 1> <Delay = 1.08> <FuncUnit> <Opcode : 'icmp'> <InPorts = 2> <OutPorts = 1>
ST_10 : Operation 108 [1/1] (0.66ns)   --->   "%select_ln51 = select i1 %icmp_ln50, i4 0, i4 %i_3" [dct.c:51]   --->   Operation 108 'select' 'select_ln51' <Predicate = (!icmp_ln48)> <Delay = 0.66> <Core = "Sel">   --->   Core 26 'Sel' <Latency = 0> <II = 1> <Delay = 0.66> <FuncUnit> <Opcode : 'select'> <InPorts = 3> <OutPorts = 1>
ST_10 : Operation 109 [1/1] (0.66ns)   --->   "%select_ln51_1 = select i1 %icmp_ln50, i4 %j_2, i4 %j_1" [dct.c:51]   --->   Operation 109 'select' 'select_ln51_1' <Predicate = (!icmp_ln48)> <Delay = 0.66> <Core = "Sel">   --->   Core 26 'Sel' <Latency = 0> <II = 1> <Delay = 0.66> <FuncUnit> <Opcode : 'select'> <InPorts = 3> <OutPorts = 1>
ST_10 : Operation 110 [1/1] (1.32ns)   --->   "%i_6 = add i4 %select_ln51, 1" [dct.c:50]   --->   Operation 110 'add' 'i_6' <Predicate = (!icmp_ln48)> <Delay = 1.32> <Core = "AddSub">   --->   Core 14 'AddSub' <Latency = 0> <II = 1> <Delay = 1.32> <FuncUnit> <Opcode : 'add' 'sub'> <InPorts = 2> <OutPorts = 1>

State 11 <SV = 6> <Delay = 4.03>
ST_11 : Operation 111 [1/1] (0.00ns)   --->   "%zext_ln51 = zext i4 %select_ln51_1 to i8" [dct.c:51]   --->   Operation 111 'zext' 'zext_ln51' <Predicate = (!icmp_ln48)> <Delay = 0.00>
ST_11 : Operation 112 [1/1] (0.00ns)   --->   "%tmp_2 = call i7 @_ssdm_op_BitConcatenate.i7.i4.i3(i4 %select_ln51, i3 0)" [dct.c:51]   --->   Operation 112 'bitconcatenate' 'tmp_2' <Predicate = (!icmp_ln48)> <Delay = 0.00>
ST_11 : Operation 113 [1/1] (0.00ns)   --->   "%zext_ln51_4 = zext i7 %tmp_2 to i8" [dct.c:51]   --->   Operation 113 'zext' 'zext_ln51_4' <Predicate = (!icmp_ln48)> <Delay = 0.00>
ST_11 : Operation 114 [1/1] (1.37ns)   --->   "%add_ln51_1 = add i8 %zext_ln51, %zext_ln51_4" [dct.c:51]   --->   Operation 114 'add' 'add_ln51_1' <Predicate = (!icmp_ln48)> <Delay = 1.37> <Core = "AddSub">   --->   Core 14 'AddSub' <Latency = 0> <II = 1> <Delay = 1.32> <FuncUnit> <Opcode : 'add' 'sub'> <InPorts = 2> <OutPorts = 1>
ST_11 : Operation 115 [1/1] (0.00ns)   --->   "%zext_ln51_5 = zext i8 %add_ln51_1 to i64" [dct.c:51]   --->   Operation 115 'zext' 'zext_ln51_5' <Predicate = (!icmp_ln48)> <Delay = 0.00>
ST_11 : Operation 116 [1/1] (0.00ns)   --->   "%col_outbuf_addr = getelementptr [64 x i16]* %col_outbuf, i64 0, i64 %zext_ln51_5" [dct.c:51]   --->   Operation 116 'getelementptr' 'col_outbuf_addr' <Predicate = (!icmp_ln48)> <Delay = 0.00>
ST_11 : Operation 117 [2/2] (2.66ns)   --->   "%col_outbuf_load = load i16* %col_outbuf_addr, align 2" [dct.c:51]   --->   Operation 117 'load' 'col_outbuf_load' <Predicate = (!icmp_ln48)> <Delay = 2.66> <Core = "RAM">   --->   Core 37 'RAM' <Latency = 1> <II = 1> <Delay = 2.66> <Storage> <Opcode : 'load' 'store'> <Ports = 2> <Width = 16> <Depth = 64> <RAM>

State 12 <SV = 7> <Delay = 2.66>
ST_12 : Operation 118 [1/2] (2.66ns)   --->   "%col_outbuf_load = load i16* %col_outbuf_addr, align 2" [dct.c:51]   --->   Operation 118 'load' 'col_outbuf_load' <Predicate = (!icmp_ln48)> <Delay = 2.66> <Core = "RAM">   --->   Core 37 'RAM' <Latency = 1> <II = 1> <Delay = 2.66> <Storage> <Opcode : 'load' 'store'> <Ports = 2> <Width = 16> <Depth = 64> <RAM>

State 13 <SV = 8> <Delay = 4.03>
ST_13 : Operation 119 [1/1] (0.00ns)   --->   "call void (...)* @_ssdm_op_SpecLoopName([42 x i8]* @Xpose_Col_Outer_Loop)"   --->   Operation 119 'specloopname' <Predicate = (!icmp_ln48)> <Delay = 0.00>
ST_13 : Operation 120 [1/1] (0.00ns)   --->   "%empty_9 = call i32 (...)* @_ssdm_op_SpecLoopTripCount(i64 64, i64 64, i64 64)"   --->   Operation 120 'speclooptripcount' 'empty_9' <Predicate = (!icmp_ln48)> <Delay = 0.00>
ST_13 : Operation 121 [1/1] (0.00ns)   --->   "%tmp_1 = call i7 @_ssdm_op_BitConcatenate.i7.i4.i3(i4 %select_ln51_1, i3 0)" [dct.c:51]   --->   Operation 121 'bitconcatenate' 'tmp_1' <Predicate = (!icmp_ln48)> <Delay = 0.00>
ST_13 : Operation 122 [1/1] (0.00ns)   --->   "%zext_ln51_1 = zext i7 %tmp_1 to i8" [dct.c:51]   --->   Operation 122 'zext' 'zext_ln51_1' <Predicate = (!icmp_ln48)> <Delay = 0.00>
ST_13 : Operation 123 [1/1] (0.00ns)   --->   "call void (...)* @_ssdm_op_SpecLoopName([21 x i8]* @p_str9) nounwind" [dct.c:51]   --->   Operation 123 'specloopname' <Predicate = (!icmp_ln48)> <Delay = 0.00>
ST_13 : Operation 124 [1/1] (0.00ns)   --->   "%tmp_5 = call i32 (...)* @_ssdm_op_SpecRegionBegin([21 x i8]* @p_str9)" [dct.c:51]   --->   Operation 124 'specregionbegin' 'tmp_5' <Predicate = (!icmp_ln48)> <Delay = 0.00>
ST_13 : Operation 125 [1/1] (0.00ns)   --->   "call void (...)* @_ssdm_op_SpecPipeline(i32 -1, i32 1, i32 1, i32 0, [1 x i8]* @p_str1) nounwind" [dct.c:51]   --->   Operation 125 'specpipeline' <Predicate = (!icmp_ln48)> <Delay = 0.00>
ST_13 : Operation 126 [1/1] (0.00ns)   --->   "%zext_ln51_2 = zext i4 %select_ln51 to i8" [dct.c:51]   --->   Operation 126 'zext' 'zext_ln51_2' <Predicate = (!icmp_ln48)> <Delay = 0.00>
ST_13 : Operation 127 [1/1] (1.37ns)   --->   "%add_ln51 = add i8 %zext_ln51_2, %zext_ln51_1" [dct.c:51]   --->   Operation 127 'add' 'add_ln51' <Predicate = (!icmp_ln48)> <Delay = 1.37> <Core = "AddSub">   --->   Core 14 'AddSub' <Latency = 0> <II = 1> <Delay = 1.32> <FuncUnit> <Opcode : 'add' 'sub'> <InPorts = 2> <OutPorts = 1>
ST_13 : Operation 128 [1/1] (0.00ns)   --->   "%zext_ln51_3 = zext i8 %add_ln51 to i64" [dct.c:51]   --->   Operation 128 'zext' 'zext_ln51_3' <Predicate = (!icmp_ln48)> <Delay = 0.00>
ST_13 : Operation 129 [1/1] (0.00ns)   --->   "%out_block_addr = getelementptr [64 x i16]* %out_block, i64 0, i64 %zext_ln51_3" [dct.c:51]   --->   Operation 129 'getelementptr' 'out_block_addr' <Predicate = (!icmp_ln48)> <Delay = 0.00>
ST_13 : Operation 130 [1/1] (2.66ns)   --->   "store i16 %col_outbuf_load, i16* %out_block_addr, align 2" [dct.c:51]   --->   Operation 130 'store' <Predicate = (!icmp_ln48)> <Delay = 2.66> <Core = "RAM">   --->   Core 37 'RAM' <Latency = 1> <II = 1> <Delay = 2.66> <Storage> <Opcode : 'load' 'store'> <Ports = 2> <Width = 16> <Depth = 64> <RAM>
ST_13 : Operation 131 [1/1] (0.00ns)   --->   "%empty_10 = call i32 (...)* @_ssdm_op_SpecRegionEnd([21 x i8]* @p_str9, i32 %tmp_5)" [dct.c:51]   --->   Operation 131 'specregionend' 'empty_10' <Predicate = (!icmp_ln48)> <Delay = 0.00>
ST_13 : Operation 132 [1/1] (0.00ns)   --->   "br label %.preheader.preheader"   --->   Operation 132 'br' <Predicate = (!icmp_ln48)> <Delay = 0.00>

State 14 <SV = 6> <Delay = 0.00>
ST_14 : Operation 133 [1/1] (0.00ns)   --->   "ret void" [dct.c:52]   --->   Operation 133 'ret' <Predicate = true> <Delay = 0.00>


============================================================
+ Verbose Summary: Timing violations
============================================================
Target clock period: 6ns, clock uncertainty: 1.25ns.

 <State 1>: 1.06ns
The critical path consists of the following:
	multiplexor before 'phi' operation ('i') with incoming values : ('i', dct.c:32) [30]  (1.06 ns)

 <State 2>: 1.7ns
The critical path consists of the following:
	'icmp' operation ('icmp_ln32', dct.c:32) [31]  (1.08 ns)
	blocking operation 0.616 ns on control path)

 <State 3>: 0ns
The critical path consists of the following:

 <State 4>: 3.06ns
The critical path consists of the following:
	'phi' operation ('i') with incoming values : ('i', dct.c:39) [44]  (0 ns)
	'icmp' operation ('icmp_ln39', dct.c:39) [52]  (1.08 ns)
	'select' operation ('select_ln40', dct.c:40) [53]  (0.66 ns)
	'add' operation ('i', dct.c:39) [102]  (1.32 ns)

 <State 5>: 4.04ns
The critical path consists of the following:
	'add' operation ('add_ln40', dct.c:40) [62]  (1.37 ns)
	'getelementptr' operation ('row_outbuf_addr', dct.c:40) [64]  (0 ns)
	'load' operation ('row_outbuf_load', dct.c:40) on array 'row_outbuf' [65]  (2.66 ns)

 <State 6>: 4.09ns
The critical path consists of the following:
	'load' operation ('row_outbuf_load', dct.c:40) on array 'row_outbuf' [65]  (2.66 ns)
	'store' operation ('store_ln40', dct.c:40) of variable 'row_outbuf_load', dct.c:40 on array 'col_inbuf[6]', dct.c:27 [70]  (1.43 ns)

 <State 7>: 1.06ns
The critical path consists of the following:
	multiplexor before 'phi' operation ('i') with incoming values : ('i', dct.c:43) [107]  (1.06 ns)

 <State 8>: 1.7ns
The critical path consists of the following:
	'icmp' operation ('icmp_ln43', dct.c:43) [108]  (1.08 ns)
	blocking operation 0.616 ns on control path)

 <State 9>: 0ns
The critical path consists of the following:

 <State 10>: 3.06ns
The critical path consists of the following:
	'phi' operation ('i') with incoming values : ('i', dct.c:50) [121]  (0 ns)
	'icmp' operation ('icmp_ln50', dct.c:50) [129]  (1.08 ns)
	'select' operation ('select_ln51', dct.c:51) [130]  (0.66 ns)
	'add' operation ('i', dct.c:50) [150]  (1.32 ns)

 <State 11>: 4.04ns
The critical path consists of the following:
	'add' operation ('add_ln51_1', dct.c:51) [144]  (1.37 ns)
	'getelementptr' operation ('col_outbuf_addr', dct.c:51) [146]  (0 ns)
	'load' operation ('col_outbuf_load', dct.c:51) on array 'col_outbuf' [147]  (2.66 ns)

 <State 12>: 2.66ns
The critical path consists of the following:
	'load' operation ('col_outbuf_load', dct.c:51) on array 'col_outbuf' [147]  (2.66 ns)

 <State 13>: 4.04ns
The critical path consists of the following:
	'add' operation ('add_ln51', dct.c:51) [139]  (1.37 ns)
	'getelementptr' operation ('out_block_addr', dct.c:51) [141]  (0 ns)
	'store' operation ('store_ln51', dct.c:51) of variable 'col_outbuf_load', dct.c:51 on array 'out_block' [148]  (2.66 ns)

 <State 14>: 0ns
The critical path consists of the following:


============================================================
+ Verbose Summary: Binding
============================================================
N/A
* FSMD analyzer results:
  - Output states:
 - Input state : 
  - Chain level:
	State 1
	State 2
	State 3
	State 4
	State 5
	State 6
	State 7
	State 8
	State 9
	State 10
	State 11
	State 12
	State 13
	State 14


============================================================
+ Verbose Summary: Datapath Resource usage 
============================================================
N/A
