

================================================================
== Vivado HLS Report for 'foo'
================================================================
* Date:           Tue Nov  5 16:42:21 2019

* Version:        2019.1 (Build 2552052 on Fri May 24 15:28:33 MDT 2019)
* Project:        lab7_3
* Solution:       solution1
* Product family: artix7
* Target device:  xa7a12t-csg325-1Q


================================================================
== Performance Estimates
================================================================
+ Timing (ns): 
    * Summary: 
    +--------+-------+----------+------------+
    |  Clock | Target| Estimated| Uncertainty|
    +--------+-------+----------+------------+
    |ap_clk  |  10.00|     2.702|        0.10|
    +--------+-------+----------+------------+

+ Latency (clock cycles): 
    * Summary: 
    +-----+-----+-----+-----+---------+
    |  Latency  |  Interval | Pipeline|
    | min | max | min | max |   Type  |
    +-----+-----+-----+-----+---------+
    |   11|   11|   11|   11|   none  |
    +-----+-----+-----+-----+---------+

    + Detail: 
        * Instance: 
        N/A

        * Loop: 
        +----------+-----+-----+----------+-----------+-----------+------+----------+
        |          |  Latency  | Iteration|  Initiation Interval  | Trip |          |
        | Loop Name| min | max |  Latency |  achieved |   target  | Count| Pipelined|
        +----------+-----+-----+----------+-----------+-----------+------+----------+
        |- L1      |   10|   10|         1|          -|          -|    10|    no    |
        +----------+-----+-----+----------+-----------+-----------+------+----------+



================================================================
== Utilization Estimates
================================================================
* Summary: 
+-----------------+---------+-------+-------+------+-----+
|       Name      | BRAM_18K| DSP48E|   FF  |  LUT | URAM|
+-----------------+---------+-------+-------+------+-----+
|DSP              |        -|      -|      -|     -|    -|
|Expression       |        -|      -|      0|   100|    -|
|FIFO             |        -|      -|      -|     -|    -|
|Instance         |        -|      -|      -|     -|    -|
|Memory           |        -|      -|      -|     -|    -|
|Multiplexer      |        -|      -|      -|    24|    -|
|Register         |        -|      -|     70|     -|    -|
+-----------------+---------+-------+-------+------+-----+
|Total            |        0|      0|     70|   124|    0|
+-----------------+---------+-------+-------+------+-----+
|Available        |       40|     40|  16000|  8000|    0|
+-----------------+---------+-------+-------+------+-----+
|Utilization (%)  |        0|      0|   ~0  |     1|    0|
+-----------------+---------+-------+-------+------+-----+

+ Detail: 
    * Instance: 
    N/A

    * DSP48E: 
    N/A

    * Memory: 
    N/A

    * FIFO: 
    N/A

    * Expression: 
    +--------------------+----------+-------+---+----+------------+------------+
    |    Variable Name   | Operation| DSP48E| FF| LUT| Bitwidth P0| Bitwidth P1|
    +--------------------+----------+-------+---+----+------------+------------+
    |add_ln6_1_fu_85_p2  |     +    |      0|  0|  39|          32|          32|
    |add_ln6_fu_67_p2    |     +    |      0|  0|  39|          32|          32|
    |i_fu_79_p2          |     +    |      0|  0|  13|           4|           1|
    |icmp_ln5_fu_73_p2   |   icmp   |      0|  0|   9|           4|           4|
    +--------------------+----------+-------+---+----+------------+------------+
    |Total               |          |      0|  0| 100|          72|          69|
    +--------------------+----------+-------+---+----+------------+------------+

    * Multiplexer: 
    +------------+----+-----------+-----+-----------+
    |    Name    | LUT| Input Size| Bits| Total Bits|
    +------------+----+-----------+-----+-----------+
    |ap_NS_fsm   |  15|          3|    1|          3|
    |i_0_reg_51  |   9|          2|    4|          8|
    +------------+----+-----------+-----+-----------+
    |Total       |  24|          5|    5|         11|
    +------------+----+-----------+-----+-----------+

    * Register: 
    +----------------+----+----+-----+-----------+
    |      Name      | FF | LUT| Bits| Const Bits|
    +----------------+----+----+-----+-----------+
    |accum           |  32|   0|   32|          0|
    |add_ln6_reg_96  |  32|   0|   32|          0|
    |ap_CS_fsm       |   2|   0|    2|          0|
    |i_0_reg_51      |   4|   0|    4|          0|
    +----------------+----+----+-----+-----------+
    |Total           |  70|   0|   70|          0|
    +----------------+----+----+-----+-----------+



================================================================
== Interface
================================================================
* Summary: 
+-----------------+-----+-----+------------+--------------+--------------+
|    RTL Ports    | Dir | Bits|  Protocol  | Source Object|    C Type    |
+-----------------+-----+-----+------------+--------------+--------------+
|ap_clk           |  in |    1| ap_ctrl_hs |      foo     | return value |
|ap_rst           |  in |    1| ap_ctrl_hs |      foo     | return value |
|ap_start         |  in |    1| ap_ctrl_hs |      foo     | return value |
|ap_done          | out |    1| ap_ctrl_hs |      foo     | return value |
|ap_idle          | out |    1| ap_ctrl_hs |      foo     | return value |
|ap_ready         | out |    1| ap_ctrl_hs |      foo     | return value |
|in1              |  in |   32|   ap_none  |      in1     |    scalar    |
|in2              |  in |   32|   ap_none  |      in2     |    scalar    |
|out_data         | out |   32|   ap_vld   |   out_data   |    pointer   |
|out_data_ap_vld  | out |    1|   ap_vld   |   out_data   |    pointer   |
+-----------------+-----+-----+------------+--------------+--------------+

============================================================
+ Verbose Summary: Synthesis Manager
============================================================
InlineROM: 1
ExposeGlobal: 0
============================================================
+ Verbose Summary: CDFG Model
============================================================
IsTopModel: 1
ResetActiveHigh: 1
IsCombinational: 2
IsDatapathOnly: 2
HasWiredReturn: 1
HasMFsm: 0
HasVarLatency: 1
IsPipeline: 0
IsRtlPipelined: 0
IsInstanceOverlapped: 0
IsDontTouch: 0
HasImplIP: 0
IsGatedGlobalClock: 0


============================================================
+ Verbose Summary: Schedule
============================================================
* Number of FSM states : 2
* Pipeline : 0
* Dataflow Pipeline: 0

* FSM state transitions: 
1 --> 2 
2 --> 2 

* FSM state operations: 

State 1 <SV = 0> <Delay = 2.70>
ST_1 : Operation 3 [1/1] (0.00ns)   --->   "call void (...)* @_ssdm_op_SpecBitsMap(i32 %in1) nounwind, !map !7"   --->   Operation 3 'specbitsmap' <Predicate = true> <Delay = 0.00>
ST_1 : Operation 4 [1/1] (0.00ns)   --->   "call void (...)* @_ssdm_op_SpecBitsMap(i32 %in2) nounwind, !map !13"   --->   Operation 4 'specbitsmap' <Predicate = true> <Delay = 0.00>
ST_1 : Operation 5 [1/1] (0.00ns)   --->   "call void (...)* @_ssdm_op_SpecBitsMap(i32* %out_data) nounwind, !map !17"   --->   Operation 5 'specbitsmap' <Predicate = true> <Delay = 0.00>
ST_1 : Operation 6 [1/1] (0.00ns)   --->   "call void (...)* @_ssdm_op_SpecTopModule([4 x i8]* @foo_str) nounwind"   --->   Operation 6 'spectopmodule' <Predicate = true> <Delay = 0.00>
ST_1 : Operation 7 [1/1] (0.00ns)   --->   "%in2_read = call i32 @_ssdm_op_Read.ap_auto.i32(i32 %in2) nounwind" [source/lab7_z3.c:1]   --->   Operation 7 'read' 'in2_read' <Predicate = true> <Delay = 0.00>
ST_1 : Operation 8 [1/1] (0.00ns)   --->   "%in1_read = call i32 @_ssdm_op_Read.ap_auto.i32(i32 %in1) nounwind" [source/lab7_z3.c:1]   --->   Operation 8 'read' 'in1_read' <Predicate = true> <Delay = 0.00>
ST_1 : Operation 9 [1/1] (2.70ns)   --->   "%add_ln6 = add i32 %in2_read, %in1_read" [source/lab7_z3.c:6]   --->   Operation 9 'add' 'add_ln6' <Predicate = true> <Delay = 2.70> <Core = "AddSub">   --->   Core 14 'AddSub' <Latency = 0> <II = 1> <Delay = 1.77> <FuncUnit> <Opcode : 'add' 'sub'> <InPorts = 2> <OutPorts = 1>
ST_1 : Operation 10 [1/1] (1.66ns)   --->   "br label %1" [source/lab7_z3.c:5]   --->   Operation 10 'br' <Predicate = true> <Delay = 1.66>

State 2 <SV = 1> <Delay = 2.70>
ST_2 : Operation 11 [1/1] (0.00ns)   --->   "%i_0 = phi i4 [ 0, %0 ], [ %i, %2 ]"   --->   Operation 11 'phi' 'i_0' <Predicate = true> <Delay = 0.00>
ST_2 : Operation 12 [1/1] (1.44ns)   --->   "%icmp_ln5 = icmp eq i4 %i_0, -6" [source/lab7_z3.c:5]   --->   Operation 12 'icmp' 'icmp_ln5' <Predicate = true> <Delay = 1.44> <Core = "Cmp">   --->   Core 25 'Cmp' <Latency = 0> <II = 1> <Delay = 1.44> <FuncUnit> <Opcode : 'icmp'> <InPorts = 2> <OutPorts = 1>
ST_2 : Operation 13 [1/1] (0.00ns)   --->   "%empty = call i32 (...)* @_ssdm_op_SpecLoopTripCount(i64 10, i64 10, i64 10) nounwind"   --->   Operation 13 'speclooptripcount' 'empty' <Predicate = true> <Delay = 0.00>
ST_2 : Operation 14 [1/1] (1.77ns)   --->   "%i = add i4 %i_0, 1" [source/lab7_z3.c:5]   --->   Operation 14 'add' 'i' <Predicate = true> <Delay = 1.77> <Core = "AddSub">   --->   Core 14 'AddSub' <Latency = 0> <II = 1> <Delay = 1.77> <FuncUnit> <Opcode : 'add' 'sub'> <InPorts = 2> <OutPorts = 1>
ST_2 : Operation 15 [1/1] (0.00ns)   --->   "br i1 %icmp_ln5, label %3, label %2" [source/lab7_z3.c:5]   --->   Operation 15 'br' <Predicate = true> <Delay = 0.00>
ST_2 : Operation 16 [1/1] (0.00ns)   --->   "call void (...)* @_ssdm_op_SpecLoopName([3 x i8]* @p_str) nounwind" [source/lab7_z3.c:5]   --->   Operation 16 'specloopname' <Predicate = (!icmp_ln5)> <Delay = 0.00>
ST_2 : Operation 17 [1/1] (0.00ns)   --->   "%accum_load_1 = load i32* @accum, align 4" [source/lab7_z3.c:6]   --->   Operation 17 'load' 'accum_load_1' <Predicate = (!icmp_ln5)> <Delay = 0.00>
ST_2 : Operation 18 [1/1] (2.70ns)   --->   "%add_ln6_1 = add i32 %add_ln6, %accum_load_1" [source/lab7_z3.c:6]   --->   Operation 18 'add' 'add_ln6_1' <Predicate = (!icmp_ln5)> <Delay = 2.70> <Core = "AddSub">   --->   Core 14 'AddSub' <Latency = 0> <II = 1> <Delay = 1.77> <FuncUnit> <Opcode : 'add' 'sub'> <InPorts = 2> <OutPorts = 1>
ST_2 : Operation 19 [1/1] (0.00ns)   --->   "store i32 %add_ln6_1, i32* @accum, align 4" [source/lab7_z3.c:6]   --->   Operation 19 'store' <Predicate = (!icmp_ln5)> <Delay = 0.00>
ST_2 : Operation 20 [1/1] (0.00ns)   --->   "br label %1" [source/lab7_z3.c:5]   --->   Operation 20 'br' <Predicate = (!icmp_ln5)> <Delay = 0.00>
ST_2 : Operation 21 [1/1] (0.00ns)   --->   "%accum_load = load i32* @accum, align 4" [source/lab7_z3.c:8]   --->   Operation 21 'load' 'accum_load' <Predicate = (icmp_ln5)> <Delay = 0.00>
ST_2 : Operation 22 [1/1] (0.00ns)   --->   "call void @_ssdm_op_Write.ap_auto.i32P(i32* %out_data, i32 %accum_load) nounwind" [source/lab7_z3.c:8]   --->   Operation 22 'write' <Predicate = (icmp_ln5)> <Delay = 0.00>
ST_2 : Operation 23 [1/1] (0.00ns)   --->   "ret void" [source/lab7_z3.c:9]   --->   Operation 23 'ret' <Predicate = (icmp_ln5)> <Delay = 0.00>


============================================================
+ Verbose Summary: Binding
============================================================
STG Binding: 
---------------- STG Properties BEGIN ----------------
- Is combinational: 0
- Is one-state seq: 0
- Is datapath-only: 0
- Is pipelined: 0
- Is top level: 1
Port [ Return ] is wired: 1; IO mode=ap_ctrl_hs:ce=0
Port [ in1]:  wired=1; compound=0; hidden=0; nouse=0; global=0; static=0; extern=0; dir=0; type=0; pingpong=0; private_global=0; IO mode=ap_none:ce=0
Port [ in2]:  wired=1; compound=0; hidden=0; nouse=0; global=0; static=0; extern=0; dir=0; type=0; pingpong=0; private_global=0; IO mode=ap_none:ce=0
Port [ out_data]:  wired=1; compound=0; hidden=0; nouse=0; global=0; static=0; extern=0; dir=1; type=0; pingpong=0; private_global=0; IO mode=ap_vld:ce=0
Port [ accum]:  wired=0; compound=0; hidden=1; nouse=0; global=1; static=1; extern=0; dir=2; type=0; pingpong=0; private_global=1; linkage=7; visibility=0; IO mode=ap_ovld:ce=0
---------------- STG Properties END ------------------

---------------- Datapath Model BEGIN ----------------

<LifeTime>
<method=bitvector/>
specbitsmap_ln0   (specbitsmap      ) [ 000]
specbitsmap_ln0   (specbitsmap      ) [ 000]
specbitsmap_ln0   (specbitsmap      ) [ 000]
spectopmodule_ln0 (spectopmodule    ) [ 000]
in2_read          (read             ) [ 000]
in1_read          (read             ) [ 000]
add_ln6           (add              ) [ 001]
br_ln5            (br               ) [ 011]
i_0               (phi              ) [ 001]
icmp_ln5          (icmp             ) [ 001]
empty             (speclooptripcount) [ 000]
i                 (add              ) [ 011]
br_ln5            (br               ) [ 000]
specloopname_ln5  (specloopname     ) [ 000]
accum_load_1      (load             ) [ 000]
add_ln6_1         (add              ) [ 000]
store_ln6         (store            ) [ 000]
br_ln5            (br               ) [ 011]
accum_load        (load             ) [ 000]
write_ln8         (write            ) [ 000]
ret_ln9           (ret              ) [ 000]
</LifeTime>

<model>

<comp_list>
<comp id="0" class="1000" name="in1">
<pin_list>
<pin id="1" dir="1" index="0" bw="1" slack="0"/>
</pin_list>
<bind>
<StgValue><ssdm name="in1"/></StgValue>
</bind>
</comp>

<comp id="2" class="1000" name="in2">
<pin_list>
<pin id="3" dir="1" index="0" bw="1" slack="0"/>
</pin_list>
<bind>
<StgValue><ssdm name="in2"/></StgValue>
</bind>
</comp>

<comp id="4" class="1000" name="out_data">
<pin_list>
<pin id="5" dir="1" index="0" bw="1" slack="0"/>
</pin_list>
<bind>
<StgValue><ssdm name="out_data"/></StgValue>
</bind>
</comp>

<comp id="6" class="1000" name="accum">
<pin_list>
<pin id="7" dir="1" index="0" bw="1" slack="0"/>
</pin_list>
<bind>
<StgValue><ssdm name="accum"/></StgValue>
</bind>
</comp>

<comp id="8" class="1001" name="const_8">
<pin_list>
<pin id="9" dir="1" index="0" bw="1" slack="2147483647"/>
</pin_list>
<bind>
<StgValue><ssdm name="_ssdm_op_SpecBitsMap"/></StgValue>
</bind>
</comp>

<comp id="10" class="1001" name="const_10">
<pin_list>
<pin id="11" dir="1" index="0" bw="1" slack="2147483647"/>
</pin_list>
<bind>
<StgValue><ssdm name="_ssdm_op_SpecTopModule"/></StgValue>
</bind>
</comp>

<comp id="12" class="1001" name="const_12">
<pin_list>
<pin id="13" dir="1" index="0" bw="1" slack="2147483647"/>
</pin_list>
<bind>
<StgValue><ssdm name="foo_str"/></StgValue>
</bind>
</comp>

<comp id="14" class="1001" name="const_14">
<pin_list>
<pin id="15" dir="1" index="0" bw="1" slack="0"/>
</pin_list>
<bind>
<StgValue><ssdm name="_ssdm_op_Read.ap_auto.i32"/></StgValue>
</bind>
</comp>

<comp id="16" class="1001" name="const_16">
<pin_list>
<pin id="17" dir="1" index="0" bw="1" slack="1"/>
</pin_list>
<bind>
<StgValue><ssdm name=""/></StgValue>
</bind>
</comp>

<comp id="18" class="1001" name="const_18">
<pin_list>
<pin id="19" dir="1" index="0" bw="1" slack="0"/>
</pin_list>
<bind>
<StgValue><ssdm name=""/></StgValue>
</bind>
</comp>

<comp id="20" class="1001" name="const_20">
<pin_list>
<pin id="21" dir="1" index="0" bw="1" slack="2147483647"/>
</pin_list>
<bind>
<StgValue><ssdm name="_ssdm_op_SpecLoopTripCount"/></StgValue>
</bind>
</comp>

<comp id="22" class="1001" name="const_22">
<pin_list>
<pin id="23" dir="1" index="0" bw="1" slack="2147483647"/>
</pin_list>
<bind>
<StgValue><ssdm name=""/></StgValue>
</bind>
</comp>

<comp id="24" class="1001" name="const_24">
<pin_list>
<pin id="25" dir="1" index="0" bw="1" slack="0"/>
</pin_list>
<bind>
<StgValue><ssdm name=""/></StgValue>
</bind>
</comp>

<comp id="26" class="1001" name="const_26">
<pin_list>
<pin id="27" dir="1" index="0" bw="1" slack="2147483647"/>
</pin_list>
<bind>
<StgValue><ssdm name="_ssdm_op_SpecLoopName"/></StgValue>
</bind>
</comp>

<comp id="28" class="1001" name="const_28">
<pin_list>
<pin id="29" dir="1" index="0" bw="1" slack="2147483647"/>
</pin_list>
<bind>
<StgValue><ssdm name="p_str"/></StgValue>
</bind>
</comp>

<comp id="30" class="1001" name="const_30">
<pin_list>
<pin id="31" dir="1" index="0" bw="1" slack="0"/>
</pin_list>
<bind>
<StgValue><ssdm name="_ssdm_op_Write.ap_auto.i32P"/></StgValue>
</bind>
</comp>

<comp id="32" class="1004" name="in2_read_read_fu_32">
<pin_list>
<pin id="33" dir="0" index="0" bw="32" slack="0"/>
<pin id="34" dir="0" index="1" bw="32" slack="0"/>
<pin id="35" dir="1" index="2" bw="32" slack="0"/>
</pin_list>
<bind>
<opcode="read(1150) " fcode="read"/>
<opset="in2_read/1 "/>
</bind>
</comp>

<comp id="38" class="1004" name="in1_read_read_fu_38">
<pin_list>
<pin id="39" dir="0" index="0" bw="32" slack="0"/>
<pin id="40" dir="0" index="1" bw="32" slack="0"/>
<pin id="41" dir="1" index="2" bw="32" slack="0"/>
</pin_list>
<bind>
<opcode="read(1150) " fcode="read"/>
<opset="in1_read/1 "/>
</bind>
</comp>

<comp id="44" class="1004" name="write_ln8_write_fu_44">
<pin_list>
<pin id="45" dir="0" index="0" bw="0" slack="0"/>
<pin id="46" dir="0" index="1" bw="32" slack="0"/>
<pin id="47" dir="0" index="2" bw="32" slack="0"/>
<pin id="48" dir="1" index="3" bw="0" slack="2147483647"/>
</pin_list>
<bind>
<opcode="write(1151) " fcode="write"/>
<opset="write_ln8/2 "/>
</bind>
</comp>

<comp id="51" class="1005" name="i_0_reg_51">
<pin_list>
<pin id="52" dir="0" index="0" bw="4" slack="1"/>
<pin id="53" dir="1" index="1" bw="4" slack="1"/>
</pin_list>
<bind>
<opset="i_0 (phireg) "/>
</bind>
</comp>

<comp id="55" class="1004" name="i_0_phi_fu_55">
<pin_list>
<pin id="56" dir="0" index="0" bw="1" slack="1"/>
<pin id="57" dir="0" index="1" bw="0" slack="2147483647"/>
<pin id="58" dir="0" index="2" bw="4" slack="0"/>
<pin id="59" dir="0" index="3" bw="0" slack="2147483647"/>
<pin id="60" dir="1" index="4" bw="4" slack="0"/>
</pin_list>
<bind>
<opcode="phi(47) " fcode="phi"/>
<opset="i_0/2 "/>
</bind>
</comp>

<comp id="62" class="1004" name="grp_load_fu_62">
<pin_list>
<pin id="63" dir="0" index="0" bw="32" slack="0"/>
<pin id="64" dir="1" index="1" bw="32" slack="0"/>
</pin_list>
<bind>
<opcode="load(27) " fcode="load"/>
<opset="accum_load_1/2 accum_load/2 "/>
</bind>
</comp>

<comp id="67" class="1004" name="add_ln6_fu_67">
<pin_list>
<pin id="68" dir="0" index="0" bw="32" slack="0"/>
<pin id="69" dir="0" index="1" bw="32" slack="0"/>
<pin id="70" dir="1" index="2" bw="32" slack="1"/>
</pin_list>
<bind>
<opcode="add(8) " fcode="add"/>
<opset="add_ln6/1 "/>
</bind>
</comp>

<comp id="73" class="1004" name="icmp_ln5_fu_73">
<pin_list>
<pin id="74" dir="0" index="0" bw="4" slack="0"/>
<pin id="75" dir="0" index="1" bw="4" slack="0"/>
<pin id="76" dir="1" index="2" bw="1" slack="2147483647"/>
</pin_list>
<bind>
<opcode="icmp(45) " fcode="icmp"/>
<opset="icmp_ln5/2 "/>
</bind>
</comp>

<comp id="79" class="1004" name="i_fu_79">
<pin_list>
<pin id="80" dir="0" index="0" bw="4" slack="0"/>
<pin id="81" dir="0" index="1" bw="1" slack="0"/>
<pin id="82" dir="1" index="2" bw="4" slack="0"/>
</pin_list>
<bind>
<opcode="add(8) " fcode="add"/>
<opset="i/2 "/>
</bind>
</comp>

<comp id="85" class="1004" name="add_ln6_1_fu_85">
<pin_list>
<pin id="86" dir="0" index="0" bw="32" slack="1"/>
<pin id="87" dir="0" index="1" bw="32" slack="0"/>
<pin id="88" dir="1" index="2" bw="32" slack="0"/>
</pin_list>
<bind>
<opcode="add(8) " fcode="add"/>
<opset="add_ln6_1/2 "/>
</bind>
</comp>

<comp id="90" class="1004" name="store_ln6_store_fu_90">
<pin_list>
<pin id="91" dir="0" index="0" bw="32" slack="0"/>
<pin id="92" dir="0" index="1" bw="32" slack="0"/>
<pin id="93" dir="1" index="2" bw="0" slack="2147483647"/>
</pin_list>
<bind>
<opcode="store(28) " fcode="store"/>
<opset="store_ln6/2 "/>
</bind>
</comp>

<comp id="96" class="1005" name="add_ln6_reg_96">
<pin_list>
<pin id="97" dir="0" index="0" bw="32" slack="1"/>
<pin id="98" dir="1" index="1" bw="32" slack="1"/>
</pin_list>
<bind>
<opset="add_ln6 "/>
</bind>
</comp>

<comp id="104" class="1005" name="i_reg_104">
<pin_list>
<pin id="105" dir="0" index="0" bw="4" slack="0"/>
<pin id="106" dir="1" index="1" bw="4" slack="0"/>
</pin_list>
<bind>
<opset="i "/>
</bind>
</comp>

</comp_list>

<net_list>
<net id="36"><net_src comp="14" pin="0"/><net_sink comp="32" pin=0"/></net>

<net id="37"><net_src comp="2" pin="0"/><net_sink comp="32" pin=1"/></net>

<net id="42"><net_src comp="14" pin="0"/><net_sink comp="38" pin=0"/></net>

<net id="43"><net_src comp="0" pin="0"/><net_sink comp="38" pin=1"/></net>

<net id="49"><net_src comp="30" pin="0"/><net_sink comp="44" pin=0"/></net>

<net id="50"><net_src comp="4" pin="0"/><net_sink comp="44" pin=1"/></net>

<net id="54"><net_src comp="16" pin="0"/><net_sink comp="51" pin=0"/></net>

<net id="61"><net_src comp="51" pin="1"/><net_sink comp="55" pin=0"/></net>

<net id="65"><net_src comp="6" pin="0"/><net_sink comp="62" pin=0"/></net>

<net id="66"><net_src comp="62" pin="1"/><net_sink comp="44" pin=2"/></net>

<net id="71"><net_src comp="32" pin="2"/><net_sink comp="67" pin=0"/></net>

<net id="72"><net_src comp="38" pin="2"/><net_sink comp="67" pin=1"/></net>

<net id="77"><net_src comp="55" pin="4"/><net_sink comp="73" pin=0"/></net>

<net id="78"><net_src comp="18" pin="0"/><net_sink comp="73" pin=1"/></net>

<net id="83"><net_src comp="55" pin="4"/><net_sink comp="79" pin=0"/></net>

<net id="84"><net_src comp="24" pin="0"/><net_sink comp="79" pin=1"/></net>

<net id="89"><net_src comp="62" pin="1"/><net_sink comp="85" pin=1"/></net>

<net id="94"><net_src comp="85" pin="2"/><net_sink comp="90" pin=0"/></net>

<net id="95"><net_src comp="6" pin="0"/><net_sink comp="90" pin=1"/></net>

<net id="99"><net_src comp="67" pin="2"/><net_sink comp="96" pin=0"/></net>

<net id="100"><net_src comp="96" pin="1"/><net_sink comp="85" pin=0"/></net>

<net id="107"><net_src comp="79" pin="2"/><net_sink comp="104" pin=0"/></net>

<net id="108"><net_src comp="104" pin="1"/><net_sink comp="55" pin=2"/></net>

</net_list>

</model> 
---------------- Datapath Model END ------------------

* FSMD analyzer results:
  - Output states:
	Port: out_data | {2 }
	Port: accum | {2 }
 - Input state : 
	Port: foo : in1 | {1 }
	Port: foo : in2 | {1 }
	Port: foo : accum | {2 }
  - Chain level:
	State 1
	State 2
		icmp_ln5 : 1
		i : 1
		br_ln5 : 2
		add_ln6_1 : 1
		store_ln6 : 2
		write_ln8 : 1


============================================================
+ Verbose Summary: Datapath Resource usage 
============================================================

* Functional unit list:
|----------|-----------------------|---------|---------|
| Operation|    Functional Unit    |    FF   |   LUT   |
|----------|-----------------------|---------|---------|
|          |     add_ln6_fu_67     |    0    |    39   |
|    add   |        i_fu_79        |    0    |    13   |
|          |    add_ln6_1_fu_85    |    0    |    39   |
|----------|-----------------------|---------|---------|
|   icmp   |     icmp_ln5_fu_73    |    0    |    9    |
|----------|-----------------------|---------|---------|
|   read   |  in2_read_read_fu_32  |    0    |    0    |
|          |  in1_read_read_fu_38  |    0    |    0    |
|----------|-----------------------|---------|---------|
|   write  | write_ln8_write_fu_44 |    0    |    0    |
|----------|-----------------------|---------|---------|
|   Total  |                       |    0    |   100   |
|----------|-----------------------|---------|---------|

Memories:
N/A

* Register list:
+--------------+--------+
|              |   FF   |
+--------------+--------+
|add_ln6_reg_96|   32   |
|  i_0_reg_51  |    4   |
|   i_reg_104  |    4   |
+--------------+--------+
|     Total    |   40   |
+--------------+--------+

* Multiplexer (MUX) list: 
|--------|------|------|------|--------|
|  Comp  |  Pin | Size |  BW  | S x BW |
|--------|------|------|------|--------|
|  Total |      |      |      |    0   |
|--------|------|------|------|--------|



* Summary:
+-----------+--------+--------+
|           |   FF   |   LUT  |
+-----------+--------+--------+
|  Function |    0   |   100  |
|   Memory  |    -   |    -   |
|Multiplexer|    -   |    -   |
|  Register |   40   |    -   |
+-----------+--------+--------+
|   Total   |   40   |   100  |
+-----------+--------+--------+
