

================================================================
== Vivado HLS Report for 'dct_2d'
================================================================
* Date:           Tue Nov  5 19:32:42 2019

* Version:        2019.1 (Build 2552052 on Fri May 24 15:28:33 MDT 2019)
* Project:        dct_prj
* Solution:       solution2
* Product family: kintex7
* Target device:  xc7k160t-fbg484-1


================================================================
== Performance Estimates
================================================================
+ Timing (ns): 
    * Summary: 
    +--------+-------+----------+------------+
    |  Clock | Target| Estimated| Uncertainty|
    +--------+-------+----------+------------+
    |ap_clk  |   6.00|     5.790|        1.25|
    +--------+-------+----------+------------+

+ Latency (clock cycles): 
    * Summary: 
    +-----+-----+-----+-----+---------+
    |  Latency  |  Interval | Pipeline|
    | min | max | min | max |   Type  |
    +-----+-----+-----+-----+---------+
    |  762|  762|  762|  762|   none  |
    +-----+-----+-----+-----+---------+

    + Detail: 
        * Instance: 
        +--------------------+---------+-----+-----+-----+-----+---------+
        |                    |         |  Latency  |  Interval | Pipeline|
        |      Instance      |  Module | min | max | min | max |   Type  |
        +--------------------+---------+-----+-----+-----+-----+---------+
        |grp_dct_1d2_fu_227  |dct_1d2  |   37|   37|   37|   37|   none  |
        +--------------------+---------+-----+-----+-----+-----+---------+

        * Loop: 
        +---------------------------------------------+-----+-----+----------+-----------+-----------+------+----------+
        |                                             |  Latency  | Iteration|  Initiation Interval  | Trip |          |
        |                  Loop Name                  | min | max |  Latency |  achieved |   target  | Count| Pipelined|
        +---------------------------------------------+-----+-----+----------+-----------+-----------+------+----------+
        |- Row_DCT_Loop                               |  312|  312|        39|          -|          -|     8|    no    |
        |- Xpose_Row_Outer_Loop_Xpose_Row_Inner_Loop  |   66|   66|         4|          1|          1|    64|    yes   |
        |- Col_DCT_Loop                               |  312|  312|        39|          -|          -|     8|    no    |
        |- Xpose_Col_Outer_Loop_Xpose_Col_Inner_Loop  |   66|   66|         4|          1|          1|    64|    yes   |
        +---------------------------------------------+-----+-----+----------+-----------+-----------+------+----------+



================================================================
== Utilization Estimates
================================================================
* Summary: 
+-----------------+---------+-------+--------+--------+-----+
|       Name      | BRAM_18K| DSP48E|   FF   |   LUT  | URAM|
+-----------------+---------+-------+--------+--------+-----+
|DSP              |        -|      -|       -|       -|    -|
|Expression       |        -|      -|       0|     274|    -|
|FIFO             |        -|      -|       -|       -|    -|
|Instance         |        0|      8|     609|     323|    -|
|Memory           |        3|      -|       0|       0|    0|
|Multiplexer      |        -|      -|       -|     368|    -|
|Register         |        0|      -|     498|     192|    -|
+-----------------+---------+-------+--------+--------+-----+
|Total            |        3|      8|    1107|    1157|    0|
+-----------------+---------+-------+--------+--------+-----+
|Available        |      650|    600|  202800|  101400|    0|
+-----------------+---------+-------+--------+--------+-----+
|Utilization (%)  |    ~0   |      1|   ~0   |       1|    0|
+-----------------+---------+-------+--------+--------+-----+

+ Detail: 
    * Instance: 
    +--------------------+---------+---------+-------+-----+-----+-----+
    |      Instance      |  Module | BRAM_18K| DSP48E|  FF | LUT | URAM|
    +--------------------+---------+---------+-------+-----+-----+-----+
    |grp_dct_1d2_fu_227  |dct_1d2  |        0|      8|  609|  323|    0|
    +--------------------+---------+---------+-------+-----+-----+-----+
    |Total               |         |        0|      8|  609|  323|    0|
    +--------------------+---------+---------+-------+-----+-----+-----+

    * DSP48E: 
    N/A

    * Memory: 
    +--------------+-------------------+---------+---+----+-----+------+-----+------+-------------+
    |    Memory    |       Module      | BRAM_18K| FF| LUT| URAM| Words| Bits| Banks| W*Bits*Banks|
    +--------------+-------------------+---------+---+----+-----+------+-----+------+-------------+
    |col_inbuf_U   |dct_2d_col_inbuf   |        1|  0|   0|    0|    64|   16|     1|         1024|
    |row_outbuf_U  |dct_2d_row_outbuf  |        1|  0|   0|    0|    64|   16|     1|         1024|
    |col_outbuf_U  |dct_2d_row_outbuf  |        1|  0|   0|    0|    64|   16|     1|         1024|
    +--------------+-------------------+---------+---+----+-----+------+-----+------+-------------+
    |Total         |                   |        3|  0|   0|    0|   192|   48|     3|         3072|
    +--------------+-------------------+---------+---+----+-----+------+-----+------+-------------+

    * FIFO: 
    N/A

    * Expression: 
    +-------------------------+----------+-------+---+----+------------+------------+
    |      Variable Name      | Operation| DSP48E| FF| LUT| Bitwidth P0| Bitwidth P1|
    +-------------------------+----------+-------+---+----+------------+------------+
    |add_ln37_fu_274_p2       |     +    |      0|  0|  15|           7|           1|
    |add_ln40_1_fu_353_p2     |     +    |      0|  0|  15|           8|           8|
    |add_ln40_fu_328_p2       |     +    |      0|  0|  15|           8|           8|
    |add_ln48_fu_382_p2       |     +    |      0|  0|  15|           7|           1|
    |add_ln51_1_fu_436_p2     |     +    |      0|  0|  15|           8|           8|
    |add_ln51_fu_461_p2       |     +    |      0|  0|  15|           8|           8|
    |i_4_fu_308_p2            |     +    |      0|  0|  13|           4|           1|
    |i_5_fu_370_p2            |     +    |      0|  0|  13|           4|           1|
    |i_6_fu_416_p2            |     +    |      0|  0|  13|           4|           1|
    |i_fu_262_p2              |     +    |      0|  0|  13|           4|           1|
    |j_2_fu_388_p2            |     +    |      0|  0|  13|           4|           1|
    |j_fu_280_p2              |     +    |      0|  0|  13|           4|           1|
    |icmp_ln32_fu_256_p2      |   icmp   |      0|  0|  11|           4|           5|
    |icmp_ln37_fu_268_p2      |   icmp   |      0|  0|  11|           7|           8|
    |icmp_ln39_fu_286_p2      |   icmp   |      0|  0|  11|           4|           5|
    |icmp_ln43_fu_364_p2      |   icmp   |      0|  0|  11|           4|           5|
    |icmp_ln48_fu_376_p2      |   icmp   |      0|  0|  11|           7|           8|
    |icmp_ln50_fu_394_p2      |   icmp   |      0|  0|  11|           4|           5|
    |select_ln40_1_fu_300_p3  |  select  |      0|  0|   4|           1|           4|
    |select_ln40_fu_292_p3    |  select  |      0|  0|   4|           1|           1|
    |select_ln51_1_fu_408_p3  |  select  |      0|  0|   4|           1|           4|
    |select_ln51_fu_400_p3    |  select  |      0|  0|   4|           1|           1|
    |ap_enable_pp0            |    xor   |      0|  0|   6|           1|           2|
    |ap_enable_pp1            |    xor   |      0|  0|   6|           1|           2|
    |ap_enable_reg_pp0_iter1  |    xor   |      0|  0|   6|           2|           1|
    |ap_enable_reg_pp1_iter1  |    xor   |      0|  0|   6|           2|           1|
    +-------------------------+----------+-------+---+----+------------+------------+
    |Total                    |          |      0|  0| 274|         110|          92|
    +-------------------------+----------+-------+---+----+------------+------------+

    * Multiplexer: 
    +-------------------------------+----+-----------+-----+-----------+
    |              Name             | LUT| Input Size| Bits| Total Bits|
    +-------------------------------+----+-----------+-----+-----------+
    |ap_NS_fsm                      |  47|         10|    1|         10|
    |ap_enable_reg_pp0_iter1        |   9|          2|    1|          2|
    |ap_enable_reg_pp0_iter3        |   9|          2|    1|          2|
    |ap_enable_reg_pp1_iter1        |   9|          2|    1|          2|
    |ap_enable_reg_pp1_iter3        |   9|          2|    1|          2|
    |ap_phi_mux_j_0_phi_fu_164_p4   |   9|          2|    4|          8|
    |ap_phi_mux_j_1_phi_fu_209_p4   |   9|          2|    4|          8|
    |col_inbuf_address0             |  15|          3|    6|         18|
    |col_inbuf_ce0                  |  15|          3|    1|          3|
    |col_inbuf_ce1                  |   9|          2|    1|          2|
    |col_outbuf_address0            |  15|          3|    6|         18|
    |col_outbuf_ce0                 |  15|          3|    1|          3|
    |col_outbuf_we0                 |   9|          2|    1|          2|
    |grp_dct_1d2_fu_227_dst_offset  |  15|          3|    4|         12|
    |grp_dct_1d2_fu_227_src_offset  |  15|          3|    4|         12|
    |grp_dct_1d2_fu_227_src_q0      |  15|          3|   16|         48|
    |grp_dct_1d2_fu_227_src_q1      |  15|          3|   16|         48|
    |i_0_reg_137                    |   9|          2|    4|          8|
    |i_1_reg_171                    |   9|          2|    4|          8|
    |i_2_reg_182                    |   9|          2|    4|          8|
    |i_3_reg_216                    |   9|          2|    4|          8|
    |in_block_ce0                   |   9|          2|    1|          2|
    |in_block_ce1                   |   9|          2|    1|          2|
    |indvar_flatten11_reg_194       |   9|          2|    7|         14|
    |indvar_flatten_reg_149         |   9|          2|    7|         14|
    |j_0_reg_160                    |   9|          2|    4|          8|
    |j_1_reg_205                    |   9|          2|    4|          8|
    |row_outbuf_address0            |  15|          3|    6|         18|
    |row_outbuf_ce0                 |  15|          3|    1|          3|
    |row_outbuf_we0                 |   9|          2|    1|          2|
    +-------------------------------+----+-----------+-----+-----------+
    |Total                          | 368|         78|  117|        303|
    +-------------------------------+----+-----------+-----+-----------+

    * Register: 
    +---------------------------------+----+----+-----+-----------+
    |               Name              | FF | LUT| Bits| Const Bits|
    +---------------------------------+----+----+-----+-----------+
    |ap_CS_fsm                        |   9|   0|    9|          0|
    |ap_enable_reg_pp0_iter0          |   1|   0|    1|          0|
    |ap_enable_reg_pp0_iter1          |   1|   0|    1|          0|
    |ap_enable_reg_pp0_iter2          |   1|   0|    1|          0|
    |ap_enable_reg_pp0_iter3          |   1|   0|    1|          0|
    |ap_enable_reg_pp1_iter0          |   1|   0|    1|          0|
    |ap_enable_reg_pp1_iter1          |   1|   0|    1|          0|
    |ap_enable_reg_pp1_iter2          |   1|   0|    1|          0|
    |ap_enable_reg_pp1_iter3          |   1|   0|    1|          0|
    |col_outbuf_load_reg_559          |  16|   0|   16|          0|
    |grp_dct_1d2_fu_227_ap_start_reg  |   1|   0|    1|          0|
    |i_0_reg_137                      |   4|   0|    4|          0|
    |i_1_reg_171                      |   4|   0|    4|          0|
    |i_2_reg_182                      |   4|   0|    4|          0|
    |i_3_reg_216                      |   4|   0|    4|          0|
    |i_5_reg_522                      |   4|   0|    4|          0|
    |i_reg_476                        |   4|   0|    4|          0|
    |icmp_ln37_reg_481                |   1|   0|    1|          0|
    |icmp_ln48_reg_527                |   1|   0|    1|          0|
    |indvar_flatten11_reg_194         |   7|   0|    7|          0|
    |indvar_flatten_reg_149           |   7|   0|    7|          0|
    |j_0_reg_160                      |   4|   0|    4|          0|
    |j_1_reg_205                      |   4|   0|    4|          0|
    |row_outbuf_load_reg_513          |  16|   0|   16|          0|
    |select_ln40_1_reg_496            |   4|   0|    4|          0|
    |select_ln40_reg_490              |   4|   0|    4|          0|
    |select_ln51_1_reg_542            |   4|   0|    4|          0|
    |select_ln51_reg_536              |   4|   0|    4|          0|
    |icmp_ln37_reg_481                |  64|  32|    1|          0|
    |icmp_ln48_reg_527                |  64|  32|    1|          0|
    |select_ln40_1_reg_496            |  64|  32|    4|          0|
    |select_ln40_reg_490              |  64|  32|    4|          0|
    |select_ln51_1_reg_542            |  64|  32|    4|          0|
    |select_ln51_reg_536              |  64|  32|    4|          0|
    +---------------------------------+----+----+-----+-----------+
    |Total                            | 498| 192|  132|          0|
    +---------------------------------+----+----+-----+-----------+



================================================================
== Interface
================================================================
* Summary: 
+--------------------+-----+-----+------------+--------------+--------------+
|      RTL Ports     | Dir | Bits|  Protocol  | Source Object|    C Type    |
+--------------------+-----+-----+------------+--------------+--------------+
|ap_clk              |  in |    1| ap_ctrl_hs |    dct_2d    | return value |
|ap_rst              |  in |    1| ap_ctrl_hs |    dct_2d    | return value |
|ap_start            |  in |    1| ap_ctrl_hs |    dct_2d    | return value |
|ap_done             | out |    1| ap_ctrl_hs |    dct_2d    | return value |
|ap_idle             | out |    1| ap_ctrl_hs |    dct_2d    | return value |
|ap_ready            | out |    1| ap_ctrl_hs |    dct_2d    | return value |
|in_block_address0   | out |    6|  ap_memory |   in_block   |     array    |
|in_block_ce0        | out |    1|  ap_memory |   in_block   |     array    |
|in_block_q0         |  in |   16|  ap_memory |   in_block   |     array    |
|in_block_address1   | out |    6|  ap_memory |   in_block   |     array    |
|in_block_ce1        | out |    1|  ap_memory |   in_block   |     array    |
|in_block_q1         |  in |   16|  ap_memory |   in_block   |     array    |
|out_block_address0  | out |    6|  ap_memory |   out_block  |     array    |
|out_block_ce0       | out |    1|  ap_memory |   out_block  |     array    |
|out_block_we0       | out |    1|  ap_memory |   out_block  |     array    |
|out_block_d0        | out |   16|  ap_memory |   out_block  |     array    |
+--------------------+-----+-----+------------+--------------+--------------+

