INFO-FLOW: Workspace C:/Users/Yaroslav/AppData/Roaming/Xilinx/Vivado/lab1_1/solution1 opened at Sun Oct 06 20:05:20 +0300 2019
Execute     config_clock -quiet -name default -period 6 -default=false 
INFO: [SYN 201-201] Setting up clock 'default' with a period of 6ns.
Execute     config_clock -quiet -name default -uncertainty 0.1 
INFO: [SYN 201-201] Setting up clock 'default' with an uncertainty of 0.1ns.
WARNING: [HLS 200-40] Cannot find library 'C:/Xilinx/Vivado/2019.1/common/technology/xilinx/aartix7/aartix7.lib'.
WARNING: [HLS 200-40] Cannot find library 'xilinx/aartix7/aartix7'.
Execute     open_platform DefaultPlatform 
Execute     import_lib C:/Xilinx/Vivado/2019.1/common/technology/xilinx/artix7/artix7 
Execute       source C:/Xilinx/Vivado/2019.1/common/technology/xilinx/common/xilinx.lib 
Execute         source C:/Xilinx/Vivado/2019.1/common/technology/xilinx/interface/xilinx_interface.lib 
Execute           source C:/Xilinx/Vivado/2019.1/common/technology/xilinx/interface/plb46.lib 
Execute           source C:/Xilinx/Vivado/2019.1/common/technology/xilinx/interface/fsl.lib 
Execute           source C:/Xilinx/Vivado/2019.1/common/technology/xilinx/interface/axi4.lib 
Execute           source C:/Xilinx/Vivado/2019.1/common/technology/xilinx/interface/maxi.lib 
Execute           source C:/Xilinx/Vivado/2019.1/common/technology/xilinx/interface/saxilite.lib 
Execute         source C:/Xilinx/Vivado/2019.1/common/technology/xilinx/common/dsp48.lib 
Execute         source C:/Xilinx/Vivado/2019.1/common/technology/xilinx/ip/dds_compiler.lib 
Execute         source C:/Xilinx/Vivado/2019.1/common/technology/xilinx/ip/xfft.lib 
Execute         source C:/Xilinx/Vivado/2019.1/common/technology/xilinx/ip/xfir.lib 
Execute       source C:/Xilinx/Vivado/2019.1/common/technology/xilinx/common/xilinx.hlp 
Execute         source C:/Xilinx/Vivado/2019.1/common/technology/xilinx/common/target_info.tcl 
Execute         source C:/Xilinx/Vivado/2019.1/common/technology/xilinx/interface/xilinx_interface.hlp 
Execute           source C:/Xilinx/Vivado/2019.1/common/technology/xilinx/interface/maxi.hlp 
Execute           source C:/Xilinx/Vivado/2019.1/common/technology/xilinx/interface/saxilite.hlp 
Execute         source C:/Xilinx/Vivado/2019.1/common/technology/xilinx/common/dsp48.hlp 
Execute       source C:/Xilinx/Vivado/2019.1/common/technology/xilinx/artix7/dsp48e1.hlp 
Execute       source C:/Xilinx/Vivado/2019.1/common/technology/xilinx/common/xilinx.hlp 
Execute         source C:/Xilinx/Vivado/2019.1/common/technology/xilinx/common/target_info.tcl 
Execute         source C:/Xilinx/Vivado/2019.1/common/technology/xilinx/interface/xilinx_interface.hlp 
Execute           source C:/Xilinx/Vivado/2019.1/common/technology/xilinx/interface/maxi.hlp 
Execute           source C:/Xilinx/Vivado/2019.1/common/technology/xilinx/interface/saxilite.hlp 
Execute         source C:/Xilinx/Vivado/2019.1/common/technology/xilinx/common/dsp48.hlp 
Execute     source C:/Xilinx/Vivado/2019.1/common/technology/xilinx/artix7/artix7.gen 
Execute       source C:/Xilinx/Vivado/2019.1/common/technology/xilinx/common/xilinx.gen 
Execute         source C:/Xilinx/Vivado/2019.1/common/technology/xilinx/interface/plb46.gen 
Execute         source C:/Xilinx/Vivado/2019.1/common/technology/xilinx/interface/fsl.gen 
Execute         source C:/Xilinx/Vivado/2019.1/common/technology/xilinx/interface/axi4.gen 
Execute         source C:/Xilinx/Vivado/2019.1/common/technology/xilinx/interface/nativeAXI4.gen 
Execute           source C:/Xilinx/Vivado/2019.1/common/technology/xilinx/interface/saxilite.gen 
Execute           source C:/Xilinx/Vivado/2019.1/common/technology/xilinx/interface/maxi.gen 
Execute         source C:/Xilinx/Vivado/2019.1/common/technology/xilinx/scripts/xilinxcoregen.gen 
Execute         source C:/Xilinx/Vivado/2019.1/common/technology/xilinx/interface/XilEDKCoreGen.gen 
Execute         source C:/Xilinx/Vivado/2019.1/common/technology/xilinx/ip/dds_compiler.gen 
Execute         source C:/Xilinx/Vivado/2019.1/common/technology/xilinx/ip/util.gen 
Execute         source C:/Xilinx/Vivado/2019.1/common/technology/xilinx/ip/xfft.gen 
Command         ap_source done; 0.108 sec.
Execute         source C:/Xilinx/Vivado/2019.1/common/technology/xilinx/ip/xfir.gen 
Execute         source C:/Xilinx/Vivado/2019.1/common/technology/xilinx/common/dsp48.gen 
Command       ap_source done; 0.154 sec.
Command     ap_source done; 0.154 sec.
Execute     open_platform DefaultPlatform 
Execute     import_lib C:/Xilinx/Vivado/2019.1/common/technology/xilinx/artix7/artix7_fpv6 
Execute       source C:/Xilinx/Vivado/2019.1/common/technology/xilinx/common/xilinx_fp.lib 
Execute       source C:/Xilinx/Vivado/2019.1/common/technology/xilinx/common/xilinx_fp.hlp 
Execute         source C:/Xilinx/Vivado/2019.1/common/technology/xilinx/common/xilinx.hlp 
Execute           source C:/Xilinx/Vivado/2019.1/common/technology/xilinx/common/target_info.tcl 
Execute           source C:/Xilinx/Vivado/2019.1/common/technology/xilinx/interface/xilinx_interface.hlp 
Execute             source C:/Xilinx/Vivado/2019.1/common/technology/xilinx/interface/maxi.hlp 
Execute             source C:/Xilinx/Vivado/2019.1/common/technology/xilinx/interface/saxilite.hlp 
Execute           source C:/Xilinx/Vivado/2019.1/common/technology/xilinx/common/dsp48.hlp 
Execute     source C:/Xilinx/Vivado/2019.1/common/technology/xilinx/artix7/artix7_fpv6.gen 
Execute       source C:/Xilinx/Vivado/2019.1/common/technology/xilinx/common/xilinx_fp.gen 
Execute     set_part xa7a12t-csg325-1Q 
Execute       ap_part_info -name xa7a12t-csg325-1Q -data single -quiet 
Command       ap_part_info done; 0.467 sec.
Execute       ap_part_info -name xa7a12t-csg325-1Q -data info 
Execute       add_library xilinx/artix7/artix7:xa7a12t:-csg325:-1Q 
Execute         get_default_platform 
Execute         license_isbetapart xa7a12t 
Command         license_isbetapart done; error code: 1; 
Execute         ap_part_info -data single -name xa7a12t-csg325-1Q 
Execute         ap_part_info -name xa7a12t-csg325-1Q -data resources 
Execute         ap_part_info -name xa7a12t-csg325-1Q -data info 
Execute         ap_part_info -name xa7a12t-csg325-1Q -data info 
Execute         config_chip_info -quiet -resource {SLICE 3650} {LUT 8000} {FF 16000} {DSP48E 40} {BRAM 40} {URAM 0} 
Execute         ap_part_info -name xa7a12t-csg325-1Q -data info 
Execute         config_chip_info -quiet -speed slow 
Execute       add_library xilinx/artix7/artix7_fpv6 
Execute         get_default_platform 
INFO: [HLS 200-10] Setting target device to 'xa7a12t-csg325-1Q'
Execute       ap_part_info -name xa7a12t-csg325-1Q -data info 
Execute       get_default_platform 
Command     set_part done; 0.565 sec.
Execute     ap_part_info -data single -name xa7a12t-csg325-1Q 
Execute     ap_part_info -name xa7a12t-csg325-1Q -data resources 
Execute     ap_part_info -name xa7a12t-csg325-1Q -data info 
Execute     ap_part_info -name xa7a12t-csg325-1Q -data info 
Execute     config_chip_info -quiet -resource {SLICE 3650} {LUT 8000} {FF 16000} {DSP48E 40} {BRAM 40} {URAM 0} 
Execute     ap_part_info -name xa7a12t-csg325-1Q -data info 
Execute     config_chip_info -quiet -speed slow 
Command   open_solution done; 0.773 sec.
Execute   set_part xa7a12t-csg325-1Q -tool vivado 
Execute     ap_part_info -name xa7a12t-csg325-1Q -data single -quiet 
Execute     ap_part_info -name xa7a12t-csg325-1Q -data info 
Execute     add_library xilinx/artix7/artix7:xa7a12t:-csg325:-1Q 
Execute       get_default_platform 
Execute       license_isbetapart xa7a12t 
Command       license_isbetapart done; error code: 1; 
Execute       ap_part_info -data single -name xa7a12t-csg325-1Q 
Execute       ap_part_info -name xa7a12t-csg325-1Q -data resources 
Execute       ap_part_info -name xa7a12t-csg325-1Q -data info 
Execute       ap_part_info -name xa7a12t-csg325-1Q -data info 
Execute       config_chip_info -quiet -resource {SLICE 3650} {LUT 8000} {FF 16000} {DSP48E 40} {BRAM 40} {URAM 0} 
Execute       ap_part_info -name xa7a12t-csg325-1Q -data info 
Execute       config_chip_info -quiet -speed slow 
Execute     add_library xilinx/artix7/artix7_fpv6 
Execute       get_default_platform 
Execute     ap_part_info -name xa7a12t-csg325-1Q -data info 
Execute     get_default_platform 
Execute   create_clock -period 6 -name default 
Execute   set_clock_uncertainty 0.1 
Execute   csynth_design 
Execute     get_config_compile -dump_cfg 
Execute     get_config_compile -effort 
Execute     get_config_compile -enable_clang39 
Execute     get_config_compile -g 
Execute     get_config_compile -ng 
Execute     get_config_compile -opt_fp 
Execute     get_config_compile -skip_cdt 
Execute     get_config_compile -skip_syncheck 
Execute     get_config_compile -skip_transform 
Execute     get_config_compile -keep_printf 
Execute     elaborate -effort=medium -skip_syncheck=0 -keep_printf=0 -skip_cdt=0 -skip_transform=0 -ng=0 -g=0 -opt_fp=0 -from_csynth_design=1 
Execute       get_config_schedule -relax_ii_for_timing 
INFO: [SCHED 204-61] Option 'relax_ii_for_timing' is enabled, will increase II to preserve clock frequency constraints.
Execute       get_config_schedule -suppress_dependence_error_break 
INFO: [HLS 200-10] Analyzing design file '../../../../../../Spbgpu/lab_z1/source/lab1_1.c' ... 
INFO-FLOW: Compiling one TU...
Execute       is_m_axi_addr64 
INFO-FLOW: Handling ../../../../../../Spbgpu/lab_z1/source/lab1_1.c as C
Execute       ap_part_info -name xa7a12t-csg325-1Q -data info 
Execute       is_encrypted ../../../../../../Spbgpu/lab_z1/source/lab1_1.c 
INFO-FLOW: Running: GCC PP
INFO-FLOW: Source preprocessing
Execute       clang  -fno-limit-debug-info -gcc-toolchain "C:/Xilinx/Vivado/2019.1/msys" -hls  -fno-exceptions  -D__llvm__  -E "../../../../../../Spbgpu/lab_z1/source/lab1_1.c"     -fno-math-errno -c -emit-llvm -O0  -mllvm -disable-llvm-optzns -std=gnu89   -DAESL_SYN -D__SYNTHESIS__ -D__HLS_SYN__ -I "C:/Xilinx/Vivado/2019.1/common/technology/autopilot" -I "C:/Xilinx/Vivado/2019.1/common/technology/autopilot/ap_sysc" -include etc/autopilot_ssdm_op.h -D__DSP48E1__ -D__cdecl=  -o "C:/Users/Yaroslav/AppData/Roaming/Xilinx/Vivado/lab1_1/solution1/.autopilot/db/lab1_1.pp.0.c" 
INFO-FLOW: exec C:/Xilinx/Vivado/2019.1/win64/tools/clang/bin/clang -fno-limit-debug-info -gcc-toolchain C:/Xilinx/Vivado/2019.1/msys -hls -fno-exceptions -D__llvm__ -E ../../../../../../Spbgpu/lab_z1/source/lab1_1.c -fno-math-errno -c -emit-llvm -O0 -mllvm -disable-llvm-optzns -std=gnu89 -DAESL_SYN -D__SYNTHESIS__ -D__HLS_SYN__ -I C:/Xilinx/Vivado/2019.1/common/technology/autopilot -I C:/Xilinx/Vivado/2019.1/common/technology/autopilot/ap_sysc -include etc/autopilot_ssdm_op.h -D__DSP48E1__ -D__cdecl= -o C:/Users/Yaroslav/AppData/Roaming/Xilinx/Vivado/lab1_1/solution1/.autopilot/db/lab1_1.pp.0.c
Command       clang done; 1.33 sec.
Execute       tidy_31 xilinx-xfmat-array-geometry C:/Users/Yaroslav/AppData/Roaming/Xilinx/Vivado/lab1_1/solution1/.autopilot/db/lab1_1.pp.0.c std=gnu89 
INFO-FLOW: exec C:/Xilinx/Vivado/2019.1/win64/tools/clang-3.9-csynth/bin/tidy-3.1 -header-filter=.* -checks=-*,xilinx-xfmat-array-geometry -quiet -fix C:/Users/Yaroslav/AppData/Roaming/Xilinx/Vivado/lab1_1/solution1/.autopilot/db/lab1_1.pp.0.c -- -std=gnu89 -fhls -ferror-limit=0
Command       tidy_31 done; 0.257 sec.
INFO-FLOW: Syntax Checking before pre-processing...
Execute       clang -syntaxcheck -src C:/Users/Yaroslav/AppData/Roaming/Xilinx/Vivado/lab1_1/solution1/.autopilot/db/lab1_1.pp.0.c  -fno-limit-debug-info -gcc-toolchain "C:/Xilinx/Vivado/2019.1/msys" -hls    -fno-math-errno -c -emit-llvm -O0  -mllvm -disable-llvm-optzns -std=gnu89   -DAESL_SYN -D__SYNTHESIS__ -D__HLS_SYN__ -I "C:/Xilinx/Vivado/2019.1/common/technology/autopilot" -I "C:/Xilinx/Vivado/2019.1/common/technology/autopilot/ap_sysc" -include etc/autopilot_ssdm_op.h -D__DSP48E1__ -D__cdecl=  "C:/Users/Yaroslav/AppData/Roaming/Xilinx/Vivado/lab1_1/solution1/.autopilot/db/lab1_1.pp.0.c"  -o "C:/Users/Yaroslav/AppData/Roaming/Xilinx/Vivado/lab1_1/solution1/.autopilot/db/useless.bc"  
INFO-FLOW: exec C:/Xilinx/Vivado/2019.1/win64/tools/clang/bin/clang -fno-limit-debug-info -gcc-toolchain C:/Xilinx/Vivado/2019.1/msys -hls -fno-math-errno -c -emit-llvm -O0 -mllvm -disable-llvm-optzns -std=gnu89 -DAESL_SYN -D__SYNTHESIS__ -D__HLS_SYN__ -I C:/Xilinx/Vivado/2019.1/common/technology/autopilot -I C:/Xilinx/Vivado/2019.1/common/technology/autopilot/ap_sysc -include etc/autopilot_ssdm_op.h -D__DSP48E1__ -D__cdecl= C:/Users/Yaroslav/AppData/Roaming/Xilinx/Vivado/lab1_1/solution1/.autopilot/db/lab1_1.pp.0.c -o C:/Users/Yaroslav/AppData/Roaming/Xilinx/Vivado/lab1_1/solution1/.autopilot/db/useless.bc
Command       clang done; 1.31 sec.
INFO-FLOW: Done: GCC PP time: 2.9 seconds per iteration
Execute       source C:/Xilinx/Vivado/2019.1/tps/tcl/tcllib1.11.1/yaml/huddle.tcl 
Execute       source C:/Xilinx/Vivado/2019.1/tps/tcl/tcllib1.11.1/yaml/json2huddle.tcl 
Execute         source C:/Xilinx/Vivado/2019.1/tps/tcl/tcllib1.11.1/try/try.tcl 
Execute       list_core -type functional_unit 
Execute       tidy_31 xilinx-systemc-detector C:/Users/Yaroslav/AppData/Roaming/Xilinx/Vivado/lab1_1/solution1/.autopilot/db/lab1_1.pp.0.c std=gnu89 -directive=C:/Users/Yaroslav/AppData/Roaming/Xilinx/Vivado/lab1_1/solution1/.autopilot/db/.systemc_flag 
INFO-FLOW: exec C:/Xilinx/Vivado/2019.1/win64/tools/clang-3.9-csynth/bin/tidy-3.1 -header-filter=.* -checks=-*,xilinx-systemc-detector -import-directive=C:/Users/Yaroslav/AppData/Roaming/Xilinx/Vivado/lab1_1/solution1/.autopilot/db/.systemc_flag -quiet -fix-errors C:/Users/Yaroslav/AppData/Roaming/Xilinx/Vivado/lab1_1/solution1/.autopilot/db/lab1_1.pp.0.c -- -std=gnu89 -fhls -ferror-limit=0
INFO-FLOW: Running: tidy-3.1 CDT preprocess
Execute       tidy_31 xilinx-directive2pragma C:/Users/Yaroslav/AppData/Roaming/Xilinx/Vivado/lab1_1/solution1/.autopilot/db/lab1_1.pp.0.c std=gnu89 -directive=C:/Users/Yaroslav/AppData/Roaming/Xilinx/Vivado/lab1_1/solution1/.autopilot/db/all.directive.json 
INFO-FLOW: exec C:/Xilinx/Vivado/2019.1/win64/tools/clang-3.9-csynth/bin/tidy-3.1 -header-filter=.* -checks=-*,xilinx-directive2pragma -import-directive=C:/Users/Yaroslav/AppData/Roaming/Xilinx/Vivado/lab1_1/solution1/.autopilot/db/all.directive.json -quiet -fix-errors C:/Users/Yaroslav/AppData/Roaming/Xilinx/Vivado/lab1_1/solution1/.autopilot/db/lab1_1.pp.0.c -- -std=gnu89 -fhls -ferror-limit=0
Execute       get_config_dataflow -strict_mode 
Execute       ap_eval exec -ignorestderr C:/Xilinx/Vivado/2019.1/win64/tools/clang-3.9-csynth/bin/xilinx-dataflow-lawyer -export-fixes=C:/Users/Yaroslav/AppData/Roaming/Xilinx/Vivado/lab1_1/solution1/.autopilot/db/xilinx-dataflow-lawyer.lab1_1.pp.0.c.diag.yml C:/Users/Yaroslav/AppData/Roaming/Xilinx/Vivado/lab1_1/solution1/.autopilot/db/lab1_1.pp.0.c -- -std=gnu99 -fhls -ferror-limit=0 -fstrict-dataflow > C:/Users/Yaroslav/AppData/Roaming/Xilinx/Vivado/lab1_1/solution1/.autopilot/db/xilinx-dataflow-lawyer.lab1_1.pp.0.c.out.log 2> C:/Users/Yaroslav/AppData/Roaming/Xilinx/Vivado/lab1_1/solution1/.autopilot/db/xilinx-dataflow-lawyer.lab1_1.pp.0.c.err.log 
Command       ap_eval done; 0.803 sec.
Execute       tidy_31 -errorcheck xilinx-constantarray-param,xilinx-resource-pragma-transformer,xilinx-xfmat-array-geometry C:/Users/Yaroslav/AppData/Roaming/Xilinx/Vivado/lab1_1/solution1/.autopilot/db/lab1_1.pp.0.c std=gnu89 
Execute         ap_eval exec -ignorestderr C:/Xilinx/Vivado/2019.1/win64/tools/clang-3.9-csynth/bin/tidy-3.1 -export-fixes=C:/Users/Yaroslav/AppData/Roaming/Xilinx/Vivado/lab1_1/solution1/.autopilot/db/tidy-3.1.lab1_1.pp.0.c.diag.yml -header-filter=.* -checks=-*,xilinx-constantarray-param,xilinx-resource-pragma-transformer,xilinx-xfmat-array-geometry -quiet -fix-errors C:/Users/Yaroslav/AppData/Roaming/Xilinx/Vivado/lab1_1/solution1/.autopilot/db/lab1_1.pp.0.c -- -std=gnu89 -fhls -ferror-limit=0 > C:/Users/Yaroslav/AppData/Roaming/Xilinx/Vivado/lab1_1/solution1/.autopilot/db/tidy-3.1.lab1_1.pp.0.c.out.log 2> C:/Users/Yaroslav/AppData/Roaming/Xilinx/Vivado/lab1_1/solution1/.autopilot/db/tidy-3.1.lab1_1.pp.0.c.err.log 
Execute         ap_eval exec -ignorestderr C:/Xilinx/Vivado/2019.1/win64/tools/clang-3.9-csynth/bin/xilinx-legacy-rewriter C:/Users/Yaroslav/AppData/Roaming/Xilinx/Vivado/lab1_1/solution1/.autopilot/db/lab1_1.pp.0.c -- -std=gnu89 -fhls -ferror-limit=0 > C:/Users/Yaroslav/AppData/Roaming/Xilinx/Vivado/lab1_1/solution1/.autopilot/db/xilinx-legacy-rewriter.lab1_1.pp.0.c.out.log 2> C:/Users/Yaroslav/AppData/Roaming/Xilinx/Vivado/lab1_1/solution1/.autopilot/db/xilinx-legacy-rewriter.lab1_1.pp.0.c.err.log 
Command         ap_eval done; 0.978 sec.
Command       tidy_31 done; 1.019 sec.
INFO-FLOW: Done: tidy-3.1 CDT preprocess time: 1.9 seconds per iteration
INFO-FLOW: Pragma Handling...
Execute       tidy_31 xilinx-ssdm-intrinsics-arguments C:/Users/Yaroslav/AppData/Roaming/Xilinx/Vivado/lab1_1/solution1/.autopilot/db/lab1_1.pragma.1.c std=gnu89 
INFO-FLOW: exec C:/Xilinx/Vivado/2019.1/win64/tools/clang-3.9-csynth/bin/tidy-3.1 -header-filter=.* -checks=-*,xilinx-ssdm-intrinsics-arguments -quiet -fix-errors C:/Users/Yaroslav/AppData/Roaming/Xilinx/Vivado/lab1_1/solution1/.autopilot/db/lab1_1.pragma.1.c -- -std=gnu89 -fhls -ferror-limit=0
Execute       ap_part_info -name xa7a12t-csg325-1Q -data info 
INFO-FLOW: Processing labels
Execute       clang -src C:/Users/Yaroslav/AppData/Roaming/Xilinx/Vivado/lab1_1/solution1/.autopilot/db/lab1_1.pragma.2.c  -fno-limit-debug-info -gcc-toolchain C:/Xilinx/Vivado/2019.1/msys -hls -hls-analyze-label -hls-analyze-pragma -fno-exceptions  -D__llvm__  -w  "C:/Users/Yaroslav/AppData/Roaming/Xilinx/Vivado/lab1_1/solution1/.autopilot/db/lab1_1.pragma.2.c"    -fno-math-errno -c -emit-llvm -O0  -mllvm -disable-llvm-optzns -std=gnu89  -DAESL_SYN -D__SYNTHESIS__ -D__HLS_SYN__ -I "C:/Xilinx/Vivado/2019.1/common/technology/autopilot" -I "C:/Xilinx/Vivado/2019.1/common/technology/autopilot/ap_sysc" -include etc/autopilot_ssdm_op.h -D__DSP48E1__ -g -o "C:/Users/Yaroslav/AppData/Roaming/Xilinx/Vivado/lab1_1/solution1/.autopilot/db/lab1_1.bc" 
INFO-FLOW: exec C:/Xilinx/Vivado/2019.1/win64/tools/clang/bin/clang -fno-limit-debug-info -gcc-toolchain C:/Xilinx/Vivado/2019.1/msys -hls -hls-analyze-label -hls-analyze-pragma -fno-exceptions -D__llvm__ -w C:/Users/Yaroslav/AppData/Roaming/Xilinx/Vivado/lab1_1/solution1/.autopilot/db/lab1_1.pragma.2.c -fno-math-errno -c -emit-llvm -O0 -mllvm -disable-llvm-optzns -std=gnu89 -DAESL_SYN -D__SYNTHESIS__ -D__HLS_SYN__ -I C:/Xilinx/Vivado/2019.1/common/technology/autopilot -I C:/Xilinx/Vivado/2019.1/common/technology/autopilot/ap_sysc -include etc/autopilot_ssdm_op.h -D__DSP48E1__ -g -o C:/Users/Yaroslav/AppData/Roaming/Xilinx/Vivado/lab1_1/solution1/.autopilot/db/lab1_1.bc
Command       clang done; 1.273 sec.
INFO-FLOW: Linking Debug ...
Execute       llvm-ld C:/Users/Yaroslav/AppData/Roaming/Xilinx/Vivado/lab1_1/solution1/.autopilot/db/lab1_1.g.bc -hls-opt -except-internalize lab1_1 -LC:/Xilinx/Vivado/2019.1/win64/lib -lhlsm -lhlsmc++ -o C:/Users/Yaroslav/AppData/Roaming/Xilinx/Vivado/lab1_1/solution1/.autopilot/db/a.g 
Command       llvm-ld done; 9.356 sec.
INFO: [HLS 200-111] Finished Linking Time (s): cpu = 00:00:01 ; elapsed = 00:00:17 . Memory (MB): peak = 177.102 ; gain = 83.551
INFO: [HLS 200-111] Finished Checking Pragmas Time (s): cpu = 00:00:01 ; elapsed = 00:00:17 . Memory (MB): peak = 177.102 ; gain = 83.551
Execute       get_config_sdx -target 
Execute       opt_and_import_c a -opt_level=2 -skip_syncheck=0 -ng=0 -keep_printf=0 
Execute         cleanup_all_models 
INFO: [HLS 200-10] Starting code transformations ...
Execute         transform -promote-dbg-pointer C:/Users/Yaroslav/AppData/Roaming/Xilinx/Vivado/lab1_1/solution1/.autopilot/db/a.pp.bc -o C:/Users/Yaroslav/AppData/Roaming/Xilinx/Vivado/lab1_1/solution1/.autopilot/db/a.pp.0.bc -f 
Execute         llvm-ld C:/Users/Yaroslav/AppData/Roaming/Xilinx/Vivado/lab1_1/solution1/.autopilot/db/a.pp.0.bc -disable-opt -LC:/Xilinx/Vivado/2019.1/win64/lib -lfloatconversion -o C:/Users/Yaroslav/AppData/Roaming/Xilinx/Vivado/lab1_1/solution1/.autopilot/db/a.g.0 
Command         llvm-ld done; 1.102 sec.
INFO-FLOW: Running Standard Transforms...
Execute         transform -hls -share-std-xform -demangle-name -inline-byval-memcpy -always-inline -promote-dbg-pointer -interface-preproc -mem2reg -scalarrepl -mem2reg -keep-read-access -instcombine -dce -promote-dbg-pointer -bitop-raise -loop-simplify -indvarspre -indvars -loop-simplify -xunroll -constprop -instcombine -simplifycfg -indvars -simplifycfg -dce -globaldce -basicaa -simplifycfg -mem2reg -globalopt -global-constprop -deadargelim -instcombine -simplifycfg -prune-eh -simplifycfg -scalarrepl -instcombine -reassociate -licm -simplifycfg -loop-simplify -indvars -instcombine -simplifycfg -mem2reg -loop-simplify -indvars -instcombine -gvn -gvn -instcombine -adce -break-crit-edges -simplifycfg -loop-delete -global-array-opt -dce -dse -adce -find-syn-modules -top lab1_1 -deadargelim -mem2reg -instcombine -dce -presyn-prepare -auto-rom-infer -interface-preproc -syn-check -check-rec-only -find-region -simplifycfg -func-extr -function-inline -globaldce -mem2reg -instcombine -dce -gvn -globaldce -adce -adse -constprop -instcombine -bit-constprop -instcombine -dce -simplifycfg -bitop-raise -simplifycfg -dce -loop-delete -reassociate -globalopt -global-privatize -mem2reg -dce -global-constprop -pointer-simplify -constprop -dce -func-inst -deadargelim -auto-shift-reg-idiom -promote-dbg-pointer -norm-name C:/Users/Yaroslav/AppData/Roaming/Xilinx/Vivado/lab1_1/solution1/.autopilot/db/a.g.0.bc -o C:/Users/Yaroslav/AppData/Roaming/Xilinx/Vivado/lab1_1/solution1/.autopilot/db/a.g.1.bc -f -phase std-opt 
INFO: [HLS 200-111] Finished Standard Transforms Time (s): cpu = 00:00:01 ; elapsed = 00:00:18 . Memory (MB): peak = 177.102 ; gain = 83.551
INFO: [HLS 200-10] Checking synthesizability ...
INFO-FLOW: Checking Synthesizability 1/2..
Execute         transform -hls -syn-check -check-rec-only -disaggr -scalarrepl -norm-name -dce -mem2reg -instcombine -function-uniquify -directive-preproc -mem2reg -dse -dce -auto-rom-infer -dce -pag -array-normalize -instcombine -dce -warn-fifo-pointer -array-seg-normalize -instcombine -dce -array-flatten -instcombine -dce -array-burst -dce -deadargelim -promote-global-argument -simplifycfg -mem2reg -globaldce -dce -deadargelim -dce -instcombine -function-inline -globaldce -dce -doublePtrSimplify -doublePtrElim -dce -doublePtrSimplify -promote-dbg-pointer -dce -scalarrepl -dse -adse -instcombine -ptrLegalization -simplifycfg -dce -instcombine -pointer-simplify -ptrArgReplace -dce -instcombine -resolve-double-ptr -disaggr -scalarrepl -norm-name -dce -mem2reg -instcombine -ptrLegalization -simplifycfg -deadargelim -instcombine -dce -inst-simplify -function-uniquify -directive-preproc -mem2reg -dse -dce -globaldce -check-dspbuiltin C:/Users/Yaroslav/AppData/Roaming/Xilinx/Vivado/lab1_1/solution1/.autopilot/db/a.g.1.bc -o C:/Users/Yaroslav/AppData/Roaming/Xilinx/Vivado/lab1_1/solution1/.autopilot/db/a.g.2.prechk.bc -f 
INFO-FLOW: Checking Synthesizability 2/2..
Execute         transform -syn-check C:/Users/Yaroslav/AppData/Roaming/Xilinx/Vivado/lab1_1/solution1/.autopilot/db/a.g.2.prechk.bc -o C:/Users/Yaroslav/AppData/Roaming/Xilinx/Vivado/lab1_1/solution1/.autopilot/db/a.g.2.bc -f -phase syn-check 
INFO: [HLS 200-111] Finished Checking Synthesizability Time (s): cpu = 00:00:01 ; elapsed = 00:00:18 . Memory (MB): peak = 177.102 ; gain = 83.551
INFO-FLOW: Compiler optimizing ...
INFO-FLOW: Share syncheck's 1.bc for syn flow: copy C:/Users/Yaroslav/AppData/Roaming/Xilinx/Vivado/lab1_1/solution1/.autopilot/db/a.g.1.bc to C:/Users/Yaroslav/AppData/Roaming/Xilinx/Vivado/lab1_1/solution1/.autopilot/db/a.o.1.bc
INFO-FLOW: Presyn 1...
Execute         transform -hls -tmp C:/Users/Yaroslav/AppData/Roaming/Xilinx/Vivado/lab1_1/solution1/.autopilot/db -interface-port-rename -type-info -function-uniquify -directive-preproc -mem2reg -dse -dce -disaggr -scalarrepl -norm-name -deadargelim -mem2reg -instcombine -dce -simplifycfg -auto-rom-infer -dce -function-uniquify -resource-proc -clib-intrinsic-prepare -dce -func-buffer -dce -pag -array-normalize -func-legal -instcombine -gvn -constprop -dce -simplifycfg -mem2reg -globaldce -resolve-double-ptr -dce -deadargelim -dce -instcombine -ptrArgReplace -mem2reg -dce -array-seg-normalize -deadargelim -instcombine -dce -pointer-simplify -dce -port-alignment -dce -interface-preproc -data-pack -instcombine -dce -basicaa -aggr-aa -aggrmodref-aa -aggr-aa -gvn -gvn -basicaa -aggr-aa -aggrmodref-aa -aggr-aa -dse -adse -adce -loop-simplify -indvars -instcombine -gvn -loop-simplify -mem2reg -dce -find-region -instcombine -auto-loop-pipeline -inst-simplify -interface-preproc -cfgopt -instcombine -indvars -auto-loop-unroll -loop-simplify -loop-bound -xunroll -constprop -instcombine -simplifycfg -indvars -simplifycfg -dce -globaldce -clean-region -attach-range -gvn -inst-simplify -constprop -simplifycfg -dce -pointer-simplify -dce -globalopt -constprop -dce -array-promote -constprop -dce -ptrArgReplace -mem2reg -simplifycfg -dce -auto-par -instcombine -dce -array-transform-check -array-reshape -instcombine -simplifycfg -dce -ptrArgReplace -deadargelim -mem2reg -instcombine -simplifycfg -dce -indvars -loop-simplify -loop-bound -xunroll -constprop -instcombine -simplifycfg -indvars -simplifycfg -dce -globaldce -basicaa -aggr-aa -aggrmodref-aa -aggr-aa -dse -duplicate-dataflow-processes -globaldce -instcombine -array-partition -instcombine -simplifycfg -dce -ptrArgReplace -global-constprop -deadargelim -mem2reg -func-legal -dce -global-constprop -deadargelim -mem2reg -simplifycfg -dce -merge-param -deadargelim -globalopt -constprop -dce -array-promote -constprop -dce -ptrArgReplace -mem2reg -simplifycfg -dce -mem-intrinsic-preproc -dce -global-internalize -global-privatize -mem2reg -globaldce -promote-global-argument -ptrArgReplace -mem2reg -dce -globalopt -mergereturn -simplify-global-access -mem2reg -dce -pointer-simplify -dce -functionattrs -basicaa -aggr-aa -aggrmodref-aa -aggr-aa -gvn -gvn -basicaa -aggr-aa -aggrmodref-aa -aggr-aa -dse -adse -adce -dce -norm-name -function-inline -complex-op-raise -inst-simplify -globaldce -func-inst -constprop -instcombine -simplifycfg -dce -func-legal -dce -loop-bound -arraycheck -bitwidthmin -on-by-dataflow -loop-delete -instcombine -simplifycfg -globaldce -dce -gvn -deadargelim -dce -loop-simplify -clean-region -simplifycfg -propagate-stable-arguments -loop-stream -instcombine -simplifycfg -dce -globaldce -duplicate-dataflow-processes -stream-intrinsic-preproc -dce -check-ap-stream -loop-simplify -eliminate-keepreads -extract-dataflow-in-loop -loop-simplify -dce -gvn -deadargelim -dse -check-dataflow-syntax -legalize-stream-variable -legalize-global -extract-subproc -dce -dead-channel-elimination -canonicalize-gep -globaldce -dce -gvn -deadargelim -annotate-dataflow-channels -scalar-propagation -deadargelim -globaldce -mem2reg -check-dataflow-channels -function-stream -dce -globaldce -prop-fifo-spec -internal-stream-gen -canonicalize-gep -globaldce -dce -gvn -deadargelim -mergereturn -indvars -loop-simplify -instcombine -array-stream -array-seg-normalize -array-partition -func-legal -instcombine -simplifycfg -dce -bundle-memfifo-ops -deadargelim -function-uniquify -directive-preproc -mem2reg -dse -dce -group-axi-access -licm -simplifycfg -dce -loop-delete -norm-name C:/Users/Yaroslav/AppData/Roaming/Xilinx/Vivado/lab1_1/solution1/.autopilot/db/a.o.1.bc -o C:/Users/Yaroslav/AppData/Roaming/Xilinx/Vivado/lab1_1/solution1/.autopilot/db/a.o.1.tmp.bc -f 
INFO-FLOW: Presyn 2...
Execute         transform -hls -keep-callgraph -scalarrepl -mem2reg -port-alignment -attach-range -dce -pipe-mux-gen -indvars -loop-bound -inst-simplify -instcombine -dce -merge-array-access -mem2reg -dce -clean-region -mergereturn -if-conv -instcombine -dce -constprop -basicaa -aggr-aa -aggrmodref-aa -aggr-aa -gvn -gvn -basicaa -aggr-aa -aggrmodref-aa -aggr-aa -dse -adse -adce -scalarrepl -mem2reg -global-constprop -deadargelim -deadargelim -instcombine -dce -simplifycfg -ptrArgReplace -mem2reg -function-inline -globaldce -mem2reg -instcombine -dce -expr-balance -instcombine -dce -bitwidthmin -interface-preproc -directive-preproc -inst-rectify -instcombine -dce -functionattrs -constprop -instcombine -bit-constprop -simplify-global-access -globalopt -globaldce -inst-simplify -instcombine -elimdeaddata -dce -loop-delete -simplifycfg -loop-simplify -auto-burst -norm-name C:/Users/Yaroslav/AppData/Roaming/Xilinx/Vivado/lab1_1/solution1/.autopilot/db/a.o.1.tmp.bc -o C:/Users/Yaroslav/AppData/Roaming/Xilinx/Vivado/lab1_1/solution1/.autopilot/db/a.o.2.bc -f -phase presyn 
INFO: [HLS 200-111] Finished Pre-synthesis Time (s): cpu = 00:00:01 ; elapsed = 00:00:18 . Memory (MB): peak = 177.102 ; gain = 83.551
INFO-FLOW: Building ssdm...
Execute         transform -hls -function-uniquify -auto-function-inline -globaldce -ptrArgReplace -mem2reg -dce -reset-lda -loop-simplify -indvars -licm -loop-dep -loop-bound -licm -loop-simplify -flattenloopnest -array-flatten -gvn -instcombine -dce -array-map -dce -func-legal -gvn -adce -instcombine -cfgopt -simplifycfg -loop-simplify -array-burst -promote-global-argument -dce -ptrLegalization -axi4-lower -array-seg-normalize -basicaa -aggrmodref-aa -globalsmodref-aa -aggr-aa -gvn -gvn -basicaa -aggrmodref-aa -globalsmodref-aa -aggr-aa -dse -adse -adce -licm -inst-simplify -dce -globaldce -instcombine -array-stream -eliminate-keepreads -instcombine -dce -deadargelim -doublePtrSimplify -doublePtrElim -dce -doublePtrSimplify -promote-dbg-pointer -dce -scalarrepl -mem2reg -disaggr -norm-name -mem2reg -instcombine -dse -adse -adce -ptrLegalization -dce -auto-rom-infer -array-flatten -dce -instcombine -check-doubleptr -loop-rot -constprop -cfgopt -simplifycfg -loop-simplify -indvars -pointer-simplify -dce -loop-bound -loop-simplify -loop-preproc -constprop -global-constprop -gvn -mem2reg -instcombine -dce -loop-bound -loop-merge -dce -bitwidthmin -deadargelim -dce -canonicalize-dataflow -dce -scalar-propagation -deadargelim -globaldce -mem2reg -read-loop-dep -interface-preproc -directive-preproc -interface-gen -bram-byte-enable -deadargelim -inst-simplify -dce -gvn -mem2reg -instcombine -dce -adse -loop-bound -instcombine -cfgopt -simplifycfg -loop-simplify -clean-region -io-protocol -find-region -mem2reg -bitop-raise -complex-op-raise -inst-simplify -inst-rectify -instcombine -adce -deadargelim -loop-simplify -phi-opt -bitop-raise -cfgopt -simplifycfg -strip-dead-prototypes -interface-lower -bitop-lower -intrinsic-lower -auto-function-inline -basicaa -aggrmodref-aa -globalsmodref-aa -aggr-aa -inst-simplify -simplifycfg -loop-simplify -mergereturn -inst-simplify -inst-rectify -dce -load-elim -bitop-lower -loop-rewind -pointer-simplify -dce -cfgopt -dce -loop-bound -loop-dep -read-loop-dep -dce -check-stream -norm-name -legalize -validate-dataflow -inst-clarity -bitwidth -dump-loop-dep-to-ir -check-all-ssdm -cdfg-build C:/Users/Yaroslav/AppData/Roaming/Xilinx/Vivado/lab1_1/solution1/.autopilot/db/a.o.2.bc -o C:/Users/Yaroslav/AppData/Roaming/Xilinx/Vivado/lab1_1/solution1/.autopilot/db/a.o.3.bc -f -phase build-ssdm 
INFO: [HLS 200-111] Finished Architecture Synthesis Time (s): cpu = 00:00:01 ; elapsed = 00:00:18 . Memory (MB): peak = 177.102 ; gain = 83.551
INFO-FLOW: Finish building internal data model.
Command       opt_and_import_c done; 1.21 sec.
Command     elaborate done; 16.759 sec.
Execute     autosyn -from_csynth_design=1 
INFO: [HLS 200-10] Starting hardware synthesis ...
INFO-FLOW: Synthesizing C/C++ design ...
INFO: [HLS 200-10] Synthesizing 'lab1_1' ...
Execute       ap_set_top_model lab1_1 
Execute       get_model_list lab1_1 -filter all-wo-channel -topdown 
Execute       preproc_iomode -model lab1_1 
Execute       get_model_list lab1_1 -filter all-wo-channel 
INFO-FLOW: Model list for configure: lab1_1
INFO-FLOW: Configuring Module : lab1_1 ...
Execute       set_default_model lab1_1 
Execute       apply_spec_resource_limit lab1_1 
INFO-FLOW: Model list for preprocess: lab1_1
INFO-FLOW: Preprocessing Module: lab1_1 ...
Execute       set_default_model lab1_1 
Execute       cdfg_preprocess -model lab1_1 
Execute       rtl_gen_preprocess lab1_1 
INFO-FLOW: Model list for synthesis: lab1_1
INFO: [HLS 200-10] ----------------------------------------------------------------
INFO: [HLS 200-42] -- Implementing module 'lab1_1' 
INFO: [HLS 200-10] ----------------------------------------------------------------
Execute       set_default_model lab1_1 
Execute       schedule -model lab1_1 
INFO: [SCHED 204-11] Starting scheduling ...
INFO: [SCHED 204-11] Finished scheduling.
INFO: [HLS 200-111]  Elapsed time: 18.195 seconds; current allocated memory: 91.214 MB.
Execute       syn_report -verbosereport -o C:/Users/Yaroslav/AppData/Roaming/Xilinx/Vivado/lab1_1/solution1/.autopilot/db/lab1_1.verbose.sched.rpt 
Execute       db_write -o C:/Users/Yaroslav/AppData/Roaming/Xilinx/Vivado/lab1_1/solution1/.autopilot/db/lab1_1.sched.adb -f 
INFO-FLOW: Finish scheduling lab1_1.
Execute       set_default_model lab1_1 
Execute       bind -model lab1_1 
BIND OPTION: model=lab1_1
INFO: [BIND 205-100] Starting micro-architecture generation ...
INFO: [BIND 205-101] Performing variable lifetime analysis.
INFO: [BIND 205-101] Exploring resource sharing.
INFO: [BIND 205-101] Binding ...
INFO: [BIND 205-100] Finished micro-architecture generation.
INFO: [HLS 200-111]  Elapsed time: 0.089 seconds; current allocated memory: 91.304 MB.
Execute       syn_report -verbosereport -o C:/Users/Yaroslav/AppData/Roaming/Xilinx/Vivado/lab1_1/solution1/.autopilot/db/lab1_1.verbose.bind.rpt 
Execute       db_write -o C:/Users/Yaroslav/AppData/Roaming/Xilinx/Vivado/lab1_1/solution1/.autopilot/db/lab1_1.bind.adb -f 
INFO-FLOW: Finish binding lab1_1.
Execute       get_model_list lab1_1 -filter all-wo-channel 
INFO-FLOW: Preprocessing for RTLGen ...
Execute       rtl_gen_preprocess lab1_1 
INFO-FLOW: Model list for RTL generation: lab1_1
INFO: [HLS 200-10] ----------------------------------------------------------------
INFO: [HLS 200-10] -- Generating RTL for module 'lab1_1' 
INFO: [HLS 200-10] ----------------------------------------------------------------
Execute       get_config_rtl -module_prefix 
Execute       get_config_rtl -module_auto_prefix 
Execute       create_rtl_model lab1_1 -vendor xilinx -mg_file C:/Users/Yaroslav/AppData/Roaming/Xilinx/Vivado/lab1_1/solution1/.autopilot/db/lab1_1.compgen.tcl 
INFO: [RTGEN 206-500] Setting interface mode on port 'lab1_1/a' to 'ap_none'.
INFO: [RTGEN 206-500] Setting interface mode on port 'lab1_1/b' to 'ap_none'.
INFO: [RTGEN 206-500] Setting interface mode on port 'lab1_1/c' to 'ap_none'.
INFO: [RTGEN 206-500] Setting interface mode on port 'lab1_1/d' to 'ap_none'.
INFO: [RTGEN 206-500] Setting interface mode on function 'lab1_1' to 'ap_ctrl_hs'.
INFO: [SYN 201-210] Renamed object name 'lab1_1_mac_muladd_8s_8s_9s_16_3_1' to 'lab1_1_mac_muladdbkb' due to the length limit 20
INFO: [RTGEN 206-100] Generating core module 'lab1_1_mac_muladdbkb': 1 instance(s).
INFO: [RTGEN 206-100] Finished creating RTL model for 'lab1_1'.
INFO: [HLS 200-111]  Elapsed time: 0.117 seconds; current allocated memory: 91.485 MB.
Execute       source C:/Users/Yaroslav/AppData/Roaming/Xilinx/Vivado/lab1_1/solution1/.autopilot/db/lab1_1.rtl_wrap.cfg.tcl 
Execute       gen_rtl lab1_1 -istop -style xilinx -tracefl mytrace -tracefmt vcd -traceopt all -f -lang sc -o C:/Users/Yaroslav/AppData/Roaming/Xilinx/Vivado/lab1_1/solution1/syn/systemc/lab1_1 -synmodules lab1_1 
Execute       gen_rtl lab1_1 -istop -style xilinx -f -lang vhdl -o C:/Users/Yaroslav/AppData/Roaming/Xilinx/Vivado/lab1_1/solution1/syn/vhdl/lab1_1 
Execute       gen_rtl lab1_1 -istop -style xilinx -f -lang vlog -o C:/Users/Yaroslav/AppData/Roaming/Xilinx/Vivado/lab1_1/solution1/syn/verilog/lab1_1 
Execute       syn_report -csynth -model lab1_1 -o C:/Users/Yaroslav/AppData/Roaming/Xilinx/Vivado/lab1_1/solution1/syn/report/lab1_1_csynth.rpt 
Execute       syn_report -rtlxml -model lab1_1 -o C:/Users/Yaroslav/AppData/Roaming/Xilinx/Vivado/lab1_1/solution1/syn/report/lab1_1_csynth.xml 
Execute       syn_report -verbosereport -model lab1_1 -o C:/Users/Yaroslav/AppData/Roaming/Xilinx/Vivado/lab1_1/solution1/.autopilot/db/lab1_1.verbose.rpt 
Execute       db_write -model lab1_1 -f -o C:/Users/Yaroslav/AppData/Roaming/Xilinx/Vivado/lab1_1/solution1/.autopilot/db/lab1_1.adb 
Execute       gen_tb_info lab1_1 -p C:/Users/Yaroslav/AppData/Roaming/Xilinx/Vivado/lab1_1/solution1/.autopilot/db -o C:/Users/Yaroslav/AppData/Roaming/Xilinx/Vivado/lab1_1/solution1/.autopilot/db/lab1_1 
Execute       export_constraint_db -f -tool general -o C:/Users/Yaroslav/AppData/Roaming/Xilinx/Vivado/lab1_1/solution1/.autopilot/db/lab1_1.constraint.tcl 
Execute       syn_report -designview -model lab1_1 -o C:/Users/Yaroslav/AppData/Roaming/Xilinx/Vivado/lab1_1/solution1/.autopilot/db/lab1_1.design.xml 
Execute       get_config_rtl -disable_wave_debug 
Execute       syn_report -wcfg -model lab1_1 -o C:/Users/Yaroslav/AppData/Roaming/Xilinx/Vivado/lab1_1/solution1/.autopilot/db/lab1_1_dataflow_ana.wcfg 
Execute       syn_report -protoinst -model lab1_1 -o C:/Users/Yaroslav/AppData/Roaming/Xilinx/Vivado/lab1_1/solution1/.autopilot/db/lab1_1.protoinst 
Execute       get_config_debug -directory 
Execute       sc_get_clocks lab1_1 
Execute       get_config_export -vivado_clock 
Execute       sc_get_portdomain lab1_1 
INFO-FLOW: Model list for RTL component generation: lab1_1
INFO-FLOW: Handling components in module [lab1_1] ... 
Execute       source C:/Users/Yaroslav/AppData/Roaming/Xilinx/Vivado/lab1_1/solution1/.autopilot/db/lab1_1.compgen.tcl 
INFO-FLOW: Found component lab1_1_mac_muladdbkb.
INFO-FLOW: Append model lab1_1_mac_muladdbkb
INFO-FLOW: Append model lab1_1
INFO-FLOW: Generating RTL model list ...
INFO-FLOW: All models in this session: lab1_1_mac_muladdbkb lab1_1
INFO-FLOW: To file: write model lab1_1_mac_muladdbkb
INFO-FLOW: To file: write model lab1_1
INFO-FLOW: Finished generating RTL model list.


INFO-FLOW: RTL Generation done.
INFO-FLOW: CAS Generation done.
INFO-FLOW: CBC Generation done.
INFO-FLOW: DBG:CMD: auto_generate_csynth_design
INFO-FLOW: DBG:CMD:     auto_generate --sim-model -phase csynth_design -d C:/Users/Yaroslav/AppData/Roaming/Xilinx/Vivado/lab1_1/solution1
Execute       source C:/Users/Yaroslav/AppData/Roaming/Xilinx/Vivado/lab1_1/solution1/.autopilot/db/global.setting.tcl 
INFO-FLOW: DBG:CMD: read_platform_lib C:/Users/Yaroslav/AppData/Roaming/Xilinx/Vivado/lab1_1/solution1/.autopilot/db/global.setting.tcl
Execute       source C:/Xilinx/Vivado/2019.1/common/technology/generic/autopilot/common.gen 
Execute         source C:/Xilinx/Vivado/2019.1/common/technology/generic/autopilot/APCoreGen.gen 
Execute       source C:/Xilinx/Vivado/2019.1/common/technology/generic/autopilot/op.gen 
Execute       source C:/Xilinx/Vivado/2019.1/common/technology/generic/autopilot/op_simcore.gen 
Execute       source C:/Xilinx/Vivado/2019.1/common/technology/generic/autopilot/interface.gen 
Execute       source C:/Users/Yaroslav/AppData/Roaming/Xilinx/Vivado/lab1_1/solution1/.autopilot/db/global.setting.tcl 
Execute       source C:/Xilinx/Vivado/2019.1/common/technology/xilinx/artix7/artix7.gen 
Execute         source C:/Xilinx/Vivado/2019.1/common/technology/xilinx/common/xilinx.gen 
Execute           source C:/Xilinx/Vivado/2019.1/common/technology/xilinx/interface/plb46.gen 
Execute           source C:/Xilinx/Vivado/2019.1/common/technology/xilinx/interface/fsl.gen 
Execute           source C:/Xilinx/Vivado/2019.1/common/technology/xilinx/interface/axi4.gen 
Execute           source C:/Xilinx/Vivado/2019.1/common/technology/xilinx/interface/nativeAXI4.gen 
Execute             source C:/Xilinx/Vivado/2019.1/common/technology/xilinx/interface/saxilite.gen 
Execute             source C:/Xilinx/Vivado/2019.1/common/technology/xilinx/interface/maxi.gen 
Execute           source C:/Xilinx/Vivado/2019.1/common/technology/xilinx/scripts/xilinxcoregen.gen 
Execute           source C:/Xilinx/Vivado/2019.1/common/technology/xilinx/interface/XilEDKCoreGen.gen 
Execute           source C:/Xilinx/Vivado/2019.1/common/technology/xilinx/ip/dds_compiler.gen 
Execute           source C:/Xilinx/Vivado/2019.1/common/technology/xilinx/ip/util.gen 
Execute           source C:/Xilinx/Vivado/2019.1/common/technology/xilinx/ip/xfft.gen 
Execute           source C:/Xilinx/Vivado/2019.1/common/technology/xilinx/ip/xfir.gen 
Execute           source C:/Xilinx/Vivado/2019.1/common/technology/xilinx/common/dsp48.gen 
Command         ap_source done; 0.127 sec.
Command       ap_source done; 0.127 sec.
Execute       source C:/Xilinx/Vivado/2019.1/common/technology/xilinx/artix7/artix7_fpv6.gen 
Execute         source C:/Xilinx/Vivado/2019.1/common/technology/xilinx/common/xilinx_fp.gen 
INFO-FLOW: DBG:CMD:   using AESL_AUTOCG::g_clock_period=6.000 (was NA)
INFO-FLOW: DBG:CMD:       generate_ip_cores sim=1 export=0 expOnly=0 dstVlogDir=syn/verilog
Execute       source C:/Users/Yaroslav/AppData/Roaming/Xilinx/Vivado/lab1_1/solution1/.autopilot/db/global.setting.tcl 
Execute       ap_part_info -name xa7a12t-csg325-1Q -data names -quiet 
Execute       ap_part_info -name xa7a12t-csg325-1Q -data info -quiet 
Execute       source C:/Users/Yaroslav/AppData/Roaming/Xilinx/Vivado/lab1_1/solution1/.autopilot/db/global.setting.tcl 
Execute       source C:/Users/Yaroslav/AppData/Roaming/Xilinx/Vivado/lab1_1/solution1/.autopilot/db/global.setting.tcl 
Execute       source C:/Users/Yaroslav/AppData/Roaming/Xilinx/Vivado/lab1_1/solution1/.autopilot/db/lab1_1.compgen.tcl 
Execute         ap_part_info -name xa7a12t-csg325-1Q -data names -quiet 
Execute         ap_part_info -name xa7a12t-csg325-1Q -data info -quiet 
Execute         ap_part_info -name xa7a12t-csg325-1Q -data info 
INFO-FLOW: DBG:CMD:     auto_generate -export -impltomg_flag -rtl both -tool Vivado -pcore_version 1.00.a -phase csynth_design -d C:/Users/Yaroslav/AppData/Roaming/Xilinx/Vivado/lab1_1/solution1
Execute       source C:/Users/Yaroslav/AppData/Roaming/Xilinx/Vivado/lab1_1/solution1/.autopilot/db/global.setting.tcl 
INFO-FLOW: DBG:CMD: read_platform_lib C:/Users/Yaroslav/AppData/Roaming/Xilinx/Vivado/lab1_1/solution1/.autopilot/db/global.setting.tcl
Execute       source C:/Xilinx/Vivado/2019.1/common/technology/generic/autopilot/common.gen 
Execute         source C:/Xilinx/Vivado/2019.1/common/technology/generic/autopilot/APCoreGen.gen 
Execute       source C:/Xilinx/Vivado/2019.1/common/technology/generic/autopilot/op.gen 
Execute       source C:/Xilinx/Vivado/2019.1/common/technology/generic/autopilot/op_simcore.gen 
Execute       source C:/Xilinx/Vivado/2019.1/common/technology/generic/autopilot/interface.gen 
Execute       source C:/Users/Yaroslav/AppData/Roaming/Xilinx/Vivado/lab1_1/solution1/.autopilot/db/global.setting.tcl 
Execute       source C:/Xilinx/Vivado/2019.1/common/technology/xilinx/artix7/artix7.gen 
Execute         source C:/Xilinx/Vivado/2019.1/common/technology/xilinx/common/xilinx.gen 
Execute           source C:/Xilinx/Vivado/2019.1/common/technology/xilinx/interface/plb46.gen 
Execute           source C:/Xilinx/Vivado/2019.1/common/technology/xilinx/interface/fsl.gen 
Execute           source C:/Xilinx/Vivado/2019.1/common/technology/xilinx/interface/axi4.gen 
Execute           source C:/Xilinx/Vivado/2019.1/common/technology/xilinx/interface/nativeAXI4.gen 
Execute             source C:/Xilinx/Vivado/2019.1/common/technology/xilinx/interface/saxilite.gen 
Execute             source C:/Xilinx/Vivado/2019.1/common/technology/xilinx/interface/maxi.gen 
Execute           source C:/Xilinx/Vivado/2019.1/common/technology/xilinx/scripts/xilinxcoregen.gen 
Execute           source C:/Xilinx/Vivado/2019.1/common/technology/xilinx/interface/XilEDKCoreGen.gen 
Execute           source C:/Xilinx/Vivado/2019.1/common/technology/xilinx/ip/dds_compiler.gen 
Execute           source C:/Xilinx/Vivado/2019.1/common/technology/xilinx/ip/util.gen 
Execute           source C:/Xilinx/Vivado/2019.1/common/technology/xilinx/ip/xfft.gen 
Execute           source C:/Xilinx/Vivado/2019.1/common/technology/xilinx/ip/xfir.gen 
Execute           source C:/Xilinx/Vivado/2019.1/common/technology/xilinx/common/dsp48.gen 
Command         ap_source done; 0.127 sec.
Command       ap_source done; 0.128 sec.
Execute       source C:/Xilinx/Vivado/2019.1/common/technology/xilinx/artix7/artix7_fpv6.gen 
Execute         source C:/Xilinx/Vivado/2019.1/common/technology/xilinx/common/xilinx_fp.gen 
INFO-FLOW: DBG:CMD:       initCTypeInfo top_module=lab1_1 xml_exists=0
Execute       source C:/Users/Yaroslav/AppData/Roaming/Xilinx/Vivado/lab1_1/solution1/.autopilot/db/lab1_1.rtl_wrap.cfg.tcl 
Execute       source C:/Users/Yaroslav/AppData/Roaming/Xilinx/Vivado/lab1_1/solution1/.autopilot/db/lab1_1.rtl_wrap.cfg.tcl 
Execute       source C:/Users/Yaroslav/AppData/Roaming/Xilinx/Vivado/lab1_1/solution1/.autopilot/db/lab1_1.rtl_wrap.cfg.tcl 
Execute       source C:/Users/Yaroslav/AppData/Roaming/Xilinx/Vivado/lab1_1/solution1/.autopilot/db/lab1_1.tbgen.tcl 
Execute       source C:/Users/Yaroslav/AppData/Roaming/Xilinx/Vivado/lab1_1/solution1/.autopilot/db/lab1_1.tbgen.tcl 
INFO-FLOW: DBG:CMD:       export_impl_rtl
INFO-FLOW: DBG:CMD:       generate_ip_cores sim=0 export=0 expOnly=0 dstVlogDir=impl/.verilog
Execute       source C:/Users/Yaroslav/AppData/Roaming/Xilinx/Vivado/lab1_1/solution1/.autopilot/db/global.setting.tcl 
Execute       source C:/Users/Yaroslav/AppData/Roaming/Xilinx/Vivado/lab1_1/solution1/.autopilot/db/lab1_1.compgen.tcl 
INFO-FLOW: DBG:CMD:       generate_ip_cores sim=0 export=1 expOnly=1 dstVlogDir=impl/.pcores/verilog
Execute       source C:/Users/Yaroslav/AppData/Roaming/Xilinx/Vivado/lab1_1/solution1/.autopilot/db/global.setting.tcl 
Execute       source C:/Users/Yaroslav/AppData/Roaming/Xilinx/Vivado/lab1_1/solution1/.autopilot/db/lab1_1.compgen.tcl 
Execute         ap_part_info -name xa7a12t-csg325-1Q -data names -quiet 
Execute         ap_part_info -name xa7a12t-csg325-1Q -data info -quiet 
Execute         ap_part_info -name xa7a12t-csg325-1Q -data names -quiet 
Execute         ap_part_info -name xa7a12t-csg325-1Q -data info -quiet 
Execute         ap_part_info -name xa7a12t-csg325-1Q -data names -quiet 
Execute         ap_part_info -name xa7a12t-csg325-1Q -data info -quiet 
Execute         ap_part_info -name xa7a12t-csg325-1Q -data names -quiet 
Execute         ap_part_info -name xa7a12t-csg325-1Q -data info -quiet 
Execute         ap_part_info -name xa7a12t-csg325-1Q -data names -quiet 
Execute         ap_part_info -name xa7a12t-csg325-1Q -data info -quiet 
Execute         ap_part_info -name xa7a12t-csg325-1Q -data names -quiet 
Execute         ap_part_info -name xa7a12t-csg325-1Q -data info -quiet 
Execute         ap_part_info -name xa7a12t-csg325-1Q -data names -quiet 
Execute         ap_part_info -name xa7a12t-csg325-1Q -data info -quiet 
Execute         ap_part_info -name xa7a12t-csg325-1Q -data names -quiet 
Execute         ap_part_info -name xa7a12t-csg325-1Q -data info -quiet 
Execute         ap_part_info -name xa7a12t-csg325-1Q -data names -quiet 
Execute         ap_part_info -name xa7a12t-csg325-1Q -data info -quiet 
Execute         ap_part_info -name xa7a12t-csg325-1Q -data names -quiet 
Execute         ap_part_info -name xa7a12t-csg325-1Q -data info -quiet 
Execute         ap_part_info -name xa7a12t-csg325-1Q -data names -quiet 
Execute         ap_part_info -name xa7a12t-csg325-1Q -data info -quiet 
Execute         ap_part_info -name xa7a12t-csg325-1Q -data names -quiet 
Execute         ap_part_info -name xa7a12t-csg325-1Q -data info -quiet 
Execute       ap_part_info -name xa7a12t-csg325-1Q -data names -quiet 
Execute       ap_part_info -name xa7a12t-csg325-1Q -data info -quiet 
INFO-FLOW: DBG:CMD:       generate_ip_cores sim=0 export=0 expOnly=0 dstVlogDir=impl/.pcores/verilog_sim
Execute       source C:/Users/Yaroslav/AppData/Roaming/Xilinx/Vivado/lab1_1/solution1/.autopilot/db/global.setting.tcl 
Execute       source C:/Users/Yaroslav/AppData/Roaming/Xilinx/Vivado/lab1_1/solution1/.autopilot/db/lab1_1.compgen.tcl 
Execute       ap_part_info -name xa7a12t-csg325-1Q -data names -quiet 
Execute       ap_part_info -name xa7a12t-csg325-1Q -data info -quiet 
Execute       ap_part_info -name xa7a12t-csg325-1Q -data names -quiet 
Execute       ap_part_info -name xa7a12t-csg325-1Q -data info -quiet 
Execute       source C:/Users/Yaroslav/AppData/Roaming/Xilinx/Vivado/lab1_1/solution1/.autopilot/db/global.setting.tcl 
Execute       ap_part_info -name xa7a12t-csg325-1Q -data names -quiet 
Execute       ap_part_info -name xa7a12t-csg325-1Q -data info -quiet 
Execute       source C:/Users/Yaroslav/AppData/Roaming/Xilinx/Vivado/lab1_1/solution1/.autopilot/db/lab1_1.constraint.tcl 
Execute       source C:/Users/Yaroslav/AppData/Roaming/Xilinx/Vivado/lab1_1/solution1/.autopilot/db/lab1_1.tbgen.tcl 
INFO-FLOW: DBG:CMD:       hasPcoreIpAdapter=false #gSsdmPorts=12
INFO-FLOW: DBG:CMD: Skipping loadAnalyze_DB, #g_database=5
INFO-FLOW: DBG:CMD:       generate_json is_phase_csynth=1 g_has_adaptors=false generate_bd_files=0 #modelList=2 #gSsdmPorts=12
Execute       source C:/Xilinx/Vivado/2019.1/tps/tcl/tcllib1.11.1/fileutil/fileutil.tcl 
Execute         source C:/Xilinx/Vivado/2019.1/tps/tcl/tcllib1.11.1/cmdline/cmdline.tcl 
Execute       source C:/Users/Yaroslav/AppData/Roaming/Xilinx/Vivado/lab1_1/solution1/.autopilot/db/global.setting.tcl 
Execute       source C:/Users/Yaroslav/AppData/Roaming/Xilinx/Vivado/lab1_1/solution1/.autopilot/db/global.setting.tcl 
Execute       get_config_export -xo 
Execute       source C:/Users/Yaroslav/AppData/Roaming/Xilinx/Vivado/lab1_1/solution1/.autopilot/db/lab1_1.tbgen.tcl 
Execute       source C:/Users/Yaroslav/AppData/Roaming/Xilinx/Vivado/lab1_1/solution1/.autopilot/db/lab1_1.tbgen.tcl 
Execute       source C:/Users/Yaroslav/AppData/Roaming/Xilinx/Vivado/lab1_1/solution1/.autopilot/db/lab1_1.tbgen.tcl 
Execute       source C:/Users/Yaroslav/AppData/Roaming/Xilinx/Vivado/lab1_1/solution1/.autopilot/db/global.setting.tcl 
Execute       get_config_sdx -target 
Execute       source C:/Users/Yaroslav/AppData/Roaming/Xilinx/Vivado/lab1_1/solution1/.autopilot/db/lab1_1.rtl_wrap.cfg.tcl 
Execute       source C:/Users/Yaroslav/AppData/Roaming/Xilinx/Vivado/lab1_1/solution1/.autopilot/db/lab1_1.compgen.dataonly.tcl 
Execute       source C:/Users/Yaroslav/AppData/Roaming/Xilinx/Vivado/lab1_1/solution1/.autopilot/db/global.setting.tcl 
Execute       ap_part_info -name xa7a12t-csg325-1Q -data names -quiet 
Execute       ap_part_info -name xa7a12t-csg325-1Q -data info -quiet 
Execute       source C:/Users/Yaroslav/AppData/Roaming/Xilinx/Vivado/lab1_1/solution1/.autopilot/db/lab1_1.constraint.tcl 
Execute       sc_get_clocks lab1_1 
Execute       ap_part_info -name xa7a12t-csg325-1Q -data names -quiet 
Execute       ap_part_info -name xa7a12t-csg325-1Q -data info -quiet 
Execute       source C:/Users/Yaroslav/AppData/Roaming/Xilinx/Vivado/lab1_1/solution1/.autopilot/db/global.setting.tcl 
Execute       get_config_debug -directory 
Execute       source C:/Users/Yaroslav/AppData/Roaming/Xilinx/Vivado/lab1_1/solution1/.autopilot/db/lab1_1.tbgen.tcl 
Execute       get_config_sdx -target 
Execute       get_config_sdx -profile 
Execute       get_config_rtl -kernel_profile 
Execute       get_config_rtl -stall_sig_gen 
Execute       get_config_rtl -profile 
INFO-FLOW: DBG:CMD: add_json_sdx_info kernel file does not exist, skipping opencl info: C:/Users/Yaroslav/AppData/Roaming/Xilinx/Vivado/lab1_1/solution1/.autopilot/db/kernel.internal.xml
INFO-FLOW: DBG:CMD:       delete-temp-dirs (skipped for debug)
INFO: [HLS 200-111] Finished generating all RTL models Time (s): cpu = 00:00:01 ; elapsed = 00:00:19 . Memory (MB): peak = 177.102 ; gain = 83.551
INFO: [VHDL 208-304] Generating VHDL RTL for lab1_1.
INFO: [VLOG 209-307] Generating Verilog RTL for lab1_1.
Command     autosyn done; 1.138 sec.
Command   csynth_design done; 17.907 sec.
Command ap_source done; 18.783 sec.
Execute cleanup_all 
INFO-FLOW: Workspace C:/Users/Yaroslav/AppData/Roaming/Xilinx/Vivado/lab1_1/solution1 opened at Sun Oct 06 20:52:23 +0300 2019
Execute     config_clock -quiet -name default -period 6 -default=false 
INFO: [SYN 201-201] Setting up clock 'default' with a period of 6ns.
Execute     config_clock -quiet -name default -uncertainty 0.1 
INFO: [SYN 201-201] Setting up clock 'default' with an uncertainty of 0.1ns.
WARNING: [HLS 200-40] Cannot find library 'C:/Xilinx/Vivado/2019.1/common/technology/xilinx/aartix7/aartix7.lib'.
WARNING: [HLS 200-40] Cannot find library 'xilinx/aartix7/aartix7'.
Execute     open_platform DefaultPlatform 
Execute     import_lib C:/Xilinx/Vivado/2019.1/common/technology/xilinx/artix7/artix7 
Execute       source C:/Xilinx/Vivado/2019.1/common/technology/xilinx/common/xilinx.lib 
Execute         source C:/Xilinx/Vivado/2019.1/common/technology/xilinx/interface/xilinx_interface.lib 
Execute           source C:/Xilinx/Vivado/2019.1/common/technology/xilinx/interface/plb46.lib 
Execute           source C:/Xilinx/Vivado/2019.1/common/technology/xilinx/interface/fsl.lib 
Execute           source C:/Xilinx/Vivado/2019.1/common/technology/xilinx/interface/axi4.lib 
Execute           source C:/Xilinx/Vivado/2019.1/common/technology/xilinx/interface/maxi.lib 
Execute           source C:/Xilinx/Vivado/2019.1/common/technology/xilinx/interface/saxilite.lib 
Execute         source C:/Xilinx/Vivado/2019.1/common/technology/xilinx/common/dsp48.lib 
Execute         source C:/Xilinx/Vivado/2019.1/common/technology/xilinx/ip/dds_compiler.lib 
Execute         source C:/Xilinx/Vivado/2019.1/common/technology/xilinx/ip/xfft.lib 
Execute         source C:/Xilinx/Vivado/2019.1/common/technology/xilinx/ip/xfir.lib 
Execute       source C:/Xilinx/Vivado/2019.1/common/technology/xilinx/common/xilinx.hlp 
Execute         source C:/Xilinx/Vivado/2019.1/common/technology/xilinx/common/target_info.tcl 
Execute         source C:/Xilinx/Vivado/2019.1/common/technology/xilinx/interface/xilinx_interface.hlp 
Execute           source C:/Xilinx/Vivado/2019.1/common/technology/xilinx/interface/maxi.hlp 
Execute           source C:/Xilinx/Vivado/2019.1/common/technology/xilinx/interface/saxilite.hlp 
Execute         source C:/Xilinx/Vivado/2019.1/common/technology/xilinx/common/dsp48.hlp 
Execute       source C:/Xilinx/Vivado/2019.1/common/technology/xilinx/artix7/dsp48e1.hlp 
Execute       source C:/Xilinx/Vivado/2019.1/common/technology/xilinx/common/xilinx.hlp 
Execute         source C:/Xilinx/Vivado/2019.1/common/technology/xilinx/common/target_info.tcl 
Execute         source C:/Xilinx/Vivado/2019.1/common/technology/xilinx/interface/xilinx_interface.hlp 
Execute           source C:/Xilinx/Vivado/2019.1/common/technology/xilinx/interface/maxi.hlp 
Execute           source C:/Xilinx/Vivado/2019.1/common/technology/xilinx/interface/saxilite.hlp 
Execute         source C:/Xilinx/Vivado/2019.1/common/technology/xilinx/common/dsp48.hlp 
Execute     source C:/Xilinx/Vivado/2019.1/common/technology/xilinx/artix7/artix7.gen 
Execute       source C:/Xilinx/Vivado/2019.1/common/technology/xilinx/common/xilinx.gen 
Execute         source C:/Xilinx/Vivado/2019.1/common/technology/xilinx/interface/plb46.gen 
Execute         source C:/Xilinx/Vivado/2019.1/common/technology/xilinx/interface/fsl.gen 
Execute         source C:/Xilinx/Vivado/2019.1/common/technology/xilinx/interface/axi4.gen 
Execute         source C:/Xilinx/Vivado/2019.1/common/technology/xilinx/interface/nativeAXI4.gen 
Execute           source C:/Xilinx/Vivado/2019.1/common/technology/xilinx/interface/saxilite.gen 
Execute           source C:/Xilinx/Vivado/2019.1/common/technology/xilinx/interface/maxi.gen 
Execute         source C:/Xilinx/Vivado/2019.1/common/technology/xilinx/scripts/xilinxcoregen.gen 
Execute         source C:/Xilinx/Vivado/2019.1/common/technology/xilinx/interface/XilEDKCoreGen.gen 
Execute         source C:/Xilinx/Vivado/2019.1/common/technology/xilinx/ip/dds_compiler.gen 
Execute         source C:/Xilinx/Vivado/2019.1/common/technology/xilinx/ip/util.gen 
Execute         source C:/Xilinx/Vivado/2019.1/common/technology/xilinx/ip/xfft.gen 
Command         ap_source done; 0.11 sec.
Execute         source C:/Xilinx/Vivado/2019.1/common/technology/xilinx/ip/xfir.gen 
Execute         source C:/Xilinx/Vivado/2019.1/common/technology/xilinx/common/dsp48.gen 
Command       ap_source done; 0.158 sec.
Command     ap_source done; 0.159 sec.
Execute     open_platform DefaultPlatform 
Execute     import_lib C:/Xilinx/Vivado/2019.1/common/technology/xilinx/artix7/artix7_fpv6 
Execute       source C:/Xilinx/Vivado/2019.1/common/technology/xilinx/common/xilinx_fp.lib 
Execute       source C:/Xilinx/Vivado/2019.1/common/technology/xilinx/common/xilinx_fp.hlp 
Execute         source C:/Xilinx/Vivado/2019.1/common/technology/xilinx/common/xilinx.hlp 
Execute           source C:/Xilinx/Vivado/2019.1/common/technology/xilinx/common/target_info.tcl 
Execute           source C:/Xilinx/Vivado/2019.1/common/technology/xilinx/interface/xilinx_interface.hlp 
Execute             source C:/Xilinx/Vivado/2019.1/common/technology/xilinx/interface/maxi.hlp 
Execute             source C:/Xilinx/Vivado/2019.1/common/technology/xilinx/interface/saxilite.hlp 
Execute           source C:/Xilinx/Vivado/2019.1/common/technology/xilinx/common/dsp48.hlp 
Execute     source C:/Xilinx/Vivado/2019.1/common/technology/xilinx/artix7/artix7_fpv6.gen 
Execute       source C:/Xilinx/Vivado/2019.1/common/technology/xilinx/common/xilinx_fp.gen 
Execute     set_part xa7a12t-csg325-1Q 
Execute       ap_part_info -name xa7a12t-csg325-1Q -data single -quiet 
Command       ap_part_info done; 0.511 sec.
Execute       ap_part_info -name xa7a12t-csg325-1Q -data info 
Execute       add_library xilinx/artix7/artix7:xa7a12t:-csg325:-1Q 
Execute         get_default_platform 
Execute         license_isbetapart xa7a12t 
Command         license_isbetapart done; error code: 1; 
Execute         ap_part_info -data single -name xa7a12t-csg325-1Q 
Execute         ap_part_info -name xa7a12t-csg325-1Q -data resources 
Execute         ap_part_info -name xa7a12t-csg325-1Q -data info 
Execute         ap_part_info -name xa7a12t-csg325-1Q -data info 
Execute         config_chip_info -quiet -resource {SLICE 3650} {LUT 8000} {FF 16000} {DSP48E 40} {BRAM 40} {URAM 0} 
Execute         ap_part_info -name xa7a12t-csg325-1Q -data info 
Execute         config_chip_info -quiet -speed slow 
Execute       add_library xilinx/artix7/artix7_fpv6 
Execute         get_default_platform 
INFO: [HLS 200-10] Setting target device to 'xa7a12t-csg325-1Q'
Execute       ap_part_info -name xa7a12t-csg325-1Q -data info 
Execute       get_default_platform 
Command     set_part done; 0.62 sec.
Execute     ap_part_info -data single -name xa7a12t-csg325-1Q 
Execute     ap_part_info -name xa7a12t-csg325-1Q -data resources 
Execute     ap_part_info -name xa7a12t-csg325-1Q -data info 
Execute     ap_part_info -name xa7a12t-csg325-1Q -data info 
Execute     config_chip_info -quiet -resource {SLICE 3650} {LUT 8000} {FF 16000} {DSP48E 40} {BRAM 40} {URAM 0} 
Execute     ap_part_info -name xa7a12t-csg325-1Q -data info 
Execute     config_chip_info -quiet -speed slow 
Command   open_solution done; 0.837 sec.
Execute   csim_design -quiet 
Execute     source C:/Users/Yaroslav/AppData/Roaming/Xilinx/Vivado/lab1_1/solution1/.autopilot/db/global.setting.tcl 
INFO: [SIM 211-2] *************** CSIM start ***************
INFO: [SIM 211-4] CSIM will launch GCC as the compiler.
Execute     source csim/.lst_opt.tcl 
Execute     is_encrypted C:/Spbgpu/lab_z1/source/lab1_1_test.c 
Execute     is_xip C:/Spbgpu/lab_z1/source/lab1_1_test.c 
Execute     is_encrypted C:/Spbgpu/lab_z1/source/lab1_1.c 
Execute     is_xip C:/Spbgpu/lab_z1/source/lab1_1.c 
Execute     ap_part_info -name xa7a12t-csg325-1Q -data info 
Execute     source run_sim.tcl 
INFO: [SIM 211-1] CSim done with 0 errors.
INFO: [SIM 211-3] *************** CSIM finish ***************
Command   csim_design done; 7.683 sec.
Command ap_source done; 8.524 sec.
Execute cleanup_all 
INFO-FLOW: Workspace C:/Users/Yaroslav/AppData/Roaming/Xilinx/Vivado/lab1_1/solution1 opened at Sun Oct 06 20:53:09 +0300 2019
Execute     config_clock -quiet -name default -period 6 -default=false 
INFO: [SYN 201-201] Setting up clock 'default' with a period of 6ns.
Execute     config_clock -quiet -name default -uncertainty 0.1 
INFO: [SYN 201-201] Setting up clock 'default' with an uncertainty of 0.1ns.
WARNING: [HLS 200-40] Cannot find library 'C:/Xilinx/Vivado/2019.1/common/technology/xilinx/aartix7/aartix7.lib'.
WARNING: [HLS 200-40] Cannot find library 'xilinx/aartix7/aartix7'.
Execute     open_platform DefaultPlatform 
Execute     import_lib C:/Xilinx/Vivado/2019.1/common/technology/xilinx/artix7/artix7 
Execute       source C:/Xilinx/Vivado/2019.1/common/technology/xilinx/common/xilinx.lib 
Execute         source C:/Xilinx/Vivado/2019.1/common/technology/xilinx/interface/xilinx_interface.lib 
Execute           source C:/Xilinx/Vivado/2019.1/common/technology/xilinx/interface/plb46.lib 
Execute           source C:/Xilinx/Vivado/2019.1/common/technology/xilinx/interface/fsl.lib 
Execute           source C:/Xilinx/Vivado/2019.1/common/technology/xilinx/interface/axi4.lib 
Execute           source C:/Xilinx/Vivado/2019.1/common/technology/xilinx/interface/maxi.lib 
Execute           source C:/Xilinx/Vivado/2019.1/common/technology/xilinx/interface/saxilite.lib 
Execute         source C:/Xilinx/Vivado/2019.1/common/technology/xilinx/common/dsp48.lib 
Execute         source C:/Xilinx/Vivado/2019.1/common/technology/xilinx/ip/dds_compiler.lib 
Execute         source C:/Xilinx/Vivado/2019.1/common/technology/xilinx/ip/xfft.lib 
Execute         source C:/Xilinx/Vivado/2019.1/common/technology/xilinx/ip/xfir.lib 
Execute       source C:/Xilinx/Vivado/2019.1/common/technology/xilinx/common/xilinx.hlp 
Execute         source C:/Xilinx/Vivado/2019.1/common/technology/xilinx/common/target_info.tcl 
Execute         source C:/Xilinx/Vivado/2019.1/common/technology/xilinx/interface/xilinx_interface.hlp 
Execute           source C:/Xilinx/Vivado/2019.1/common/technology/xilinx/interface/maxi.hlp 
Execute           source C:/Xilinx/Vivado/2019.1/common/technology/xilinx/interface/saxilite.hlp 
Execute         source C:/Xilinx/Vivado/2019.1/common/technology/xilinx/common/dsp48.hlp 
Execute       source C:/Xilinx/Vivado/2019.1/common/technology/xilinx/artix7/dsp48e1.hlp 
Execute       source C:/Xilinx/Vivado/2019.1/common/technology/xilinx/common/xilinx.hlp 
Execute         source C:/Xilinx/Vivado/2019.1/common/technology/xilinx/common/target_info.tcl 
Execute         source C:/Xilinx/Vivado/2019.1/common/technology/xilinx/interface/xilinx_interface.hlp 
Execute           source C:/Xilinx/Vivado/2019.1/common/technology/xilinx/interface/maxi.hlp 
Execute           source C:/Xilinx/Vivado/2019.1/common/technology/xilinx/interface/saxilite.hlp 
Execute         source C:/Xilinx/Vivado/2019.1/common/technology/xilinx/common/dsp48.hlp 
Execute     source C:/Xilinx/Vivado/2019.1/common/technology/xilinx/artix7/artix7.gen 
Execute       source C:/Xilinx/Vivado/2019.1/common/technology/xilinx/common/xilinx.gen 
Execute         source C:/Xilinx/Vivado/2019.1/common/technology/xilinx/interface/plb46.gen 
Execute         source C:/Xilinx/Vivado/2019.1/common/technology/xilinx/interface/fsl.gen 
Execute         source C:/Xilinx/Vivado/2019.1/common/technology/xilinx/interface/axi4.gen 
Execute         source C:/Xilinx/Vivado/2019.1/common/technology/xilinx/interface/nativeAXI4.gen 
Execute           source C:/Xilinx/Vivado/2019.1/common/technology/xilinx/interface/saxilite.gen 
Execute           source C:/Xilinx/Vivado/2019.1/common/technology/xilinx/interface/maxi.gen 
Execute         source C:/Xilinx/Vivado/2019.1/common/technology/xilinx/scripts/xilinxcoregen.gen 
Execute         source C:/Xilinx/Vivado/2019.1/common/technology/xilinx/interface/XilEDKCoreGen.gen 
Execute         source C:/Xilinx/Vivado/2019.1/common/technology/xilinx/ip/dds_compiler.gen 
Execute         source C:/Xilinx/Vivado/2019.1/common/technology/xilinx/ip/util.gen 
Execute         source C:/Xilinx/Vivado/2019.1/common/technology/xilinx/ip/xfft.gen 
Command         ap_source done; 0.102 sec.
Execute         source C:/Xilinx/Vivado/2019.1/common/technology/xilinx/ip/xfir.gen 
Execute         source C:/Xilinx/Vivado/2019.1/common/technology/xilinx/common/dsp48.gen 
Command       ap_source done; 0.146 sec.
Command     ap_source done; 0.147 sec.
Execute     open_platform DefaultPlatform 
Execute     import_lib C:/Xilinx/Vivado/2019.1/common/technology/xilinx/artix7/artix7_fpv6 
Execute       source C:/Xilinx/Vivado/2019.1/common/technology/xilinx/common/xilinx_fp.lib 
Execute       source C:/Xilinx/Vivado/2019.1/common/technology/xilinx/common/xilinx_fp.hlp 
Execute         source C:/Xilinx/Vivado/2019.1/common/technology/xilinx/common/xilinx.hlp 
Execute           source C:/Xilinx/Vivado/2019.1/common/technology/xilinx/common/target_info.tcl 
Execute           source C:/Xilinx/Vivado/2019.1/common/technology/xilinx/interface/xilinx_interface.hlp 
Execute             source C:/Xilinx/Vivado/2019.1/common/technology/xilinx/interface/maxi.hlp 
Execute             source C:/Xilinx/Vivado/2019.1/common/technology/xilinx/interface/saxilite.hlp 
Execute           source C:/Xilinx/Vivado/2019.1/common/technology/xilinx/common/dsp48.hlp 
Execute     source C:/Xilinx/Vivado/2019.1/common/technology/xilinx/artix7/artix7_fpv6.gen 
Execute       source C:/Xilinx/Vivado/2019.1/common/technology/xilinx/common/xilinx_fp.gen 
Execute     set_part xa7a12t-csg325-1Q 
Execute       ap_part_info -name xa7a12t-csg325-1Q -data single -quiet 
Command       ap_part_info done; 0.503 sec.
Execute       ap_part_info -name xa7a12t-csg325-1Q -data info 
Execute       add_library xilinx/artix7/artix7:xa7a12t:-csg325:-1Q 
Execute         get_default_platform 
Execute         license_isbetapart xa7a12t 
Command         license_isbetapart done; error code: 1; 
Execute         ap_part_info -data single -name xa7a12t-csg325-1Q 
Execute         ap_part_info -name xa7a12t-csg325-1Q -data resources 
Execute         ap_part_info -name xa7a12t-csg325-1Q -data info 
Execute         ap_part_info -name xa7a12t-csg325-1Q -data info 
Execute         config_chip_info -quiet -resource {SLICE 3650} {LUT 8000} {FF 16000} {DSP48E 40} {BRAM 40} {URAM 0} 
Execute         ap_part_info -name xa7a12t-csg325-1Q -data info 
Execute         config_chip_info -quiet -speed slow 
Execute       add_library xilinx/artix7/artix7_fpv6 
Execute         get_default_platform 
INFO: [HLS 200-10] Setting target device to 'xa7a12t-csg325-1Q'
Execute       ap_part_info -name xa7a12t-csg325-1Q -data info 
Execute       get_default_platform 
Command     set_part done; 0.609 sec.
Execute     ap_part_info -data single -name xa7a12t-csg325-1Q 
Execute     ap_part_info -name xa7a12t-csg325-1Q -data resources 
Execute     ap_part_info -name xa7a12t-csg325-1Q -data info 
Execute     ap_part_info -name xa7a12t-csg325-1Q -data info 
Execute     config_chip_info -quiet -resource {SLICE 3650} {LUT 8000} {FF 16000} {DSP48E 40} {BRAM 40} {URAM 0} 
Execute     ap_part_info -name xa7a12t-csg325-1Q -data info 
Execute     config_chip_info -quiet -speed slow 
Command   open_solution done; 0.802 sec.
Execute   cosim_design -trace_level all 
Execute     source C:/Users/Yaroslav/AppData/Roaming/Xilinx/Vivado/lab1_1/solution1/.autopilot/db/global.setting.tcl 
Execute     source C:/Users/Yaroslav/AppData/Roaming/Xilinx/Vivado/lab1_1/solution1/.autopilot/db/global.setting.tcl 
Execute     source C:/Users/Yaroslav/AppData/Roaming/Xilinx/Vivado/lab1_1/solution1/.autopilot/db/global.setting.tcl 
INFO-FLOW: DBG:CMD: read_platform_lib C:/Users/Yaroslav/AppData/Roaming/Xilinx/Vivado/lab1_1/solution1/.autopilot/db/global.setting.tcl
Execute     source C:/Xilinx/Vivado/2019.1/common/technology/generic/autopilot/common.gen 
Execute       source C:/Xilinx/Vivado/2019.1/common/technology/generic/autopilot/APCoreGen.gen 
Execute     source C:/Xilinx/Vivado/2019.1/common/technology/generic/autopilot/op.gen 
Execute     source C:/Xilinx/Vivado/2019.1/common/technology/generic/autopilot/op_simcore.gen 
Execute     source C:/Xilinx/Vivado/2019.1/common/technology/generic/autopilot/interface.gen 
Execute     source C:/Users/Yaroslav/AppData/Roaming/Xilinx/Vivado/lab1_1/solution1/.autopilot/db/global.setting.tcl 
Execute     source C:/Xilinx/Vivado/2019.1/common/technology/xilinx/artix7/artix7.gen 
Execute       source C:/Xilinx/Vivado/2019.1/common/technology/xilinx/common/xilinx.gen 
Execute         source C:/Xilinx/Vivado/2019.1/common/technology/xilinx/interface/plb46.gen 
Execute         source C:/Xilinx/Vivado/2019.1/common/technology/xilinx/interface/fsl.gen 
Execute         source C:/Xilinx/Vivado/2019.1/common/technology/xilinx/interface/axi4.gen 
Execute         source C:/Xilinx/Vivado/2019.1/common/technology/xilinx/interface/nativeAXI4.gen 
Execute           source C:/Xilinx/Vivado/2019.1/common/technology/xilinx/interface/saxilite.gen 
Execute           source C:/Xilinx/Vivado/2019.1/common/technology/xilinx/interface/maxi.gen 
Execute         source C:/Xilinx/Vivado/2019.1/common/technology/xilinx/scripts/xilinxcoregen.gen 
Execute         source C:/Xilinx/Vivado/2019.1/common/technology/xilinx/interface/XilEDKCoreGen.gen 
Execute         source C:/Xilinx/Vivado/2019.1/common/technology/xilinx/ip/dds_compiler.gen 
Execute         source C:/Xilinx/Vivado/2019.1/common/technology/xilinx/ip/util.gen 
Execute         source C:/Xilinx/Vivado/2019.1/common/technology/xilinx/ip/xfft.gen 
Execute         source C:/Xilinx/Vivado/2019.1/common/technology/xilinx/ip/xfir.gen 
Execute         source C:/Xilinx/Vivado/2019.1/common/technology/xilinx/common/dsp48.gen 
Command       ap_source done; 0.141 sec.
Command     ap_source done; 0.141 sec.
Execute     source C:/Xilinx/Vivado/2019.1/common/technology/xilinx/artix7/artix7_fpv6.gen 
Execute       source C:/Xilinx/Vivado/2019.1/common/technology/xilinx/common/xilinx_fp.gen 
INFO-FLOW: DBG:CMD:   using AESL_AUTOCG::g_clock_period=6.000 (was NA)
Execute     ap_part_info -name xa7a12t-csg325-1Q -data names -quiet 
Execute     ap_part_info -name xa7a12t-csg325-1Q -data info -quiet 
Execute     source C:/Users/Yaroslav/AppData/Roaming/Xilinx/Vivado/lab1_1/solution1/.autopilot/db/global.setting.tcl 
Execute     source C:/Users/Yaroslav/AppData/Roaming/Xilinx/Vivado/lab1_1/solution1/.autopilot/db/lab1_1.rtl_wrap.cfg.tcl 
Execute     source C:/Users/Yaroslav/AppData/Roaming/Xilinx/Vivado/lab1_1/solution1/.autopilot/db/lab1_1.tbgen.tcl 
Execute     is_encrypted C:/Spbgpu/lab_z1/source/lab1_1_test.c 
Execute     is_encrypted C:/Spbgpu/lab_z1/source/lab1_1.c 
Execute     source C:/Users/Yaroslav/AppData/Roaming/Xilinx/Vivado/lab1_1/solution1/.autopilot/db/lab1_1.tbgen.tcl 
Execute     source C:/Users/Yaroslav/AppData/Roaming/Xilinx/Vivado/lab1_1/solution1/.autopilot/db/lab1_1.tbgen.tcl 
ERROR: [COSIM 212-366] Cannot delete directory  'sim/verilog': it is being used by another program. Please close the program and try again.
ERROR: [COSIM 212-5] *** C/RTL co-simulation file generation failed. ***
ERROR: [COSIM 212-4] *** C/RTL co-simulation finished: FAIL ***
Command   cosim_design done; error code: 2; 0.339 sec.
Command ap_source done; error code: 1; 1.147 sec.
Execute cleanup_all 
