root@masha_kali:~# nmap -top-ports 5 192.168.56.101

Starting Nmap 7.60 ( https://nmap.org ) at 2017-11-05 14:29 EST
Nmap scan report for 192.168.56.101
Host is up (0.00014s latency).

PORT    STATE  SERVICE
21/tcp  open   ftp
22/tcp  open   ssh
23/tcp  open   telnet
80/tcp  open   http
443/tcp closed https
MAC Address: 08:00:27:7E:E4:CC (Oracle VirtualBox virtual NIC)

Nmap done: 1 IP address (1 host up) scanned in 13.55 seconds


root@masha_kali:~# nmap -top-ports 5 192.168.56.1

Starting Nmap 7.60 ( https://nmap.org ) at 2017-11-05 14:33 EST
Nmap scan report for 192.168.56.1
Host is up (0.0011s latency).

PORT    STATE    SERVICE
21/tcp  filtered ftp
22/tcp  open     ssh
23/tcp  filtered telnet
80/tcp  filtered http
443/tcp filtered https
MAC Address: 0A:00:27:00:00:02 (Unknown)

Nmap done: 1 IP address (1 host up) scanned in 14.56 seconds