root@masha_kali:~# cat /usr/share/nmap/nmap-os-db
MatchPoints
SEQ(SP=25%GCD=75%ISR=25%TI=100%CI=50%II=100%SS=80%TS=100)
OPS(O1=20%O2=20%O3=20%O4=20%O5=20%O6=20)
WIN(W1=15%W2=15%W3=15%W4=15%W5=15%W6=15)
ECN(R=100%DF=20%T=15%TG=15%W=15%O=15%CC=100%Q=20)
T1(R=100%DF=20%T=15%TG=15%S=20%A=20%F=30%RD=20%Q=20)
T2(R=80%DF=20%T=15%TG=15%W=25%S=20%A=20%F=30%O=10%RD=20%Q=20)
T3(R=80%DF=20%T=15%TG=15%W=25%S=20%A=20%F=30%O=10%RD=20%Q=20)
T4(R=100%DF=20%T=15%TG=15%W=25%S=20%A=20%F=30%O=10%RD=20%Q=20)
T5(R=100%DF=20%T=15%TG=15%W=25%S=20%A=20%F=30%O=10%RD=20%Q=20)
T6(R=100%DF=20%T=15%TG=15%W=25%S=20%A=20%F=30%O=10%RD=20%Q=20)
T7(R=80%DF=20%T=15%TG=15%W=25%S=20%A=20%F=30%O=10%RD=20%Q=20)
U1(R=50%DF=20%T=15%TG=15%IPL=100%UN=100%RIPL=100%RID=100%RIPCK=100%RUCK=100%RUD=100)
IE(R=50%DFI=40%T=15%TG=15%CD=100)

# 2N VOIP doorbell
Fingerprint 2N Helios IP VoIP doorbell
Class 2N | embedded || specialized
CPE cpe:/h:2n:helios
SEQ(SP=0-5%GCD=51E80C|A3D018|F5B824|147A030|199883C%ISR=C8-D2%TI=I|RD%CI=I%II=RI%SS=S%TS=U)
OPS(O1=M5B4%O2=M5B4%O3=M5B4%O4=M5B4%O5=M5B4%O6=M5B4)
WIN(W1=8000%W2=8000%W3=8000%W4=8000%W5=8000%W6=8000)
ECN(R=Y%DF=N%T=FA-104%TG=FF%W=8000%O=M5B4%CC=N%Q=)
T1(R=Y%DF=N%T=FA-104%TG=FF%S=O%A=S+%F=AS%RD=0%Q=)
T2(R=N)
T3(R=Y%DF=N%T=FA-104%TG=FF%W=8000%S=O%A=S+%F=AS%O=M5B4%RD=0%Q=)
T4(R=Y%DF=N%T=FA-104%TG=FF%W=8000%S=A+%A=S%F=AR%O=%RD=0%Q=)
T5(R=Y%DF=N%T=FA-104%TG=FF%W=8000%S=A%A=S+%F=AR%O=%RD=0%Q=)
T6(R=Y%DF=N%T=FA-104%TG=FF%W=8000%S=A%A=S%F=AR%O=%RD=0%Q=)
T7(R=Y%DF=N%T=FA-104%TG=FF%W=8000%S=A%A=S+%F=AR%O=%RD=0%Q=)
U1(DF=N%T=FA-104%TG=FF%IPL=38%UN=0%RIPL=G%RID=G%RIPCK=G%RUCK=G%RUD=G)
IE(DFI=S%T=FA-104%TG=FF%CD=S)

# BT2700HGV DSL Router version 5.29.107.19
Fingerprint 2Wire BT2700HG-V ADSL modem
Class 2Wire | embedded || broadband router
CPE cpe:/h:2wire:bt2700hg-v
SEQ(SP=6A-BE%GCD=1-6%ISR=96-A0%TI=I%CI=I%II=I%SS=S%TS=A)
OPS(O1=M5B4NNSW0NNNT11%O2=M578NNSW0NNNT11%O3=M280W0NNNT11%O4=M218NNSW0NNNT11%O5=M218NNSW0NNNT11%O6=M109NNSNNT11)
WIN(W1=8000%W2=8000%W3=8000%W4=8000%W5=8000%W6=8000)
ECN(R=Y%DF=Y%T=FA-104%TG=FF%W=8000%O=M5B4NNSW0N%CC=N%Q=)
T1(R=Y%DF=Y%T=FA-104%TG=FF%S=O%A=S+%F=AS%RD=0%Q=)
T2(R=N)
T3(R=N)
T4(R=Y%DF=Y%T=FA-104%TG=FF%W=0%S=A%A=Z%F=R%O=%RD=E44A4E43%Q=)
T5(R=Y%DF=Y%T=FA-104%TG=FF%W=0%S=Z%A=S+%F=AR%O=%RD=1F59B3D4%Q=)
T6(R=Y%DF=Y%T=FA-104%TG=FF%W=0%S=A%A=Z%F=R%O=%RD=1F59B3D4%Q=)
T7(R=N)
U1(DF=Y%T=FA-104%TG=FF%IPL=70%UN=0%RIPL=G%RID=G%RIPCK=G%RUCK=G%RUD=G)
IE(DFI=Y%T=FA-104%TG=FF%CD=S)

< ... >