-- FS --
FS = 0.243
x1 = 35.000, x2 = 24.145, x3 = 1.000, x1 + x2 + x3 = 60.145
F2 = 5589.230, F3 = 3684.450, F4 = 6.650, F5 = 188.602, F6 = 13241.479
F2/rF2 = 76.998%, F3/rF3 = 138.513%, F4/rF4 = 100.553%, F5/rF5 = 95.021%, F6/rF6 = 80.242%
Mean = 17.361%

-- a = 0.1, Ka = -1.282 --
x1 = 35.000, x2 = 24.145, x3 = 1.000, x1 + x2 + x3 = 60.145
F2 = 5589.229, F3 = 3684.451, F4 = 6.650, F5 = 188.601, F6 = 13241.473
F2/rF2 = 76.998%, F3/rF3 = 138.513%, F4/rF4 = 100.553%, F5/rF5 = 95.020%, F6/rF6 = 80.242%
Mean = 17.361%

-- a = 0.2, Ka = -0.842 --
x1 = 35.000, x2 = 24.144, x3 = 1.000, x1 + x2 + x3 = 60.145
F2 = 5589.229, F3 = 3684.450, F4 = 6.650, F5 = 188.602, F6 = 13241.477
F2/rF2 = 76.998%, F3/rF3 = 138.513%, F4/rF4 = 100.553%, F5/rF5 = 95.021%, F6/rF6 = 80.242%
Mean = 17.361%

-- a = 0.3, Ka = -0.524 --
x1 = 35.000, x2 = 24.144, x3 = 1.000, x1 + x2 + x3 = 60.145
F2 = 5589.229, F3 = 3684.450, F4 = 6.650, F5 = 188.602, F6 = 13241.477
F2/rF2 = 76.998%, F3/rF3 = 138.513%, F4/rF4 = 100.553%, F5/rF5 = 95.021%, F6/rF6 = 80.242%
Mean = 17.361%

-- a = 0.4, Ka = -0.253 --
x1 = 35.000, x2 = 24.144, x3 = 1.000, x1 + x2 + x3 = 60.145
F2 = 5589.229, F3 = 3684.450, F4 = 6.650, F5 = 188.602, F6 = 13241.477
F2/rF2 = 76.998%, F3/rF3 = 138.513%, F4/rF4 = 100.553%, F5/rF5 = 95.021%, F6/rF6 = 80.242%
Mean = 17.361%

-- a = 0.5, Ka = 0.000 --
x1 = 35.000, x2 = 24.145, x3 = 1.000, x1 + x2 + x3 = 60.145
F2 = 5589.230, F3 = 3684.450, F4 = 6.650, F5 = 188.602, F6 = 13241.479
F2/rF2 = 76.998%, F3/rF3 = 138.513%, F4/rF4 = 100.553%, F5/rF5 = 95.021%, F6/rF6 = 80.242%
Mean = 17.361%

-- a = 0.6, Ka = 0.253 --
x1 = 35.000, x2 = 24.145, x3 = 1.000, x1 + x2 + x3 = 60.145
F2 = 5589.230, F3 = 3684.450, F4 = 6.650, F5 = 188.602, F6 = 13241.479
F2/rF2 = 76.998%, F3/rF3 = 138.513%, F4/rF4 = 100.553%, F5/rF5 = 95.021%, F6/rF6 = 80.242%
Mean = 17.361%

-- a = 0.7, Ka = 0.524 --
x1 = 35.000, x2 = 24.145, x3 = 1.000, x1 + x2 + x3 = 60.145
F2 = 5589.230, F3 = 3684.450, F4 = 6.650, F5 = 188.602, F6 = 13241.479
F2/rF2 = 76.998%, F3/rF3 = 138.513%, F4/rF4 = 100.553%, F5/rF5 = 95.021%, F6/rF6 = 80.242%
Mean = 17.361%

-- a = 0.8, Ka = 0.842 --
x1 = 35.000, x2 = 20.002, x3 = 1.000, x1 + x2 + x3 = 56.002
F2 = 4523.611, F3 = 3270.208, F4 = 6.633, F5 = 180.361, F6 = 11347.389
F2/rF2 = 62.318%, F3/rF3 = 122.940%, F4/rF4 = 100.308%, F5/rF5 = 90.869%, F6/rF6 = 68.764%
Mean = 20.259%

-- a = 0.9, Ka = 1.282 --
x1 = 34.155, x2 = 14.355, x3 = 0.000, x1 + x2 + x3 = 48.510
F2 = 1781.719, F3 = 2460.145, F4 = 6.588, F5 = 131.020, F6 = 5670.774
F2/rF2 = 24.545%, F3/rF3 = 92.487%, F4/rF4 = 99.619%, F5/rF5 = 66.010%, F6/rF6 = 34.364%
Mean = 36.595%