Start Conditions
e = 0.000001
w = [1.000000 0.220779 0.805195 0.402597]
u0 = [1.500000 0.331169 1.207792 0.603896]

0 | u = [10.000000 10.000000 10.000000 10.000000] | F(u) = [-8.115572 -9.883869 -5.310920 -9.452506] | S = 80.000000
1 | u = [1.950351 0.066599 1.553885 0.345572] | F(u) = [8.060789 3195.369625 0.505314 52.660296] | S = 7.832812
2 | u = [6.139607 0.235956 5.078620 1.243394] | F(u) = [2.780702 4560.949367 0.429830 75.412690] | S = 25.395155
3 | u = [7.236115 0.323986 6.115423 1.745173] | F(u) = [0.461988 2370.124917 0.023511 39.297704] | S = 30.841395
4 | u = [6.386103 0.343664 5.434348 1.897411] | F(u) = [0.083022 901.425404 -0.046716 14.756548] | S = 28.123053
5 | u = [5.297395 0.352083 4.512774 1.967574] | F(u) = [0.039631 316.907201 -0.023056 4.768651] | S = 24.259653
6 | u = [4.327837 0.363774 3.684367 1.950805] | F(u) = [0.048224 108.424858 -0.004624 1.171350] | S = 20.653566
7 | u = [3.567383 0.386452 3.032279 1.777383] | F(u) = [0.071425 37.202756 0.002715 0.136602] | S = 17.526996
8 | u = [3.045719 0.428871 2.583950 1.532460] | F(u) = [0.090938 13.122322 0.003303 0.007226] | S = 15.182001
9 | u = [2.735042 0.497981 2.316126 1.364156] | F(u) = [0.082449 4.723376 0.003070 0.008377] | S = 13.826611
10 | u = [2.569108 0.591590 2.172423 1.272798] | F(u) = [0.055265 1.634580 0.002543 0.006852] | S = 13.211837
11 | u = [2.493841 0.688836 2.106835 1.230292] | F(u) = [0.025161 0.460804 0.001435 0.003851] | S = 13.039607
12 | u = [2.470983 0.748757 2.086766 1.216992] | F(u) = [0.005178 0.069517 0.000342 0.000914] | S = 13.046996
13 | u = [2.468085 0.761909 2.084199 1.215249] | F(u) = [0.000187 0.002179 0.000013 0.000035] | S = 13.058885
14 | u = [2.468013 0.762357 2.084136 1.215205] | F(u) = [0.000000 0.000002 0.000000 0.000000] | S = 13.059421
15 | u = [2.468013 0.762357 2.084136 1.215205] | F(u) = [0.000000 0.000002 0.000000 0.000000] | S = 13.059421

Result
u = [2.468013 0.762357 2.084136 1.215205]
F(u) = [0.000000 0.000000 0.000000 0.000000]
L(N) = [1.794934 0.865945 1.606536 1.142912]
lam(N) = [3.000000 0.662338 2.415584 1.207792]
S = 13.059421