==============================================================
Vivado(TM) HLS - High-Level Synthesis from C, C++ and SystemC v2019.1 (64-bit)
Copyright 1986-2019 Xilinx, Inc. All Rights Reserved.
==============================================================
INFO: [SYN 201-201] Setting up clock 'default' with a period of 8ns.
INFO: [SYN 201-201] Setting up clock 'default' with an uncertainty of 0.1ns.
WARNING: [HLS 200-40] Cannot find library 'C:/Xilinx/Vivado/2019.1/common/technology/xilinx/aartix7/aartix7.lib'.
WARNING: [HLS 200-40] Cannot find library 'xilinx/aartix7/aartix7'.
INFO: [HLS 200-10] Setting target device to 'xa7a12t-csg325-1Q'
INFO: [SCHED 204-61] Option 'relax_ii_for_timing' is enabled, will increase II to preserve clock frequency constraints.
INFO: [HLS 200-10] Analyzing design file '../../../../../../Spbgpu/lab_z1/source/lab1_1.c' ... 
INFO: [HLS 200-111] Finished Linking Time (s): cpu = 00:00:01 ; elapsed = 00:00:07 . Memory (MB): peak = 156.988 ; gain = 64.301
INFO: [HLS 200-111] Finished Checking Pragmas Time (s): cpu = 00:00:01 ; elapsed = 00:00:07 . Memory (MB): peak = 156.988 ; gain = 64.301
INFO: [HLS 200-10] Starting code transformations ...
INFO: [HLS 200-111] Finished Standard Transforms Time (s): cpu = 00:00:01 ; elapsed = 00:00:07 . Memory (MB): peak = 156.988 ; gain = 64.301
INFO: [HLS 200-10] Checking synthesizability ...
INFO: [HLS 200-111] Finished Checking Synthesizability Time (s): cpu = 00:00:01 ; elapsed = 00:00:07 . Memory (MB): peak = 156.988 ; gain = 64.301
INFO: [HLS 200-111] Finished Pre-synthesis Time (s): cpu = 00:00:01 ; elapsed = 00:00:07 . Memory (MB): peak = 156.988 ; gain = 64.301
INFO: [HLS 200-111] Finished Architecture Synthesis Time (s): cpu = 00:00:01 ; elapsed = 00:00:07 . Memory (MB): peak = 156.988 ; gain = 64.301
INFO: [HLS 200-10] Starting hardware synthesis ...
INFO: [HLS 200-10] Synthesizing 'lab1_1' ...
INFO: [HLS 200-10] ----------------------------------------------------------------
INFO: [HLS 200-42] -- Implementing module 'lab1_1' 
INFO: [HLS 200-10] ----------------------------------------------------------------
INFO: [SCHED 204-11] Starting scheduling ...
INFO: [SCHED 204-11] Finished scheduling.
INFO: [HLS 200-111]  Elapsed time: 7.418 seconds; current allocated memory: 91.289 MB.
INFO: [BIND 205-100] Starting micro-architecture generation ...
INFO: [BIND 205-101] Performing variable lifetime analysis.
INFO: [BIND 205-101] Exploring resource sharing.
INFO: [BIND 205-101] Binding ...
INFO: [BIND 205-100] Finished micro-architecture generation.
INFO: [HLS 200-111]  Elapsed time: 0.027 seconds; current allocated memory: 91.372 MB.
INFO: [HLS 200-10] ----------------------------------------------------------------
INFO: [HLS 200-10] -- Generating RTL for module 'lab1_1' 
INFO: [HLS 200-10] ----------------------------------------------------------------
INFO: [RTGEN 206-500] Setting interface mode on port 'lab1_1/a' to 'ap_none'.
INFO: [RTGEN 206-500] Setting interface mode on port 'lab1_1/b' to 'ap_none'.
INFO: [RTGEN 206-500] Setting interface mode on port 'lab1_1/c' to 'ap_none'.
INFO: [RTGEN 206-500] Setting interface mode on port 'lab1_1/d' to 'ap_none'.
INFO: [RTGEN 206-500] Setting interface mode on function 'lab1_1' to 'ap_ctrl_hs'.
INFO: [SYN 201-210] Renamed object name 'lab1_1_mac_muladd_8s_8s_9s_16_1_1' to 'lab1_1_mac_muladdbkb' due to the length limit 20
INFO: [RTGEN 206-100] Generating core module 'lab1_1_mac_muladdbkb': 1 instance(s).
INFO: [RTGEN 206-100] Finished creating RTL model for 'lab1_1'.
INFO: [HLS 200-111]  Elapsed time: 0.038 seconds; current allocated memory: 91.529 MB.
INFO: [HLS 200-111] Finished generating all RTL models Time (s): cpu = 00:00:02 ; elapsed = 00:00:08 . Memory (MB): peak = 156.988 ; gain = 64.301
INFO: [VHDL 208-304] Generating VHDL RTL for lab1_1.
INFO: [VLOG 209-307] Generating Verilog RTL for lab1_1.
INFO: [HLS 200-112] Total elapsed time: 8.1 seconds; peak allocated memory: 91.529 MB.
==============================================================
Vivado(TM) HLS - High-Level Synthesis from C, C++ and SystemC v2019.1 (64-bit)
Copyright 1986-2019 Xilinx, Inc. All Rights Reserved.
==============================================================
INFO: [SYN 201-201] Setting up clock 'default' with a period of 8ns.
INFO: [SYN 201-201] Setting up clock 'default' with an uncertainty of 0.1ns.
WARNING: [HLS 200-40] Cannot find library 'C:/Xilinx/Vivado/2019.1/common/technology/xilinx/aartix7/aartix7.lib'.
WARNING: [HLS 200-40] Cannot find library 'xilinx/aartix7/aartix7'.
INFO: [HLS 200-10] Setting target device to 'xa7a12t-csg325-1Q'
INFO: [SIM 211-2] *************** CSIM start ***************
INFO: [SIM 211-4] CSIM will launch GCC as the compiler.
INFO: [SIM 211-1] CSim done with 0 errors.
INFO: [SIM 211-3] *************** CSIM finish ***************
==============================================================
Vivado(TM) HLS - High-Level Synthesis from C, C++ and SystemC v2019.1 (64-bit)
Copyright 1986-2019 Xilinx, Inc. All Rights Reserved.
==============================================================
INFO: [SYN 201-201] Setting up clock 'default' with a period of 8ns.
INFO: [SYN 201-201] Setting up clock 'default' with an uncertainty of 0.1ns.
WARNING: [HLS 200-40] Cannot find library 'C:/Xilinx/Vivado/2019.1/common/technology/xilinx/aartix7/aartix7.lib'.
WARNING: [HLS 200-40] Cannot find library 'xilinx/aartix7/aartix7'.
INFO: [HLS 200-10] Setting target device to 'xa7a12t-csg325-1Q'
INFO: [SCHED 204-61] Option 'relax_ii_for_timing' is enabled, will increase II to preserve clock frequency constraints.
INFO: [HLS 200-10] Analyzing design file '../../../../../../Spbgpu/lab_z1/source/lab1_1.c' ... 
INFO: [HLS 200-111] Finished Linking Time (s): cpu = 00:00:01 ; elapsed = 00:00:07 . Memory (MB): peak = 177.180 ; gain = 83.574
INFO: [HLS 200-111] Finished Checking Pragmas Time (s): cpu = 00:00:01 ; elapsed = 00:00:07 . Memory (MB): peak = 177.180 ; gain = 83.574
INFO: [HLS 200-10] Starting code transformations ...
INFO: [HLS 200-111] Finished Standard Transforms Time (s): cpu = 00:00:01 ; elapsed = 00:00:07 . Memory (MB): peak = 177.180 ; gain = 83.574
INFO: [HLS 200-10] Checking synthesizability ...
INFO: [HLS 200-111] Finished Checking Synthesizability Time (s): cpu = 00:00:01 ; elapsed = 00:00:07 . Memory (MB): peak = 177.180 ; gain = 83.574
INFO: [HLS 200-111] Finished Pre-synthesis Time (s): cpu = 00:00:01 ; elapsed = 00:00:07 . Memory (MB): peak = 177.180 ; gain = 83.574
INFO: [HLS 200-111] Finished Architecture Synthesis Time (s): cpu = 00:00:01 ; elapsed = 00:00:07 . Memory (MB): peak = 177.180 ; gain = 83.574
INFO: [HLS 200-10] Starting hardware synthesis ...
INFO: [HLS 200-10] Synthesizing 'lab1_1' ...
INFO: [HLS 200-10] ----------------------------------------------------------------
INFO: [HLS 200-42] -- Implementing module 'lab1_1' 
INFO: [HLS 200-10] ----------------------------------------------------------------
INFO: [SCHED 204-11] Starting scheduling ...
INFO: [SCHED 204-11] Finished scheduling.
INFO: [HLS 200-111]  Elapsed time: 7.4 seconds; current allocated memory: 91.320 MB.
INFO: [BIND 205-100] Starting micro-architecture generation ...
INFO: [BIND 205-101] Performing variable lifetime analysis.
INFO: [BIND 205-101] Exploring resource sharing.
INFO: [BIND 205-101] Binding ...
INFO: [BIND 205-100] Finished micro-architecture generation.
INFO: [HLS 200-111]  Elapsed time: 0.027 seconds; current allocated memory: 91.403 MB.
INFO: [HLS 200-10] ----------------------------------------------------------------
INFO: [HLS 200-10] -- Generating RTL for module 'lab1_1' 
INFO: [HLS 200-10] ----------------------------------------------------------------
INFO: [RTGEN 206-500] Setting interface mode on port 'lab1_1/a' to 'ap_none'.
INFO: [RTGEN 206-500] Setting interface mode on port 'lab1_1/b' to 'ap_none'.
INFO: [RTGEN 206-500] Setting interface mode on port 'lab1_1/c' to 'ap_none'.
INFO: [RTGEN 206-500] Setting interface mode on port 'lab1_1/d' to 'ap_none'.
INFO: [RTGEN 206-500] Setting interface mode on function 'lab1_1' to 'ap_ctrl_hs'.
INFO: [SYN 201-210] Renamed object name 'lab1_1_mac_muladd_8s_8s_9s_16_1_1' to 'lab1_1_mac_muladdbkb' due to the length limit 20
INFO: [RTGEN 206-100] Generating core module 'lab1_1_mac_muladdbkb': 1 instance(s).
INFO: [RTGEN 206-100] Finished creating RTL model for 'lab1_1'.
INFO: [HLS 200-111]  Elapsed time: 0.037 seconds; current allocated memory: 91.576 MB.
INFO: [HLS 200-111] Finished generating all RTL models Time (s): cpu = 00:00:02 ; elapsed = 00:00:08 . Memory (MB): peak = 177.180 ; gain = 83.574
INFO: [VHDL 208-304] Generating VHDL RTL for lab1_1.
INFO: [VLOG 209-307] Generating Verilog RTL for lab1_1.
INFO: [HLS 200-112] Total elapsed time: 8.073 seconds; peak allocated memory: 91.576 MB.
==============================================================
Vivado(TM) HLS - High-Level Synthesis from C, C++ and SystemC v2019.1 (64-bit)
Copyright 1986-2019 Xilinx, Inc. All Rights Reserved.
==============================================================
INFO: [SYN 201-201] Setting up clock 'default' with a period of 8ns.
INFO: [SYN 201-201] Setting up clock 'default' with an uncertainty of 0.1ns.
WARNING: [HLS 200-40] Cannot find library 'C:/Xilinx/Vivado/2019.1/common/technology/xilinx/aartix7/aartix7.lib'.
WARNING: [HLS 200-40] Cannot find library 'xilinx/aartix7/aartix7'.
INFO: [HLS 200-10] Setting target device to 'xa7a12t-csg325-1Q'
INFO: [SCHED 204-61] Option 'relax_ii_for_timing' is enabled, will increase II to preserve clock frequency constraints.
INFO: [HLS 200-10] Analyzing design file '../../../../../../Spbgpu/lab_z1/source/lab1_1.c' ... 
INFO: [HLS 200-111] Finished Linking Time (s): cpu = 00:00:01 ; elapsed = 00:00:07 . Memory (MB): peak = 177.148 ; gain = 84.480
INFO: [HLS 200-111] Finished Checking Pragmas Time (s): cpu = 00:00:01 ; elapsed = 00:00:07 . Memory (MB): peak = 177.148 ; gain = 84.480
INFO: [HLS 200-10] Starting code transformations ...
INFO: [HLS 200-111] Finished Standard Transforms Time (s): cpu = 00:00:01 ; elapsed = 00:00:08 . Memory (MB): peak = 177.148 ; gain = 84.480
INFO: [HLS 200-10] Checking synthesizability ...
INFO: [HLS 200-111] Finished Checking Synthesizability Time (s): cpu = 00:00:01 ; elapsed = 00:00:08 . Memory (MB): peak = 177.148 ; gain = 84.480
INFO: [HLS 200-111] Finished Pre-synthesis Time (s): cpu = 00:00:01 ; elapsed = 00:00:08 . Memory (MB): peak = 177.148 ; gain = 84.480
INFO: [HLS 200-111] Finished Architecture Synthesis Time (s): cpu = 00:00:01 ; elapsed = 00:00:08 . Memory (MB): peak = 177.148 ; gain = 84.480
INFO: [HLS 200-10] Starting hardware synthesis ...
INFO: [HLS 200-10] Synthesizing 'lab1_1' ...
INFO: [HLS 200-10] ----------------------------------------------------------------
INFO: [HLS 200-42] -- Implementing module 'lab1_1' 
INFO: [HLS 200-10] ----------------------------------------------------------------
INFO: [SCHED 204-11] Starting scheduling ...
INFO: [SCHED 204-11] Finished scheduling.
INFO: [HLS 200-111]  Elapsed time: 7.679 seconds; current allocated memory: 91.320 MB.
INFO: [BIND 205-100] Starting micro-architecture generation ...
INFO: [BIND 205-101] Performing variable lifetime analysis.
INFO: [BIND 205-101] Exploring resource sharing.
INFO: [BIND 205-101] Binding ...
INFO: [BIND 205-100] Finished micro-architecture generation.
INFO: [HLS 200-111]  Elapsed time: 0.028 seconds; current allocated memory: 91.403 MB.
INFO: [HLS 200-10] ----------------------------------------------------------------
INFO: [HLS 200-10] -- Generating RTL for module 'lab1_1' 
INFO: [HLS 200-10] ----------------------------------------------------------------
INFO: [RTGEN 206-500] Setting interface mode on port 'lab1_1/a' to 'ap_none'.
INFO: [RTGEN 206-500] Setting interface mode on port 'lab1_1/b' to 'ap_none'.
INFO: [RTGEN 206-500] Setting interface mode on port 'lab1_1/c' to 'ap_none'.
INFO: [RTGEN 206-500] Setting interface mode on port 'lab1_1/d' to 'ap_none'.
INFO: [RTGEN 206-500] Setting interface mode on function 'lab1_1' to 'ap_ctrl_hs'.
INFO: [SYN 201-210] Renamed object name 'lab1_1_mac_muladd_8s_8s_9s_16_1_1' to 'lab1_1_mac_muladdbkb' due to the length limit 20
INFO: [RTGEN 206-100] Generating core module 'lab1_1_mac_muladdbkb': 1 instance(s).
INFO: [RTGEN 206-100] Finished creating RTL model for 'lab1_1'.
INFO: [HLS 200-111]  Elapsed time: 0.038 seconds; current allocated memory: 91.576 MB.
INFO: [HLS 200-111] Finished generating all RTL models Time (s): cpu = 00:00:02 ; elapsed = 00:00:08 . Memory (MB): peak = 177.148 ; gain = 84.480
INFO: [VHDL 208-304] Generating VHDL RTL for lab1_1.
INFO: [VLOG 209-307] Generating Verilog RTL for lab1_1.
INFO: [HLS 200-112] Total elapsed time: 8.357 seconds; peak allocated memory: 91.576 MB.
==============================================================
Vivado(TM) HLS - High-Level Synthesis from C, C++ and SystemC v2019.1 (64-bit)
Copyright 1986-2019 Xilinx, Inc. All Rights Reserved.
==============================================================
INFO: [SYN 201-201] Setting up clock 'default' with a period of 8ns.
INFO: [SYN 201-201] Setting up clock 'default' with an uncertainty of 0.1ns.
WARNING: [HLS 200-40] Cannot find library 'C:/Xilinx/Vivado/2019.1/common/technology/xilinx/aartix7/aartix7.lib'.
WARNING: [HLS 200-40] Cannot find library 'xilinx/aartix7/aartix7'.
INFO: [HLS 200-10] Setting target device to 'xa7a12t-csg325-1Q'
INFO: [SIM 211-2] *************** CSIM start ***************
INFO: [SIM 211-4] CSIM will launch GCC as the compiler.
INFO: [SIM 211-1] CSim done with 0 errors.
INFO: [SIM 211-3] *************** CSIM finish ***************
==============================================================
Vivado(TM) HLS - High-Level Synthesis from C, C++ and SystemC v2019.1 (64-bit)
Copyright 1986-2019 Xilinx, Inc. All Rights Reserved.
==============================================================
INFO: [SYN 201-201] Setting up clock 'default' with a period of 8ns.
INFO: [SYN 201-201] Setting up clock 'default' with an uncertainty of 0.1ns.
WARNING: [HLS 200-40] Cannot find library 'C:/Xilinx/Vivado/2019.1/common/technology/xilinx/aartix7/aartix7.lib'.
WARNING: [HLS 200-40] Cannot find library 'xilinx/aartix7/aartix7'.
INFO: [HLS 200-10] Setting target device to 'xa7a12t-csg325-1Q'
INFO: [SCHED 204-61] Option 'relax_ii_for_timing' is enabled, will increase II to preserve clock frequency constraints.
INFO: [HLS 200-10] Analyzing design file '../../../../../../Spbgpu/lab_z1/source/lab1_1.c' ... 
INFO: [HLS 200-111] Finished Linking Time (s): cpu = 00:00:01 ; elapsed = 00:00:07 . Memory (MB): peak = 177.027 ; gain = 83.441
INFO: [HLS 200-111] Finished Checking Pragmas Time (s): cpu = 00:00:01 ; elapsed = 00:00:07 . Memory (MB): peak = 177.027 ; gain = 83.441
INFO: [HLS 200-10] Starting code transformations ...
INFO: [HLS 200-111] Finished Standard Transforms Time (s): cpu = 00:00:01 ; elapsed = 00:00:07 . Memory (MB): peak = 177.027 ; gain = 83.441
INFO: [HLS 200-10] Checking synthesizability ...
INFO: [HLS 200-111] Finished Checking Synthesizability Time (s): cpu = 00:00:01 ; elapsed = 00:00:07 . Memory (MB): peak = 177.027 ; gain = 83.441
INFO: [HLS 200-111] Finished Pre-synthesis Time (s): cpu = 00:00:01 ; elapsed = 00:00:07 . Memory (MB): peak = 177.027 ; gain = 83.441
INFO: [HLS 200-111] Finished Architecture Synthesis Time (s): cpu = 00:00:01 ; elapsed = 00:00:07 . Memory (MB): peak = 177.027 ; gain = 83.441
INFO: [HLS 200-10] Starting hardware synthesis ...
INFO: [HLS 200-10] Synthesizing 'lab1_1' ...
INFO: [HLS 200-10] ----------------------------------------------------------------
INFO: [HLS 200-42] -- Implementing module 'lab1_1' 
INFO: [HLS 200-10] ----------------------------------------------------------------
INFO: [SCHED 204-11] Starting scheduling ...
INFO: [SCHED 204-11] Finished scheduling.
INFO: [HLS 200-111]  Elapsed time: 7.386 seconds; current allocated memory: 91.164 MB.
INFO: [BIND 205-100] Starting micro-architecture generation ...
INFO: [BIND 205-101] Performing variable lifetime analysis.
INFO: [BIND 205-101] Exploring resource sharing.
INFO: [BIND 205-101] Binding ...
INFO: [BIND 205-100] Finished micro-architecture generation.
INFO: [HLS 200-111]  Elapsed time: 0.029 seconds; current allocated memory: 91.247 MB.
INFO: [HLS 200-10] ----------------------------------------------------------------
INFO: [HLS 200-10] -- Generating RTL for module 'lab1_1' 
INFO: [HLS 200-10] ----------------------------------------------------------------
INFO: [RTGEN 206-500] Setting interface mode on port 'lab1_1/a' to 'ap_none'.
INFO: [RTGEN 206-500] Setting interface mode on port 'lab1_1/b' to 'ap_none'.
INFO: [RTGEN 206-500] Setting interface mode on port 'lab1_1/c' to 'ap_none'.
INFO: [RTGEN 206-500] Setting interface mode on port 'lab1_1/d' to 'ap_none'.
INFO: [RTGEN 206-500] Setting interface mode on function 'lab1_1' to 'ap_ctrl_hs'.
INFO: [SYN 201-210] Renamed object name 'lab1_1_mac_muladd_8s_8s_9s_16_1_1' to 'lab1_1_mac_muladdbkb' due to the length limit 20
INFO: [RTGEN 206-100] Generating core module 'lab1_1_mac_muladdbkb': 1 instance(s).
INFO: [RTGEN 206-100] Finished creating RTL model for 'lab1_1'.
INFO: [HLS 200-111]  Elapsed time: 0.041 seconds; current allocated memory: 91.420 MB.
INFO: [HLS 200-111] Finished generating all RTL models Time (s): cpu = 00:00:01 ; elapsed = 00:00:08 . Memory (MB): peak = 177.027 ; gain = 83.441
INFO: [VHDL 208-304] Generating VHDL RTL for lab1_1.
INFO: [VLOG 209-307] Generating Verilog RTL for lab1_1.
INFO: [HLS 200-112] Total elapsed time: 8.112 seconds; peak allocated memory: 91.420 MB.
==============================================================
Vivado(TM) HLS - High-Level Synthesis from C, C++ and SystemC v2019.1 (64-bit)
Copyright 1986-2019 Xilinx, Inc. All Rights Reserved.
==============================================================
INFO: [SYN 201-201] Setting up clock 'default' with a period of 8ns.
INFO: [SYN 201-201] Setting up clock 'default' with an uncertainty of 0.1ns.
WARNING: [HLS 200-40] Cannot find library 'C:/Xilinx/Vivado/2019.1/common/technology/xilinx/aartix7/aartix7.lib'.
WARNING: [HLS 200-40] Cannot find library 'xilinx/aartix7/aartix7'.
INFO: [HLS 200-10] Setting target device to 'xa7a12t-csg325-1Q'
INFO: [SCHED 204-61] Option 'relax_ii_for_timing' is enabled, will increase II to preserve clock frequency constraints.
INFO: [HLS 200-10] Analyzing design file '../../../../../../Spbgpu/lab_z1/source/lab1_1.c' ... 
INFO: [HLS 200-111] Finished Linking Time (s): cpu = 00:00:01 ; elapsed = 00:00:07 . Memory (MB): peak = 176.660 ; gain = 83.105
INFO: [HLS 200-111] Finished Checking Pragmas Time (s): cpu = 00:00:01 ; elapsed = 00:00:07 . Memory (MB): peak = 176.660 ; gain = 83.105
INFO: [HLS 200-10] Starting code transformations ...
INFO: [HLS 200-111] Finished Standard Transforms Time (s): cpu = 00:00:01 ; elapsed = 00:00:07 . Memory (MB): peak = 176.660 ; gain = 83.105
INFO: [HLS 200-10] Checking synthesizability ...
INFO: [HLS 200-111] Finished Checking Synthesizability Time (s): cpu = 00:00:01 ; elapsed = 00:00:07 . Memory (MB): peak = 176.660 ; gain = 83.105
INFO: [HLS 200-111] Finished Pre-synthesis Time (s): cpu = 00:00:01 ; elapsed = 00:00:07 . Memory (MB): peak = 176.660 ; gain = 83.105
INFO: [HLS 200-111] Finished Architecture Synthesis Time (s): cpu = 00:00:01 ; elapsed = 00:00:07 . Memory (MB): peak = 176.660 ; gain = 83.105
INFO: [HLS 200-10] Starting hardware synthesis ...
INFO: [HLS 200-10] Synthesizing 'lab1_1' ...
INFO: [HLS 200-10] ----------------------------------------------------------------
INFO: [HLS 200-42] -- Implementing module 'lab1_1' 
INFO: [HLS 200-10] ----------------------------------------------------------------
INFO: [SCHED 204-11] Starting scheduling ...
INFO: [SCHED 204-11] Finished scheduling.
INFO: [HLS 200-111]  Elapsed time: 7.511 seconds; current allocated memory: 91.164 MB.
INFO: [BIND 205-100] Starting micro-architecture generation ...
INFO: [BIND 205-101] Performing variable lifetime analysis.
INFO: [BIND 205-101] Exploring resource sharing.
INFO: [BIND 205-101] Binding ...
INFO: [BIND 205-100] Finished micro-architecture generation.
INFO: [HLS 200-111]  Elapsed time: 0.077 seconds; current allocated memory: 91.247 MB.
INFO: [HLS 200-10] ----------------------------------------------------------------
INFO: [HLS 200-10] -- Generating RTL for module 'lab1_1' 
INFO: [HLS 200-10] ----------------------------------------------------------------
INFO: [RTGEN 206-500] Setting interface mode on port 'lab1_1/a' to 'ap_none'.
INFO: [RTGEN 206-500] Setting interface mode on port 'lab1_1/b' to 'ap_none'.
INFO: [RTGEN 206-500] Setting interface mode on port 'lab1_1/c' to 'ap_none'.
INFO: [RTGEN 206-500] Setting interface mode on port 'lab1_1/d' to 'ap_none'.
INFO: [RTGEN 206-500] Setting interface mode on function 'lab1_1' to 'ap_ctrl_hs'.
INFO: [SYN 201-210] Renamed object name 'lab1_1_mac_muladd_8s_8s_9s_16_1_1' to 'lab1_1_mac_muladdbkb' due to the length limit 20
INFO: [RTGEN 206-100] Generating core module 'lab1_1_mac_muladdbkb': 1 instance(s).
INFO: [RTGEN 206-100] Finished creating RTL model for 'lab1_1'.
INFO: [HLS 200-111]  Elapsed time: 0.046 seconds; current allocated memory: 91.420 MB.
INFO: [HLS 200-111] Finished generating all RTL models Time (s): cpu = 00:00:01 ; elapsed = 00:00:08 . Memory (MB): peak = 176.660 ; gain = 83.105
INFO: [VHDL 208-304] Generating VHDL RTL for lab1_1.
INFO: [VLOG 209-307] Generating Verilog RTL for lab1_1.
INFO: [HLS 200-112] Total elapsed time: 8.284 seconds; peak allocated memory: 91.420 MB.
==============================================================
Vivado(TM) HLS - High-Level Synthesis from C, C++ and SystemC v2019.1 (64-bit)
Copyright 1986-2019 Xilinx, Inc. All Rights Reserved.
==============================================================
INFO: [SYN 201-201] Setting up clock 'default' with a period of 8ns.
INFO: [SYN 201-201] Setting up clock 'default' with an uncertainty of 0.1ns.
WARNING: [HLS 200-40] Cannot find library 'C:/Xilinx/Vivado/2019.1/common/technology/xilinx/aartix7/aartix7.lib'.
WARNING: [HLS 200-40] Cannot find library 'xilinx/aartix7/aartix7'.
INFO: [HLS 200-10] Setting target device to 'xa7a12t-csg325-1Q'
INFO: [COSIM 212-47] Using XSIM for RTL simulation.
INFO: [COSIM 212-14] Instrumenting C test bench ...
INFO: [COSIM 212-302] Starting C TB testing ... 
INFO: [COSIM 212-333] Generating C post check test bench ...
INFO: [COSIM 212-12] Generating RTL test bench ...
INFO: [COSIM 212-1] *** C/RTL co-simulation file generation completed. ***
INFO: [COSIM 212-323] Starting verilog simulation. 
INFO: [COSIM 212-15] Starting XSIM ...
INFO: [COSIM 212-316] Starting C post checking ...
INFO: [COSIM 212-1000] *** C/RTL co-simulation finished: PASS ***
INFO: [COSIM 212-210] Design is translated to an combinational logic. II and Latency will be marked as all 0.
==============================================================
Vivado(TM) HLS - High-Level Synthesis from C, C++ and SystemC v2019.1 (64-bit)
Copyright 1986-2019 Xilinx, Inc. All Rights Reserved.
==============================================================
INFO: [SYN 201-201] Setting up clock 'default' with a period of 8ns.
INFO: [SYN 201-201] Setting up clock 'default' with an uncertainty of 0.1ns.
WARNING: [HLS 200-40] Cannot find library 'C:/Xilinx/Vivado/2019.1/common/technology/xilinx/aartix7/aartix7.lib'.
WARNING: [HLS 200-40] Cannot find library 'xilinx/aartix7/aartix7'.
INFO: [HLS 200-10] Setting target device to 'xa7a12t-csg325-1Q'
INFO: [COSIM 212-47] Using XSIM for RTL simulation.
INFO: [COSIM 212-14] Instrumenting C test bench ...
INFO: [COSIM 212-302] Starting C TB testing ... 
INFO: [COSIM 212-333] Generating C post check test bench ...
INFO: [COSIM 212-12] Generating RTL test bench ...
INFO: [COSIM 212-1] *** C/RTL co-simulation file generation completed. ***
INFO: [COSIM 212-323] Starting verilog simulation. 
INFO: [COSIM 212-15] Starting XSIM ...
INFO: [COSIM 212-316] Starting C post checking ...
INFO: [COSIM 212-1000] *** C/RTL co-simulation finished: PASS ***
INFO: [COSIM 212-210] Design is translated to an combinational logic. II and Latency will be marked as all 0.
==============================================================
Vivado(TM) HLS - High-Level Synthesis from C, C++ and SystemC v2019.1 (64-bit)
Copyright 1986-2019 Xilinx, Inc. All Rights Reserved.
==============================================================
INFO: [SYN 201-201] Setting up clock 'default' with a period of 8ns.
INFO: [SYN 201-201] Setting up clock 'default' with an uncertainty of 0.1ns.
WARNING: [HLS 200-40] Cannot find library 'C:/Xilinx/Vivado/2019.1/common/technology/xilinx/aartix7/aartix7.lib'.
WARNING: [HLS 200-40] Cannot find library 'xilinx/aartix7/aartix7'.
INFO: [HLS 200-10] Setting target device to 'xa7a12t-csg325-1Q'
INFO: [COSIM 212-47] Using XSIM for RTL simulation.
INFO: [COSIM 212-14] Instrumenting C test bench ...
INFO: [COSIM 212-302] Starting C TB testing ... 
INFO: [COSIM 212-333] Generating C post check test bench ...
INFO: [COSIM 212-12] Generating RTL test bench ...
INFO: [COSIM 212-1] *** C/RTL co-simulation file generation completed. ***
INFO: [COSIM 212-323] Starting verilog simulation. 
INFO: [COSIM 212-15] Starting XSIM ...
INFO: [COSIM 212-316] Starting C post checking ...
INFO: [COSIM 212-1000] *** C/RTL co-simulation finished: PASS ***
INFO: [COSIM 212-210] Design is translated to an combinational logic. II and Latency will be marked as all 0.
