INFO-FLOW: Workspace D:/Program_Files/projects/hls/lab7_z1/source/dct_prj/solution3 opened at Mon Oct 21 18:25:09 +0300 2019
Execute     config_clock -quiet -name default -period 10 -default=false 
INFO: [SYN 201-201] Setting up clock 'default' with a period of 10ns.
Execute     config_clock -quiet -name default -uncertainty 1.25 -unit % 
INFO: [SYN 201-201] Setting up clock 'default' with an uncertainty of 1.25ns.
Execute     open_platform DefaultPlatform 
Execute     import_lib D:/Program_Files/Xilinx/Vivado/2019.1/common/technology/xilinx/kintex7/kintex7 
Execute       source D:/Program_Files/Xilinx/Vivado/2019.1/common/technology/xilinx/common/xilinx.lib 
Execute         source D:/Program_Files/Xilinx/Vivado/2019.1/common/technology/xilinx/interface/xilinx_interface.lib 
Execute           source D:/Program_Files/Xilinx/Vivado/2019.1/common/technology/xilinx/interface/plb46.lib 
Execute           source D:/Program_Files/Xilinx/Vivado/2019.1/common/technology/xilinx/interface/fsl.lib 
Execute           source D:/Program_Files/Xilinx/Vivado/2019.1/common/technology/xilinx/interface/axi4.lib 
Execute           source D:/Program_Files/Xilinx/Vivado/2019.1/common/technology/xilinx/interface/maxi.lib 
Execute           source D:/Program_Files/Xilinx/Vivado/2019.1/common/technology/xilinx/interface/saxilite.lib 
Execute         source D:/Program_Files/Xilinx/Vivado/2019.1/common/technology/xilinx/common/dsp48.lib 
Execute         source D:/Program_Files/Xilinx/Vivado/2019.1/common/technology/xilinx/ip/dds_compiler.lib 
Execute         source D:/Program_Files/Xilinx/Vivado/2019.1/common/technology/xilinx/ip/xfft.lib 
Execute         source D:/Program_Files/Xilinx/Vivado/2019.1/common/technology/xilinx/ip/xfir.lib 
Execute       source D:/Program_Files/Xilinx/Vivado/2019.1/common/technology/xilinx/common/xilinx.hlp 
Execute         source D:/Program_Files/Xilinx/Vivado/2019.1/common/technology/xilinx/common/target_info.tcl 
Execute         source D:/Program_Files/Xilinx/Vivado/2019.1/common/technology/xilinx/interface/xilinx_interface.hlp 
Execute           source D:/Program_Files/Xilinx/Vivado/2019.1/common/technology/xilinx/interface/maxi.hlp 
Execute           source D:/Program_Files/Xilinx/Vivado/2019.1/common/technology/xilinx/interface/saxilite.hlp 
Execute         source D:/Program_Files/Xilinx/Vivado/2019.1/common/technology/xilinx/common/dsp48.hlp 
Execute       source D:/Program_Files/Xilinx/Vivado/2019.1/common/technology/xilinx/kintex7/dsp48e1.hlp 
Execute       source D:/Program_Files/Xilinx/Vivado/2019.1/common/technology/xilinx/common/xilinx.hlp 
Execute         source D:/Program_Files/Xilinx/Vivado/2019.1/common/technology/xilinx/common/target_info.tcl 
Execute         source D:/Program_Files/Xilinx/Vivado/2019.1/common/technology/xilinx/interface/xilinx_interface.hlp 
Execute           source D:/Program_Files/Xilinx/Vivado/2019.1/common/technology/xilinx/interface/maxi.hlp 
Execute           source D:/Program_Files/Xilinx/Vivado/2019.1/common/technology/xilinx/interface/saxilite.hlp 
Execute         source D:/Program_Files/Xilinx/Vivado/2019.1/common/technology/xilinx/common/dsp48.hlp 
Execute     source D:/Program_Files/Xilinx/Vivado/2019.1/common/technology/xilinx/kintex7/kintex7.gen 
Execute       source D:/Program_Files/Xilinx/Vivado/2019.1/common/technology/xilinx/common/xilinx.gen 
Execute         source D:/Program_Files/Xilinx/Vivado/2019.1/common/technology/xilinx/interface/plb46.gen 
Execute         source D:/Program_Files/Xilinx/Vivado/2019.1/common/technology/xilinx/interface/fsl.gen 
Execute         source D:/Program_Files/Xilinx/Vivado/2019.1/common/technology/xilinx/interface/axi4.gen 
Execute         source D:/Program_Files/Xilinx/Vivado/2019.1/common/technology/xilinx/interface/nativeAXI4.gen 
Execute           source D:/Program_Files/Xilinx/Vivado/2019.1/common/technology/xilinx/interface/saxilite.gen 
Execute           source D:/Program_Files/Xilinx/Vivado/2019.1/common/technology/xilinx/interface/maxi.gen 
Execute         source D:/Program_Files/Xilinx/Vivado/2019.1/common/technology/xilinx/scripts/xilinxcoregen.gen 
Execute         source D:/Program_Files/Xilinx/Vivado/2019.1/common/technology/xilinx/interface/XilEDKCoreGen.gen 
Execute         source D:/Program_Files/Xilinx/Vivado/2019.1/common/technology/xilinx/ip/dds_compiler.gen 
Execute         source D:/Program_Files/Xilinx/Vivado/2019.1/common/technology/xilinx/ip/util.gen 
Execute         source D:/Program_Files/Xilinx/Vivado/2019.1/common/technology/xilinx/ip/xfft.gen 
Command         ap_source done; 0.116 sec.
Execute         source D:/Program_Files/Xilinx/Vivado/2019.1/common/technology/xilinx/ip/xfir.gen 
Execute         source D:/Program_Files/Xilinx/Vivado/2019.1/common/technology/xilinx/common/dsp48.gen 
Command       ap_source done; 0.164 sec.
Command     ap_source done; 0.164 sec.
Execute     set_part xc7k160tfbg484-1 
Execute       ap_part_info -name xc7k160tfbg484-1 -data single -quiet 
Command       ap_part_info done; 0.471 sec.
Execute       ap_part_info -name xc7k160tfbg484-1 -data info 
Execute       add_library xilinx/kintex7/kintex7:xc7k160t:-fbg484:-1 
Execute         get_default_platform 
Execute         license_isbetapart xc7k160t 
Command         license_isbetapart done; error code: 1; 
Execute         ap_part_info -data single -name xc7k160t-fbg484-1 
Execute         ap_part_info -name xc7k160t-fbg484-1 -data resources 
Execute         ap_part_info -name xc7k160t-fbg484-1 -data info 
Execute         ap_part_info -name xc7k160t-fbg484-1 -data info 
Execute         config_chip_info -quiet -resource {SLICE 25350} {LUT 101400} {FF 202800} {DSP48E 600} {BRAM 650} {URAM 0} 
Execute         ap_part_info -name xc7k160t-fbg484-1 -data info 
Execute         config_chip_info -quiet -speed slow 
Execute       add_library xilinx/kintex7/kintex7_fpv6 
Execute         get_default_platform 
Execute         open_platform DefaultPlatform 
Execute         import_lib D:/Program_Files/Xilinx/Vivado/2019.1/common/technology/xilinx/kintex7/kintex7_fpv6 
Execute           source D:/Program_Files/Xilinx/Vivado/2019.1/common/technology/xilinx/common/xilinx_fp.lib 
Execute           source D:/Program_Files/Xilinx/Vivado/2019.1/common/technology/xilinx/common/xilinx_fp.hlp 
Execute             source D:/Program_Files/Xilinx/Vivado/2019.1/common/technology/xilinx/common/xilinx.hlp 
Execute               source D:/Program_Files/Xilinx/Vivado/2019.1/common/technology/xilinx/common/target_info.tcl 
Execute               source D:/Program_Files/Xilinx/Vivado/2019.1/common/technology/xilinx/interface/xilinx_interface.hlp 
Execute                 source D:/Program_Files/Xilinx/Vivado/2019.1/common/technology/xilinx/interface/maxi.hlp 
Execute                 source D:/Program_Files/Xilinx/Vivado/2019.1/common/technology/xilinx/interface/saxilite.hlp 
Execute               source D:/Program_Files/Xilinx/Vivado/2019.1/common/technology/xilinx/common/dsp48.hlp 
Execute         source D:/Program_Files/Xilinx/Vivado/2019.1/common/technology/xilinx/kintex7/kintex7_fpv6.gen 
Execute           source D:/Program_Files/Xilinx/Vivado/2019.1/common/technology/xilinx/common/xilinx_fp.gen 
INFO: [HLS 200-10] Setting target device to 'xc7k160t-fbg484-1'
Execute       ap_part_info -name xc7k160t-fbg484-1 -data info 
Execute       get_default_platform 
Command     set_part done; 0.604 sec.
Execute     ap_part_info -data single -name xc7k160tfbg484-1 
Execute     ap_part_info -name xc7k160tfbg484-1 -data resources 
Execute     ap_part_info -name xc7k160tfbg484-1 -data info 
Execute     ap_part_info -name xc7k160tfbg484-1 -data info 
Execute     config_chip_info -quiet -resource {SLICE 25350} {LUT 101400} {FF 202800} {DSP48E 600} {BRAM 650} {URAM 0} 
Execute     ap_part_info -name xc7k160tfbg484-1 -data info 
Execute     config_chip_info -quiet -speed slow 
Execute     config_sdx -target=none 
Execute       send_msg_by_id INFO @200-435@%s%s 'config_sdx -target' config_export -vivado_optimization_level=2 
INFO: [HLS 200-435] Setting 'config_sdx -target' configuration: config_export -vivado_optimization_level=2
Execute       config_export -vivado_optimization_level=2 
Execute         get_config_export -vivado_impl_strategy 
Execute         get_config_export -vivado_phys_opt 
Execute       get_config_compile -pipeline_loops 
Execute       get_config_compile -name_max_length 
Execute       get_config_schedule -enable_dsp_full_reg 
Execute       get_config_rtl -register_reset_num 
Execute       get_config_rtl -module_auto_prefix 
Execute       get_config_interface -m_axi_addr64 
Execute       send_msg_by_id INFO @200-435@%s%s 'config_sdx -target' set_clock_uncertainty default 
INFO: [HLS 200-435] Setting 'config_sdx -target' configuration: set_clock_uncertainty default
Execute       set_clock_uncertainty default 
Execute     config_export -vivado_optimization_level=2 
Execute       get_config_export -vivado_impl_strategy 
Execute       get_config_export -vivado_phys_opt 
Execute     config_export -vivado_phys_opt=place 
Execute     config_export -vivado_report_level=0 
Command   open_solution done; 0.824 sec.
Execute   set_part xc7k160tfbg484-1 
Execute     ap_part_info -name xc7k160tfbg484-1 -data single -quiet 
Execute     ap_part_info -name xc7k160tfbg484-1 -data info 
Execute     add_library xilinx/kintex7/kintex7:xc7k160t:-fbg484:-1 
Execute       get_default_platform 
Execute       license_isbetapart xc7k160t 
Command       license_isbetapart done; error code: 1; 
Execute       ap_part_info -data single -name xc7k160t-fbg484-1 
Execute       ap_part_info -name xc7k160t-fbg484-1 -data resources 
Execute       ap_part_info -name xc7k160t-fbg484-1 -data info 
Execute       ap_part_info -name xc7k160t-fbg484-1 -data info 
Execute       config_chip_info -quiet -resource {SLICE 25350} {LUT 101400} {FF 202800} {DSP48E 600} {BRAM 650} {URAM 0} 
Execute       ap_part_info -name xc7k160t-fbg484-1 -data info 
Execute       config_chip_info -quiet -speed slow 
Execute     add_library xilinx/kintex7/kintex7_fpv6 
Execute       get_default_platform 
Execute       open_platform DefaultPlatform 
Execute       import_lib D:/Program_Files/Xilinx/Vivado/2019.1/common/technology/xilinx/kintex7/kintex7_fpv6 
Execute         source D:/Program_Files/Xilinx/Vivado/2019.1/common/technology/xilinx/common/xilinx_fp.lib 
Execute         source D:/Program_Files/Xilinx/Vivado/2019.1/common/technology/xilinx/common/xilinx_fp.hlp 
Execute           source D:/Program_Files/Xilinx/Vivado/2019.1/common/technology/xilinx/common/xilinx.hlp 
Execute             source D:/Program_Files/Xilinx/Vivado/2019.1/common/technology/xilinx/common/target_info.tcl 
Execute             source D:/Program_Files/Xilinx/Vivado/2019.1/common/technology/xilinx/interface/xilinx_interface.hlp 
Execute               source D:/Program_Files/Xilinx/Vivado/2019.1/common/technology/xilinx/interface/maxi.hlp 
Execute               source D:/Program_Files/Xilinx/Vivado/2019.1/common/technology/xilinx/interface/saxilite.hlp 
Execute             source D:/Program_Files/Xilinx/Vivado/2019.1/common/technology/xilinx/common/dsp48.hlp 
Execute       source D:/Program_Files/Xilinx/Vivado/2019.1/common/technology/xilinx/kintex7/kintex7_fpv6.gen 
Execute         source D:/Program_Files/Xilinx/Vivado/2019.1/common/technology/xilinx/common/xilinx_fp.gen 
Execute     ap_part_info -name xc7k160t-fbg484-1 -data info 
Execute     get_default_platform 
Command   set_part done; 0.12 sec.
Execute   create_clock -period 10 -name default 
Execute   config_sdx -target none 
Execute     send_msg_by_id INFO @200-435@%s%s 'config_sdx -target' config_export -vivado_optimization_level=2 
INFO: [HLS 200-435] Setting 'config_sdx -target' configuration: config_export -vivado_optimization_level=2
Execute     config_export -vivado_optimization_level=2 
Execute       get_config_export -vivado_impl_strategy 
Execute       get_config_export -vivado_phys_opt 
Execute     get_config_compile -pipeline_loops 
Execute     get_config_compile -name_max_length 
Execute     get_config_schedule -enable_dsp_full_reg 
Execute     get_config_rtl -register_reset_num 
Execute     get_config_rtl -module_auto_prefix 
Execute     get_config_interface -m_axi_addr64 
Execute     send_msg_by_id INFO @200-435@%s%s 'config_sdx -target' set_clock_uncertainty default 
INFO: [HLS 200-435] Setting 'config_sdx -target' configuration: set_clock_uncertainty default
Execute     set_clock_uncertainty default 
Execute   config_export -vivado_optimization_level 2 -vivado_phys_opt place -vivado_report_level 0 
Execute     get_config_export -vivado_impl_strategy 
Execute   set_clock_uncertainty 12.5% 
Execute   source ./dct_prj/solution3/directives.tcl 
Execute     set_directive_pipeline dct_2d/Xpose_Row_Inner_Loop 
INFO-FLOW: Setting directive 'PIPELINE' 
Execute     set_directive_pipeline dct_2d/Xpose_Col_Inner_Loop 
INFO-FLOW: Setting directive 'PIPELINE' 
INFO-FLOW: Setting directive 'PIPELINE' 
Execute     set_directive_pipeline read_data/RD_Loop_Col 
INFO-FLOW: Setting directive 'PIPELINE' 
INFO-FLOW: Setting directive 'PIPELINE' 
INFO-FLOW: Setting directive 'PIPELINE' 
Execute     set_directive_pipeline write_data/WR_Loop_Col 
INFO-FLOW: Setting directive 'PIPELINE' 
INFO-FLOW: Setting directive 'PIPELINE' 
INFO-FLOW: Setting directive 'PIPELINE' 
INFO-FLOW: Setting directive 'PIPELINE' 
Execute     set_directive_pipeline dct_1d/DCT_Outer_Loop 
INFO-FLOW: Setting directive 'PIPELINE' 
INFO-FLOW: Setting directive 'PIPELINE' 
INFO-FLOW: Setting directive 'PIPELINE' 
INFO-FLOW: Setting directive 'PIPELINE' 
INFO-FLOW: Setting directive 'PIPELINE' 
Execute   csynth_design 
Execute     get_config_compile -dump_cfg 
Execute     get_config_compile -effort 
Execute     get_config_compile -enable_clang39 
Execute     get_config_compile -g 
Execute     get_config_compile -ng 
Execute     get_config_compile -opt_fp 
Execute     get_config_compile -skip_cdt 
Execute     get_config_compile -skip_syncheck 
Execute     get_config_compile -skip_transform 
Execute     get_config_compile -keep_printf 
Execute     elaborate -effort=medium -skip_syncheck=0 -keep_printf=0 -skip_cdt=0 -skip_transform=0 -ng=0 -g=0 -opt_fp=0 -from_csynth_design=1 
Execute       get_config_schedule -relax_ii_for_timing 
INFO: [SCHED 204-61] Option 'relax_ii_for_timing' is enabled, will increase II to preserve clock frequency constraints.
Execute       get_config_schedule -suppress_dependence_error_break 
INFO: [HLS 200-10] Analyzing design file 'dct.c' ... 
INFO-FLOW: Compiling one TU...
Execute       is_m_axi_addr64 
INFO-FLOW: Handling dct.c as C
Execute       ap_part_info -name xc7k160t-fbg484-1 -data info 
Execute       is_encrypted dct.c 
INFO-FLOW: Running: GCC PP
INFO-FLOW: Source preprocessing
Execute       clang  -fno-limit-debug-info -gcc-toolchain "D:/Program_Files/Xilinx/Vivado/2019.1/msys" -hls  -fno-exceptions  -D__llvm__  -E "dct.c"     -fno-math-errno -c -emit-llvm -O0  -mllvm -disable-llvm-optzns -std=gnu89   -DAESL_SYN -D__SYNTHESIS__ -D__HLS_SYN__ -I "D:/Program_Files/Xilinx/Vivado/2019.1/common/technology/autopilot" -I "D:/Program_Files/Xilinx/Vivado/2019.1/common/technology/autopilot/ap_sysc" -include etc/autopilot_ssdm_op.h -D__DSP48E1__ -D__cdecl=  -o "D:/Program_Files/projects/hls/lab7_z1/source/dct_prj/solution3/.autopilot/db/dct.pp.0.c" 
INFO-FLOW: exec D:/Program_Files/Xilinx/Vivado/2019.1/win64/tools/clang/bin/clang -fno-limit-debug-info -gcc-toolchain D:/Program_Files/Xilinx/Vivado/2019.1/msys -hls -fno-exceptions -D__llvm__ -E dct.c -fno-math-errno -c -emit-llvm -O0 -mllvm -disable-llvm-optzns -std=gnu89 -DAESL_SYN -D__SYNTHESIS__ -D__HLS_SYN__ -I D:/Program_Files/Xilinx/Vivado/2019.1/common/technology/autopilot -I D:/Program_Files/Xilinx/Vivado/2019.1/common/technology/autopilot/ap_sysc -include etc/autopilot_ssdm_op.h -D__DSP48E1__ -D__cdecl= -o D:/Program_Files/projects/hls/lab7_z1/source/dct_prj/solution3/.autopilot/db/dct.pp.0.c
Command       clang done; 1.358 sec.
Execute       tidy_31 xilinx-xfmat-array-geometry D:/Program_Files/projects/hls/lab7_z1/source/dct_prj/solution3/.autopilot/db/dct.pp.0.c std=gnu89 
INFO-FLOW: exec D:/Program_Files/Xilinx/Vivado/2019.1/win64/tools/clang-3.9-csynth/bin/tidy-3.1 -header-filter=.* -checks=-*,xilinx-xfmat-array-geometry -quiet -fix D:/Program_Files/projects/hls/lab7_z1/source/dct_prj/solution3/.autopilot/db/dct.pp.0.c -- -std=gnu89 -fhls -ferror-limit=0
INFO-FLOW: Syntax Checking before pre-processing...
Execute       clang -syntaxcheck -src D:/Program_Files/projects/hls/lab7_z1/source/dct_prj/solution3/.autopilot/db/dct.pp.0.c  -fno-limit-debug-info -gcc-toolchain "D:/Program_Files/Xilinx/Vivado/2019.1/msys" -hls    -fno-math-errno -c -emit-llvm -O0  -mllvm -disable-llvm-optzns -std=gnu89   -DAESL_SYN -D__SYNTHESIS__ -D__HLS_SYN__ -I "D:/Program_Files/Xilinx/Vivado/2019.1/common/technology/autopilot" -I "D:/Program_Files/Xilinx/Vivado/2019.1/common/technology/autopilot/ap_sysc" -include etc/autopilot_ssdm_op.h -D__DSP48E1__ -D__cdecl=  "D:/Program_Files/projects/hls/lab7_z1/source/dct_prj/solution3/.autopilot/db/dct.pp.0.c"  -o "D:/Program_Files/projects/hls/lab7_z1/source/dct_prj/solution3/.autopilot/db/useless.bc"  
INFO-FLOW: exec D:/Program_Files/Xilinx/Vivado/2019.1/win64/tools/clang/bin/clang -fno-limit-debug-info -gcc-toolchain D:/Program_Files/Xilinx/Vivado/2019.1/msys -hls -fno-math-errno -c -emit-llvm -O0 -mllvm -disable-llvm-optzns -std=gnu89 -DAESL_SYN -D__SYNTHESIS__ -D__HLS_SYN__ -I D:/Program_Files/Xilinx/Vivado/2019.1/common/technology/autopilot -I D:/Program_Files/Xilinx/Vivado/2019.1/common/technology/autopilot/ap_sysc -include etc/autopilot_ssdm_op.h -D__DSP48E1__ -D__cdecl= D:/Program_Files/projects/hls/lab7_z1/source/dct_prj/solution3/.autopilot/db/dct.pp.0.c -o D:/Program_Files/projects/hls/lab7_z1/source/dct_prj/solution3/.autopilot/db/useless.bc
Command       clang done; 1.398 sec.
INFO-FLOW: Done: GCC PP time: 2.8 seconds per iteration
INFO-FLOW: Setting directive 'PIPELINE' 
INFO-FLOW: Setting directive 'PIPELINE' 
INFO-FLOW: Setting directive 'PIPELINE' 
INFO-FLOW: Setting directive 'PIPELINE' 
INFO-FLOW: Setting directive 'PIPELINE' 
Execute       source D:/Program_Files/Xilinx/Vivado/2019.1/tps/tcl/tcllib1.11.1/yaml/huddle.tcl 
Execute       source D:/Program_Files/Xilinx/Vivado/2019.1/tps/tcl/tcllib1.11.1/yaml/json2huddle.tcl 
Execute         source D:/Program_Files/Xilinx/Vivado/2019.1/tps/tcl/tcllib1.11.1/try/try.tcl 
INFO-FLOW: Setting directive 'PIPELINE' 
INFO-FLOW: Setting directive 'PIPELINE' 
INFO-FLOW: Setting directive 'PIPELINE' 
INFO-FLOW: Setting directive 'PIPELINE' 
INFO-FLOW: Setting directive 'PIPELINE' 
Execute       list_core -type functional_unit 
Execute       tidy_31 xilinx-systemc-detector D:/Program_Files/projects/hls/lab7_z1/source/dct_prj/solution3/.autopilot/db/dct.pp.0.c std=gnu89 -directive=D:/Program_Files/projects/hls/lab7_z1/source/dct_prj/solution3/.autopilot/db/.systemc_flag 
INFO-FLOW: exec D:/Program_Files/Xilinx/Vivado/2019.1/win64/tools/clang-3.9-csynth/bin/tidy-3.1 -header-filter=.* -checks=-*,xilinx-systemc-detector -import-directive=D:/Program_Files/projects/hls/lab7_z1/source/dct_prj/solution3/.autopilot/db/.systemc_flag -quiet -fix-errors D:/Program_Files/projects/hls/lab7_z1/source/dct_prj/solution3/.autopilot/db/dct.pp.0.c -- -std=gnu89 -fhls -ferror-limit=0
INFO-FLOW: Running: tidy-3.1 CDT preprocess
Execute       tidy_31 xilinx-directive2pragma D:/Program_Files/projects/hls/lab7_z1/source/dct_prj/solution3/.autopilot/db/dct.pp.0.c std=gnu89 -directive=D:/Program_Files/projects/hls/lab7_z1/source/dct_prj/solution3/.autopilot/db/all.directive.json 
INFO-FLOW: exec D:/Program_Files/Xilinx/Vivado/2019.1/win64/tools/clang-3.9-csynth/bin/tidy-3.1 -header-filter=.* -checks=-*,xilinx-directive2pragma -import-directive=D:/Program_Files/projects/hls/lab7_z1/source/dct_prj/solution3/.autopilot/db/all.directive.json -quiet -fix-errors D:/Program_Files/projects/hls/lab7_z1/source/dct_prj/solution3/.autopilot/db/dct.pp.0.c -- -std=gnu89 -fhls -ferror-limit=0
Execute       get_config_dataflow -strict_mode 
Execute       ap_eval exec -ignorestderr D:/Program_Files/Xilinx/Vivado/2019.1/win64/tools/clang-3.9-csynth/bin/xilinx-dataflow-lawyer -export-fixes=D:/Program_Files/projects/hls/lab7_z1/source/dct_prj/solution3/.autopilot/db/xilinx-dataflow-lawyer.dct.pp.0.c.diag.yml D:/Program_Files/projects/hls/lab7_z1/source/dct_prj/solution3/.autopilot/db/dct.pp.0.c -- -std=gnu99 -fhls -ferror-limit=0 -fstrict-dataflow > D:/Program_Files/projects/hls/lab7_z1/source/dct_prj/solution3/.autopilot/db/xilinx-dataflow-lawyer.dct.pp.0.c.out.log 2> D:/Program_Files/projects/hls/lab7_z1/source/dct_prj/solution3/.autopilot/db/xilinx-dataflow-lawyer.dct.pp.0.c.err.log 
Execute       tidy_31 -errorcheck xilinx-constantarray-param,xilinx-resource-pragma-transformer,xilinx-xfmat-array-geometry D:/Program_Files/projects/hls/lab7_z1/source/dct_prj/solution3/.autopilot/db/dct.pp.0.c std=gnu89 
Execute         ap_eval exec -ignorestderr D:/Program_Files/Xilinx/Vivado/2019.1/win64/tools/clang-3.9-csynth/bin/tidy-3.1 -export-fixes=D:/Program_Files/projects/hls/lab7_z1/source/dct_prj/solution3/.autopilot/db/tidy-3.1.dct.pp.0.c.diag.yml -header-filter=.* -checks=-*,xilinx-constantarray-param,xilinx-resource-pragma-transformer,xilinx-xfmat-array-geometry -quiet -fix-errors D:/Program_Files/projects/hls/lab7_z1/source/dct_prj/solution3/.autopilot/db/dct.pp.0.c -- -std=gnu89 -fhls -ferror-limit=0 > D:/Program_Files/projects/hls/lab7_z1/source/dct_prj/solution3/.autopilot/db/tidy-3.1.dct.pp.0.c.out.log 2> D:/Program_Files/projects/hls/lab7_z1/source/dct_prj/solution3/.autopilot/db/tidy-3.1.dct.pp.0.c.err.log 
Execute         source D:/Program_Files/Xilinx/Vivado/2019.1/tps/tcl/tcllib1.11.1/yaml/yaml.tcl 
Execute           source D:/Program_Files/Xilinx/Vivado/2019.1/tps/tcl/tcllib1.11.1/cmdline/cmdline.tcl 
Execute         ap_eval exec -ignorestderr D:/Program_Files/Xilinx/Vivado/2019.1/win64/tools/clang-3.9-csynth/bin/xilinx-legacy-rewriter D:/Program_Files/projects/hls/lab7_z1/source/dct_prj/solution3/.autopilot/db/dct.pp.0.c -- -std=gnu89 -fhls -ferror-limit=0 > D:/Program_Files/projects/hls/lab7_z1/source/dct_prj/solution3/.autopilot/db/xilinx-legacy-rewriter.dct.pp.0.c.out.log 2> D:/Program_Files/projects/hls/lab7_z1/source/dct_prj/solution3/.autopilot/db/xilinx-legacy-rewriter.dct.pp.0.c.err.log 
Command       tidy_31 done; 0.189 sec.
INFO-FLOW: Done: tidy-3.1 CDT preprocess time: 0.3 seconds per iteration
INFO-FLOW: Pragma Handling...
Execute       tidy_31 xilinx-ssdm-intrinsics-arguments D:/Program_Files/projects/hls/lab7_z1/source/dct_prj/solution3/.autopilot/db/dct.pragma.1.c std=gnu89 
INFO-FLOW: exec D:/Program_Files/Xilinx/Vivado/2019.1/win64/tools/clang-3.9-csynth/bin/tidy-3.1 -header-filter=.* -checks=-*,xilinx-ssdm-intrinsics-arguments -quiet -fix-errors D:/Program_Files/projects/hls/lab7_z1/source/dct_prj/solution3/.autopilot/db/dct.pragma.1.c -- -std=gnu89 -fhls -ferror-limit=0
Execute       ap_part_info -name xc7k160t-fbg484-1 -data info 
INFO-FLOW: Processing labels
Execute       clang -src D:/Program_Files/projects/hls/lab7_z1/source/dct_prj/solution3/.autopilot/db/dct.pragma.2.c  -fno-limit-debug-info -gcc-toolchain D:/Program_Files/Xilinx/Vivado/2019.1/msys -hls -hls-analyze-label -hls-analyze-pragma -fno-exceptions  -D__llvm__  -w  "D:/Program_Files/projects/hls/lab7_z1/source/dct_prj/solution3/.autopilot/db/dct.pragma.2.c"    -fno-math-errno -c -emit-llvm -O0  -mllvm -disable-llvm-optzns -std=gnu89  -DAESL_SYN -D__SYNTHESIS__ -D__HLS_SYN__ -I "D:/Program_Files/Xilinx/Vivado/2019.1/common/technology/autopilot" -I "D:/Program_Files/Xilinx/Vivado/2019.1/common/technology/autopilot/ap_sysc" -include etc/autopilot_ssdm_op.h -D__DSP48E1__ -g -o "D:/Program_Files/projects/hls/lab7_z1/source/dct_prj/solution3/.autopilot/db/dct.bc" 
INFO-FLOW: exec D:/Program_Files/Xilinx/Vivado/2019.1/win64/tools/clang/bin/clang -fno-limit-debug-info -gcc-toolchain D:/Program_Files/Xilinx/Vivado/2019.1/msys -hls -hls-analyze-label -hls-analyze-pragma -fno-exceptions -D__llvm__ -w D:/Program_Files/projects/hls/lab7_z1/source/dct_prj/solution3/.autopilot/db/dct.pragma.2.c -fno-math-errno -c -emit-llvm -O0 -mllvm -disable-llvm-optzns -std=gnu89 -DAESL_SYN -D__SYNTHESIS__ -D__HLS_SYN__ -I D:/Program_Files/Xilinx/Vivado/2019.1/common/technology/autopilot -I D:/Program_Files/Xilinx/Vivado/2019.1/common/technology/autopilot/ap_sysc -include etc/autopilot_ssdm_op.h -D__DSP48E1__ -g -o D:/Program_Files/projects/hls/lab7_z1/source/dct_prj/solution3/.autopilot/db/dct.bc
Command       clang done; 1.359 sec.
INFO-FLOW: Linking Debug ...
Execute       llvm-ld D:/Program_Files/projects/hls/lab7_z1/source/dct_prj/solution3/.autopilot/db/dct.g.bc -hls-opt -except-internalize dct -LD:/Program_Files/Xilinx/Vivado/2019.1/win64/lib -lhlsm -lhlsmc++ -o D:/Program_Files/projects/hls/lab7_z1/source/dct_prj/solution3/.autopilot/db/a.g 
Command       llvm-ld done; 1.242 sec.
INFO: [HLS 200-111] Finished Linking Time (s): cpu = 00:00:01 ; elapsed = 00:00:07 . Memory (MB): peak = 175.055 ; gain = 81.445
INFO: [HLS 200-111] Finished Checking Pragmas Time (s): cpu = 00:00:01 ; elapsed = 00:00:07 . Memory (MB): peak = 175.055 ; gain = 81.445
Execute       get_config_sdx -target 
Execute       opt_and_import_c a -opt_level=2 -skip_syncheck=0 -ng=0 -keep_printf=0 
Execute         cleanup_all_models 
INFO: [HLS 200-10] Starting code transformations ...
Execute         transform -promote-dbg-pointer D:/Program_Files/projects/hls/lab7_z1/source/dct_prj/solution3/.autopilot/db/a.pp.bc -o D:/Program_Files/projects/hls/lab7_z1/source/dct_prj/solution3/.autopilot/db/a.pp.0.bc -f 
Execute         llvm-ld D:/Program_Files/projects/hls/lab7_z1/source/dct_prj/solution3/.autopilot/db/a.pp.0.bc -disable-opt -LD:/Program_Files/Xilinx/Vivado/2019.1/win64/lib -lfloatconversion -o D:/Program_Files/projects/hls/lab7_z1/source/dct_prj/solution3/.autopilot/db/a.g.0 
Command         llvm-ld done; 0.701 sec.
INFO-FLOW: Running Standard Transforms...
Execute         transform -hls -share-std-xform -demangle-name -inline-byval-memcpy -always-inline -promote-dbg-pointer -interface-preproc -mem2reg -scalarrepl -mem2reg -keep-read-access -instcombine -dce -promote-dbg-pointer -bitop-raise -loop-simplify -indvarspre -indvars -loop-simplify -xunroll -constprop -instcombine -simplifycfg -indvars -simplifycfg -dce -globaldce -basicaa -simplifycfg -mem2reg -globalopt -global-constprop -deadargelim -instcombine -simplifycfg -prune-eh -simplifycfg -scalarrepl -instcombine -reassociate -licm -simplifycfg -loop-simplify -indvars -instcombine -simplifycfg -mem2reg -loop-simplify -indvars -instcombine -gvn -gvn -instcombine -adce -break-crit-edges -simplifycfg -loop-delete -global-array-opt -dce -dse -adce -find-syn-modules -top dct -deadargelim -mem2reg -instcombine -dce -presyn-prepare -auto-rom-infer -interface-preproc -syn-check -check-rec-only -find-region -simplifycfg -func-extr -function-inline -globaldce -mem2reg -instcombine -dce -gvn -globaldce -adce -adse -constprop -instcombine -bit-constprop -instcombine -dce -simplifycfg -bitop-raise -simplifycfg -dce -loop-delete -reassociate -globalopt -global-privatize -mem2reg -dce -global-constprop -pointer-simplify -constprop -dce -func-inst -deadargelim -auto-shift-reg-idiom -promote-dbg-pointer -norm-name D:/Program_Files/projects/hls/lab7_z1/source/dct_prj/solution3/.autopilot/db/a.g.0.bc -o D:/Program_Files/projects/hls/lab7_z1/source/dct_prj/solution3/.autopilot/db/a.g.1.bc -f -phase std-opt 
Command         transform done; 0.156 sec.
INFO: [HLS 200-111] Finished Standard Transforms Time (s): cpu = 00:00:01 ; elapsed = 00:00:08 . Memory (MB): peak = 175.055 ; gain = 81.445
INFO: [HLS 200-10] Checking synthesizability ...
INFO-FLOW: Checking Synthesizability 1/2..
Execute         transform -hls -syn-check -check-rec-only -disaggr -scalarrepl -norm-name -dce -mem2reg -instcombine -function-uniquify -directive-preproc -mem2reg -dse -dce -auto-rom-infer -dce -pag -array-normalize -instcombine -dce -warn-fifo-pointer -array-seg-normalize -instcombine -dce -array-flatten -instcombine -dce -array-burst -dce -deadargelim -promote-global-argument -simplifycfg -mem2reg -globaldce -dce -deadargelim -dce -instcombine -function-inline -globaldce -dce -doublePtrSimplify -doublePtrElim -dce -doublePtrSimplify -promote-dbg-pointer -dce -scalarrepl -dse -adse -instcombine -ptrLegalization -simplifycfg -dce -instcombine -pointer-simplify -ptrArgReplace -dce -instcombine -resolve-double-ptr -disaggr -scalarrepl -norm-name -dce -mem2reg -instcombine -ptrLegalization -simplifycfg -deadargelim -instcombine -dce -inst-simplify -function-uniquify -directive-preproc -mem2reg -dse -dce -globaldce -check-dspbuiltin D:/Program_Files/projects/hls/lab7_z1/source/dct_prj/solution3/.autopilot/db/a.g.1.bc -o D:/Program_Files/projects/hls/lab7_z1/source/dct_prj/solution3/.autopilot/db/a.g.2.prechk.bc -f 
INFO: [XFORM 203-602] Inlining function 'read_data' into 'dct' (dct.c:85) automatically.
INFO: [XFORM 203-602] Inlining function 'write_data' into 'dct' (dct.c:90) automatically.
Command         transform done; 0.235 sec.
INFO-FLOW: Checking Synthesizability 2/2..
Execute         transform -syn-check D:/Program_Files/projects/hls/lab7_z1/source/dct_prj/solution3/.autopilot/db/a.g.2.prechk.bc -o D:/Program_Files/projects/hls/lab7_z1/source/dct_prj/solution3/.autopilot/db/a.g.2.bc -f -phase syn-check 
INFO: [HLS 200-111] Finished Checking Synthesizability Time (s): cpu = 00:00:01 ; elapsed = 00:00:08 . Memory (MB): peak = 175.055 ; gain = 81.445
INFO-FLOW: Compiler optimizing ...
INFO-FLOW: Share syncheck's 1.bc for syn flow: copy D:/Program_Files/projects/hls/lab7_z1/source/dct_prj/solution3/.autopilot/db/a.g.1.bc to D:/Program_Files/projects/hls/lab7_z1/source/dct_prj/solution3/.autopilot/db/a.o.1.bc
INFO-FLOW: Presyn 1...
Execute         transform -hls -tmp D:/Program_Files/projects/hls/lab7_z1/source/dct_prj/solution3/.autopilot/db -interface-port-rename -type-info -function-uniquify -directive-preproc -mem2reg -dse -dce -disaggr -scalarrepl -norm-name -deadargelim -mem2reg -instcombine -dce -simplifycfg -auto-rom-infer -dce -function-uniquify -resource-proc -clib-intrinsic-prepare -dce -func-buffer -dce -pag -array-normalize -func-legal -instcombine -gvn -constprop -dce -simplifycfg -mem2reg -globaldce -resolve-double-ptr -dce -deadargelim -dce -instcombine -ptrArgReplace -mem2reg -dce -array-seg-normalize -deadargelim -instcombine -dce -pointer-simplify -dce -port-alignment -dce -interface-preproc -data-pack -instcombine -dce -basicaa -aggr-aa -aggrmodref-aa -aggr-aa -gvn -gvn -basicaa -aggr-aa -aggrmodref-aa -aggr-aa -dse -adse -adce -loop-simplify -indvars -instcombine -gvn -loop-simplify -mem2reg -dce -find-region -instcombine -auto-loop-pipeline -inst-simplify -interface-preproc -cfgopt -instcombine -indvars -auto-loop-unroll -loop-simplify -loop-bound -xunroll -constprop -instcombine -simplifycfg -indvars -simplifycfg -dce -globaldce -clean-region -attach-range -gvn -inst-simplify -constprop -simplifycfg -dce -pointer-simplify -dce -globalopt -constprop -dce -array-promote -constprop -dce -ptrArgReplace -mem2reg -simplifycfg -dce -auto-par -instcombine -dce -array-transform-check -array-reshape -instcombine -simplifycfg -dce -ptrArgReplace -deadargelim -mem2reg -instcombine -simplifycfg -dce -indvars -loop-simplify -loop-bound -xunroll -constprop -instcombine -simplifycfg -indvars -simplifycfg -dce -globaldce -basicaa -aggr-aa -aggrmodref-aa -aggr-aa -dse -duplicate-dataflow-processes -globaldce -instcombine -array-partition -instcombine -simplifycfg -dce -ptrArgReplace -global-constprop -deadargelim -mem2reg -func-legal -dce -global-constprop -deadargelim -mem2reg -simplifycfg -dce -merge-param -deadargelim -globalopt -constprop -dce -array-promote -constprop -dce -ptrArgReplace -mem2reg -simplifycfg -dce -mem-intrinsic-preproc -dce -global-internalize -global-privatize -mem2reg -globaldce -promote-global-argument -ptrArgReplace -mem2reg -dce -globalopt -mergereturn -simplify-global-access -mem2reg -dce -pointer-simplify -dce -functionattrs -basicaa -aggr-aa -aggrmodref-aa -aggr-aa -gvn -gvn -basicaa -aggr-aa -aggrmodref-aa -aggr-aa -dse -adse -adce -dce -norm-name -function-inline -complex-op-raise -inst-simplify -globaldce -func-inst -constprop -instcombine -simplifycfg -dce -func-legal -dce -loop-bound -arraycheck -bitwidthmin -on-by-dataflow -loop-delete -instcombine -simplifycfg -globaldce -dce -gvn -deadargelim -dce -loop-simplify -clean-region -simplifycfg -propagate-stable-arguments -loop-stream -instcombine -simplifycfg -dce -globaldce -duplicate-dataflow-processes -stream-intrinsic-preproc -dce -check-ap-stream -loop-simplify -eliminate-keepreads -extract-dataflow-in-loop -loop-simplify -dce -gvn -deadargelim -dse -check-dataflow-syntax -legalize-stream-variable -legalize-global -extract-subproc -dce -dead-channel-elimination -canonicalize-gep -globaldce -dce -gvn -deadargelim -annotate-dataflow-channels -scalar-propagation -deadargelim -globaldce -mem2reg -check-dataflow-channels -function-stream -dce -globaldce -prop-fifo-spec -internal-stream-gen -canonicalize-gep -globaldce -dce -gvn -deadargelim -mergereturn -indvars -loop-simplify -instcombine -array-stream -array-seg-normalize -array-partition -func-legal -instcombine -simplifycfg -dce -bundle-memfifo-ops -deadargelim -function-uniquify -directive-preproc -mem2reg -dse -dce -group-axi-access -licm -simplifycfg -dce -loop-delete -norm-name D:/Program_Files/projects/hls/lab7_z1/source/dct_prj/solution3/.autopilot/db/a.o.1.bc -o D:/Program_Files/projects/hls/lab7_z1/source/dct_prj/solution3/.autopilot/db/a.o.1.tmp.bc -f 
INFO: [XFORM 203-502] Unrolling all sub-loops inside loop 'DCT_Outer_Loop' (dct.c:11) in function 'dct_1d' for pipelining.
INFO: [HLS 200-489] Unrolling loop 'DCT_Inner_Loop' (dct.c:15) in function 'dct_1d' completely with a factor of 8.
INFO: [XFORM 203-102] Partitioning array 'dct_coeff_table' in dimension 2 automatically.
INFO: [XFORM 203-602] Inlining function 'read_data' into 'dct' (dct.c:85) automatically.
INFO: [XFORM 203-602] Inlining function 'write_data' into 'dct' (dct.c:90) automatically.
Command         transform done; 0.443 sec.
INFO-FLOW: Presyn 2...
Execute         transform -hls -keep-callgraph -scalarrepl -mem2reg -port-alignment -attach-range -dce -pipe-mux-gen -indvars -loop-bound -inst-simplify -instcombine -dce -merge-array-access -mem2reg -dce -clean-region -mergereturn -if-conv -instcombine -dce -constprop -basicaa -aggr-aa -aggrmodref-aa -aggr-aa -gvn -gvn -basicaa -aggr-aa -aggrmodref-aa -aggr-aa -dse -adse -adce -scalarrepl -mem2reg -global-constprop -deadargelim -deadargelim -instcombine -dce -simplifycfg -ptrArgReplace -mem2reg -function-inline -globaldce -mem2reg -instcombine -dce -expr-balance -instcombine -dce -bitwidthmin -interface-preproc -directive-preproc -inst-rectify -instcombine -dce -functionattrs -constprop -instcombine -bit-constprop -simplify-global-access -globalopt -globaldce -inst-simplify -instcombine -elimdeaddata -dce -loop-delete -simplifycfg -loop-simplify -auto-burst -norm-name D:/Program_Files/projects/hls/lab7_z1/source/dct_prj/solution3/.autopilot/db/a.o.1.tmp.bc -o D:/Program_Files/projects/hls/lab7_z1/source/dct_prj/solution3/.autopilot/db/a.o.2.bc -f -phase presyn 
INFO: [XFORM 203-11] Balancing expressions in function 'dct_1d' (dct.c:4)...8 expression(s) balanced.
Command         transform done; 0.135 sec.
INFO: [HLS 200-111] Finished Pre-synthesis Time (s): cpu = 00:00:02 ; elapsed = 00:00:09 . Memory (MB): peak = 175.055 ; gain = 81.445
INFO-FLOW: Building ssdm...
Execute         transform -hls -function-uniquify -auto-function-inline -globaldce -ptrArgReplace -mem2reg -dce -reset-lda -loop-simplify -indvars -licm -loop-dep -loop-bound -licm -loop-simplify -flattenloopnest -array-flatten -gvn -instcombine -dce -array-map -dce -func-legal -gvn -adce -instcombine -cfgopt -simplifycfg -loop-simplify -array-burst -promote-global-argument -dce -ptrLegalization -axi4-lower -array-seg-normalize -basicaa -aggrmodref-aa -globalsmodref-aa -aggr-aa -gvn -gvn -basicaa -aggrmodref-aa -globalsmodref-aa -aggr-aa -dse -adse -adce -licm -inst-simplify -dce -globaldce -instcombine -array-stream -eliminate-keepreads -instcombine -dce -deadargelim -doublePtrSimplify -doublePtrElim -dce -doublePtrSimplify -promote-dbg-pointer -dce -scalarrepl -mem2reg -disaggr -norm-name -mem2reg -instcombine -dse -adse -adce -ptrLegalization -dce -auto-rom-infer -array-flatten -dce -instcombine -check-doubleptr -loop-rot -constprop -cfgopt -simplifycfg -loop-simplify -indvars -pointer-simplify -dce -loop-bound -loop-simplify -loop-preproc -constprop -global-constprop -gvn -mem2reg -instcombine -dce -loop-bound -loop-merge -dce -bitwidthmin -deadargelim -dce -canonicalize-dataflow -dce -scalar-propagation -deadargelim -globaldce -mem2reg -read-loop-dep -interface-preproc -directive-preproc -interface-gen -bram-byte-enable -deadargelim -inst-simplify -dce -gvn -mem2reg -instcombine -dce -adse -loop-bound -instcombine -cfgopt -simplifycfg -loop-simplify -clean-region -io-protocol -find-region -mem2reg -bitop-raise -complex-op-raise -inst-simplify -inst-rectify -instcombine -adce -deadargelim -loop-simplify -phi-opt -bitop-raise -cfgopt -simplifycfg -strip-dead-prototypes -interface-lower -bitop-lower -intrinsic-lower -auto-function-inline -basicaa -aggrmodref-aa -globalsmodref-aa -aggr-aa -inst-simplify -simplifycfg -loop-simplify -mergereturn -inst-simplify -inst-rectify -dce -load-elim -bitop-lower -loop-rewind -pointer-simplify -dce -cfgopt -dce -loop-bound -loop-dep -read-loop-dep -dce -check-stream -norm-name -legalize -validate-dataflow -inst-clarity -bitwidth -dump-loop-dep-to-ir -check-all-ssdm -cdfg-build D:/Program_Files/projects/hls/lab7_z1/source/dct_prj/solution3/.autopilot/db/a.o.2.bc -o D:/Program_Files/projects/hls/lab7_z1/source/dct_prj/solution3/.autopilot/db/a.o.3.bc -f -phase build-ssdm 
INFO: [XFORM 203-541] Flattening a loop nest 'Xpose_Row_Outer_Loop' (dct.c:38:1) in function 'dct_2d'.
INFO: [XFORM 203-541] Flattening a loop nest 'Xpose_Col_Outer_Loop' (dct.c:49:1) in function 'dct_2d'.
INFO: [XFORM 203-541] Flattening a loop nest 'RD_Loop_Row' (dct.c:59:29) in function 'dct'.
INFO: [XFORM 203-541] Flattening a loop nest 'WR_Loop_Row' (dct.c:71:29) in function 'dct'.
Command         transform done; 0.427 sec.
INFO: [HLS 200-111] Finished Architecture Synthesis Time (s): cpu = 00:00:02 ; elapsed = 00:00:09 . Memory (MB): peak = 175.055 ; gain = 81.445
INFO-FLOW: Finish building internal data model.
Command       opt_and_import_c done; 2.13 sec.
Command     elaborate done; 8.091 sec.
Execute     autosyn -from_csynth_design=1 
INFO: [HLS 200-10] Starting hardware synthesis ...
INFO-FLOW: Synthesizing C/C++ design ...
INFO: [HLS 200-10] Synthesizing 'dct' ...
Execute       ap_set_top_model dct 
Execute       get_model_list dct -filter all-wo-channel -topdown 
Execute       preproc_iomode -model dct 
Execute       preproc_iomode -model dct_2d 
Execute       preproc_iomode -model dct_1d2 
Execute       get_model_list dct -filter all-wo-channel 
INFO-FLOW: Model list for configure: dct_1d2 dct_2d dct
INFO-FLOW: Configuring Module : dct_1d2 ...
Execute       set_default_model dct_1d2 
Execute       apply_spec_resource_limit dct_1d2 
INFO-FLOW: Configuring Module : dct_2d ...
Execute       set_default_model dct_2d 
Execute       apply_spec_resource_limit dct_2d 
INFO-FLOW: Configuring Module : dct ...
Execute       set_default_model dct 
Execute       apply_spec_resource_limit dct 
INFO-FLOW: Model list for preprocess: dct_1d2 dct_2d dct
INFO-FLOW: Preprocessing Module: dct_1d2 ...
Execute       set_default_model dct_1d2 
Execute       cdfg_preprocess -model dct_1d2 
Execute       rtl_gen_preprocess dct_1d2 
INFO-FLOW: Preprocessing Module: dct_2d ...
Execute       set_default_model dct_2d 
Execute       cdfg_preprocess -model dct_2d 
Execute       rtl_gen_preprocess dct_2d 
INFO-FLOW: Preprocessing Module: dct ...
Execute       set_default_model dct 
Execute       cdfg_preprocess -model dct 
Execute       rtl_gen_preprocess dct 
WARNING: [SYN 201-107] Renaming port name 'dct/input' to 'dct/input_r' to avoid the conflict with HDL keywords or other object names.
WARNING: [SYN 201-107] Renaming port name 'dct/output' to 'dct/output_r' to avoid the conflict with HDL keywords or other object names.
INFO-FLOW: Model list for synthesis: dct_1d2 dct_2d dct
INFO: [HLS 200-10] ----------------------------------------------------------------
INFO: [HLS 200-42] -- Implementing module 'dct_1d2' 
INFO: [HLS 200-10] ----------------------------------------------------------------
Execute       set_default_model dct_1d2 
Execute       schedule -model dct_1d2 
INFO: [SCHED 204-11] Starting scheduling ...
INFO: [SCHED 204-61] Pipelining loop 'DCT_Outer_Loop'.
WARNING: [SCHED 204-69] Unable to schedule 'load' operation ('src_load_5', dct.c:17) on array 'src' due to limited memory ports. Please consider using a memory core with more ports or partitioning the array 'src'.
INFO: [SCHED 204-61] Pipelining result : Target II = 1, Final II = 4, Depth = 6.
INFO: [SCHED 204-11] Finished scheduling.
INFO: [HLS 200-111]  Elapsed time: 9.601 seconds; current allocated memory: 113.738 MB.
Execute       syn_report -verbosereport -o D:/Program_Files/projects/hls/lab7_z1/source/dct_prj/solution3/.autopilot/db/dct_1d2.verbose.sched.rpt 
Execute       db_write -o D:/Program_Files/projects/hls/lab7_z1/source/dct_prj/solution3/.autopilot/db/dct_1d2.sched.adb -f 
INFO-FLOW: Finish scheduling dct_1d2.
Execute       set_default_model dct_1d2 
Execute       bind -model dct_1d2 
BIND OPTION: model=dct_1d2
INFO: [BIND 205-100] Starting micro-architecture generation ...
INFO: [BIND 205-101] Performing variable lifetime analysis.
INFO: [BIND 205-101] Exploring resource sharing.
INFO: [BIND 205-101] Binding ...
INFO: [BIND 205-100] Finished micro-architecture generation.
INFO: [HLS 200-111]  Elapsed time: 0.1 seconds; current allocated memory: 114.087 MB.
Execute       syn_report -verbosereport -o D:/Program_Files/projects/hls/lab7_z1/source/dct_prj/solution3/.autopilot/db/dct_1d2.verbose.bind.rpt 
Execute       db_write -o D:/Program_Files/projects/hls/lab7_z1/source/dct_prj/solution3/.autopilot/db/dct_1d2.bind.adb -f 
INFO-FLOW: Finish binding dct_1d2.
INFO: [HLS 200-10] ----------------------------------------------------------------
INFO: [HLS 200-42] -- Implementing module 'dct_2d' 
INFO: [HLS 200-10] ----------------------------------------------------------------
Execute       set_default_model dct_2d 
Execute       schedule -model dct_2d 
INFO: [SCHED 204-11] Starting scheduling ...
INFO: [SCHED 204-61] Pipelining loop 'Xpose_Row_Outer_Loop_Xpose_Row_Inner_Loop'.
INFO: [SCHED 204-61] Pipelining result : Target II = 1, Final II = 1, Depth = 2.
INFO: [SCHED 204-61] Pipelining loop 'Xpose_Col_Outer_Loop_Xpose_Col_Inner_Loop'.
INFO: [SCHED 204-61] Pipelining result : Target II = 1, Final II = 1, Depth = 2.
INFO: [SCHED 204-11] Finished scheduling.
INFO: [HLS 200-111]  Elapsed time: 0.164 seconds; current allocated memory: 114.329 MB.
Execute       syn_report -verbosereport -o D:/Program_Files/projects/hls/lab7_z1/source/dct_prj/solution3/.autopilot/db/dct_2d.verbose.sched.rpt 
INFO: [HLS 200-434] Only 2 loops out of a total 4 loops have been pipelined in this design.
Execute       db_write -o D:/Program_Files/projects/hls/lab7_z1/source/dct_prj/solution3/.autopilot/db/dct_2d.sched.adb -f 
INFO-FLOW: Finish scheduling dct_2d.
Execute       set_default_model dct_2d 
Execute       bind -model dct_2d 
BIND OPTION: model=dct_2d
INFO: [BIND 205-100] Starting micro-architecture generation ...
INFO: [BIND 205-101] Performing variable lifetime analysis.
INFO: [BIND 205-101] Exploring resource sharing.
INFO: [BIND 205-101] Binding ...
INFO: [BIND 205-100] Finished micro-architecture generation.
INFO: [HLS 200-111]  Elapsed time: 0.119 seconds; current allocated memory: 114.662 MB.
Execute       syn_report -verbosereport -o D:/Program_Files/projects/hls/lab7_z1/source/dct_prj/solution3/.autopilot/db/dct_2d.verbose.bind.rpt 
Execute       db_write -o D:/Program_Files/projects/hls/lab7_z1/source/dct_prj/solution3/.autopilot/db/dct_2d.bind.adb -f 
INFO-FLOW: Finish binding dct_2d.
INFO: [HLS 200-10] ----------------------------------------------------------------
INFO: [HLS 200-42] -- Implementing module 'dct' 
INFO: [HLS 200-10] ----------------------------------------------------------------
Execute       set_default_model dct 
Execute       schedule -model dct 
INFO: [SCHED 204-11] Starting scheduling ...
INFO: [SCHED 204-61] Pipelining loop 'RD_Loop_Row_RD_Loop_Col'.
INFO: [SCHED 204-61] Pipelining result : Target II = 1, Final II = 1, Depth = 2.
INFO: [SCHED 204-61] Pipelining loop 'WR_Loop_Row_WR_Loop_Col'.
INFO: [SCHED 204-61] Pipelining result : Target II = 1, Final II = 1, Depth = 2.
INFO: [SCHED 204-11] Finished scheduling.
INFO: [HLS 200-111]  Elapsed time: 0.17 seconds; current allocated memory: 114.876 MB.
Execute       syn_report -verbosereport -o D:/Program_Files/projects/hls/lab7_z1/source/dct_prj/solution3/.autopilot/db/dct.verbose.sched.rpt 
Execute       db_write -o D:/Program_Files/projects/hls/lab7_z1/source/dct_prj/solution3/.autopilot/db/dct.sched.adb -f 
INFO-FLOW: Finish scheduling dct.
Execute       set_default_model dct 
Execute       bind -model dct 
BIND OPTION: model=dct
INFO: [BIND 205-100] Starting micro-architecture generation ...
INFO: [BIND 205-101] Performing variable lifetime analysis.
INFO: [BIND 205-101] Exploring resource sharing.
INFO: [BIND 205-101] Binding ...
INFO: [BIND 205-100] Finished micro-architecture generation.
INFO: [HLS 200-111]  Elapsed time: 0.163 seconds; current allocated memory: 115.120 MB.
Execute       syn_report -verbosereport -o D:/Program_Files/projects/hls/lab7_z1/source/dct_prj/solution3/.autopilot/db/dct.verbose.bind.rpt 
Execute       db_write -o D:/Program_Files/projects/hls/lab7_z1/source/dct_prj/solution3/.autopilot/db/dct.bind.adb -f 
INFO-FLOW: Finish binding dct.
Execute       get_model_list dct -filter all-wo-channel 
INFO-FLOW: Preprocessing for RTLGen ...
Execute       rtl_gen_preprocess dct_1d2 
Execute       rtl_gen_preprocess dct_2d 
Execute       rtl_gen_preprocess dct 
INFO-FLOW: Model list for RTL generation: dct_1d2 dct_2d dct
INFO: [HLS 200-10] ----------------------------------------------------------------
INFO: [HLS 200-10] -- Generating RTL for module 'dct_1d2' 
INFO: [HLS 200-10] ----------------------------------------------------------------
Execute       get_config_rtl -module_prefix 
Execute       get_config_rtl -module_auto_prefix 
Execute       create_rtl_model dct_1d2 -vendor xilinx -mg_file D:/Program_Files/projects/hls/lab7_z1/source/dct_prj/solution3/.autopilot/db/dct_1d2.compgen.tcl 
INFO: [SYN 201-210] Renamed object name 'dct_1d2_dct_coeff_table_0' to 'dct_1d2_dct_coeffbkb' due to the length limit 20
INFO: [SYN 201-210] Renamed object name 'dct_1d2_dct_coeff_table_1' to 'dct_1d2_dct_coeffcud' due to the length limit 20
INFO: [SYN 201-210] Renamed object name 'dct_1d2_dct_coeff_table_2' to 'dct_1d2_dct_coeffdEe' due to the length limit 20
INFO: [SYN 201-210] Renamed object name 'dct_1d2_dct_coeff_table_3' to 'dct_1d2_dct_coeffeOg' due to the length limit 20
INFO: [SYN 201-210] Renamed object name 'dct_1d2_dct_coeff_table_4' to 'dct_1d2_dct_coefffYi' due to the length limit 20
INFO: [SYN 201-210] Renamed object name 'dct_1d2_dct_coeff_table_5' to 'dct_1d2_dct_coeffg8j' due to the length limit 20
INFO: [SYN 201-210] Renamed object name 'dct_1d2_dct_coeff_table_6' to 'dct_1d2_dct_coeffhbi' due to the length limit 20
INFO: [SYN 201-210] Renamed object name 'dct_1d2_dct_coeff_table_7' to 'dct_1d2_dct_coeffibs' due to the length limit 20
INFO: [SYN 201-210] Renamed object name 'dct_mul_mul_16s_15s_29_1_1' to 'dct_mul_mul_16s_1jbC' due to the length limit 20
INFO: [SYN 201-210] Renamed object name 'dct_mac_muladd_16s_15s_14ns_29_1_1' to 'dct_mac_muladd_16kbM' due to the length limit 20
INFO: [SYN 201-210] Renamed object name 'dct_mac_muladd_16s_14ns_29s_29_1_1' to 'dct_mac_muladd_16lbW' due to the length limit 20
INFO: [SYN 201-210] Renamed object name 'dct_mac_muladd_16s_15s_29s_29_1_1' to 'dct_mac_muladd_16mb6' due to the length limit 20
INFO: [RTGEN 206-100] Generating core module 'dct_mac_muladd_16kbM': 1 instance(s).
INFO: [RTGEN 206-100] Generating core module 'dct_mac_muladd_16lbW': 1 instance(s).
INFO: [RTGEN 206-100] Generating core module 'dct_mac_muladd_16mb6': 3 instance(s).
INFO: [RTGEN 206-100] Generating core module 'dct_mul_mul_16s_1jbC': 3 instance(s).
INFO: [RTGEN 206-100] Finished creating RTL model for 'dct_1d2'.
INFO: [HLS 200-111]  Elapsed time: 0.284 seconds; current allocated memory: 116.011 MB.
Execute       source D:/Program_Files/projects/hls/lab7_z1/source/dct_prj/solution3/.autopilot/db/dct.rtl_wrap.cfg.tcl 
Execute       gen_rtl dct_1d2 -style xilinx -tracefl mytrace -tracefmt vcd -traceopt all -f -lang sc -o D:/Program_Files/projects/hls/lab7_z1/source/dct_prj/solution3/syn/systemc/dct_1d2 -synmodules dct_1d2 dct_2d dct 
Execute       gen_rtl dct_1d2 -style xilinx -f -lang vhdl -o D:/Program_Files/projects/hls/lab7_z1/source/dct_prj/solution3/syn/vhdl/dct_1d2 
Execute       gen_rtl dct_1d2 -style xilinx -f -lang vlog -o D:/Program_Files/projects/hls/lab7_z1/source/dct_prj/solution3/syn/verilog/dct_1d2 
Execute       syn_report -csynth -model dct_1d2 -o D:/Program_Files/projects/hls/lab7_z1/source/dct_prj/solution3/syn/report/dct_1d2_csynth.rpt 
Execute       syn_report -rtlxml -model dct_1d2 -o D:/Program_Files/projects/hls/lab7_z1/source/dct_prj/solution3/syn/report/dct_1d2_csynth.xml 
Execute       syn_report -verbosereport -model dct_1d2 -o D:/Program_Files/projects/hls/lab7_z1/source/dct_prj/solution3/.autopilot/db/dct_1d2.verbose.rpt 
Execute       db_write -model dct_1d2 -f -o D:/Program_Files/projects/hls/lab7_z1/source/dct_prj/solution3/.autopilot/db/dct_1d2.adb 
Execute       gen_tb_info dct_1d2 -p D:/Program_Files/projects/hls/lab7_z1/source/dct_prj/solution3/.autopilot/db -o D:/Program_Files/projects/hls/lab7_z1/source/dct_prj/solution3/.autopilot/db/dct_1d2 
INFO: [HLS 200-10] ----------------------------------------------------------------
INFO: [HLS 200-10] -- Generating RTL for module 'dct_2d' 
INFO: [HLS 200-10] ----------------------------------------------------------------
Execute       get_config_rtl -module_prefix 
Execute       get_config_rtl -module_auto_prefix 
Execute       create_rtl_model dct_2d -vendor xilinx -mg_file D:/Program_Files/projects/hls/lab7_z1/source/dct_prj/solution3/.autopilot/db/dct_2d.compgen.tcl 
INFO: [RTGEN 206-100] Finished creating RTL model for 'dct_2d'.
INFO: [HLS 200-111]  Elapsed time: 0.354 seconds; current allocated memory: 116.861 MB.
Execute       source D:/Program_Files/projects/hls/lab7_z1/source/dct_prj/solution3/.autopilot/db/dct.rtl_wrap.cfg.tcl 
Execute       gen_rtl dct_2d -style xilinx -tracefl mytrace -tracefmt vcd -traceopt all -f -lang sc -o D:/Program_Files/projects/hls/lab7_z1/source/dct_prj/solution3/syn/systemc/dct_2d -synmodules dct_1d2 dct_2d dct 
Execute       gen_rtl dct_2d -style xilinx -f -lang vhdl -o D:/Program_Files/projects/hls/lab7_z1/source/dct_prj/solution3/syn/vhdl/dct_2d 
Execute       gen_rtl dct_2d -style xilinx -f -lang vlog -o D:/Program_Files/projects/hls/lab7_z1/source/dct_prj/solution3/syn/verilog/dct_2d 
Execute       syn_report -csynth -model dct_2d -o D:/Program_Files/projects/hls/lab7_z1/source/dct_prj/solution3/syn/report/dct_2d_csynth.rpt 
Execute       syn_report -rtlxml -model dct_2d -o D:/Program_Files/projects/hls/lab7_z1/source/dct_prj/solution3/syn/report/dct_2d_csynth.xml 
Execute       syn_report -verbosereport -model dct_2d -o D:/Program_Files/projects/hls/lab7_z1/source/dct_prj/solution3/.autopilot/db/dct_2d.verbose.rpt 
Execute       db_write -model dct_2d -f -o D:/Program_Files/projects/hls/lab7_z1/source/dct_prj/solution3/.autopilot/db/dct_2d.adb 
Execute       gen_tb_info dct_2d -p D:/Program_Files/projects/hls/lab7_z1/source/dct_prj/solution3/.autopilot/db -o D:/Program_Files/projects/hls/lab7_z1/source/dct_prj/solution3/.autopilot/db/dct_2d 
INFO: [HLS 200-10] ----------------------------------------------------------------
INFO: [HLS 200-10] -- Generating RTL for module 'dct' 
INFO: [HLS 200-10] ----------------------------------------------------------------
Execute       get_config_rtl -module_prefix 
Execute       get_config_rtl -module_auto_prefix 
Execute       create_rtl_model dct -vendor xilinx -mg_file D:/Program_Files/projects/hls/lab7_z1/source/dct_prj/solution3/.autopilot/db/dct.compgen.tcl 
INFO: [RTGEN 206-500] Setting interface mode on port 'dct/input_r' to 'ap_memory'.
INFO: [RTGEN 206-500] Setting interface mode on port 'dct/output_r' to 'ap_memory'.
INFO: [RTGEN 206-500] Setting interface mode on function 'dct' to 'ap_ctrl_hs'.
INFO: [RTGEN 206-100] Finished creating RTL model for 'dct'.
INFO: [HLS 200-111]  Elapsed time: 0.358 seconds; current allocated memory: 117.596 MB.
Execute       source D:/Program_Files/projects/hls/lab7_z1/source/dct_prj/solution3/.autopilot/db/dct.rtl_wrap.cfg.tcl 
Execute       gen_rtl dct -istop -style xilinx -tracefl mytrace -tracefmt vcd -traceopt all -f -lang sc -o D:/Program_Files/projects/hls/lab7_z1/source/dct_prj/solution3/syn/systemc/dct -synmodules dct_1d2 dct_2d dct 
Execute       gen_rtl dct -istop -style xilinx -f -lang vhdl -o D:/Program_Files/projects/hls/lab7_z1/source/dct_prj/solution3/syn/vhdl/dct 
Execute       gen_rtl dct -istop -style xilinx -f -lang vlog -o D:/Program_Files/projects/hls/lab7_z1/source/dct_prj/solution3/syn/verilog/dct 
Execute       syn_report -csynth -model dct -o D:/Program_Files/projects/hls/lab7_z1/source/dct_prj/solution3/syn/report/dct_csynth.rpt 
Execute       syn_report -rtlxml -model dct -o D:/Program_Files/projects/hls/lab7_z1/source/dct_prj/solution3/syn/report/dct_csynth.xml 
Execute       syn_report -verbosereport -model dct -o D:/Program_Files/projects/hls/lab7_z1/source/dct_prj/solution3/.autopilot/db/dct.verbose.rpt 
Command       syn_report done; 0.105 sec.
Execute       db_write -model dct -f -o D:/Program_Files/projects/hls/lab7_z1/source/dct_prj/solution3/.autopilot/db/dct.adb 
Execute       gen_tb_info dct -p D:/Program_Files/projects/hls/lab7_z1/source/dct_prj/solution3/.autopilot/db -o D:/Program_Files/projects/hls/lab7_z1/source/dct_prj/solution3/.autopilot/db/dct 
Execute       export_constraint_db -f -tool general -o D:/Program_Files/projects/hls/lab7_z1/source/dct_prj/solution3/.autopilot/db/dct.constraint.tcl 
Execute       syn_report -designview -model dct -o D:/Program_Files/projects/hls/lab7_z1/source/dct_prj/solution3/.autopilot/db/dct.design.xml 
Execute       get_config_rtl -disable_wave_debug 
Execute       syn_report -wcfg -model dct -o D:/Program_Files/projects/hls/lab7_z1/source/dct_prj/solution3/.autopilot/db/dct_dataflow_ana.wcfg 
Execute       syn_report -protoinst -model dct -o D:/Program_Files/projects/hls/lab7_z1/source/dct_prj/solution3/.autopilot/db/dct.protoinst 
Execute       get_config_debug -directory 
Execute       sc_get_clocks dct 
Execute       get_config_export -vivado_clock 
Execute       sc_get_portdomain dct 
INFO-FLOW: Model list for RTL component generation: dct_1d2 dct_2d dct
INFO-FLOW: Handling components in module [dct_1d2] ... 
Execute       source D:/Program_Files/projects/hls/lab7_z1/source/dct_prj/solution3/.autopilot/db/dct_1d2.compgen.tcl 
INFO-FLOW: Found component dct_mul_mul_16s_1jbC.
INFO-FLOW: Append model dct_mul_mul_16s_1jbC
INFO-FLOW: Found component dct_mac_muladd_16kbM.
INFO-FLOW: Append model dct_mac_muladd_16kbM
INFO-FLOW: Found component dct_mac_muladd_16lbW.
INFO-FLOW: Append model dct_mac_muladd_16lbW
INFO-FLOW: Found component dct_mac_muladd_16mb6.
INFO-FLOW: Append model dct_mac_muladd_16mb6
INFO-FLOW: Found component dct_1d2_dct_coeffbkb.
INFO-FLOW: Append model dct_1d2_dct_coeffbkb
INFO-FLOW: Found component dct_1d2_dct_coeffcud.
INFO-FLOW: Append model dct_1d2_dct_coeffcud
INFO-FLOW: Found component dct_1d2_dct_coeffdEe.
INFO-FLOW: Append model dct_1d2_dct_coeffdEe
INFO-FLOW: Found component dct_1d2_dct_coeffeOg.
INFO-FLOW: Append model dct_1d2_dct_coeffeOg
INFO-FLOW: Found component dct_1d2_dct_coefffYi.
INFO-FLOW: Append model dct_1d2_dct_coefffYi
INFO-FLOW: Found component dct_1d2_dct_coeffg8j.
INFO-FLOW: Append model dct_1d2_dct_coeffg8j
INFO-FLOW: Found component dct_1d2_dct_coeffhbi.
INFO-FLOW: Append model dct_1d2_dct_coeffhbi
INFO-FLOW: Found component dct_1d2_dct_coeffibs.
INFO-FLOW: Append model dct_1d2_dct_coeffibs
INFO-FLOW: Handling components in module [dct_2d] ... 
Execute       source D:/Program_Files/projects/hls/lab7_z1/source/dct_prj/solution3/.autopilot/db/dct_2d.compgen.tcl 
INFO-FLOW: Found component dct_2d_row_outbuf.
INFO-FLOW: Append model dct_2d_row_outbuf
INFO-FLOW: Found component dct_2d_col_inbuf.
INFO-FLOW: Append model dct_2d_col_inbuf
INFO-FLOW: Handling components in module [dct] ... 
Execute       source D:/Program_Files/projects/hls/lab7_z1/source/dct_prj/solution3/.autopilot/db/dct.compgen.tcl 
INFO-FLOW: Append model dct_1d2
INFO-FLOW: Append model dct_2d
INFO-FLOW: Append model dct
INFO-FLOW: Generating RTL model list ...
INFO-FLOW: All models in this session: dct_mul_mul_16s_1jbC dct_mac_muladd_16kbM dct_mac_muladd_16lbW dct_mac_muladd_16mb6 dct_1d2_dct_coeffbkb dct_1d2_dct_coeffcud dct_1d2_dct_coeffdEe dct_1d2_dct_coeffeOg dct_1d2_dct_coefffYi dct_1d2_dct_coeffg8j dct_1d2_dct_coeffhbi dct_1d2_dct_coeffibs dct_2d_row_outbuf dct_2d_col_inbuf dct_1d2 dct_2d dct
INFO-FLOW: To file: write model dct_mul_mul_16s_1jbC
INFO-FLOW: To file: write model dct_mac_muladd_16kbM
INFO-FLOW: To file: write model dct_mac_muladd_16lbW
INFO-FLOW: To file: write model dct_mac_muladd_16mb6
INFO-FLOW: To file: write model dct_1d2_dct_coeffbkb
INFO-FLOW: To file: write model dct_1d2_dct_coeffcud
INFO-FLOW: To file: write model dct_1d2_dct_coeffdEe
INFO-FLOW: To file: write model dct_1d2_dct_coeffeOg
INFO-FLOW: To file: write model dct_1d2_dct_coefffYi
INFO-FLOW: To file: write model dct_1d2_dct_coeffg8j
INFO-FLOW: To file: write model dct_1d2_dct_coeffhbi
INFO-FLOW: To file: write model dct_1d2_dct_coeffibs
INFO-FLOW: To file: write model dct_2d_row_outbuf
INFO-FLOW: To file: write model dct_2d_col_inbuf
INFO-FLOW: To file: write model dct_1d2
INFO-FLOW: To file: write model dct_2d
INFO-FLOW: To file: write model dct
INFO-FLOW: Finished generating RTL model list.


INFO-FLOW: RTL Generation done.
INFO-FLOW: CAS Generation done.
INFO-FLOW: CBC Generation done.
INFO-FLOW: DBG:CMD: auto_generate_csynth_design
INFO-FLOW: DBG:CMD:     auto_generate --sim-model -phase csynth_design -d D:/Program_Files/projects/hls/lab7_z1/source/dct_prj/solution3
Execute       source D:/Program_Files/projects/hls/lab7_z1/source/dct_prj/solution3/.autopilot/db/global.setting.tcl 
INFO-FLOW: DBG:CMD: read_platform_lib D:/Program_Files/projects/hls/lab7_z1/source/dct_prj/solution3/.autopilot/db/global.setting.tcl
Execute       source D:/Program_Files/Xilinx/Vivado/2019.1/common/technology/generic/autopilot/common.gen 
Execute         source D:/Program_Files/Xilinx/Vivado/2019.1/common/technology/generic/autopilot/APCoreGen.gen 
Execute       source D:/Program_Files/Xilinx/Vivado/2019.1/common/technology/generic/autopilot/op.gen 
Execute       source D:/Program_Files/Xilinx/Vivado/2019.1/common/technology/generic/autopilot/op_simcore.gen 
Execute       source D:/Program_Files/Xilinx/Vivado/2019.1/common/technology/generic/autopilot/interface.gen 
Execute       source D:/Program_Files/projects/hls/lab7_z1/source/dct_prj/solution3/.autopilot/db/global.setting.tcl 
Execute       source D:/Program_Files/Xilinx/Vivado/2019.1/common/technology/xilinx/kintex7/kintex7.gen 
Execute         source D:/Program_Files/Xilinx/Vivado/2019.1/common/technology/xilinx/common/xilinx.gen 
Execute           source D:/Program_Files/Xilinx/Vivado/2019.1/common/technology/xilinx/interface/plb46.gen 
Execute           source D:/Program_Files/Xilinx/Vivado/2019.1/common/technology/xilinx/interface/fsl.gen 
Execute           source D:/Program_Files/Xilinx/Vivado/2019.1/common/technology/xilinx/interface/axi4.gen 
Execute           source D:/Program_Files/Xilinx/Vivado/2019.1/common/technology/xilinx/interface/nativeAXI4.gen 
Execute             source D:/Program_Files/Xilinx/Vivado/2019.1/common/technology/xilinx/interface/saxilite.gen 
Execute             source D:/Program_Files/Xilinx/Vivado/2019.1/common/technology/xilinx/interface/maxi.gen 
Execute           source D:/Program_Files/Xilinx/Vivado/2019.1/common/technology/xilinx/scripts/xilinxcoregen.gen 
Execute           source D:/Program_Files/Xilinx/Vivado/2019.1/common/technology/xilinx/interface/XilEDKCoreGen.gen 
Execute           source D:/Program_Files/Xilinx/Vivado/2019.1/common/technology/xilinx/ip/dds_compiler.gen 
Execute           source D:/Program_Files/Xilinx/Vivado/2019.1/common/technology/xilinx/ip/util.gen 
Execute           source D:/Program_Files/Xilinx/Vivado/2019.1/common/technology/xilinx/ip/xfft.gen 
Command           ap_source done; 0.108 sec.
Execute           source D:/Program_Files/Xilinx/Vivado/2019.1/common/technology/xilinx/ip/xfir.gen 
Execute           source D:/Program_Files/Xilinx/Vivado/2019.1/common/technology/xilinx/common/dsp48.gen 
Command         ap_source done; 0.155 sec.
Command       ap_source done; 0.155 sec.
Execute       source D:/Program_Files/Xilinx/Vivado/2019.1/common/technology/xilinx/kintex7/kintex7_fpv6.gen 
Execute         source D:/Program_Files/Xilinx/Vivado/2019.1/common/technology/xilinx/common/xilinx_fp.gen 
INFO-FLOW: DBG:CMD:   using AESL_AUTOCG::g_clock_period=10.000 (was NA)
INFO-FLOW: DBG:CMD:       generate_ip_cores sim=1 export=0 expOnly=0 dstVlogDir=syn/verilog
Execute       source D:/Program_Files/projects/hls/lab7_z1/source/dct_prj/solution3/.autopilot/db/global.setting.tcl 
Execute       ap_part_info -name xc7k160t-fbg484-1 -data names -quiet 
Execute       ap_part_info -name xc7k160t-fbg484-1 -data info -quiet 
Execute       source D:/Program_Files/projects/hls/lab7_z1/source/dct_prj/solution3/.autopilot/db/global.setting.tcl 
Execute       source D:/Program_Files/projects/hls/lab7_z1/source/dct_prj/solution3/.autopilot/db/global.setting.tcl 
Execute       source D:/Program_Files/projects/hls/lab7_z1/source/dct_prj/solution3/.autopilot/db/dct_1d2.compgen.tcl 
Execute         ap_part_info -name xc7k160t-fbg484-1 -data names -quiet 
Execute         ap_part_info -name xc7k160t-fbg484-1 -data info -quiet 
Execute         ap_part_info -name xc7k160t-fbg484-1 -data names -quiet 
Execute         ap_part_info -name xc7k160t-fbg484-1 -data info -quiet 
Execute         ap_part_info -name xc7k160t-fbg484-1 -data info 
Execute         ap_part_info -name xc7k160t-fbg484-1 -data names -quiet 
Execute         ap_part_info -name xc7k160t-fbg484-1 -data info -quiet 
Execute         ap_part_info -name xc7k160t-fbg484-1 -data info 
Execute         ap_part_info -name xc7k160t-fbg484-1 -data names -quiet 
Execute         ap_part_info -name xc7k160t-fbg484-1 -data info -quiet 
Execute         ap_part_info -name xc7k160t-fbg484-1 -data info 
Execute         ap_part_info -name xc7k160t-fbg484-1 -data names -quiet 
Execute         ap_part_info -name xc7k160t-fbg484-1 -data info -quiet 
INFO: [RTMG 210-279] Implementing memory 'dct_1d2_dct_coeffbkb_rom' using distributed ROMs.
Execute         ap_part_info -name xc7k160t-fbg484-1 -data names -quiet 
Execute         ap_part_info -name xc7k160t-fbg484-1 -data info -quiet 
Execute         ap_part_info -name xc7k160t-fbg484-1 -data names -quiet 
Execute         ap_part_info -name xc7k160t-fbg484-1 -data info -quiet 
Execute         ap_part_info -name xc7k160t-fbg484-1 -data names -quiet 
Execute         ap_part_info -name xc7k160t-fbg484-1 -data info -quiet 
INFO: [RTMG 210-279] Implementing memory 'dct_1d2_dct_coeffcud_rom' using distributed ROMs.
Execute         ap_part_info -name xc7k160t-fbg484-1 -data names -quiet 
Execute         ap_part_info -name xc7k160t-fbg484-1 -data info -quiet 
Execute         ap_part_info -name xc7k160t-fbg484-1 -data names -quiet 
Execute         ap_part_info -name xc7k160t-fbg484-1 -data info -quiet 
Execute         ap_part_info -name xc7k160t-fbg484-1 -data names -quiet 
Execute         ap_part_info -name xc7k160t-fbg484-1 -data info -quiet 
INFO: [RTMG 210-279] Implementing memory 'dct_1d2_dct_coeffdEe_rom' using distributed ROMs.
Execute         ap_part_info -name xc7k160t-fbg484-1 -data names -quiet 
Execute         ap_part_info -name xc7k160t-fbg484-1 -data info -quiet 
Execute         ap_part_info -name xc7k160t-fbg484-1 -data names -quiet 
Execute         ap_part_info -name xc7k160t-fbg484-1 -data info -quiet 
Execute         ap_part_info -name xc7k160t-fbg484-1 -data names -quiet 
Execute         ap_part_info -name xc7k160t-fbg484-1 -data info -quiet 
INFO: [RTMG 210-279] Implementing memory 'dct_1d2_dct_coeffeOg_rom' using distributed ROMs.
Execute         ap_part_info -name xc7k160t-fbg484-1 -data names -quiet 
Execute         ap_part_info -name xc7k160t-fbg484-1 -data info -quiet 
Execute         ap_part_info -name xc7k160t-fbg484-1 -data names -quiet 
Execute         ap_part_info -name xc7k160t-fbg484-1 -data info -quiet 
Execute         ap_part_info -name xc7k160t-fbg484-1 -data names -quiet 
Execute         ap_part_info -name xc7k160t-fbg484-1 -data info -quiet 
INFO: [RTMG 210-279] Implementing memory 'dct_1d2_dct_coefffYi_rom' using distributed ROMs.
Execute         ap_part_info -name xc7k160t-fbg484-1 -data names -quiet 
Execute         ap_part_info -name xc7k160t-fbg484-1 -data info -quiet 
Execute         ap_part_info -name xc7k160t-fbg484-1 -data names -quiet 
Execute         ap_part_info -name xc7k160t-fbg484-1 -data info -quiet 
Execute         ap_part_info -name xc7k160t-fbg484-1 -data names -quiet 
Execute         ap_part_info -name xc7k160t-fbg484-1 -data info -quiet 
INFO: [RTMG 210-279] Implementing memory 'dct_1d2_dct_coeffg8j_rom' using distributed ROMs.
Execute         ap_part_info -name xc7k160t-fbg484-1 -data names -quiet 
Execute         ap_part_info -name xc7k160t-fbg484-1 -data info -quiet 
Execute         ap_part_info -name xc7k160t-fbg484-1 -data names -quiet 
Execute         ap_part_info -name xc7k160t-fbg484-1 -data info -quiet 
Execute         ap_part_info -name xc7k160t-fbg484-1 -data names -quiet 
Execute         ap_part_info -name xc7k160t-fbg484-1 -data info -quiet 
INFO: [RTMG 210-279] Implementing memory 'dct_1d2_dct_coeffhbi_rom' using distributed ROMs.
Execute         ap_part_info -name xc7k160t-fbg484-1 -data names -quiet 
Execute         ap_part_info -name xc7k160t-fbg484-1 -data info -quiet 
Execute         ap_part_info -name xc7k160t-fbg484-1 -data names -quiet 
Execute         ap_part_info -name xc7k160t-fbg484-1 -data info -quiet 
Execute         ap_part_info -name xc7k160t-fbg484-1 -data names -quiet 
Execute         ap_part_info -name xc7k160t-fbg484-1 -data info -quiet 
INFO: [RTMG 210-279] Implementing memory 'dct_1d2_dct_coeffibs_rom' using distributed ROMs.
Execute         ap_part_info -name xc7k160t-fbg484-1 -data names -quiet 
Execute         ap_part_info -name xc7k160t-fbg484-1 -data info -quiet 
Execute         ap_part_info -name xc7k160t-fbg484-1 -data names -quiet 
Execute         ap_part_info -name xc7k160t-fbg484-1 -data info -quiet 
Command       ap_source done; 0.464 sec.
Execute       source D:/Program_Files/projects/hls/lab7_z1/source/dct_prj/solution3/.autopilot/db/dct_2d.compgen.tcl 
INFO: [RTMG 210-278] Implementing memory 'dct_2d_row_outbuf_ram (RAM)' using block RAMs.
Execute         ap_part_info -name xc7k160t-fbg484-1 -data names -quiet 
Execute         ap_part_info -name xc7k160t-fbg484-1 -data info -quiet 
INFO: [RTMG 210-278] Implementing memory 'dct_2d_col_inbuf_ram (RAM)' using block RAMs.
Execute         ap_part_info -name xc7k160t-fbg484-1 -data names -quiet 
Execute         ap_part_info -name xc7k160t-fbg484-1 -data info -quiet 
Execute       source D:/Program_Files/projects/hls/lab7_z1/source/dct_prj/solution3/.autopilot/db/dct.compgen.tcl 
INFO-FLOW: DBG:CMD:     auto_generate -export -impltomg_flag -rtl both -tool Vivado -pcore_version 1.00.a -phase csynth_design -d D:/Program_Files/projects/hls/lab7_z1/source/dct_prj/solution3
Execute       source D:/Program_Files/projects/hls/lab7_z1/source/dct_prj/solution3/.autopilot/db/global.setting.tcl 
INFO-FLOW: DBG:CMD: read_platform_lib D:/Program_Files/projects/hls/lab7_z1/source/dct_prj/solution3/.autopilot/db/global.setting.tcl
Execute       source D:/Program_Files/Xilinx/Vivado/2019.1/common/technology/generic/autopilot/common.gen 
Execute         source D:/Program_Files/Xilinx/Vivado/2019.1/common/technology/generic/autopilot/APCoreGen.gen 
Execute       source D:/Program_Files/Xilinx/Vivado/2019.1/common/technology/generic/autopilot/op.gen 
Execute       source D:/Program_Files/Xilinx/Vivado/2019.1/common/technology/generic/autopilot/op_simcore.gen 
Execute       source D:/Program_Files/Xilinx/Vivado/2019.1/common/technology/generic/autopilot/interface.gen 
Execute       source D:/Program_Files/projects/hls/lab7_z1/source/dct_prj/solution3/.autopilot/db/global.setting.tcl 
Execute       source D:/Program_Files/Xilinx/Vivado/2019.1/common/technology/xilinx/kintex7/kintex7.gen 
Execute         source D:/Program_Files/Xilinx/Vivado/2019.1/common/technology/xilinx/common/xilinx.gen 
Execute           source D:/Program_Files/Xilinx/Vivado/2019.1/common/technology/xilinx/interface/plb46.gen 
Execute           source D:/Program_Files/Xilinx/Vivado/2019.1/common/technology/xilinx/interface/fsl.gen 
Execute           source D:/Program_Files/Xilinx/Vivado/2019.1/common/technology/xilinx/interface/axi4.gen 
Execute           source D:/Program_Files/Xilinx/Vivado/2019.1/common/technology/xilinx/interface/nativeAXI4.gen 
Execute             source D:/Program_Files/Xilinx/Vivado/2019.1/common/technology/xilinx/interface/saxilite.gen 
Execute             source D:/Program_Files/Xilinx/Vivado/2019.1/common/technology/xilinx/interface/maxi.gen 
Execute           source D:/Program_Files/Xilinx/Vivado/2019.1/common/technology/xilinx/scripts/xilinxcoregen.gen 
Execute           source D:/Program_Files/Xilinx/Vivado/2019.1/common/technology/xilinx/interface/XilEDKCoreGen.gen 
Execute           source D:/Program_Files/Xilinx/Vivado/2019.1/common/technology/xilinx/ip/dds_compiler.gen 
Execute           source D:/Program_Files/Xilinx/Vivado/2019.1/common/technology/xilinx/ip/util.gen 
Execute           source D:/Program_Files/Xilinx/Vivado/2019.1/common/technology/xilinx/ip/xfft.gen 
Command           ap_source done; 0.106 sec.
Execute           source D:/Program_Files/Xilinx/Vivado/2019.1/common/technology/xilinx/ip/xfir.gen 
Execute           source D:/Program_Files/Xilinx/Vivado/2019.1/common/technology/xilinx/common/dsp48.gen 
Command         ap_source done; 0.155 sec.
Command       ap_source done; 0.155 sec.
Execute       source D:/Program_Files/Xilinx/Vivado/2019.1/common/technology/xilinx/kintex7/kintex7_fpv6.gen 
Execute         source D:/Program_Files/Xilinx/Vivado/2019.1/common/technology/xilinx/common/xilinx_fp.gen 
INFO-FLOW: DBG:CMD:       initCTypeInfo top_module=dct xml_exists=0
Execute       source D:/Program_Files/projects/hls/lab7_z1/source/dct_prj/solution3/.autopilot/db/dct.rtl_wrap.cfg.tcl 
Execute       source D:/Program_Files/projects/hls/lab7_z1/source/dct_prj/solution3/.autopilot/db/dct.rtl_wrap.cfg.tcl 
Execute       source D:/Program_Files/projects/hls/lab7_z1/source/dct_prj/solution3/.autopilot/db/dct.rtl_wrap.cfg.tcl 
Execute       source D:/Program_Files/projects/hls/lab7_z1/source/dct_prj/solution3/.autopilot/db/dct.tbgen.tcl 
Execute       source D:/Program_Files/projects/hls/lab7_z1/source/dct_prj/solution3/.autopilot/db/dct.tbgen.tcl 
INFO-FLOW: DBG:CMD:       export_impl_rtl
INFO-FLOW: DBG:CMD:       generate_ip_cores sim=0 export=0 expOnly=0 dstVlogDir=impl/.verilog
Execute       source D:/Program_Files/projects/hls/lab7_z1/source/dct_prj/solution3/.autopilot/db/global.setting.tcl 
Execute       source D:/Program_Files/projects/hls/lab7_z1/source/dct_prj/solution3/.autopilot/db/dct_1d2.compgen.tcl 
Execute       source D:/Program_Files/projects/hls/lab7_z1/source/dct_prj/solution3/.autopilot/db/dct_2d.compgen.tcl 
Execute       source D:/Program_Files/projects/hls/lab7_z1/source/dct_prj/solution3/.autopilot/db/dct.compgen.tcl 
INFO-FLOW: DBG:CMD:       generate_ip_cores sim=0 export=1 expOnly=1 dstVlogDir=impl/.pcores/verilog
Execute       source D:/Program_Files/projects/hls/lab7_z1/source/dct_prj/solution3/.autopilot/db/global.setting.tcl 
Execute       source D:/Program_Files/projects/hls/lab7_z1/source/dct_prj/solution3/.autopilot/db/dct_1d2.compgen.tcl 
Execute       source D:/Program_Files/projects/hls/lab7_z1/source/dct_prj/solution3/.autopilot/db/dct_2d.compgen.tcl 
Execute       source D:/Program_Files/projects/hls/lab7_z1/source/dct_prj/solution3/.autopilot/db/dct.compgen.tcl 
Execute         ap_part_info -name xc7k160t-fbg484-1 -data names -quiet 
Execute         ap_part_info -name xc7k160t-fbg484-1 -data info -quiet 
Execute         ap_part_info -name xc7k160t-fbg484-1 -data names -quiet 
Execute         ap_part_info -name xc7k160t-fbg484-1 -data info -quiet 
Execute         source D:/Program_Files/projects/hls/lab7_z1/source/dct_prj/solution3/.autopilot/db/dct.tbgen.tcl 
Execute         source D:/Program_Files/projects/hls/lab7_z1/source/dct_prj/solution3/.autopilot/db/dct.tbgen.tcl 
Execute         ap_part_info -name xc7k160t-fbg484-1 -data names -quiet 
Execute         ap_part_info -name xc7k160t-fbg484-1 -data info -quiet 
Execute         ap_part_info -name xc7k160t-fbg484-1 -data names -quiet 
Execute         ap_part_info -name xc7k160t-fbg484-1 -data info -quiet 
Execute         ap_part_info -name xc7k160t-fbg484-1 -data names -quiet 
Execute         ap_part_info -name xc7k160t-fbg484-1 -data info -quiet 
Execute         ap_part_info -name xc7k160t-fbg484-1 -data names -quiet 
Execute         ap_part_info -name xc7k160t-fbg484-1 -data info -quiet 
Execute         ap_part_info -name xc7k160t-fbg484-1 -data names -quiet 
Execute         ap_part_info -name xc7k160t-fbg484-1 -data info -quiet 
Execute       ap_part_info -name xc7k160t-fbg484-1 -data names -quiet 
Execute       ap_part_info -name xc7k160t-fbg484-1 -data info -quiet 
INFO-FLOW: DBG:CMD:       generate_ip_cores sim=0 export=0 expOnly=0 dstVlogDir=impl/.pcores/verilog_sim
Execute       source D:/Program_Files/projects/hls/lab7_z1/source/dct_prj/solution3/.autopilot/db/global.setting.tcl 
Execute       source D:/Program_Files/projects/hls/lab7_z1/source/dct_prj/solution3/.autopilot/db/dct_1d2.compgen.tcl 
Execute       source D:/Program_Files/projects/hls/lab7_z1/source/dct_prj/solution3/.autopilot/db/dct_2d.compgen.tcl 
Execute       source D:/Program_Files/projects/hls/lab7_z1/source/dct_prj/solution3/.autopilot/db/dct.compgen.tcl 
Execute       ap_part_info -name xc7k160t-fbg484-1 -data names -quiet 
Execute       ap_part_info -name xc7k160t-fbg484-1 -data info -quiet 
Execute       ap_part_info -name xc7k160t-fbg484-1 -data names -quiet 
Execute       ap_part_info -name xc7k160t-fbg484-1 -data info -quiet 
Execute       source D:/Program_Files/projects/hls/lab7_z1/source/dct_prj/solution3/.autopilot/db/global.setting.tcl 
Execute       ap_part_info -name xc7k160t-fbg484-1 -data names -quiet 
Execute       ap_part_info -name xc7k160t-fbg484-1 -data info -quiet 
Execute       source D:/Program_Files/projects/hls/lab7_z1/source/dct_prj/solution3/.autopilot/db/dct.constraint.tcl 
Execute       source D:/Program_Files/projects/hls/lab7_z1/source/dct_prj/solution3/.autopilot/db/dct.tbgen.tcl 
INFO-FLOW: DBG:CMD:       hasPcoreIpAdapter=false #gSsdmPorts=6
INFO-FLOW: DBG:CMD: Skipping loadAnalyze_DB, #g_database=2
INFO-FLOW: DBG:CMD:       generate_json is_phase_csynth=1 g_has_adaptors=false generate_bd_files=0 #modelList=17 #gSsdmPorts=6
Execute       source D:/Program_Files/Xilinx/Vivado/2019.1/tps/tcl/tcllib1.11.1/fileutil/fileutil.tcl 
Execute       source D:/Program_Files/projects/hls/lab7_z1/source/dct_prj/solution3/.autopilot/db/global.setting.tcl 
Execute       source D:/Program_Files/projects/hls/lab7_z1/source/dct_prj/solution3/.autopilot/db/global.setting.tcl 
Execute       get_config_export -xo 
Execute       source D:/Program_Files/projects/hls/lab7_z1/source/dct_prj/solution3/.autopilot/db/dct.tbgen.tcl 
Execute       source D:/Program_Files/projects/hls/lab7_z1/source/dct_prj/solution3/.autopilot/db/dct.tbgen.tcl 
Execute       source D:/Program_Files/projects/hls/lab7_z1/source/dct_prj/solution3/.autopilot/db/dct.tbgen.tcl 
Execute       source D:/Program_Files/projects/hls/lab7_z1/source/dct_prj/solution3/.autopilot/db/global.setting.tcl 
Execute       get_config_sdx -target 
Execute       source D:/Program_Files/projects/hls/lab7_z1/source/dct_prj/solution3/.autopilot/db/dct.rtl_wrap.cfg.tcl 
Execute       source D:/Program_Files/projects/hls/lab7_z1/source/dct_prj/solution3/.autopilot/db/dct.compgen.dataonly.tcl 
Execute       source D:/Program_Files/projects/hls/lab7_z1/source/dct_prj/solution3/.autopilot/db/global.setting.tcl 
Execute       ap_part_info -name xc7k160t-fbg484-1 -data names -quiet 
Execute       ap_part_info -name xc7k160t-fbg484-1 -data info -quiet 
Execute       source D:/Program_Files/projects/hls/lab7_z1/source/dct_prj/solution3/.autopilot/db/dct.constraint.tcl 
Execute       sc_get_clocks dct 
Execute       ap_part_info -name xc7k160t-fbg484-1 -data names -quiet 
Execute       ap_part_info -name xc7k160t-fbg484-1 -data info -quiet 
Execute       source D:/Program_Files/projects/hls/lab7_z1/source/dct_prj/solution3/.autopilot/db/global.setting.tcl 
Execute       get_config_debug -directory 
Execute       source D:/Program_Files/projects/hls/lab7_z1/source/dct_prj/solution3/.autopilot/db/dct_1d2.tbgen.tcl 
Execute       source D:/Program_Files/projects/hls/lab7_z1/source/dct_prj/solution3/.autopilot/db/dct_2d.tbgen.tcl 
Execute       source D:/Program_Files/projects/hls/lab7_z1/source/dct_prj/solution3/.autopilot/db/dct.tbgen.tcl 
Execute       get_config_sdx -target 
Execute       get_config_sdx -profile 
Execute       get_config_rtl -kernel_profile 
Execute       get_config_rtl -stall_sig_gen 
Execute       get_config_rtl -profile 
INFO-FLOW: DBG:CMD: add_json_sdx_info kernel file does not exist, skipping opencl info: D:/Program_Files/projects/hls/lab7_z1/source/dct_prj/solution3/.autopilot/db/kernel.internal.xml
INFO-FLOW: DBG:CMD:       delete-temp-dirs (skipped for debug)
INFO: [HLS 200-111] Finished generating all RTL models Time (s): cpu = 00:00:05 ; elapsed = 00:00:13 . Memory (MB): peak = 179.957 ; gain = 86.348
INFO: [VHDL 208-304] Generating VHDL RTL for dct.
INFO: [VLOG 209-307] Generating Verilog RTL for dct.
Command     autosyn done; 3.731 sec.
Command   csynth_design done; 11.829 sec.
Command ap_source done; 12.817 sec.
Execute cleanup_all 
