

================================================================
== Vivado HLS Report for 'dct'
================================================================
* Date:           Mon Oct 21 18:25:18 2019

* Version:        2019.1 (Build 2552052 on Fri May 24 15:28:33 MDT 2019)
* Project:        dct_prj
* Solution:       solution3
* Product family: kintex7
* Target device:  xc7k160t-fbg484-1


================================================================
== Performance Estimates
================================================================
+ Timing (ns): 
    * Summary: 
    +--------+-------+----------+------------+
    |  Clock | Target| Estimated| Uncertainty|
    +--------+-------+----------+------------+
    |ap_clk  |  10.00|     8.454|        1.25|
    +--------+-------+----------+------------+

+ Latency (clock cycles): 
    * Summary: 
    +-----+-----+-----+-----+---------+
    |  Latency  |  Interval | Pipeline|
    | min | max | min | max |   Type  |
    +-----+-----+-----+-----+---------+
    |  859|  859|  859|  859|   none  |
    +-----+-----+-----+-----+---------+

    + Detail: 
        * Instance: 
        +-------------------+--------+-----+-----+-----+-----+---------+
        |                   |        |  Latency  |  Interval | Pipeline|
        |      Instance     | Module | min | max | min | max |   Type  |
        +-------------------+--------+-----+-----+-----+-----+---------+
        |grp_dct_2d_fu_204  |dct_2d  |  726|  726|  726|  726|   none  |
        +-------------------+--------+-----+-----+-----+-----+---------+

        * Loop: 
        +---------------------------+-----+-----+----------+-----------+-----------+------+----------+
        |                           |  Latency  | Iteration|  Initiation Interval  | Trip |          |
        |         Loop Name         | min | max |  Latency |  achieved |   target  | Count| Pipelined|
        +---------------------------+-----+-----+----------+-----------+-----------+------+----------+
        |- RD_Loop_Row_RD_Loop_Col  |   64|   64|         2|          1|          1|    64|    yes   |
        |- WR_Loop_Row_WR_Loop_Col  |   64|   64|         2|          1|          1|    64|    yes   |
        +---------------------------+-----+-----+----------+-----------+-----------+------+----------+

============================================================
+ Verbose Summary: Synthesis Manager
============================================================
InlineROM: 1
ExposeGlobal: 0
============================================================
+ Verbose Summary: CDFG Model
============================================================
IsTopModel: 1
ResetActiveHigh: 1
IsCombinational: 0
IsDatapathOnly: 0
HasWiredReturn: 1
HasMFsm: 0
HasVarLatency: 1
IsPipeline: 0
IsRtlPipelined: 0
IsInstanceOverlapped: 0
IsDontTouch: 0
HasImplIP: 0
IsGatedGlobalClock: 0

+ Individual pipeline summary: 
  * Pipeline-0: initiation interval (II) = 1, depth = 2
  * Pipeline-1: initiation interval (II) = 1, depth = 2


============================================================
+ Verbose Summary: Schedule
============================================================
* Number of FSM states : 8
* Pipeline : 2
  Pipeline-0 : II = 1, D = 2, States = { 2 3 }
  Pipeline-1 : II = 1, D = 2, States = { 6 7 }
* Dataflow Pipeline: 0

* FSM state transitions: 
1 --> 2 
2 --> 4 3 
3 --> 2 
4 --> 5 
5 --> 6 
6 --> 8 7 
7 --> 6 
8 --> 

* FSM state operations: 

State 1 <SV = 0> <Delay = 2.66>
ST_1 : Operation 9 [1/1] (0.00ns)   --->   "call void (...)* @_ssdm_op_SpecBitsMap([64 x i16]* %input_r) nounwind, !map !19"   --->   Operation 9 'specbitsmap' <Predicate = true> <Delay = 0.00>
ST_1 : Operation 10 [1/1] (0.00ns)   --->   "call void (...)* @_ssdm_op_SpecBitsMap([64 x i16]* %output_r) nounwind, !map !25"   --->   Operation 10 'specbitsmap' <Predicate = true> <Delay = 0.00>
ST_1 : Operation 11 [1/1] (0.00ns)   --->   "call void (...)* @_ssdm_op_SpecTopModule([4 x i8]* @dct_str) nounwind"   --->   Operation 11 'spectopmodule' <Predicate = true> <Delay = 0.00>
ST_1 : Operation 12 [1/1] (2.66ns)   --->   "%buf_2d_in = alloca [64 x i16], align 2" [dct.c:81]   --->   Operation 12 'alloca' 'buf_2d_in' <Predicate = true> <Delay = 2.66> <Core = "RAM">   --->   Core 37 'RAM' <Latency = 1> <II = 1> <Delay = 2.66> <Storage> <Opcode : 'load' 'store'> <Ports = 2> <Width = 16> <Depth = 64> <RAM>
ST_1 : Operation 13 [1/1] (2.66ns)   --->   "%buf_2d_out = alloca [64 x i16], align 2"   --->   Operation 13 'alloca' 'buf_2d_out' <Predicate = true> <Delay = 2.66> <Core = "RAM">   --->   Core 37 'RAM' <Latency = 1> <II = 1> <Delay = 2.66> <Storage> <Opcode : 'load' 'store'> <Ports = 2> <Width = 16> <Depth = 64> <RAM>
ST_1 : Operation 14 [1/1] (1.06ns)   --->   "br label %1" [dct.c:59->dct.c:85]   --->   Operation 14 'br' <Predicate = true> <Delay = 1.06>

State 2 <SV = 1> <Delay = 6.00>
ST_2 : Operation 15 [1/1] (0.00ns)   --->   "%indvar_flatten = phi i7 [ 0, %0 ], [ %add_ln59, %RD_Loop_Col ]" [dct.c:59->dct.c:85]   --->   Operation 15 'phi' 'indvar_flatten' <Predicate = true> <Delay = 0.00>
ST_2 : Operation 16 [1/1] (0.00ns)   --->   "%r_0_i = phi i4 [ 0, %0 ], [ %select_ln59_1, %RD_Loop_Col ]" [dct.c:59->dct.c:85]   --->   Operation 16 'phi' 'r_0_i' <Predicate = true> <Delay = 0.00>
ST_2 : Operation 17 [1/1] (0.00ns)   --->   "%c_0_i = phi i4 [ 0, %0 ], [ %c, %RD_Loop_Col ]"   --->   Operation 17 'phi' 'c_0_i' <Predicate = true> <Delay = 0.00>
ST_2 : Operation 18 [1/1] (1.18ns)   --->   "%icmp_ln59 = icmp eq i7 %indvar_flatten, -64" [dct.c:59->dct.c:85]   --->   Operation 18 'icmp' 'icmp_ln59' <Predicate = true> <Delay = 1.18> <Core = "Cmp">   --->   Core 25 'Cmp' <Latency = 0> <II = 1> <Delay = 1.08> <FuncUnit> <Opcode : 'icmp'> <InPorts = 2> <OutPorts = 1>
ST_2 : Operation 19 [1/1] (1.37ns)   --->   "%add_ln59 = add i7 %indvar_flatten, 1" [dct.c:59->dct.c:85]   --->   Operation 19 'add' 'add_ln59' <Predicate = true> <Delay = 1.37> <Core = "AddSub">   --->   Core 14 'AddSub' <Latency = 0> <II = 1> <Delay = 1.32> <FuncUnit> <Opcode : 'add' 'sub'> <InPorts = 2> <OutPorts = 1>
ST_2 : Operation 20 [1/1] (0.00ns)   --->   "br i1 %icmp_ln59, label %read_data.exit, label %RD_Loop_Col" [dct.c:59->dct.c:85]   --->   Operation 20 'br' <Predicate = true> <Delay = 0.00>
ST_2 : Operation 21 [1/1] (1.32ns)   --->   "%r = add i4 1, %r_0_i" [dct.c:59->dct.c:85]   --->   Operation 21 'add' 'r' <Predicate = (!icmp_ln59)> <Delay = 1.32> <Core = "AddSub">   --->   Core 14 'AddSub' <Latency = 0> <II = 1> <Delay = 1.32> <FuncUnit> <Opcode : 'add' 'sub'> <InPorts = 2> <OutPorts = 1>
ST_2 : Operation 22 [1/1] (1.08ns)   --->   "%icmp_ln61 = icmp eq i4 %c_0_i, -8" [dct.c:61->dct.c:85]   --->   Operation 22 'icmp' 'icmp_ln61' <Predicate = (!icmp_ln59)> <Delay = 1.08> <Core = "Cmp">   --->   Core 25 'Cmp' <Latency = 0> <II = 1> <Delay = 1.08> <FuncUnit> <Opcode : 'icmp'> <InPorts = 2> <OutPorts = 1>
ST_2 : Operation 23 [1/1] (0.66ns)   --->   "%select_ln59 = select i1 %icmp_ln61, i4 0, i4 %c_0_i" [dct.c:59->dct.c:85]   --->   Operation 23 'select' 'select_ln59' <Predicate = (!icmp_ln59)> <Delay = 0.66> <Core = "Sel">   --->   Core 26 'Sel' <Latency = 0> <II = 1> <Delay = 0.66> <FuncUnit> <Opcode : 'select'> <InPorts = 3> <OutPorts = 1>
ST_2 : Operation 24 [1/1] (0.66ns)   --->   "%select_ln59_1 = select i1 %icmp_ln61, i4 %r, i4 %r_0_i" [dct.c:59->dct.c:85]   --->   Operation 24 'select' 'select_ln59_1' <Predicate = (!icmp_ln59)> <Delay = 0.66> <Core = "Sel">   --->   Core 26 'Sel' <Latency = 0> <II = 1> <Delay = 0.66> <FuncUnit> <Opcode : 'select'> <InPorts = 3> <OutPorts = 1>
ST_2 : Operation 25 [1/1] (0.00ns)   --->   "%trunc_ln59 = trunc i4 %select_ln59_1 to i3" [dct.c:59->dct.c:85]   --->   Operation 25 'trunc' 'trunc_ln59' <Predicate = (!icmp_ln59)> <Delay = 0.00>
ST_2 : Operation 26 [1/1] (0.00ns)   --->   "%shl_ln62_mid2 = call i6 @_ssdm_op_BitConcatenate.i6.i3.i3(i3 %trunc_ln59, i3 0)" [dct.c:59->dct.c:85]   --->   Operation 26 'bitconcatenate' 'shl_ln62_mid2' <Predicate = (!icmp_ln59)> <Delay = 0.00>
ST_2 : Operation 27 [1/1] (0.00ns)   --->   "%zext_ln61 = zext i4 %select_ln59 to i6" [dct.c:61->dct.c:85]   --->   Operation 27 'zext' 'zext_ln61' <Predicate = (!icmp_ln59)> <Delay = 0.00>
ST_2 : Operation 28 [1/1] (1.35ns)   --->   "%add_ln62 = add i6 %zext_ln61, %shl_ln62_mid2" [dct.c:62->dct.c:85]   --->   Operation 28 'add' 'add_ln62' <Predicate = (!icmp_ln59)> <Delay = 1.35> <Core = "AddSub">   --->   Core 14 'AddSub' <Latency = 0> <II = 1> <Delay = 1.32> <FuncUnit> <Opcode : 'add' 'sub'> <InPorts = 2> <OutPorts = 1>
ST_2 : Operation 29 [1/1] (0.00ns)   --->   "%zext_ln62 = zext i6 %add_ln62 to i64" [dct.c:62->dct.c:85]   --->   Operation 29 'zext' 'zext_ln62' <Predicate = (!icmp_ln59)> <Delay = 0.00>
ST_2 : Operation 30 [1/1] (0.00ns)   --->   "%input_addr = getelementptr [64 x i16]* %input_r, i64 0, i64 %zext_ln62" [dct.c:62->dct.c:85]   --->   Operation 30 'getelementptr' 'input_addr' <Predicate = (!icmp_ln59)> <Delay = 0.00>
ST_2 : Operation 31 [2/2] (2.66ns)   --->   "%input_load = load i16* %input_addr, align 2" [dct.c:62->dct.c:85]   --->   Operation 31 'load' 'input_load' <Predicate = (!icmp_ln59)> <Delay = 2.66> <Core = "RAM">   --->   Core 37 'RAM' <Latency = 1> <II = 1> <Delay = 2.66> <Storage> <Opcode : 'load' 'store'> <Ports = 2> <Width = 16> <Depth = 64> <RAM>
ST_2 : Operation 32 [1/1] (1.32ns)   --->   "%c = add i4 1, %select_ln59" [dct.c:61->dct.c:85]   --->   Operation 32 'add' 'c' <Predicate = (!icmp_ln59)> <Delay = 1.32> <Core = "AddSub">   --->   Core 14 'AddSub' <Latency = 0> <II = 1> <Delay = 1.32> <FuncUnit> <Opcode : 'add' 'sub'> <InPorts = 2> <OutPorts = 1>

State 3 <SV = 2> <Delay = 5.32>
ST_3 : Operation 33 [1/1] (0.00ns)   --->   "call void (...)* @_ssdm_op_SpecLoopName([24 x i8]* @RD_Loop_Row_RD_Loop_s)"   --->   Operation 33 'specloopname' <Predicate = (!icmp_ln59)> <Delay = 0.00>
ST_3 : Operation 34 [1/1] (0.00ns)   --->   "%empty = call i32 (...)* @_ssdm_op_SpecLoopTripCount(i64 64, i64 64, i64 64) nounwind"   --->   Operation 34 'speclooptripcount' 'empty' <Predicate = (!icmp_ln59)> <Delay = 0.00>
ST_3 : Operation 35 [1/1] (0.00ns)   --->   "%tmp_s = call i7 @_ssdm_op_BitConcatenate.i7.i4.i3(i4 %select_ln59_1, i3 0)" [dct.c:62->dct.c:85]   --->   Operation 35 'bitconcatenate' 'tmp_s' <Predicate = (!icmp_ln59)> <Delay = 0.00>
ST_3 : Operation 36 [1/1] (0.00ns)   --->   "%zext_ln61_1 = zext i7 %tmp_s to i8" [dct.c:61->dct.c:85]   --->   Operation 36 'zext' 'zext_ln61_1' <Predicate = (!icmp_ln59)> <Delay = 0.00>
ST_3 : Operation 37 [1/1] (0.00ns)   --->   "call void (...)* @_ssdm_op_SpecLoopName([12 x i8]* @p_str10) nounwind" [dct.c:62->dct.c:85]   --->   Operation 37 'specloopname' <Predicate = (!icmp_ln59)> <Delay = 0.00>
ST_3 : Operation 38 [1/1] (0.00ns)   --->   "%tmp_2_i = call i32 (...)* @_ssdm_op_SpecRegionBegin([12 x i8]* @p_str10) nounwind" [dct.c:62->dct.c:85]   --->   Operation 38 'specregionbegin' 'tmp_2_i' <Predicate = (!icmp_ln59)> <Delay = 0.00>
ST_3 : Operation 39 [1/1] (0.00ns)   --->   "call void (...)* @_ssdm_op_SpecPipeline(i32 -1, i32 1, i32 1, i32 0, [1 x i8]* @p_str1) nounwind" [dct.c:62->dct.c:85]   --->   Operation 39 'specpipeline' <Predicate = (!icmp_ln59)> <Delay = 0.00>
ST_3 : Operation 40 [1/2] (2.66ns)   --->   "%input_load = load i16* %input_addr, align 2" [dct.c:62->dct.c:85]   --->   Operation 40 'load' 'input_load' <Predicate = (!icmp_ln59)> <Delay = 2.66> <Core = "RAM">   --->   Core 37 'RAM' <Latency = 1> <II = 1> <Delay = 2.66> <Storage> <Opcode : 'load' 'store'> <Ports = 2> <Width = 16> <Depth = 64> <RAM>
ST_3 : Operation 41 [1/1] (0.00ns)   --->   "%zext_ln62_1 = zext i4 %select_ln59 to i8" [dct.c:62->dct.c:85]   --->   Operation 41 'zext' 'zext_ln62_1' <Predicate = (!icmp_ln59)> <Delay = 0.00>
ST_3 : Operation 42 [1/1] (1.37ns)   --->   "%add_ln62_1 = add i8 %zext_ln61_1, %zext_ln62_1" [dct.c:62->dct.c:85]   --->   Operation 42 'add' 'add_ln62_1' <Predicate = (!icmp_ln59)> <Delay = 1.37> <Core = "AddSub">   --->   Core 14 'AddSub' <Latency = 0> <II = 1> <Delay = 1.32> <FuncUnit> <Opcode : 'add' 'sub'> <InPorts = 2> <OutPorts = 1>
ST_3 : Operation 43 [1/1] (0.00ns)   --->   "%zext_ln62_2 = zext i8 %add_ln62_1 to i64" [dct.c:62->dct.c:85]   --->   Operation 43 'zext' 'zext_ln62_2' <Predicate = (!icmp_ln59)> <Delay = 0.00>
ST_3 : Operation 44 [1/1] (0.00ns)   --->   "%buf_2d_in_addr = getelementptr [64 x i16]* %buf_2d_in, i64 0, i64 %zext_ln62_2" [dct.c:62->dct.c:85]   --->   Operation 44 'getelementptr' 'buf_2d_in_addr' <Predicate = (!icmp_ln59)> <Delay = 0.00>
ST_3 : Operation 45 [1/1] (2.66ns)   --->   "store i16 %input_load, i16* %buf_2d_in_addr, align 2" [dct.c:62->dct.c:85]   --->   Operation 45 'store' <Predicate = (!icmp_ln59)> <Delay = 2.66> <Core = "RAM">   --->   Core 37 'RAM' <Latency = 1> <II = 1> <Delay = 2.66> <Storage> <Opcode : 'load' 'store'> <Ports = 2> <Width = 16> <Depth = 64> <RAM>
ST_3 : Operation 46 [1/1] (0.00ns)   --->   "%empty_11 = call i32 (...)* @_ssdm_op_SpecRegionEnd([12 x i8]* @p_str10, i32 %tmp_2_i) nounwind" [dct.c:62->dct.c:85]   --->   Operation 46 'specregionend' 'empty_11' <Predicate = (!icmp_ln59)> <Delay = 0.00>
ST_3 : Operation 47 [1/1] (0.00ns)   --->   "br label %1"   --->   Operation 47 'br' <Predicate = (!icmp_ln59)> <Delay = 0.00>

State 4 <SV = 2> <Delay = 0.00>
ST_4 : Operation 48 [2/2] (0.00ns)   --->   "call fastcc void @dct_2d([64 x i16]* %buf_2d_in, [64 x i16]* %buf_2d_out) nounwind" [dct.c:87]   --->   Operation 48 'call' <Predicate = true> <Delay = 0.00> <CoreType = "Generic">   --->   Core 0 '' <Latency = 0> <II = 1> <Delay = 1.00> <Generic> <Opcode : >

State 5 <SV = 3> <Delay = 1.06>
ST_5 : Operation 49 [1/2] (0.00ns)   --->   "call fastcc void @dct_2d([64 x i16]* %buf_2d_in, [64 x i16]* %buf_2d_out) nounwind" [dct.c:87]   --->   Operation 49 'call' <Predicate = true> <Delay = 0.00> <CoreType = "Generic">   --->   Core 0 '' <Latency = 0> <II = 1> <Delay = 1.00> <Generic> <Opcode : >
ST_5 : Operation 50 [1/1] (1.06ns)   --->   "br label %2" [dct.c:71->dct.c:90]   --->   Operation 50 'br' <Predicate = true> <Delay = 1.06>

State 6 <SV = 4> <Delay = 6.01>
ST_6 : Operation 51 [1/1] (0.00ns)   --->   "%indvar_flatten11 = phi i7 [ 0, %read_data.exit ], [ %add_ln71, %WR_Loop_Col ]" [dct.c:71->dct.c:90]   --->   Operation 51 'phi' 'indvar_flatten11' <Predicate = true> <Delay = 0.00>
ST_6 : Operation 52 [1/1] (0.00ns)   --->   "%r_0_i2 = phi i4 [ 0, %read_data.exit ], [ %select_ln71_1, %WR_Loop_Col ]" [dct.c:71->dct.c:90]   --->   Operation 52 'phi' 'r_0_i2' <Predicate = true> <Delay = 0.00>
ST_6 : Operation 53 [1/1] (0.00ns)   --->   "%c_0_i4 = phi i4 [ 0, %read_data.exit ], [ %c_1, %WR_Loop_Col ]"   --->   Operation 53 'phi' 'c_0_i4' <Predicate = true> <Delay = 0.00>
ST_6 : Operation 54 [1/1] (1.18ns)   --->   "%icmp_ln71 = icmp eq i7 %indvar_flatten11, -64" [dct.c:71->dct.c:90]   --->   Operation 54 'icmp' 'icmp_ln71' <Predicate = true> <Delay = 1.18> <Core = "Cmp">   --->   Core 25 'Cmp' <Latency = 0> <II = 1> <Delay = 1.08> <FuncUnit> <Opcode : 'icmp'> <InPorts = 2> <OutPorts = 1>
ST_6 : Operation 55 [1/1] (1.37ns)   --->   "%add_ln71 = add i7 %indvar_flatten11, 1" [dct.c:71->dct.c:90]   --->   Operation 55 'add' 'add_ln71' <Predicate = true> <Delay = 1.37> <Core = "AddSub">   --->   Core 14 'AddSub' <Latency = 0> <II = 1> <Delay = 1.32> <FuncUnit> <Opcode : 'add' 'sub'> <InPorts = 2> <OutPorts = 1>
ST_6 : Operation 56 [1/1] (0.00ns)   --->   "br i1 %icmp_ln71, label %write_data.exit, label %WR_Loop_Col" [dct.c:71->dct.c:90]   --->   Operation 56 'br' <Predicate = true> <Delay = 0.00>
ST_6 : Operation 57 [1/1] (1.32ns)   --->   "%r_1 = add i4 1, %r_0_i2" [dct.c:71->dct.c:90]   --->   Operation 57 'add' 'r_1' <Predicate = (!icmp_ln71)> <Delay = 1.32> <Core = "AddSub">   --->   Core 14 'AddSub' <Latency = 0> <II = 1> <Delay = 1.32> <FuncUnit> <Opcode : 'add' 'sub'> <InPorts = 2> <OutPorts = 1>
ST_6 : Operation 58 [1/1] (1.08ns)   --->   "%icmp_ln73 = icmp eq i4 %c_0_i4, -8" [dct.c:73->dct.c:90]   --->   Operation 58 'icmp' 'icmp_ln73' <Predicate = (!icmp_ln71)> <Delay = 1.08> <Core = "Cmp">   --->   Core 25 'Cmp' <Latency = 0> <II = 1> <Delay = 1.08> <FuncUnit> <Opcode : 'icmp'> <InPorts = 2> <OutPorts = 1>
ST_6 : Operation 59 [1/1] (0.66ns)   --->   "%select_ln71 = select i1 %icmp_ln73, i4 0, i4 %c_0_i4" [dct.c:71->dct.c:90]   --->   Operation 59 'select' 'select_ln71' <Predicate = (!icmp_ln71)> <Delay = 0.66> <Core = "Sel">   --->   Core 26 'Sel' <Latency = 0> <II = 1> <Delay = 0.66> <FuncUnit> <Opcode : 'select'> <InPorts = 3> <OutPorts = 1>
ST_6 : Operation 60 [1/1] (0.66ns)   --->   "%select_ln71_1 = select i1 %icmp_ln73, i4 %r_1, i4 %r_0_i2" [dct.c:71->dct.c:90]   --->   Operation 60 'select' 'select_ln71_1' <Predicate = (!icmp_ln71)> <Delay = 0.66> <Core = "Sel">   --->   Core 26 'Sel' <Latency = 0> <II = 1> <Delay = 0.66> <FuncUnit> <Opcode : 'select'> <InPorts = 3> <OutPorts = 1>
ST_6 : Operation 61 [1/1] (0.00ns)   --->   "%tmp_3 = call i7 @_ssdm_op_BitConcatenate.i7.i4.i3(i4 %select_ln71_1, i3 0)" [dct.c:74->dct.c:90]   --->   Operation 61 'bitconcatenate' 'tmp_3' <Predicate = (!icmp_ln71)> <Delay = 0.00>
ST_6 : Operation 62 [1/1] (0.00ns)   --->   "%zext_ln71 = zext i7 %tmp_3 to i8" [dct.c:71->dct.c:90]   --->   Operation 62 'zext' 'zext_ln71' <Predicate = (!icmp_ln71)> <Delay = 0.00>
ST_6 : Operation 63 [1/1] (0.00ns)   --->   "%trunc_ln71 = trunc i4 %select_ln71_1 to i3" [dct.c:71->dct.c:90]   --->   Operation 63 'trunc' 'trunc_ln71' <Predicate = (!icmp_ln71)> <Delay = 0.00>
ST_6 : Operation 64 [1/1] (0.00ns)   --->   "%shl_ln74_mid2 = call i6 @_ssdm_op_BitConcatenate.i6.i3.i3(i3 %trunc_ln71, i3 0)" [dct.c:71->dct.c:90]   --->   Operation 64 'bitconcatenate' 'shl_ln74_mid2' <Predicate = (!icmp_ln71)> <Delay = 0.00>
ST_6 : Operation 65 [1/1] (0.00ns)   --->   "%zext_ln73 = zext i4 %select_ln71 to i6" [dct.c:73->dct.c:90]   --->   Operation 65 'zext' 'zext_ln73' <Predicate = (!icmp_ln71)> <Delay = 0.00>
ST_6 : Operation 66 [1/1] (0.00ns)   --->   "%zext_ln74 = zext i4 %select_ln71 to i8" [dct.c:74->dct.c:90]   --->   Operation 66 'zext' 'zext_ln74' <Predicate = (!icmp_ln71)> <Delay = 0.00>
ST_6 : Operation 67 [1/1] (1.37ns)   --->   "%add_ln74_1 = add i8 %zext_ln71, %zext_ln74" [dct.c:74->dct.c:90]   --->   Operation 67 'add' 'add_ln74_1' <Predicate = (!icmp_ln71)> <Delay = 1.37> <Core = "AddSub">   --->   Core 14 'AddSub' <Latency = 0> <II = 1> <Delay = 1.32> <FuncUnit> <Opcode : 'add' 'sub'> <InPorts = 2> <OutPorts = 1>
ST_6 : Operation 68 [1/1] (0.00ns)   --->   "%zext_ln74_1 = zext i8 %add_ln74_1 to i64" [dct.c:74->dct.c:90]   --->   Operation 68 'zext' 'zext_ln74_1' <Predicate = (!icmp_ln71)> <Delay = 0.00>
ST_6 : Operation 69 [1/1] (0.00ns)   --->   "%buf_2d_out_addr = getelementptr [64 x i16]* %buf_2d_out, i64 0, i64 %zext_ln74_1" [dct.c:74->dct.c:90]   --->   Operation 69 'getelementptr' 'buf_2d_out_addr' <Predicate = (!icmp_ln71)> <Delay = 0.00>
ST_6 : Operation 70 [2/2] (2.66ns)   --->   "%buf_2d_out_load = load i16* %buf_2d_out_addr, align 2" [dct.c:74->dct.c:90]   --->   Operation 70 'load' 'buf_2d_out_load' <Predicate = (!icmp_ln71)> <Delay = 2.66> <Core = "RAM">   --->   Core 37 'RAM' <Latency = 1> <II = 1> <Delay = 2.66> <Storage> <Opcode : 'load' 'store'> <Ports = 2> <Width = 16> <Depth = 64> <RAM>
ST_6 : Operation 71 [1/1] (1.35ns)   --->   "%add_ln74 = add i6 %zext_ln73, %shl_ln74_mid2" [dct.c:74->dct.c:90]   --->   Operation 71 'add' 'add_ln74' <Predicate = (!icmp_ln71)> <Delay = 1.35> <Core = "AddSub">   --->   Core 14 'AddSub' <Latency = 0> <II = 1> <Delay = 1.32> <FuncUnit> <Opcode : 'add' 'sub'> <InPorts = 2> <OutPorts = 1>
ST_6 : Operation 72 [1/1] (1.32ns)   --->   "%c_1 = add i4 1, %select_ln71" [dct.c:73->dct.c:90]   --->   Operation 72 'add' 'c_1' <Predicate = (!icmp_ln71)> <Delay = 1.32> <Core = "AddSub">   --->   Core 14 'AddSub' <Latency = 0> <II = 1> <Delay = 1.32> <FuncUnit> <Opcode : 'add' 'sub'> <InPorts = 2> <OutPorts = 1>

State 7 <SV = 5> <Delay = 5.32>
ST_7 : Operation 73 [1/1] (0.00ns)   --->   "call void (...)* @_ssdm_op_SpecLoopName([24 x i8]* @WR_Loop_Row_WR_Loop_s)"   --->   Operation 73 'specloopname' <Predicate = (!icmp_ln71)> <Delay = 0.00>
ST_7 : Operation 74 [1/1] (0.00ns)   --->   "%empty_12 = call i32 (...)* @_ssdm_op_SpecLoopTripCount(i64 64, i64 64, i64 64) nounwind"   --->   Operation 74 'speclooptripcount' 'empty_12' <Predicate = (!icmp_ln71)> <Delay = 0.00>
ST_7 : Operation 75 [1/1] (0.00ns)   --->   "call void (...)* @_ssdm_op_SpecLoopName([12 x i8]* @p_str12) nounwind" [dct.c:74->dct.c:90]   --->   Operation 75 'specloopname' <Predicate = (!icmp_ln71)> <Delay = 0.00>
ST_7 : Operation 76 [1/1] (0.00ns)   --->   "%tmp_1_i = call i32 (...)* @_ssdm_op_SpecRegionBegin([12 x i8]* @p_str12) nounwind" [dct.c:74->dct.c:90]   --->   Operation 76 'specregionbegin' 'tmp_1_i' <Predicate = (!icmp_ln71)> <Delay = 0.00>
ST_7 : Operation 77 [1/1] (0.00ns)   --->   "call void (...)* @_ssdm_op_SpecPipeline(i32 -1, i32 1, i32 1, i32 0, [1 x i8]* @p_str1) nounwind" [dct.c:74->dct.c:90]   --->   Operation 77 'specpipeline' <Predicate = (!icmp_ln71)> <Delay = 0.00>
ST_7 : Operation 78 [1/2] (2.66ns)   --->   "%buf_2d_out_load = load i16* %buf_2d_out_addr, align 2" [dct.c:74->dct.c:90]   --->   Operation 78 'load' 'buf_2d_out_load' <Predicate = (!icmp_ln71)> <Delay = 2.66> <Core = "RAM">   --->   Core 37 'RAM' <Latency = 1> <II = 1> <Delay = 2.66> <Storage> <Opcode : 'load' 'store'> <Ports = 2> <Width = 16> <Depth = 64> <RAM>
ST_7 : Operation 79 [1/1] (0.00ns)   --->   "%zext_ln74_2 = zext i6 %add_ln74 to i64" [dct.c:74->dct.c:90]   --->   Operation 79 'zext' 'zext_ln74_2' <Predicate = (!icmp_ln71)> <Delay = 0.00>
ST_7 : Operation 80 [1/1] (0.00ns)   --->   "%output_addr = getelementptr [64 x i16]* %output_r, i64 0, i64 %zext_ln74_2" [dct.c:74->dct.c:90]   --->   Operation 80 'getelementptr' 'output_addr' <Predicate = (!icmp_ln71)> <Delay = 0.00>
ST_7 : Operation 81 [1/1] (2.66ns)   --->   "store i16 %buf_2d_out_load, i16* %output_addr, align 2" [dct.c:74->dct.c:90]   --->   Operation 81 'store' <Predicate = (!icmp_ln71)> <Delay = 2.66> <Core = "RAM">   --->   Core 37 'RAM' <Latency = 1> <II = 1> <Delay = 2.66> <Storage> <Opcode : 'load' 'store'> <Ports = 2> <Width = 16> <Depth = 64> <RAM>
ST_7 : Operation 82 [1/1] (0.00ns)   --->   "%empty_13 = call i32 (...)* @_ssdm_op_SpecRegionEnd([12 x i8]* @p_str12, i32 %tmp_1_i) nounwind" [dct.c:74->dct.c:90]   --->   Operation 82 'specregionend' 'empty_13' <Predicate = (!icmp_ln71)> <Delay = 0.00>
ST_7 : Operation 83 [1/1] (0.00ns)   --->   "br label %2"   --->   Operation 83 'br' <Predicate = (!icmp_ln71)> <Delay = 0.00>

State 8 <SV = 5> <Delay = 0.00>
ST_8 : Operation 84 [1/1] (0.00ns)   --->   "ret void" [dct.c:91]   --->   Operation 84 'ret' <Predicate = true> <Delay = 0.00>


============================================================
+ Verbose Summary: Binding
============================================================
STG Binding: 
---------------- STG Properties BEGIN ----------------
- Is combinational: 0
- Is one-state seq: 0
- Is datapath-only: 0
- Is pipelined: 0
- Is top level: 1
Port [ Return ] is wired: 1; IO mode=ap_ctrl_hs:ce=0
Port [ input_r]:  wired=1; compound=1; hidden=0; nouse=0; global=0; static=0; extern=0; dir=0; type=1; pingpong=0; private_global=0; MemPort=[13]; IO mode=ap_memory:ce=0
Port [ output_r]:  wired=1; compound=1; hidden=0; nouse=0; global=0; static=0; extern=0; dir=1; type=1; pingpong=0; private_global=0; MemPort=[03]; IO mode=ap_memory:ce=0
Port [ dct_coeff_table_0]:  wired=0; compound=1; hidden=1; nouse=1; global=1; static=1; extern=0; dir=0; type=1; pingpong=0; private_global=0; linkage=7; visibility=0; MemPort=[1]; IO mode=ap_memory:ce=0
Port [ dct_coeff_table_1]:  wired=0; compound=1; hidden=1; nouse=1; global=1; static=1; extern=0; dir=0; type=1; pingpong=0; private_global=0; linkage=7; visibility=0; MemPort=[1]; IO mode=ap_memory:ce=0
Port [ dct_coeff_table_2]:  wired=0; compound=1; hidden=1; nouse=1; global=1; static=1; extern=0; dir=0; type=1; pingpong=0; private_global=0; linkage=7; visibility=0; MemPort=[1]; IO mode=ap_memory:ce=0
Port [ dct_coeff_table_3]:  wired=0; compound=1; hidden=1; nouse=1; global=1; static=1; extern=0; dir=0; type=1; pingpong=0; private_global=0; linkage=7; visibility=0; MemPort=[1]; IO mode=ap_memory:ce=0
Port [ dct_coeff_table_4]:  wired=0; compound=1; hidden=1; nouse=1; global=1; static=1; extern=0; dir=0; type=1; pingpong=0; private_global=0; linkage=7; visibility=0; MemPort=[1]; IO mode=ap_memory:ce=0
Port [ dct_coeff_table_5]:  wired=0; compound=1; hidden=1; nouse=1; global=1; static=1; extern=0; dir=0; type=1; pingpong=0; private_global=0; linkage=7; visibility=0; MemPort=[1]; IO mode=ap_memory:ce=0
Port [ dct_coeff_table_6]:  wired=0; compound=1; hidden=1; nouse=1; global=1; static=1; extern=0; dir=0; type=1; pingpong=0; private_global=0; linkage=7; visibility=0; MemPort=[1]; IO mode=ap_memory:ce=0
Port [ dct_coeff_table_7]:  wired=0; compound=1; hidden=1; nouse=1; global=1; static=1; extern=0; dir=0; type=1; pingpong=0; private_global=0; linkage=7; visibility=0; MemPort=[1]; IO mode=ap_memory:ce=0
---------------- STG Properties END ------------------

---------------- Datapath Model BEGIN ----------------

<LifeTime>
<method=bitvector/>
specbitsmap_ln0   (specbitsmap      ) [ 000000000]
specbitsmap_ln0   (specbitsmap      ) [ 000000000]
spectopmodule_ln0 (spectopmodule    ) [ 000000000]
buf_2d_in         (alloca           ) [ 001111000]
buf_2d_out        (alloca           ) [ 001111110]
br_ln59           (br               ) [ 011100000]
indvar_flatten    (phi              ) [ 001000000]
r_0_i             (phi              ) [ 001000000]
c_0_i             (phi              ) [ 001000000]
icmp_ln59         (icmp             ) [ 001100000]
add_ln59          (add              ) [ 011100000]
br_ln59           (br               ) [ 000000000]
r                 (add              ) [ 000000000]
icmp_ln61         (icmp             ) [ 000000000]
select_ln59       (select           ) [ 001100000]
select_ln59_1     (select           ) [ 011100000]
trunc_ln59        (trunc            ) [ 000000000]
shl_ln62_mid2     (bitconcatenate   ) [ 000000000]
zext_ln61         (zext             ) [ 000000000]
add_ln62          (add              ) [ 000000000]
zext_ln62         (zext             ) [ 000000000]
input_addr        (getelementptr    ) [ 001100000]
c                 (add              ) [ 011100000]
specloopname_ln0  (specloopname     ) [ 000000000]
empty             (speclooptripcount) [ 000000000]
tmp_s             (bitconcatenate   ) [ 000000000]
zext_ln61_1       (zext             ) [ 000000000]
specloopname_ln62 (specloopname     ) [ 000000000]
tmp_2_i           (specregionbegin  ) [ 000000000]
specpipeline_ln62 (specpipeline     ) [ 000000000]
input_load        (load             ) [ 000000000]
zext_ln62_1       (zext             ) [ 000000000]
add_ln62_1        (add              ) [ 000000000]
zext_ln62_2       (zext             ) [ 000000000]
buf_2d_in_addr    (getelementptr    ) [ 000000000]
store_ln62        (store            ) [ 000000000]
empty_11          (specregionend    ) [ 000000000]
br_ln0            (br               ) [ 011100000]
call_ln87         (call             ) [ 000000000]
br_ln71           (br               ) [ 000001110]
indvar_flatten11  (phi              ) [ 000000100]
r_0_i2            (phi              ) [ 000000100]
c_0_i4            (phi              ) [ 000000100]
icmp_ln71         (icmp             ) [ 000000110]
add_ln71          (add              ) [ 000001110]
br_ln71           (br               ) [ 000000000]
r_1               (add              ) [ 000000000]
icmp_ln73         (icmp             ) [ 000000000]
select_ln71       (select           ) [ 000000000]
select_ln71_1     (select           ) [ 000001110]
tmp_3             (bitconcatenate   ) [ 000000000]
zext_ln71         (zext             ) [ 000000000]
trunc_ln71        (trunc            ) [ 000000000]
shl_ln74_mid2     (bitconcatenate   ) [ 000000000]
zext_ln73         (zext             ) [ 000000000]
zext_ln74         (zext             ) [ 000000000]
add_ln74_1        (add              ) [ 000000000]
zext_ln74_1       (zext             ) [ 000000000]
buf_2d_out_addr   (getelementptr    ) [ 000000110]
add_ln74          (add              ) [ 000000110]
c_1               (add              ) [ 000001110]
specloopname_ln0  (specloopname     ) [ 000000000]
empty_12          (speclooptripcount) [ 000000000]
specloopname_ln74 (specloopname     ) [ 000000000]
tmp_1_i           (specregionbegin  ) [ 000000000]
specpipeline_ln74 (specpipeline     ) [ 000000000]
buf_2d_out_load   (load             ) [ 000000000]
zext_ln74_2       (zext             ) [ 000000000]
output_addr       (getelementptr    ) [ 000000000]
store_ln74        (store            ) [ 000000000]
empty_13          (specregionend    ) [ 000000000]
br_ln0            (br               ) [ 000001110]
ret_ln91          (ret              ) [ 000000000]
</LifeTime>

<model>

<comp_list>
<comp id="0" class="1000" name="input_r">
<pin_list>
<pin id="1" dir="1" index="0" bw="1" slack="0"/>
</pin_list>
<bind>
<StgValue><ssdm name="input_r"/><MemPortTyVec>1 3 </MemPortTyVec>
</StgValue>
</bind>
</comp>

<comp id="2" class="1000" name="output_r">
<pin_list>
<pin id="3" dir="1" index="0" bw="1" slack="0"/>
</pin_list>
<bind>
<StgValue><ssdm name="output_r"/><MemPortTyVec>0 3 </MemPortTyVec>
</StgValue>
</bind>
</comp>

<comp id="4" class="1000" name="dct_coeff_table_0">
<pin_list>
<pin id="5" dir="1" index="0" bw="1" slack="0"/>
</pin_list>
<bind>
<StgValue><ssdm name="dct_coeff_table_0"/><MemPortTyVec>1 </MemPortTyVec>
</StgValue>
</bind>
</comp>

<comp id="6" class="1000" name="dct_coeff_table_1">
<pin_list>
<pin id="7" dir="1" index="0" bw="1" slack="0"/>
</pin_list>
<bind>
<StgValue><ssdm name="dct_coeff_table_1"/><MemPortTyVec>1 </MemPortTyVec>
</StgValue>
</bind>
</comp>

<comp id="8" class="1000" name="dct_coeff_table_2">
<pin_list>
<pin id="9" dir="1" index="0" bw="1" slack="0"/>
</pin_list>
<bind>
<StgValue><ssdm name="dct_coeff_table_2"/><MemPortTyVec>1 </MemPortTyVec>
</StgValue>
</bind>
</comp>

<comp id="10" class="1000" name="dct_coeff_table_3">
<pin_list>
<pin id="11" dir="1" index="0" bw="1" slack="0"/>
</pin_list>
<bind>
<StgValue><ssdm name="dct_coeff_table_3"/><MemPortTyVec>1 </MemPortTyVec>
</StgValue>
</bind>
</comp>

<comp id="12" class="1000" name="dct_coeff_table_4">
<pin_list>
<pin id="13" dir="1" index="0" bw="1" slack="0"/>
</pin_list>
<bind>
<StgValue><ssdm name="dct_coeff_table_4"/><MemPortTyVec>1 </MemPortTyVec>
</StgValue>
</bind>
</comp>

<comp id="14" class="1000" name="dct_coeff_table_5">
<pin_list>
<pin id="15" dir="1" index="0" bw="1" slack="0"/>
</pin_list>
<bind>
<StgValue><ssdm name="dct_coeff_table_5"/><MemPortTyVec>1 </MemPortTyVec>
</StgValue>
</bind>
</comp>

<comp id="16" class="1000" name="dct_coeff_table_6">
<pin_list>
<pin id="17" dir="1" index="0" bw="1" slack="0"/>
</pin_list>
<bind>
<StgValue><ssdm name="dct_coeff_table_6"/><MemPortTyVec>1 </MemPortTyVec>
</StgValue>
</bind>
</comp>

<comp id="18" class="1000" name="dct_coeff_table_7">
<pin_list>
<pin id="19" dir="1" index="0" bw="1" slack="0"/>
</pin_list>
<bind>
<StgValue><ssdm name="dct_coeff_table_7"/><MemPortTyVec>1 </MemPortTyVec>
</StgValue>
</bind>
</comp>

<comp id="20" class="1001" name="const_20">
<pin_list>
<pin id="21" dir="1" index="0" bw="1" slack="2147483647"/>
</pin_list>
<bind>
<StgValue><ssdm name="_ssdm_op_SpecBitsMap"/></StgValue>
</bind>
</comp>

<comp id="22" class="1001" name="const_22">
<pin_list>
<pin id="23" dir="1" index="0" bw="1" slack="2147483647"/>
</pin_list>
<bind>
<StgValue><ssdm name="_ssdm_op_SpecTopModule"/></StgValue>
</bind>
</comp>

<comp id="24" class="1001" name="const_24">
<pin_list>
<pin id="25" dir="1" index="0" bw="1" slack="2147483647"/>
</pin_list>
<bind>
<StgValue><ssdm name="dct_str"/></StgValue>
</bind>
</comp>

<comp id="26" class="1001" name="const_26">
<pin_list>
<pin id="27" dir="1" index="0" bw="1" slack="0"/>
</pin_list>
<bind>
<StgValue><ssdm name=""/></StgValue>
</bind>
</comp>

<comp id="28" class="1001" name="const_28">
<pin_list>
<pin id="29" dir="1" index="0" bw="1" slack="1"/>
</pin_list>
<bind>
<StgValue><ssdm name=""/></StgValue>
</bind>
</comp>

<comp id="30" class="1001" name="const_30">
<pin_list>
<pin id="31" dir="1" index="0" bw="1" slack="0"/>
</pin_list>
<bind>
<StgValue><ssdm name=""/></StgValue>
</bind>
</comp>

<comp id="32" class="1001" name="const_32">
<pin_list>
<pin id="33" dir="1" index="0" bw="1" slack="0"/>
</pin_list>
<bind>
<StgValue><ssdm name=""/></StgValue>
</bind>
</comp>

<comp id="34" class="1001" name="const_34">
<pin_list>
<pin id="35" dir="1" index="0" bw="1" slack="0"/>
</pin_list>
<bind>
<StgValue><ssdm name=""/></StgValue>
</bind>
</comp>

<comp id="36" class="1001" name="const_36">
<pin_list>
<pin id="37" dir="1" index="0" bw="1" slack="0"/>
</pin_list>
<bind>
<StgValue><ssdm name=""/></StgValue>
</bind>
</comp>

<comp id="38" class="1001" name="const_38">
<pin_list>
<pin id="39" dir="1" index="0" bw="1" slack="0"/>
</pin_list>
<bind>
<StgValue><ssdm name=""/></StgValue>
</bind>
</comp>

<comp id="40" class="1001" name="const_40">
<pin_list>
<pin id="41" dir="1" index="0" bw="1" slack="0"/>
</pin_list>
<bind>
<StgValue><ssdm name="_ssdm_op_BitConcatenate.i6.i3.i3"/></StgValue>
</bind>
</comp>

<comp id="42" class="1001" name="const_42">
<pin_list>
<pin id="43" dir="1" index="0" bw="1" slack="0"/>
</pin_list>
<bind>
<StgValue><ssdm name=""/></StgValue>
</bind>
</comp>

<comp id="44" class="1001" name="const_44">
<pin_list>
<pin id="45" dir="1" index="0" bw="1" slack="0"/>
</pin_list>
<bind>
<StgValue><ssdm name=""/></StgValue>
</bind>
</comp>

<comp id="46" class="1001" name="const_46">
<pin_list>
<pin id="47" dir="1" index="0" bw="1" slack="2147483647"/>
</pin_list>
<bind>
<StgValue><ssdm name="_ssdm_op_SpecLoopName"/></StgValue>
</bind>
</comp>

<comp id="48" class="1001" name="const_48">
<pin_list>
<pin id="49" dir="1" index="0" bw="1" slack="2147483647"/>
</pin_list>
<bind>
<StgValue><ssdm name="RD_Loop_Row_RD_Loop_s"/></StgValue>
</bind>
</comp>

<comp id="50" class="1001" name="const_50">
<pin_list>
<pin id="51" dir="1" index="0" bw="1" slack="2147483647"/>
</pin_list>
<bind>
<StgValue><ssdm name="_ssdm_op_SpecLoopTripCount"/></StgValue>
</bind>
</comp>

<comp id="52" class="1001" name="const_52">
<pin_list>
<pin id="53" dir="1" index="0" bw="1" slack="2147483647"/>
</pin_list>
<bind>
<StgValue><ssdm name=""/></StgValue>
</bind>
</comp>

<comp id="54" class="1001" name="const_54">
<pin_list>
<pin id="55" dir="1" index="0" bw="1" slack="0"/>
</pin_list>
<bind>
<StgValue><ssdm name="_ssdm_op_BitConcatenate.i7.i4.i3"/></StgValue>
</bind>
</comp>

<comp id="56" class="1001" name="const_56">
<pin_list>
<pin id="57" dir="1" index="0" bw="1" slack="2147483647"/>
</pin_list>
<bind>
<StgValue><ssdm name="p_str10"/></StgValue>
</bind>
</comp>

<comp id="58" class="1001" name="const_58">
<pin_list>
<pin id="59" dir="1" index="0" bw="1" slack="2147483647"/>
</pin_list>
<bind>
<StgValue><ssdm name="_ssdm_op_SpecRegionBegin"/></StgValue>
</bind>
</comp>

<comp id="60" class="1001" name="const_60">
<pin_list>
<pin id="61" dir="1" index="0" bw="1" slack="2147483647"/>
</pin_list>
<bind>
<StgValue><ssdm name="_ssdm_op_SpecPipeline"/></StgValue>
</bind>
</comp>

<comp id="62" class="1001" name="const_62">
<pin_list>
<pin id="63" dir="1" index="0" bw="1" slack="2147483647"/>
</pin_list>
<bind>
<StgValue><ssdm name=""/></StgValue>
</bind>
</comp>

<comp id="64" class="1001" name="const_64">
<pin_list>
<pin id="65" dir="1" index="0" bw="1" slack="2147483647"/>
</pin_list>
<bind>
<StgValue><ssdm name=""/></StgValue>
</bind>
</comp>

<comp id="66" class="1001" name="const_66">
<pin_list>
<pin id="67" dir="1" index="0" bw="1" slack="2147483647"/>
</pin_list>
<bind>
<StgValue><ssdm name=""/></StgValue>
</bind>
</comp>

<comp id="68" class="1001" name="const_68">
<pin_list>
<pin id="69" dir="1" index="0" bw="1" slack="2147483647"/>
</pin_list>
<bind>
<StgValue><ssdm name="p_str1"/></StgValue>
</bind>
</comp>

<comp id="70" class="1001" name="const_70">
<pin_list>
<pin id="71" dir="1" index="0" bw="1" slack="2147483647"/>
</pin_list>
<bind>
<StgValue><ssdm name="_ssdm_op_SpecRegionEnd"/></StgValue>
</bind>
</comp>

<comp id="72" class="1001" name="const_72">
<pin_list>
<pin id="73" dir="1" index="0" bw="1" slack="0"/>
</pin_list>
<bind>
<StgValue><ssdm name="dct_2d"/></StgValue>
</bind>
</comp>

<comp id="74" class="1001" name="const_74">
<pin_list>
<pin id="75" dir="1" index="0" bw="1" slack="2147483647"/>
</pin_list>
<bind>
<StgValue><ssdm name="WR_Loop_Row_WR_Loop_s"/></StgValue>
</bind>
</comp>

<comp id="76" class="1001" name="const_76">
<pin_list>
<pin id="77" dir="1" index="0" bw="1" slack="2147483647"/>
</pin_list>
<bind>
<StgValue><ssdm name="p_str12"/></StgValue>
</bind>
</comp>

<comp id="78" class="1004" name="buf_2d_in_alloca_fu_78">
<pin_list>
<pin id="79" dir="0" index="0" bw="1" slack="0"/>
<pin id="80" dir="1" index="1" bw="16" slack="2147483647"/>
</pin_list>
<bind>
<opcode="alloca(26) " fcode="alloca"/>
<opset="buf_2d_in/1 "/>
</bind>
</comp>

<comp id="82" class="1004" name="buf_2d_out_alloca_fu_82">
<pin_list>
<pin id="83" dir="0" index="0" bw="1" slack="0"/>
<pin id="84" dir="1" index="1" bw="16" slack="2147483647"/>
</pin_list>
<bind>
<opcode="alloca(26) " fcode="alloca"/>
<opset="buf_2d_out/1 "/>
</bind>
</comp>

<comp id="86" class="1004" name="input_addr_gep_fu_86">
<pin_list>
<pin id="87" dir="0" index="0" bw="16" slack="0"/>
<pin id="88" dir="0" index="1" bw="1" slack="0"/>
<pin id="89" dir="0" index="2" bw="6" slack="0"/>
<pin id="90" dir="1" index="3" bw="6" slack="0"/>
</pin_list>
<bind>
<opcode="getelementptr(29) " fcode="getelementptr"/>
<opset="input_addr/2 "/>
</bind>
</comp>

<comp id="93" class="1004" name="grp_access_fu_93">
<pin_list>
<pin id="94" dir="0" index="0" bw="6" slack="0"/>
<pin id="95" dir="0" index="1" bw="16" slack="2147483647"/>
<pin id="96" dir="0" index="2" bw="0" slack="2147483647"/>
<pin id="97" dir="1" index="3" bw="16" slack="0"/>
</pin_list>
<bind>
<opcode="load(27) " fcode="load"/>
<opset="input_load/2 "/>
</bind>
</comp>

<comp id="99" class="1004" name="buf_2d_in_addr_gep_fu_99">
<pin_list>
<pin id="100" dir="0" index="0" bw="16" slack="2147483647"/>
<pin id="101" dir="0" index="1" bw="1" slack="0"/>
<pin id="102" dir="0" index="2" bw="8" slack="0"/>
<pin id="103" dir="1" index="3" bw="6" slack="0"/>
</pin_list>
<bind>
<opcode="getelementptr(29) " fcode="getelementptr"/>
<opset="buf_2d_in_addr/3 "/>
</bind>
</comp>

<comp id="105" class="1004" name="store_ln62_access_fu_105">
<pin_list>
<pin id="106" dir="0" index="0" bw="6" slack="0"/>
<pin id="107" dir="0" index="1" bw="16" slack="0"/>
<pin id="108" dir="0" index="2" bw="0" slack="2147483647"/>
<pin id="109" dir="1" index="3" bw="16" slack="2147483647"/>
</pin_list>
<bind>
<opcode="store(28) " fcode="store"/>
<opset="store_ln62/3 "/>
</bind>
</comp>

<comp id="112" class="1004" name="buf_2d_out_addr_gep_fu_112">
<pin_list>
<pin id="113" dir="0" index="0" bw="16" slack="2147483647"/>
<pin id="114" dir="0" index="1" bw="1" slack="0"/>
<pin id="115" dir="0" index="2" bw="8" slack="0"/>
<pin id="116" dir="1" index="3" bw="6" slack="0"/>
</pin_list>
<bind>
<opcode="getelementptr(29) " fcode="getelementptr"/>
<opset="buf_2d_out_addr/6 "/>
</bind>
</comp>

<comp id="118" class="1004" name="grp_access_fu_118">
<pin_list>
<pin id="119" dir="0" index="0" bw="6" slack="0"/>
<pin id="120" dir="0" index="1" bw="16" slack="2147483647"/>
<pin id="121" dir="0" index="2" bw="0" slack="2147483647"/>
<pin id="122" dir="1" index="3" bw="16" slack="0"/>
</pin_list>
<bind>
<opcode="load(27) " fcode="load"/>
<opset="buf_2d_out_load/6 "/>
</bind>
</comp>

<comp id="124" class="1004" name="output_addr_gep_fu_124">
<pin_list>
<pin id="125" dir="0" index="0" bw="16" slack="0"/>
<pin id="126" dir="0" index="1" bw="1" slack="0"/>
<pin id="127" dir="0" index="2" bw="6" slack="0"/>
<pin id="128" dir="1" index="3" bw="6" slack="0"/>
</pin_list>
<bind>
<opcode="getelementptr(29) " fcode="getelementptr"/>
<opset="output_addr/7 "/>
</bind>
</comp>

<comp id="131" class="1004" name="store_ln74_access_fu_131">
<pin_list>
<pin id="132" dir="0" index="0" bw="6" slack="0"/>
<pin id="133" dir="0" index="1" bw="16" slack="0"/>
<pin id="134" dir="0" index="2" bw="0" slack="2147483647"/>
<pin id="135" dir="1" index="3" bw="16" slack="2147483647"/>
</pin_list>
<bind>
<opcode="store(28) " fcode="store"/>
<opset="store_ln74/7 "/>
</bind>
</comp>

<comp id="138" class="1005" name="indvar_flatten_reg_138">
<pin_list>
<pin id="139" dir="0" index="0" bw="7" slack="1"/>
<pin id="140" dir="1" index="1" bw="7" slack="1"/>
</pin_list>
<bind>
<opset="indvar_flatten (phireg) "/>
</bind>
</comp>

<comp id="142" class="1004" name="indvar_flatten_phi_fu_142">
<pin_list>
<pin id="143" dir="0" index="0" bw="1" slack="1"/>
<pin id="144" dir="0" index="1" bw="0" slack="2147483647"/>
<pin id="145" dir="0" index="2" bw="7" slack="0"/>
<pin id="146" dir="0" index="3" bw="0" slack="2147483647"/>
<pin id="147" dir="1" index="4" bw="7" slack="0"/>
</pin_list>
<bind>
<opcode="phi(47) " fcode="phi"/>
<opset="indvar_flatten/2 "/>
</bind>
</comp>

<comp id="149" class="1005" name="r_0_i_reg_149">
<pin_list>
<pin id="150" dir="0" index="0" bw="4" slack="1"/>
<pin id="151" dir="1" index="1" bw="4" slack="1"/>
</pin_list>
<bind>
<opset="r_0_i (phireg) "/>
</bind>
</comp>

<comp id="153" class="1004" name="r_0_i_phi_fu_153">
<pin_list>
<pin id="154" dir="0" index="0" bw="1" slack="1"/>
<pin id="155" dir="0" index="1" bw="0" slack="2147483647"/>
<pin id="156" dir="0" index="2" bw="4" slack="0"/>
<pin id="157" dir="0" index="3" bw="0" slack="2147483647"/>
<pin id="158" dir="1" index="4" bw="4" slack="0"/>
</pin_list>
<bind>
<opcode="phi(47) " fcode="phi"/>
<opset="r_0_i/2 "/>
</bind>
</comp>

<comp id="160" class="1005" name="c_0_i_reg_160">
<pin_list>
<pin id="161" dir="0" index="0" bw="4" slack="1"/>
<pin id="162" dir="1" index="1" bw="4" slack="1"/>
</pin_list>
<bind>
<opset="c_0_i (phireg) "/>
</bind>
</comp>

<comp id="164" class="1004" name="c_0_i_phi_fu_164">
<pin_list>
<pin id="165" dir="0" index="0" bw="1" slack="1"/>
<pin id="166" dir="0" index="1" bw="0" slack="2147483647"/>
<pin id="167" dir="0" index="2" bw="4" slack="0"/>
<pin id="168" dir="0" index="3" bw="0" slack="2147483647"/>
<pin id="169" dir="1" index="4" bw="4" slack="0"/>
</pin_list>
<bind>
<opcode="phi(47) " fcode="phi"/>
<opset="c_0_i/2 "/>
</bind>
</comp>

<comp id="171" class="1005" name="indvar_flatten11_reg_171">
<pin_list>
<pin id="172" dir="0" index="0" bw="7" slack="1"/>
<pin id="173" dir="1" index="1" bw="7" slack="1"/>
</pin_list>
<bind>
<opset="indvar_flatten11 (phireg) "/>
</bind>
</comp>

<comp id="175" class="1004" name="indvar_flatten11_phi_fu_175">
<pin_list>
<pin id="176" dir="0" index="0" bw="1" slack="1"/>
<pin id="177" dir="0" index="1" bw="0" slack="2147483647"/>
<pin id="178" dir="0" index="2" bw="7" slack="0"/>
<pin id="179" dir="0" index="3" bw="0" slack="2147483647"/>
<pin id="180" dir="1" index="4" bw="7" slack="0"/>
</pin_list>
<bind>
<opcode="phi(47) " fcode="phi"/>
<opset="indvar_flatten11/6 "/>
</bind>
</comp>

<comp id="182" class="1005" name="r_0_i2_reg_182">
<pin_list>
<pin id="183" dir="0" index="0" bw="4" slack="1"/>
<pin id="184" dir="1" index="1" bw="4" slack="1"/>
</pin_list>
<bind>
<opset="r_0_i2 (phireg) "/>
</bind>
</comp>

<comp id="186" class="1004" name="r_0_i2_phi_fu_186">
<pin_list>
<pin id="187" dir="0" index="0" bw="1" slack="1"/>
<pin id="188" dir="0" index="1" bw="0" slack="2147483647"/>
<pin id="189" dir="0" index="2" bw="4" slack="0"/>
<pin id="190" dir="0" index="3" bw="0" slack="2147483647"/>
<pin id="191" dir="1" index="4" bw="4" slack="0"/>
</pin_list>
<bind>
<opcode="phi(47) " fcode="phi"/>
<opset="r_0_i2/6 "/>
</bind>
</comp>

<comp id="193" class="1005" name="c_0_i4_reg_193">
<pin_list>
<pin id="194" dir="0" index="0" bw="4" slack="1"/>
<pin id="195" dir="1" index="1" bw="4" slack="1"/>
</pin_list>
<bind>
<opset="c_0_i4 (phireg) "/>
</bind>
</comp>

<comp id="197" class="1004" name="c_0_i4_phi_fu_197">
<pin_list>
<pin id="198" dir="0" index="0" bw="1" slack="1"/>
<pin id="199" dir="0" index="1" bw="0" slack="2147483647"/>
<pin id="200" dir="0" index="2" bw="4" slack="0"/>
<pin id="201" dir="0" index="3" bw="0" slack="2147483647"/>
<pin id="202" dir="1" index="4" bw="4" slack="0"/>
</pin_list>
<bind>
<opcode="phi(47) " fcode="phi"/>
<opset="c_0_i4/6 "/>
</bind>
</comp>

<comp id="204" class="1004" name="grp_dct_2d_fu_204">
<pin_list>
<pin id="205" dir="0" index="0" bw="0" slack="0"/>
<pin id="206" dir="0" index="1" bw="16" slack="2147483647"/>
<pin id="207" dir="0" index="2" bw="16" slack="2147483647"/>
<pin id="208" dir="0" index="3" bw="14" slack="0"/>
<pin id="209" dir="0" index="4" bw="15" slack="0"/>
<pin id="210" dir="0" index="5" bw="15" slack="0"/>
<pin id="211" dir="0" index="6" bw="15" slack="0"/>
<pin id="212" dir="0" index="7" bw="15" slack="0"/>
<pin id="213" dir="0" index="8" bw="15" slack="0"/>
<pin id="214" dir="0" index="9" bw="15" slack="0"/>
<pin id="215" dir="0" index="10" bw="15" slack="0"/>
<pin id="216" dir="1" index="11" bw="0" slack="2147483647"/>
</pin_list>
<bind>
<opcode="call(48) " fcode="call"/>
<opset="call_ln87/4 "/>
</bind>
</comp>

<comp id="226" class="1004" name="icmp_ln59_fu_226">
<pin_list>
<pin id="227" dir="0" index="0" bw="7" slack="0"/>
<pin id="228" dir="0" index="1" bw="7" slack="0"/>
<pin id="229" dir="1" index="2" bw="1" slack="1"/>
</pin_list>
<bind>
<opcode="icmp(45) " fcode="icmp"/>
<opset="icmp_ln59/2 "/>
</bind>
</comp>

<comp id="232" class="1004" name="add_ln59_fu_232">
<pin_list>
<pin id="233" dir="0" index="0" bw="7" slack="0"/>
<pin id="234" dir="0" index="1" bw="1" slack="0"/>
<pin id="235" dir="1" index="2" bw="7" slack="0"/>
</pin_list>
<bind>
<opcode="add(8) " fcode="add"/>
<opset="add_ln59/2 "/>
</bind>
</comp>

<comp id="238" class="1004" name="r_fu_238">
<pin_list>
<pin id="239" dir="0" index="0" bw="1" slack="0"/>
<pin id="240" dir="0" index="1" bw="4" slack="0"/>
<pin id="241" dir="1" index="2" bw="4" slack="0"/>
</pin_list>
<bind>
<opcode="add(8) " fcode="add"/>
<opset="r/2 "/>
</bind>
</comp>

<comp id="244" class="1004" name="icmp_ln61_fu_244">
<pin_list>
<pin id="245" dir="0" index="0" bw="4" slack="0"/>
<pin id="246" dir="0" index="1" bw="4" slack="0"/>
<pin id="247" dir="1" index="2" bw="1" slack="0"/>
</pin_list>
<bind>
<opcode="icmp(45) " fcode="icmp"/>
<opset="icmp_ln61/2 "/>
</bind>
</comp>

<comp id="250" class="1004" name="select_ln59_fu_250">
<pin_list>
<pin id="251" dir="0" index="0" bw="1" slack="0"/>
<pin id="252" dir="0" index="1" bw="1" slack="0"/>
<pin id="253" dir="0" index="2" bw="4" slack="0"/>
<pin id="254" dir="1" index="3" bw="4" slack="0"/>
</pin_list>
<bind>
<opcode="select(49) " fcode="select"/>
<opset="select_ln59/2 "/>
</bind>
</comp>

<comp id="258" class="1004" name="select_ln59_1_fu_258">
<pin_list>
<pin id="259" dir="0" index="0" bw="1" slack="0"/>
<pin id="260" dir="0" index="1" bw="4" slack="0"/>
<pin id="261" dir="0" index="2" bw="4" slack="0"/>
<pin id="262" dir="1" index="3" bw="4" slack="0"/>
</pin_list>
<bind>
<opcode="select(49) " fcode="select"/>
<opset="select_ln59_1/2 "/>
</bind>
</comp>

<comp id="266" class="1004" name="trunc_ln59_fu_266">
<pin_list>
<pin id="267" dir="0" index="0" bw="4" slack="0"/>
<pin id="268" dir="1" index="1" bw="3" slack="0"/>
</pin_list>
<bind>
<opcode="trunc(33) " fcode="trunc"/>
<opset="trunc_ln59/2 "/>
</bind>
</comp>

<comp id="270" class="1004" name="shl_ln62_mid2_fu_270">
<pin_list>
<pin id="271" dir="0" index="0" bw="6" slack="0"/>
<pin id="272" dir="0" index="1" bw="3" slack="0"/>
<pin id="273" dir="0" index="2" bw="1" slack="0"/>
<pin id="274" dir="1" index="3" bw="6" slack="0"/>
</pin_list>
<bind>
<opcode="bitconcatenate(1004) " fcode="bitconcatenate"/>
<opset="shl_ln62_mid2/2 "/>
</bind>
</comp>

<comp id="278" class="1004" name="zext_ln61_fu_278">
<pin_list>
<pin id="279" dir="0" index="0" bw="4" slack="0"/>
<pin id="280" dir="1" index="1" bw="6" slack="0"/>
</pin_list>
<bind>
<opcode="zext(34) " fcode="zext"/>
<opset="zext_ln61/2 "/>
</bind>
</comp>

<comp id="282" class="1004" name="add_ln62_fu_282">
<pin_list>
<pin id="283" dir="0" index="0" bw="4" slack="0"/>
<pin id="284" dir="0" index="1" bw="6" slack="0"/>
<pin id="285" dir="1" index="2" bw="6" slack="0"/>
</pin_list>
<bind>
<opcode="add(8) " fcode="add"/>
<opset="add_ln62/2 "/>
</bind>
</comp>

<comp id="288" class="1004" name="zext_ln62_fu_288">
<pin_list>
<pin id="289" dir="0" index="0" bw="6" slack="0"/>
<pin id="290" dir="1" index="1" bw="64" slack="0"/>
</pin_list>
<bind>
<opcode="zext(34) " fcode="zext"/>
<opset="zext_ln62/2 "/>
</bind>
</comp>

<comp id="293" class="1004" name="c_fu_293">
<pin_list>
<pin id="294" dir="0" index="0" bw="1" slack="0"/>
<pin id="295" dir="0" index="1" bw="4" slack="0"/>
<pin id="296" dir="1" index="2" bw="4" slack="0"/>
</pin_list>
<bind>
<opcode="add(8) " fcode="add"/>
<opset="c/2 "/>
</bind>
</comp>

<comp id="299" class="1004" name="tmp_s_fu_299">
<pin_list>
<pin id="300" dir="0" index="0" bw="7" slack="0"/>
<pin id="301" dir="0" index="1" bw="4" slack="1"/>
<pin id="302" dir="0" index="2" bw="1" slack="0"/>
<pin id="303" dir="1" index="3" bw="7" slack="0"/>
</pin_list>
<bind>
<opcode="bitconcatenate(1004) " fcode="bitconcatenate"/>
<opset="tmp_s/3 "/>
</bind>
</comp>

<comp id="306" class="1004" name="zext_ln61_1_fu_306">
<pin_list>
<pin id="307" dir="0" index="0" bw="7" slack="0"/>
<pin id="308" dir="1" index="1" bw="8" slack="0"/>
</pin_list>
<bind>
<opcode="zext(34) " fcode="zext"/>
<opset="zext_ln61_1/3 "/>
</bind>
</comp>

<comp id="310" class="1004" name="zext_ln62_1_fu_310">
<pin_list>
<pin id="311" dir="0" index="0" bw="4" slack="1"/>
<pin id="312" dir="1" index="1" bw="8" slack="0"/>
</pin_list>
<bind>
<opcode="zext(34) " fcode="zext"/>
<opset="zext_ln62_1/3 "/>
</bind>
</comp>

<comp id="313" class="1004" name="add_ln62_1_fu_313">
<pin_list>
<pin id="314" dir="0" index="0" bw="7" slack="0"/>
<pin id="315" dir="0" index="1" bw="4" slack="0"/>
<pin id="316" dir="1" index="2" bw="8" slack="0"/>
</pin_list>
<bind>
<opcode="add(8) " fcode="add"/>
<opset="add_ln62_1/3 "/>
</bind>
</comp>

<comp id="319" class="1004" name="zext_ln62_2_fu_319">
<pin_list>
<pin id="320" dir="0" index="0" bw="8" slack="0"/>
<pin id="321" dir="1" index="1" bw="64" slack="0"/>
</pin_list>
<bind>
<opcode="zext(34) " fcode="zext"/>
<opset="zext_ln62_2/3 "/>
</bind>
</comp>

<comp id="324" class="1004" name="icmp_ln71_fu_324">
<pin_list>
<pin id="325" dir="0" index="0" bw="7" slack="0"/>
<pin id="326" dir="0" index="1" bw="7" slack="0"/>
<pin id="327" dir="1" index="2" bw="1" slack="1"/>
</pin_list>
<bind>
<opcode="icmp(45) " fcode="icmp"/>
<opset="icmp_ln71/6 "/>
</bind>
</comp>

<comp id="330" class="1004" name="add_ln71_fu_330">
<pin_list>
<pin id="331" dir="0" index="0" bw="7" slack="0"/>
<pin id="332" dir="0" index="1" bw="1" slack="0"/>
<pin id="333" dir="1" index="2" bw="7" slack="0"/>
</pin_list>
<bind>
<opcode="add(8) " fcode="add"/>
<opset="add_ln71/6 "/>
</bind>
</comp>

<comp id="336" class="1004" name="r_1_fu_336">
<pin_list>
<pin id="337" dir="0" index="0" bw="1" slack="0"/>
<pin id="338" dir="0" index="1" bw="4" slack="0"/>
<pin id="339" dir="1" index="2" bw="4" slack="0"/>
</pin_list>
<bind>
<opcode="add(8) " fcode="add"/>
<opset="r_1/6 "/>
</bind>
</comp>

<comp id="342" class="1004" name="icmp_ln73_fu_342">
<pin_list>
<pin id="343" dir="0" index="0" bw="4" slack="0"/>
<pin id="344" dir="0" index="1" bw="4" slack="0"/>
<pin id="345" dir="1" index="2" bw="1" slack="0"/>
</pin_list>
<bind>
<opcode="icmp(45) " fcode="icmp"/>
<opset="icmp_ln73/6 "/>
</bind>
</comp>

<comp id="348" class="1004" name="select_ln71_fu_348">
<pin_list>
<pin id="349" dir="0" index="0" bw="1" slack="0"/>
<pin id="350" dir="0" index="1" bw="1" slack="0"/>
<pin id="351" dir="0" index="2" bw="4" slack="0"/>
<pin id="352" dir="1" index="3" bw="4" slack="0"/>
</pin_list>
<bind>
<opcode="select(49) " fcode="select"/>
<opset="select_ln71/6 "/>
</bind>
</comp>

<comp id="356" class="1004" name="select_ln71_1_fu_356">
<pin_list>
<pin id="357" dir="0" index="0" bw="1" slack="0"/>
<pin id="358" dir="0" index="1" bw="4" slack="0"/>
<pin id="359" dir="0" index="2" bw="4" slack="0"/>
<pin id="360" dir="1" index="3" bw="4" slack="0"/>
</pin_list>
<bind>
<opcode="select(49) " fcode="select"/>
<opset="select_ln71_1/6 "/>
</bind>
</comp>

<comp id="364" class="1004" name="tmp_3_fu_364">
<pin_list>
<pin id="365" dir="0" index="0" bw="7" slack="0"/>
<pin id="366" dir="0" index="1" bw="4" slack="0"/>
<pin id="367" dir="0" index="2" bw="1" slack="0"/>
<pin id="368" dir="1" index="3" bw="7" slack="0"/>
</pin_list>
<bind>
<opcode="bitconcatenate(1004) " fcode="bitconcatenate"/>
<opset="tmp_3/6 "/>
</bind>
</comp>

<comp id="372" class="1004" name="zext_ln71_fu_372">
<pin_list>
<pin id="373" dir="0" index="0" bw="7" slack="0"/>
<pin id="374" dir="1" index="1" bw="8" slack="0"/>
</pin_list>
<bind>
<opcode="zext(34) " fcode="zext"/>
<opset="zext_ln71/6 "/>
</bind>
</comp>

<comp id="376" class="1004" name="trunc_ln71_fu_376">
<pin_list>
<pin id="377" dir="0" index="0" bw="4" slack="0"/>
<pin id="378" dir="1" index="1" bw="3" slack="0"/>
</pin_list>
<bind>
<opcode="trunc(33) " fcode="trunc"/>
<opset="trunc_ln71/6 "/>
</bind>
</comp>

<comp id="380" class="1004" name="shl_ln74_mid2_fu_380">
<pin_list>
<pin id="381" dir="0" index="0" bw="6" slack="0"/>
<pin id="382" dir="0" index="1" bw="3" slack="0"/>
<pin id="383" dir="0" index="2" bw="1" slack="0"/>
<pin id="384" dir="1" index="3" bw="6" slack="0"/>
</pin_list>
<bind>
<opcode="bitconcatenate(1004) " fcode="bitconcatenate"/>
<opset="shl_ln74_mid2/6 "/>
</bind>
</comp>

<comp id="388" class="1004" name="zext_ln73_fu_388">
<pin_list>
<pin id="389" dir="0" index="0" bw="4" slack="0"/>
<pin id="390" dir="1" index="1" bw="6" slack="0"/>
</pin_list>
<bind>
<opcode="zext(34) " fcode="zext"/>
<opset="zext_ln73/6 "/>
</bind>
</comp>

<comp id="392" class="1004" name="zext_ln74_fu_392">
<pin_list>
<pin id="393" dir="0" index="0" bw="4" slack="0"/>
<pin id="394" dir="1" index="1" bw="8" slack="0"/>
</pin_list>
<bind>
<opcode="zext(34) " fcode="zext"/>
<opset="zext_ln74/6 "/>
</bind>
</comp>

<comp id="396" class="1004" name="add_ln74_1_fu_396">
<pin_list>
<pin id="397" dir="0" index="0" bw="7" slack="0"/>
<pin id="398" dir="0" index="1" bw="4" slack="0"/>
<pin id="399" dir="1" index="2" bw="8" slack="0"/>
</pin_list>
<bind>
<opcode="add(8) " fcode="add"/>
<opset="add_ln74_1/6 "/>
</bind>
</comp>

<comp id="402" class="1004" name="zext_ln74_1_fu_402">
<pin_list>
<pin id="403" dir="0" index="0" bw="8" slack="0"/>
<pin id="404" dir="1" index="1" bw="64" slack="0"/>
</pin_list>
<bind>
<opcode="zext(34) " fcode="zext"/>
<opset="zext_ln74_1/6 "/>
</bind>
</comp>

<comp id="407" class="1004" name="add_ln74_fu_407">
<pin_list>
<pin id="408" dir="0" index="0" bw="4" slack="0"/>
<pin id="409" dir="0" index="1" bw="6" slack="0"/>
<pin id="410" dir="1" index="2" bw="6" slack="1"/>
</pin_list>
<bind>
<opcode="add(8) " fcode="add"/>
<opset="add_ln74/6 "/>
</bind>
</comp>

<comp id="413" class="1004" name="c_1_fu_413">
<pin_list>
<pin id="414" dir="0" index="0" bw="1" slack="0"/>
<pin id="415" dir="0" index="1" bw="4" slack="0"/>
<pin id="416" dir="1" index="2" bw="4" slack="0"/>
</pin_list>
<bind>
<opcode="add(8) " fcode="add"/>
<opset="c_1/6 "/>
</bind>
</comp>

<comp id="419" class="1004" name="zext_ln74_2_fu_419">
<pin_list>
<pin id="420" dir="0" index="0" bw="6" slack="1"/>
<pin id="421" dir="1" index="1" bw="64" slack="0"/>
</pin_list>
<bind>
<opcode="zext(34) " fcode="zext"/>
<opset="zext_ln74_2/7 "/>
</bind>
</comp>

<comp id="423" class="1005" name="icmp_ln59_reg_423">
<pin_list>
<pin id="424" dir="0" index="0" bw="1" slack="1"/>
<pin id="425" dir="1" index="1" bw="1" slack="2147483647"/>
</pin_list>
<bind>
<opset="icmp_ln59 "/>
</bind>
</comp>

<comp id="427" class="1005" name="add_ln59_reg_427">
<pin_list>
<pin id="428" dir="0" index="0" bw="7" slack="0"/>
<pin id="429" dir="1" index="1" bw="7" slack="0"/>
</pin_list>
<bind>
<opset="add_ln59 "/>
</bind>
</comp>

<comp id="432" class="1005" name="select_ln59_reg_432">
<pin_list>
<pin id="433" dir="0" index="0" bw="4" slack="1"/>
<pin id="434" dir="1" index="1" bw="4" slack="1"/>
</pin_list>
<bind>
<opset="select_ln59 "/>
</bind>
</comp>

<comp id="437" class="1005" name="select_ln59_1_reg_437">
<pin_list>
<pin id="438" dir="0" index="0" bw="4" slack="0"/>
<pin id="439" dir="1" index="1" bw="4" slack="0"/>
</pin_list>
<bind>
<opset="select_ln59_1 "/>
</bind>
</comp>

<comp id="443" class="1005" name="input_addr_reg_443">
<pin_list>
<pin id="444" dir="0" index="0" bw="6" slack="1"/>
<pin id="445" dir="1" index="1" bw="6" slack="1"/>
</pin_list>
<bind>
<opset="input_addr "/>
</bind>
</comp>

<comp id="448" class="1005" name="c_reg_448">
<pin_list>
<pin id="449" dir="0" index="0" bw="4" slack="0"/>
<pin id="450" dir="1" index="1" bw="4" slack="0"/>
</pin_list>
<bind>
<opset="c "/>
</bind>
</comp>

<comp id="453" class="1005" name="icmp_ln71_reg_453">
<pin_list>
<pin id="454" dir="0" index="0" bw="1" slack="1"/>
<pin id="455" dir="1" index="1" bw="1" slack="2147483647"/>
</pin_list>
<bind>
<opset="icmp_ln71 "/>
</bind>
</comp>

<comp id="457" class="1005" name="add_ln71_reg_457">
<pin_list>
<pin id="458" dir="0" index="0" bw="7" slack="0"/>
<pin id="459" dir="1" index="1" bw="7" slack="0"/>
</pin_list>
<bind>
<opset="add_ln71 "/>
</bind>
</comp>

<comp id="462" class="1005" name="select_ln71_1_reg_462">
<pin_list>
<pin id="463" dir="0" index="0" bw="4" slack="0"/>
<pin id="464" dir="1" index="1" bw="4" slack="0"/>
</pin_list>
<bind>
<opset="select_ln71_1 "/>
</bind>
</comp>

<comp id="467" class="1005" name="buf_2d_out_addr_reg_467">
<pin_list>
<pin id="468" dir="0" index="0" bw="6" slack="1"/>
<pin id="469" dir="1" index="1" bw="6" slack="1"/>
</pin_list>
<bind>
<opset="buf_2d_out_addr "/>
</bind>
</comp>

<comp id="472" class="1005" name="add_ln74_reg_472">
<pin_list>
<pin id="473" dir="0" index="0" bw="6" slack="1"/>
<pin id="474" dir="1" index="1" bw="6" slack="1"/>
</pin_list>
<bind>
<opset="add_ln74 "/>
</bind>
</comp>

<comp id="477" class="1005" name="c_1_reg_477">
<pin_list>
<pin id="478" dir="0" index="0" bw="4" slack="0"/>
<pin id="479" dir="1" index="1" bw="4" slack="0"/>
</pin_list>
<bind>
<opset="c_1 "/>
</bind>
</comp>

</comp_list>

<net_list>
<net id="81"><net_src comp="26" pin="0"/><net_sink comp="78" pin=0"/></net>

<net id="85"><net_src comp="26" pin="0"/><net_sink comp="82" pin=0"/></net>

<net id="91"><net_src comp="0" pin="0"/><net_sink comp="86" pin=0"/></net>

<net id="92"><net_src comp="44" pin="0"/><net_sink comp="86" pin=1"/></net>

<net id="98"><net_src comp="86" pin="3"/><net_sink comp="93" pin=0"/></net>

<net id="104"><net_src comp="44" pin="0"/><net_sink comp="99" pin=1"/></net>

<net id="110"><net_src comp="93" pin="3"/><net_sink comp="105" pin=1"/></net>

<net id="111"><net_src comp="99" pin="3"/><net_sink comp="105" pin=0"/></net>

<net id="117"><net_src comp="44" pin="0"/><net_sink comp="112" pin=1"/></net>

<net id="123"><net_src comp="112" pin="3"/><net_sink comp="118" pin=0"/></net>

<net id="129"><net_src comp="2" pin="0"/><net_sink comp="124" pin=0"/></net>

<net id="130"><net_src comp="44" pin="0"/><net_sink comp="124" pin=1"/></net>

<net id="136"><net_src comp="118" pin="3"/><net_sink comp="131" pin=1"/></net>

<net id="137"><net_src comp="124" pin="3"/><net_sink comp="131" pin=0"/></net>

<net id="141"><net_src comp="28" pin="0"/><net_sink comp="138" pin=0"/></net>

<net id="148"><net_src comp="138" pin="1"/><net_sink comp="142" pin=0"/></net>

<net id="152"><net_src comp="30" pin="0"/><net_sink comp="149" pin=0"/></net>

<net id="159"><net_src comp="149" pin="1"/><net_sink comp="153" pin=0"/></net>

<net id="163"><net_src comp="30" pin="0"/><net_sink comp="160" pin=0"/></net>

<net id="170"><net_src comp="160" pin="1"/><net_sink comp="164" pin=0"/></net>

<net id="174"><net_src comp="28" pin="0"/><net_sink comp="171" pin=0"/></net>

<net id="181"><net_src comp="171" pin="1"/><net_sink comp="175" pin=0"/></net>

<net id="185"><net_src comp="30" pin="0"/><net_sink comp="182" pin=0"/></net>

<net id="192"><net_src comp="182" pin="1"/><net_sink comp="186" pin=0"/></net>

<net id="196"><net_src comp="30" pin="0"/><net_sink comp="193" pin=0"/></net>

<net id="203"><net_src comp="193" pin="1"/><net_sink comp="197" pin=0"/></net>

<net id="217"><net_src comp="72" pin="0"/><net_sink comp="204" pin=0"/></net>

<net id="218"><net_src comp="4" pin="0"/><net_sink comp="204" pin=3"/></net>

<net id="219"><net_src comp="6" pin="0"/><net_sink comp="204" pin=4"/></net>

<net id="220"><net_src comp="8" pin="0"/><net_sink comp="204" pin=5"/></net>

<net id="221"><net_src comp="10" pin="0"/><net_sink comp="204" pin=6"/></net>

<net id="222"><net_src comp="12" pin="0"/><net_sink comp="204" pin=7"/></net>

<net id="223"><net_src comp="14" pin="0"/><net_sink comp="204" pin=8"/></net>

<net id="224"><net_src comp="16" pin="0"/><net_sink comp="204" pin=9"/></net>

<net id="225"><net_src comp="18" pin="0"/><net_sink comp="204" pin=10"/></net>

<net id="230"><net_src comp="142" pin="4"/><net_sink comp="226" pin=0"/></net>

<net id="231"><net_src comp="32" pin="0"/><net_sink comp="226" pin=1"/></net>

<net id="236"><net_src comp="142" pin="4"/><net_sink comp="232" pin=0"/></net>

<net id="237"><net_src comp="34" pin="0"/><net_sink comp="232" pin=1"/></net>

<net id="242"><net_src comp="36" pin="0"/><net_sink comp="238" pin=0"/></net>

<net id="243"><net_src comp="153" pin="4"/><net_sink comp="238" pin=1"/></net>

<net id="248"><net_src comp="164" pin="4"/><net_sink comp="244" pin=0"/></net>

<net id="249"><net_src comp="38" pin="0"/><net_sink comp="244" pin=1"/></net>

<net id="255"><net_src comp="244" pin="2"/><net_sink comp="250" pin=0"/></net>

<net id="256"><net_src comp="30" pin="0"/><net_sink comp="250" pin=1"/></net>

<net id="257"><net_src comp="164" pin="4"/><net_sink comp="250" pin=2"/></net>

<net id="263"><net_src comp="244" pin="2"/><net_sink comp="258" pin=0"/></net>

<net id="264"><net_src comp="238" pin="2"/><net_sink comp="258" pin=1"/></net>

<net id="265"><net_src comp="153" pin="4"/><net_sink comp="258" pin=2"/></net>

<net id="269"><net_src comp="258" pin="3"/><net_sink comp="266" pin=0"/></net>

<net id="275"><net_src comp="40" pin="0"/><net_sink comp="270" pin=0"/></net>

<net id="276"><net_src comp="266" pin="1"/><net_sink comp="270" pin=1"/></net>

<net id="277"><net_src comp="42" pin="0"/><net_sink comp="270" pin=2"/></net>

<net id="281"><net_src comp="250" pin="3"/><net_sink comp="278" pin=0"/></net>

<net id="286"><net_src comp="278" pin="1"/><net_sink comp="282" pin=0"/></net>

<net id="287"><net_src comp="270" pin="3"/><net_sink comp="282" pin=1"/></net>

<net id="291"><net_src comp="282" pin="2"/><net_sink comp="288" pin=0"/></net>

<net id="292"><net_src comp="288" pin="1"/><net_sink comp="86" pin=2"/></net>

<net id="297"><net_src comp="36" pin="0"/><net_sink comp="293" pin=0"/></net>

<net id="298"><net_src comp="250" pin="3"/><net_sink comp="293" pin=1"/></net>

<net id="304"><net_src comp="54" pin="0"/><net_sink comp="299" pin=0"/></net>

<net id="305"><net_src comp="42" pin="0"/><net_sink comp="299" pin=2"/></net>

<net id="309"><net_src comp="299" pin="3"/><net_sink comp="306" pin=0"/></net>

<net id="317"><net_src comp="306" pin="1"/><net_sink comp="313" pin=0"/></net>

<net id="318"><net_src comp="310" pin="1"/><net_sink comp="313" pin=1"/></net>

<net id="322"><net_src comp="313" pin="2"/><net_sink comp="319" pin=0"/></net>

<net id="323"><net_src comp="319" pin="1"/><net_sink comp="99" pin=2"/></net>

<net id="328"><net_src comp="175" pin="4"/><net_sink comp="324" pin=0"/></net>

<net id="329"><net_src comp="32" pin="0"/><net_sink comp="324" pin=1"/></net>

<net id="334"><net_src comp="175" pin="4"/><net_sink comp="330" pin=0"/></net>

<net id="335"><net_src comp="34" pin="0"/><net_sink comp="330" pin=1"/></net>

<net id="340"><net_src comp="36" pin="0"/><net_sink comp="336" pin=0"/></net>

<net id="341"><net_src comp="186" pin="4"/><net_sink comp="336" pin=1"/></net>

<net id="346"><net_src comp="197" pin="4"/><net_sink comp="342" pin=0"/></net>

<net id="347"><net_src comp="38" pin="0"/><net_sink comp="342" pin=1"/></net>

<net id="353"><net_src comp="342" pin="2"/><net_sink comp="348" pin=0"/></net>

<net id="354"><net_src comp="30" pin="0"/><net_sink comp="348" pin=1"/></net>

<net id="355"><net_src comp="197" pin="4"/><net_sink comp="348" pin=2"/></net>

<net id="361"><net_src comp="342" pin="2"/><net_sink comp="356" pin=0"/></net>

<net id="362"><net_src comp="336" pin="2"/><net_sink comp="356" pin=1"/></net>

<net id="363"><net_src comp="186" pin="4"/><net_sink comp="356" pin=2"/></net>

<net id="369"><net_src comp="54" pin="0"/><net_sink comp="364" pin=0"/></net>

<net id="370"><net_src comp="356" pin="3"/><net_sink comp="364" pin=1"/></net>

<net id="371"><net_src comp="42" pin="0"/><net_sink comp="364" pin=2"/></net>

<net id="375"><net_src comp="364" pin="3"/><net_sink comp="372" pin=0"/></net>

<net id="379"><net_src comp="356" pin="3"/><net_sink comp="376" pin=0"/></net>

<net id="385"><net_src comp="40" pin="0"/><net_sink comp="380" pin=0"/></net>

<net id="386"><net_src comp="376" pin="1"/><net_sink comp="380" pin=1"/></net>

<net id="387"><net_src comp="42" pin="0"/><net_sink comp="380" pin=2"/></net>

<net id="391"><net_src comp="348" pin="3"/><net_sink comp="388" pin=0"/></net>

<net id="395"><net_src comp="348" pin="3"/><net_sink comp="392" pin=0"/></net>

<net id="400"><net_src comp="372" pin="1"/><net_sink comp="396" pin=0"/></net>

<net id="401"><net_src comp="392" pin="1"/><net_sink comp="396" pin=1"/></net>

<net id="405"><net_src comp="396" pin="2"/><net_sink comp="402" pin=0"/></net>

<net id="406"><net_src comp="402" pin="1"/><net_sink comp="112" pin=2"/></net>

<net id="411"><net_src comp="388" pin="1"/><net_sink comp="407" pin=0"/></net>

<net id="412"><net_src comp="380" pin="3"/><net_sink comp="407" pin=1"/></net>

<net id="417"><net_src comp="36" pin="0"/><net_sink comp="413" pin=0"/></net>

<net id="418"><net_src comp="348" pin="3"/><net_sink comp="413" pin=1"/></net>

<net id="422"><net_src comp="419" pin="1"/><net_sink comp="124" pin=2"/></net>

<net id="426"><net_src comp="226" pin="2"/><net_sink comp="423" pin=0"/></net>

<net id="430"><net_src comp="232" pin="2"/><net_sink comp="427" pin=0"/></net>

<net id="431"><net_src comp="427" pin="1"/><net_sink comp="142" pin=2"/></net>

<net id="435"><net_src comp="250" pin="3"/><net_sink comp="432" pin=0"/></net>

<net id="436"><net_src comp="432" pin="1"/><net_sink comp="310" pin=0"/></net>

<net id="440"><net_src comp="258" pin="3"/><net_sink comp="437" pin=0"/></net>

<net id="441"><net_src comp="437" pin="1"/><net_sink comp="153" pin=2"/></net>

<net id="442"><net_src comp="437" pin="1"/><net_sink comp="299" pin=1"/></net>

<net id="446"><net_src comp="86" pin="3"/><net_sink comp="443" pin=0"/></net>

<net id="447"><net_src comp="443" pin="1"/><net_sink comp="93" pin=0"/></net>

<net id="451"><net_src comp="293" pin="2"/><net_sink comp="448" pin=0"/></net>

<net id="452"><net_src comp="448" pin="1"/><net_sink comp="164" pin=2"/></net>

<net id="456"><net_src comp="324" pin="2"/><net_sink comp="453" pin=0"/></net>

<net id="460"><net_src comp="330" pin="2"/><net_sink comp="457" pin=0"/></net>

<net id="461"><net_src comp="457" pin="1"/><net_sink comp="175" pin=2"/></net>

<net id="465"><net_src comp="356" pin="3"/><net_sink comp="462" pin=0"/></net>

<net id="466"><net_src comp="462" pin="1"/><net_sink comp="186" pin=2"/></net>

<net id="470"><net_src comp="112" pin="3"/><net_sink comp="467" pin=0"/></net>

<net id="471"><net_src comp="467" pin="1"/><net_sink comp="118" pin=0"/></net>

<net id="475"><net_src comp="407" pin="2"/><net_sink comp="472" pin=0"/></net>

<net id="476"><net_src comp="472" pin="1"/><net_sink comp="419" pin=0"/></net>

<net id="480"><net_src comp="413" pin="2"/><net_sink comp="477" pin=0"/></net>

<net id="481"><net_src comp="477" pin="1"/><net_sink comp="197" pin=2"/></net>

</net_list>

</model> 
---------------- Datapath Model END ------------------

* FSMD analyzer results:
  - Output states:
	Port: output_r | {7 }
 - Input state : 
	Port: dct : input_r | {2 3 }
	Port: dct : dct_coeff_table_0 | {4 5 }
	Port: dct : dct_coeff_table_1 | {4 5 }
	Port: dct : dct_coeff_table_2 | {4 5 }
	Port: dct : dct_coeff_table_3 | {4 5 }
	Port: dct : dct_coeff_table_4 | {4 5 }
	Port: dct : dct_coeff_table_5 | {4 5 }
	Port: dct : dct_coeff_table_6 | {4 5 }
	Port: dct : dct_coeff_table_7 | {4 5 }
  - Chain level:
	State 1
	State 2
		icmp_ln59 : 1
		add_ln59 : 1
		br_ln59 : 2
		r : 1
		icmp_ln61 : 1
		select_ln59 : 2
		select_ln59_1 : 2
		trunc_ln59 : 3
		shl_ln62_mid2 : 4
		zext_ln61 : 3
		add_ln62 : 5
		zext_ln62 : 6
		input_addr : 7
		input_load : 8
		c : 3
	State 3
		zext_ln61_1 : 1
		add_ln62_1 : 2
		zext_ln62_2 : 3
		buf_2d_in_addr : 4
		store_ln62 : 5
		empty_11 : 1
	State 4
	State 5
	State 6
		icmp_ln71 : 1
		add_ln71 : 1
		br_ln71 : 2
		r_1 : 1
		icmp_ln73 : 1
		select_ln71 : 2
		select_ln71_1 : 2
		tmp_3 : 3
		zext_ln71 : 4
		trunc_ln71 : 3
		shl_ln74_mid2 : 4
		zext_ln73 : 3
		zext_ln74 : 3
		add_ln74_1 : 5
		zext_ln74_1 : 6
		buf_2d_out_addr : 7
		buf_2d_out_load : 8
		add_ln74 : 5
		c_1 : 3
	State 7
		output_addr : 1
		store_ln74 : 2
		empty_13 : 1
	State 8


============================================================
+ Verbose Summary: Datapath Resource usage 
============================================================

* Functional unit list:
|----------|----------------------|---------|---------|---------|---------|---------|---------|
| Operation|    Functional Unit   |   BRAM  |  DSP48E |  Delay  |    FF   |   LUT   |   URAM  |
|----------|----------------------|---------|---------|---------|---------|---------|---------|
|   call   |   grp_dct_2d_fu_204  |    3    |    8    |  21.494 |   547   |   577   |    0    |
|----------|----------------------|---------|---------|---------|---------|---------|---------|
|          |    add_ln59_fu_232   |    0    |    0    |    0    |    0    |    15   |    0    |
|          |       r_fu_238       |    0    |    0    |    0    |    0    |    13   |    0    |
|          |    add_ln62_fu_282   |    0    |    0    |    0    |    0    |    15   |    0    |
|          |       c_fu_293       |    0    |    0    |    0    |    0    |    13   |    0    |
|    add   |   add_ln62_1_fu_313  |    0    |    0    |    0    |    0    |    15   |    0    |
|          |    add_ln71_fu_330   |    0    |    0    |    0    |    0    |    15   |    0    |
|          |      r_1_fu_336      |    0    |    0    |    0    |    0    |    13   |    0    |
|          |   add_ln74_1_fu_396  |    0    |    0    |    0    |    0    |    15   |    0    |
|          |    add_ln74_fu_407   |    0    |    0    |    0    |    0    |    15   |    0    |
|          |      c_1_fu_413      |    0    |    0    |    0    |    0    |    13   |    0    |
|----------|----------------------|---------|---------|---------|---------|---------|---------|
|          |   icmp_ln59_fu_226   |    0    |    0    |    0    |    0    |    11   |    0    |
|   icmp   |   icmp_ln61_fu_244   |    0    |    0    |    0    |    0    |    9    |    0    |
|          |   icmp_ln71_fu_324   |    0    |    0    |    0    |    0    |    11   |    0    |
|          |   icmp_ln73_fu_342   |    0    |    0    |    0    |    0    |    9    |    0    |
|----------|----------------------|---------|---------|---------|---------|---------|---------|
|          |  select_ln59_fu_250  |    0    |    0    |    0    |    0    |    4    |    0    |
|  select  | select_ln59_1_fu_258 |    0    |    0    |    0    |    0    |    4    |    0    |
|          |  select_ln71_fu_348  |    0    |    0    |    0    |    0    |    4    |    0    |
|          | select_ln71_1_fu_356 |    0    |    0    |    0    |    0    |    4    |    0    |
|----------|----------------------|---------|---------|---------|---------|---------|---------|
|   trunc  |   trunc_ln59_fu_266  |    0    |    0    |    0    |    0    |    0    |    0    |
|          |   trunc_ln71_fu_376  |    0    |    0    |    0    |    0    |    0    |    0    |
|----------|----------------------|---------|---------|---------|---------|---------|---------|
|          | shl_ln62_mid2_fu_270 |    0    |    0    |    0    |    0    |    0    |    0    |
|bitconcatenate|     tmp_s_fu_299     |    0    |    0    |    0    |    0    |    0    |    0    |
|          |     tmp_3_fu_364     |    0    |    0    |    0    |    0    |    0    |    0    |
|          | shl_ln74_mid2_fu_380 |    0    |    0    |    0    |    0    |    0    |    0    |
|----------|----------------------|---------|---------|---------|---------|---------|---------|
|          |   zext_ln61_fu_278   |    0    |    0    |    0    |    0    |    0    |    0    |
|          |   zext_ln62_fu_288   |    0    |    0    |    0    |    0    |    0    |    0    |
|          |  zext_ln61_1_fu_306  |    0    |    0    |    0    |    0    |    0    |    0    |
|          |  zext_ln62_1_fu_310  |    0    |    0    |    0    |    0    |    0    |    0    |
|   zext   |  zext_ln62_2_fu_319  |    0    |    0    |    0    |    0    |    0    |    0    |
|          |   zext_ln71_fu_372   |    0    |    0    |    0    |    0    |    0    |    0    |
|          |   zext_ln73_fu_388   |    0    |    0    |    0    |    0    |    0    |    0    |
|          |   zext_ln74_fu_392   |    0    |    0    |    0    |    0    |    0    |    0    |
|          |  zext_ln74_1_fu_402  |    0    |    0    |    0    |    0    |    0    |    0    |
|          |  zext_ln74_2_fu_419  |    0    |    0    |    0    |    0    |    0    |    0    |
|----------|----------------------|---------|---------|---------|---------|---------|---------|
|   Total  |                      |    3    |    8    |  21.494 |   547   |   775   |    0    |
|----------|----------------------|---------|---------|---------|---------|---------|---------|

Memories:
+-----------------+--------+--------+--------+--------+
|                 |  BRAM  |   FF   |   LUT  |  URAM  |
+-----------------+--------+--------+--------+--------+
|    buf_2d_in    |    1   |    0   |    0   |    0   |
|    buf_2d_out   |    1   |    0   |    0   |    0   |
|dct_coeff_table_0|    0   |   14   |    2   |    -   |
|dct_coeff_table_1|    0   |   15   |    2   |    -   |
|dct_coeff_table_2|    0   |   15   |    2   |    -   |
|dct_coeff_table_3|    0   |   15   |    2   |    -   |
|dct_coeff_table_4|    0   |   15   |    2   |    -   |
|dct_coeff_table_5|    0   |   15   |    2   |    -   |
|dct_coeff_table_6|    0   |   15   |    2   |    -   |
|dct_coeff_table_7|    0   |   15   |    2   |    -   |
+-----------------+--------+--------+--------+--------+
|      Total      |    2   |   119  |   16   |    0   |
+-----------------+--------+--------+--------+--------+

* Register list:
+------------------------+--------+
|                        |   FF   |
+------------------------+--------+
|    add_ln59_reg_427    |    7   |
|    add_ln71_reg_457    |    7   |
|    add_ln74_reg_472    |    6   |
| buf_2d_out_addr_reg_467|    6   |
|     c_0_i4_reg_193     |    4   |
|      c_0_i_reg_160     |    4   |
|       c_1_reg_477      |    4   |
|        c_reg_448       |    4   |
|    icmp_ln59_reg_423   |    1   |
|    icmp_ln71_reg_453   |    1   |
|indvar_flatten11_reg_171|    7   |
| indvar_flatten_reg_138 |    7   |
|   input_addr_reg_443   |    6   |
|     r_0_i2_reg_182     |    4   |
|      r_0_i_reg_149     |    4   |
|  select_ln59_1_reg_437 |    4   |
|   select_ln59_reg_432  |    4   |
|  select_ln71_1_reg_462 |    4   |
+------------------------+--------+
|          Total         |   84   |
+------------------------+--------+

* Multiplexer (MUX) list: 
|-------------------|------|------|------|--------||---------||---------|
|        Comp       |  Pin | Size |  BW  | S x BW ||  Delay  ||   LUT   |
|-------------------|------|------|------|--------||---------||---------|
|  grp_access_fu_93 |  p0  |   2  |   6  |   12   ||    9    |
| grp_access_fu_118 |  p0  |   2  |   6  |   12   ||    9    |
|-------------------|------|------|------|--------||---------||---------|
|       Total       |      |      |      |   24   ||  2.122  ||    18   |
|-------------------|------|------|------|--------||---------||---------|



* Summary:
+-----------+--------+--------+--------+--------+--------+--------+
|           |  BRAM  | DSP48E |  Delay |   FF   |   LUT  |  URAM  |
+-----------+--------+--------+--------+--------+--------+--------+
|  Function |    3   |    8   |   21   |   547  |   775  |    0   |
|   Memory  |    2   |    -   |    -   |   119  |   16   |    0   |
|Multiplexer|    -   |    -   |    2   |    -   |   18   |    -   |
|  Register |    -   |    -   |    -   |   84   |    -   |    -   |
+-----------+--------+--------+--------+--------+--------+--------+
|   Total   |    5   |    8   |   23   |   750  |   809  |    0   |
+-----------+--------+--------+--------+--------+--------+--------+
