

================================================================
== Vivado HLS Report for 'dct_2d'
================================================================
* Date:           Mon Oct 21 18:25:18 2019

* Version:        2019.1 (Build 2552052 on Fri May 24 15:28:33 MDT 2019)
* Project:        dct_prj
* Solution:       solution3
* Product family: kintex7
* Target device:  xc7k160t-fbg484-1


================================================================
== Performance Estimates
================================================================
+ Timing (ns): 
    * Summary: 
    +--------+-------+----------+------------+
    |  Clock | Target| Estimated| Uncertainty|
    +--------+-------+----------+------------+
    |ap_clk  |  10.00|     8.454|        1.25|
    +--------+-------+----------+------------+

+ Latency (clock cycles): 
    * Summary: 
    +-----+-----+-----+-----+---------+
    |  Latency  |  Interval | Pipeline|
    | min | max | min | max |   Type  |
    +-----+-----+-----+-----+---------+
    |  726|  726|  726|  726|   none  |
    +-----+-----+-----+-----+---------+

    + Detail: 
        * Instance: 
        +--------------------+---------+-----+-----+-----+-----+---------+
        |                    |         |  Latency  |  Interval | Pipeline|
        |      Instance      |  Module | min | max | min | max |   Type  |
        +--------------------+---------+-----+-----+-----+-----+---------+
        |grp_dct_1d2_fu_229  |dct_1d2  |   35|   35|   35|   35|   none  |
        +--------------------+---------+-----+-----+-----+-----+---------+

        * Loop: 
        +---------------------------------------------+-----+-----+----------+-----------+-----------+------+----------+
        |                                             |  Latency  | Iteration|  Initiation Interval  | Trip |          |
        |                  Loop Name                  | min | max |  Latency |  achieved |   target  | Count| Pipelined|
        +---------------------------------------------+-----+-----+----------+-----------+-----------+------+----------+
        |- Row_DCT_Loop                               |  296|  296|        37|          -|          -|     8|    no    |
        |- Xpose_Row_Outer_Loop_Xpose_Row_Inner_Loop  |   64|   64|         2|          1|          1|    64|    yes   |
        |- Col_DCT_Loop                               |  296|  296|        37|          -|          -|     8|    no    |
        |- Xpose_Col_Outer_Loop_Xpose_Col_Inner_Loop  |   64|   64|         2|          1|          1|    64|    yes   |
        +---------------------------------------------+-----+-----+----------+-----------+-----------+------+----------+

============================================================
+ Verbose Summary: Synthesis Manager
============================================================
InlineROM: 1
ExposeGlobal: 0
============================================================
+ Verbose Summary: CDFG Model
============================================================
IsTopModel: 0
ResetActiveHigh: 1
IsCombinational: 0
IsDatapathOnly: 0
HasWiredReturn: 1
HasMFsm: 0
HasVarLatency: 1
IsPipeline: 0
IsRtlPipelined: 0
IsInstanceOverlapped: 0
IsDontTouch: 0
HasImplIP: 0
IsGatedGlobalClock: 0

+ Individual pipeline summary: 
  * Pipeline-0: initiation interval (II) = 1, depth = 2
  * Pipeline-1: initiation interval (II) = 1, depth = 2


============================================================
+ Verbose Summary: Schedule
============================================================
* Number of FSM states : 11
* Pipeline : 2
  Pipeline-0 : II = 1, D = 2, States = { 4 5 }
  Pipeline-1 : II = 1, D = 2, States = { 9 10 }
* Dataflow Pipeline: 0

* FSM state transitions: 
1 --> 2 
2 --> 3 4 
3 --> 2 
4 --> 6 5 
5 --> 4 
6 --> 7 
7 --> 8 9 
8 --> 7 
9 --> 11 10 
10 --> 9 
11 --> 

* FSM state operations: 

State 1 <SV = 0> <Delay = 2.66>
ST_1 : Operation 12 [1/1] (2.66ns)   --->   "%row_outbuf = alloca [64 x i16], align 2"   --->   Operation 12 'alloca' 'row_outbuf' <Predicate = true> <Delay = 2.66> <Core = "RAM">   --->   Core 37 'RAM' <Latency = 1> <II = 1> <Delay = 2.66> <Storage> <Opcode : 'load' 'store'> <Ports = 2> <Width = 16> <Depth = 64> <RAM>
ST_1 : Operation 13 [1/1] (2.66ns)   --->   "%col_outbuf = alloca [64 x i16], align 2"   --->   Operation 13 'alloca' 'col_outbuf' <Predicate = true> <Delay = 2.66> <Core = "RAM">   --->   Core 37 'RAM' <Latency = 1> <II = 1> <Delay = 2.66> <Storage> <Opcode : 'load' 'store'> <Ports = 2> <Width = 16> <Depth = 64> <RAM>
ST_1 : Operation 14 [1/1] (2.66ns)   --->   "%col_inbuf = alloca [64 x i16], align 2" [dct.c:27]   --->   Operation 14 'alloca' 'col_inbuf' <Predicate = true> <Delay = 2.66> <Core = "RAM">   --->   Core 37 'RAM' <Latency = 1> <II = 1> <Delay = 2.66> <Storage> <Opcode : 'load' 'store'> <Ports = 2> <Width = 16> <Depth = 64> <RAM>
ST_1 : Operation 15 [1/1] (1.06ns)   --->   "br label %1" [dct.c:32]   --->   Operation 15 'br' <Predicate = true> <Delay = 1.06>

State 2 <SV = 1> <Delay = 1.70>
ST_2 : Operation 16 [1/1] (0.00ns)   --->   "%i_0 = phi i4 [ 0, %0 ], [ %i, %2 ]"   --->   Operation 16 'phi' 'i_0' <Predicate = true> <Delay = 0.00>
ST_2 : Operation 17 [1/1] (1.08ns)   --->   "%icmp_ln32 = icmp eq i4 %i_0, -8" [dct.c:32]   --->   Operation 17 'icmp' 'icmp_ln32' <Predicate = true> <Delay = 1.08> <Core = "Cmp">   --->   Core 25 'Cmp' <Latency = 0> <II = 1> <Delay = 1.08> <FuncUnit> <Opcode : 'icmp'> <InPorts = 2> <OutPorts = 1>
ST_2 : Operation 18 [1/1] (0.00ns)   --->   "%empty = call i32 (...)* @_ssdm_op_SpecLoopTripCount(i64 8, i64 8, i64 8)"   --->   Operation 18 'speclooptripcount' 'empty' <Predicate = true> <Delay = 0.00>
ST_2 : Operation 19 [1/1] (1.32ns)   --->   "%i = add i4 %i_0, 1" [dct.c:32]   --->   Operation 19 'add' 'i' <Predicate = true> <Delay = 1.32> <Core = "AddSub">   --->   Core 14 'AddSub' <Latency = 0> <II = 1> <Delay = 1.37> <FuncUnit> <Opcode : 'add' 'sub'> <InPorts = 2> <OutPorts = 1>
ST_2 : Operation 20 [1/1] (0.00ns)   --->   "br i1 %icmp_ln32, label %.preheader2.preheader.preheader, label %2" [dct.c:32]   --->   Operation 20 'br' <Predicate = true> <Delay = 0.00>
ST_2 : Operation 21 [2/2] (1.06ns)   --->   "call fastcc void @dct_1d2([64 x i16]* %in_block, i4 %i_0, [64 x i16]* %row_outbuf, i4 %i_0)" [dct.c:33]   --->   Operation 21 'call' <Predicate = (!icmp_ln32)> <Delay = 1.06> <CoreType = "Generic">   --->   Core 0 '' <Latency = 0> <II = 1> <Delay = 1.00> <Generic> <Opcode : >
ST_2 : Operation 22 [1/1] (1.06ns)   --->   "br label %.preheader2.preheader" [dct.c:37]   --->   Operation 22 'br' <Predicate = (icmp_ln32)> <Delay = 1.06>

State 3 <SV = 2> <Delay = 0.00>
ST_3 : Operation 23 [1/1] (0.00ns)   --->   "call void (...)* @_ssdm_op_SpecLoopName([13 x i8]* @p_str3) nounwind" [dct.c:32]   --->   Operation 23 'specloopname' <Predicate = true> <Delay = 0.00>
ST_3 : Operation 24 [1/2] (0.00ns)   --->   "call fastcc void @dct_1d2([64 x i16]* %in_block, i4 %i_0, [64 x i16]* %row_outbuf, i4 %i_0)" [dct.c:33]   --->   Operation 24 'call' <Predicate = true> <Delay = 0.00> <CoreType = "Generic">   --->   Core 0 '' <Latency = 0> <II = 1> <Delay = 1.00> <Generic> <Opcode : >
ST_3 : Operation 25 [1/1] (0.00ns)   --->   "br label %1" [dct.c:32]   --->   Operation 25 'br' <Predicate = true> <Delay = 0.00>

State 4 <SV = 2> <Delay = 6.01>
ST_4 : Operation 26 [1/1] (0.00ns)   --->   "%indvar_flatten = phi i7 [ %add_ln37, %Xpose_Row_Inner_Loop ], [ 0, %.preheader2.preheader.preheader ]" [dct.c:37]   --->   Operation 26 'phi' 'indvar_flatten' <Predicate = true> <Delay = 0.00>
ST_4 : Operation 27 [1/1] (0.00ns)   --->   "%j_0 = phi i4 [ %select_ln40_1, %Xpose_Row_Inner_Loop ], [ 0, %.preheader2.preheader.preheader ]" [dct.c:40]   --->   Operation 27 'phi' 'j_0' <Predicate = true> <Delay = 0.00>
ST_4 : Operation 28 [1/1] (0.00ns)   --->   "%i_1 = phi i4 [ %i_4, %Xpose_Row_Inner_Loop ], [ 0, %.preheader2.preheader.preheader ]"   --->   Operation 28 'phi' 'i_1' <Predicate = true> <Delay = 0.00>
ST_4 : Operation 29 [1/1] (1.18ns)   --->   "%icmp_ln37 = icmp eq i7 %indvar_flatten, -64" [dct.c:37]   --->   Operation 29 'icmp' 'icmp_ln37' <Predicate = true> <Delay = 1.18> <Core = "Cmp">   --->   Core 25 'Cmp' <Latency = 0> <II = 1> <Delay = 1.08> <FuncUnit> <Opcode : 'icmp'> <InPorts = 2> <OutPorts = 1>
ST_4 : Operation 30 [1/1] (1.37ns)   --->   "%add_ln37 = add i7 %indvar_flatten, 1" [dct.c:37]   --->   Operation 30 'add' 'add_ln37' <Predicate = true> <Delay = 1.37> <Core = "AddSub">   --->   Core 14 'AddSub' <Latency = 0> <II = 1> <Delay = 1.37> <FuncUnit> <Opcode : 'add' 'sub'> <InPorts = 2> <OutPorts = 1>
ST_4 : Operation 31 [1/1] (0.00ns)   --->   "br i1 %icmp_ln37, label %.preheader1.preheader, label %Xpose_Row_Inner_Loop" [dct.c:37]   --->   Operation 31 'br' <Predicate = true> <Delay = 0.00>
ST_4 : Operation 32 [1/1] (1.32ns)   --->   "%j = add i4 %j_0, 1" [dct.c:37]   --->   Operation 32 'add' 'j' <Predicate = (!icmp_ln37)> <Delay = 1.32> <Core = "AddSub">   --->   Core 14 'AddSub' <Latency = 0> <II = 1> <Delay = 1.37> <FuncUnit> <Opcode : 'add' 'sub'> <InPorts = 2> <OutPorts = 1>
ST_4 : Operation 33 [1/1] (1.08ns)   --->   "%icmp_ln39 = icmp eq i4 %i_1, -8" [dct.c:39]   --->   Operation 33 'icmp' 'icmp_ln39' <Predicate = (!icmp_ln37)> <Delay = 1.08> <Core = "Cmp">   --->   Core 25 'Cmp' <Latency = 0> <II = 1> <Delay = 1.08> <FuncUnit> <Opcode : 'icmp'> <InPorts = 2> <OutPorts = 1>
ST_4 : Operation 34 [1/1] (0.66ns)   --->   "%select_ln40 = select i1 %icmp_ln39, i4 0, i4 %i_1" [dct.c:40]   --->   Operation 34 'select' 'select_ln40' <Predicate = (!icmp_ln37)> <Delay = 0.66> <Core = "Sel">   --->   Core 26 'Sel' <Latency = 0> <II = 1> <Delay = 0.66> <FuncUnit> <Opcode : 'select'> <InPorts = 3> <OutPorts = 1>
ST_4 : Operation 35 [1/1] (0.66ns)   --->   "%select_ln40_1 = select i1 %icmp_ln39, i4 %j, i4 %j_0" [dct.c:40]   --->   Operation 35 'select' 'select_ln40_1' <Predicate = (!icmp_ln37)> <Delay = 0.66> <Core = "Sel">   --->   Core 26 'Sel' <Latency = 0> <II = 1> <Delay = 0.66> <FuncUnit> <Opcode : 'select'> <InPorts = 3> <OutPorts = 1>
ST_4 : Operation 36 [1/1] (0.00ns)   --->   "%zext_ln40 = zext i4 %select_ln40_1 to i8" [dct.c:40]   --->   Operation 36 'zext' 'zext_ln40' <Predicate = (!icmp_ln37)> <Delay = 0.00>
ST_4 : Operation 37 [1/1] (0.00ns)   --->   "%tmp_1 = call i7 @_ssdm_op_BitConcatenate.i7.i4.i3(i4 %select_ln40, i3 0)" [dct.c:40]   --->   Operation 37 'bitconcatenate' 'tmp_1' <Predicate = (!icmp_ln37)> <Delay = 0.00>
ST_4 : Operation 38 [1/1] (0.00ns)   --->   "%zext_ln40_3 = zext i7 %tmp_1 to i8" [dct.c:40]   --->   Operation 38 'zext' 'zext_ln40_3' <Predicate = (!icmp_ln37)> <Delay = 0.00>
ST_4 : Operation 39 [1/1] (1.37ns)   --->   "%add_ln40 = add i8 %zext_ln40, %zext_ln40_3" [dct.c:40]   --->   Operation 39 'add' 'add_ln40' <Predicate = (!icmp_ln37)> <Delay = 1.37> <Core = "AddSub">   --->   Core 14 'AddSub' <Latency = 0> <II = 1> <Delay = 1.37> <FuncUnit> <Opcode : 'add' 'sub'> <InPorts = 2> <OutPorts = 1>
ST_4 : Operation 40 [1/1] (0.00ns)   --->   "%zext_ln40_4 = zext i8 %add_ln40 to i64" [dct.c:40]   --->   Operation 40 'zext' 'zext_ln40_4' <Predicate = (!icmp_ln37)> <Delay = 0.00>
ST_4 : Operation 41 [1/1] (0.00ns)   --->   "%row_outbuf_addr = getelementptr [64 x i16]* %row_outbuf, i64 0, i64 %zext_ln40_4" [dct.c:40]   --->   Operation 41 'getelementptr' 'row_outbuf_addr' <Predicate = (!icmp_ln37)> <Delay = 0.00>
ST_4 : Operation 42 [2/2] (2.66ns)   --->   "%row_outbuf_load = load i16* %row_outbuf_addr, align 2" [dct.c:40]   --->   Operation 42 'load' 'row_outbuf_load' <Predicate = (!icmp_ln37)> <Delay = 2.66> <Core = "RAM">   --->   Core 37 'RAM' <Latency = 1> <II = 1> <Delay = 2.66> <Storage> <Opcode : 'load' 'store'> <Ports = 2> <Width = 16> <Depth = 64> <RAM>
ST_4 : Operation 43 [1/1] (1.32ns)   --->   "%i_4 = add i4 %select_ln40, 1" [dct.c:39]   --->   Operation 43 'add' 'i_4' <Predicate = (!icmp_ln37)> <Delay = 1.32> <Core = "AddSub">   --->   Core 14 'AddSub' <Latency = 0> <II = 1> <Delay = 1.37> <FuncUnit> <Opcode : 'add' 'sub'> <InPorts = 2> <OutPorts = 1>

State 5 <SV = 3> <Delay = 5.32>
ST_5 : Operation 44 [1/1] (0.00ns)   --->   "call void (...)* @_ssdm_op_SpecLoopName([42 x i8]* @Xpose_Row_Outer_Loop)"   --->   Operation 44 'specloopname' <Predicate = (!icmp_ln37)> <Delay = 0.00>
ST_5 : Operation 45 [1/1] (0.00ns)   --->   "%empty_5 = call i32 (...)* @_ssdm_op_SpecLoopTripCount(i64 64, i64 64, i64 64)"   --->   Operation 45 'speclooptripcount' 'empty_5' <Predicate = (!icmp_ln37)> <Delay = 0.00>
ST_5 : Operation 46 [1/1] (0.00ns)   --->   "%tmp = call i7 @_ssdm_op_BitConcatenate.i7.i4.i3(i4 %select_ln40_1, i3 0)" [dct.c:40]   --->   Operation 46 'bitconcatenate' 'tmp' <Predicate = (!icmp_ln37)> <Delay = 0.00>
ST_5 : Operation 47 [1/1] (0.00ns)   --->   "%zext_ln40_1 = zext i7 %tmp to i8" [dct.c:40]   --->   Operation 47 'zext' 'zext_ln40_1' <Predicate = (!icmp_ln37)> <Delay = 0.00>
ST_5 : Operation 48 [1/1] (0.00ns)   --->   "call void (...)* @_ssdm_op_SpecLoopName([21 x i8]* @p_str5) nounwind" [dct.c:40]   --->   Operation 48 'specloopname' <Predicate = (!icmp_ln37)> <Delay = 0.00>
ST_5 : Operation 49 [1/1] (0.00ns)   --->   "%tmp_4 = call i32 (...)* @_ssdm_op_SpecRegionBegin([21 x i8]* @p_str5)" [dct.c:40]   --->   Operation 49 'specregionbegin' 'tmp_4' <Predicate = (!icmp_ln37)> <Delay = 0.00>
ST_5 : Operation 50 [1/1] (0.00ns)   --->   "call void (...)* @_ssdm_op_SpecPipeline(i32 -1, i32 1, i32 1, i32 0, [1 x i8]* @p_str1) nounwind" [dct.c:40]   --->   Operation 50 'specpipeline' <Predicate = (!icmp_ln37)> <Delay = 0.00>
ST_5 : Operation 51 [1/1] (0.00ns)   --->   "%zext_ln40_2 = zext i4 %select_ln40 to i8" [dct.c:40]   --->   Operation 51 'zext' 'zext_ln40_2' <Predicate = (!icmp_ln37)> <Delay = 0.00>
ST_5 : Operation 52 [1/1] (1.37ns)   --->   "%add_ln40_1 = add i8 %zext_ln40_2, %zext_ln40_1" [dct.c:40]   --->   Operation 52 'add' 'add_ln40_1' <Predicate = (!icmp_ln37)> <Delay = 1.37> <Core = "AddSub">   --->   Core 14 'AddSub' <Latency = 0> <II = 1> <Delay = 1.37> <FuncUnit> <Opcode : 'add' 'sub'> <InPorts = 2> <OutPorts = 1>
ST_5 : Operation 53 [1/1] (0.00ns)   --->   "%zext_ln40_5 = zext i8 %add_ln40_1 to i64" [dct.c:40]   --->   Operation 53 'zext' 'zext_ln40_5' <Predicate = (!icmp_ln37)> <Delay = 0.00>
ST_5 : Operation 54 [1/1] (0.00ns)   --->   "%col_inbuf_addr = getelementptr [64 x i16]* %col_inbuf, i64 0, i64 %zext_ln40_5" [dct.c:40]   --->   Operation 54 'getelementptr' 'col_inbuf_addr' <Predicate = (!icmp_ln37)> <Delay = 0.00>
ST_5 : Operation 55 [1/2] (2.66ns)   --->   "%row_outbuf_load = load i16* %row_outbuf_addr, align 2" [dct.c:40]   --->   Operation 55 'load' 'row_outbuf_load' <Predicate = (!icmp_ln37)> <Delay = 2.66> <Core = "RAM">   --->   Core 37 'RAM' <Latency = 1> <II = 1> <Delay = 2.66> <Storage> <Opcode : 'load' 'store'> <Ports = 2> <Width = 16> <Depth = 64> <RAM>
ST_5 : Operation 56 [1/1] (2.66ns)   --->   "store i16 %row_outbuf_load, i16* %col_inbuf_addr, align 2" [dct.c:40]   --->   Operation 56 'store' <Predicate = (!icmp_ln37)> <Delay = 2.66> <Core = "RAM">   --->   Core 37 'RAM' <Latency = 1> <II = 1> <Delay = 2.66> <Storage> <Opcode : 'load' 'store'> <Ports = 2> <Width = 16> <Depth = 64> <RAM>
ST_5 : Operation 57 [1/1] (0.00ns)   --->   "%empty_6 = call i32 (...)* @_ssdm_op_SpecRegionEnd([21 x i8]* @p_str5, i32 %tmp_4)" [dct.c:40]   --->   Operation 57 'specregionend' 'empty_6' <Predicate = (!icmp_ln37)> <Delay = 0.00>
ST_5 : Operation 58 [1/1] (0.00ns)   --->   "br label %.preheader2.preheader"   --->   Operation 58 'br' <Predicate = (!icmp_ln37)> <Delay = 0.00>

State 6 <SV = 3> <Delay = 1.06>
ST_6 : Operation 59 [1/1] (1.06ns)   --->   "br label %.preheader1" [dct.c:43]   --->   Operation 59 'br' <Predicate = true> <Delay = 1.06>

State 7 <SV = 4> <Delay = 1.70>
ST_7 : Operation 60 [1/1] (0.00ns)   --->   "%i_2 = phi i4 [ %i_5, %3 ], [ 0, %.preheader1.preheader ]"   --->   Operation 60 'phi' 'i_2' <Predicate = true> <Delay = 0.00>
ST_7 : Operation 61 [1/1] (1.08ns)   --->   "%icmp_ln43 = icmp eq i4 %i_2, -8" [dct.c:43]   --->   Operation 61 'icmp' 'icmp_ln43' <Predicate = true> <Delay = 1.08> <Core = "Cmp">   --->   Core 25 'Cmp' <Latency = 0> <II = 1> <Delay = 1.08> <FuncUnit> <Opcode : 'icmp'> <InPorts = 2> <OutPorts = 1>
ST_7 : Operation 62 [1/1] (0.00ns)   --->   "%empty_7 = call i32 (...)* @_ssdm_op_SpecLoopTripCount(i64 8, i64 8, i64 8)"   --->   Operation 62 'speclooptripcount' 'empty_7' <Predicate = true> <Delay = 0.00>
ST_7 : Operation 63 [1/1] (1.32ns)   --->   "%i_5 = add i4 %i_2, 1" [dct.c:43]   --->   Operation 63 'add' 'i_5' <Predicate = true> <Delay = 1.32> <Core = "AddSub">   --->   Core 14 'AddSub' <Latency = 0> <II = 1> <Delay = 1.37> <FuncUnit> <Opcode : 'add' 'sub'> <InPorts = 2> <OutPorts = 1>
ST_7 : Operation 64 [1/1] (0.00ns)   --->   "br i1 %icmp_ln43, label %.preheader.preheader.preheader, label %3" [dct.c:43]   --->   Operation 64 'br' <Predicate = true> <Delay = 0.00>
ST_7 : Operation 65 [2/2] (1.06ns)   --->   "call fastcc void @dct_1d2([64 x i16]* %col_inbuf, i4 %i_2, [64 x i16]* %col_outbuf, i4 %i_2)" [dct.c:44]   --->   Operation 65 'call' <Predicate = (!icmp_ln43)> <Delay = 1.06> <CoreType = "Generic">   --->   Core 0 '' <Latency = 0> <II = 1> <Delay = 1.00> <Generic> <Opcode : >
ST_7 : Operation 66 [1/1] (1.06ns)   --->   "br label %.preheader.preheader" [dct.c:48]   --->   Operation 66 'br' <Predicate = (icmp_ln43)> <Delay = 1.06>

State 8 <SV = 5> <Delay = 0.00>
ST_8 : Operation 67 [1/1] (0.00ns)   --->   "call void (...)* @_ssdm_op_SpecLoopName([13 x i8]* @p_str6) nounwind" [dct.c:43]   --->   Operation 67 'specloopname' <Predicate = true> <Delay = 0.00>
ST_8 : Operation 68 [1/2] (0.00ns)   --->   "call fastcc void @dct_1d2([64 x i16]* %col_inbuf, i4 %i_2, [64 x i16]* %col_outbuf, i4 %i_2)" [dct.c:44]   --->   Operation 68 'call' <Predicate = true> <Delay = 0.00> <CoreType = "Generic">   --->   Core 0 '' <Latency = 0> <II = 1> <Delay = 1.00> <Generic> <Opcode : >
ST_8 : Operation 69 [1/1] (0.00ns)   --->   "br label %.preheader1" [dct.c:43]   --->   Operation 69 'br' <Predicate = true> <Delay = 0.00>

State 9 <SV = 5> <Delay = 6.01>
ST_9 : Operation 70 [1/1] (0.00ns)   --->   "%indvar_flatten11 = phi i7 [ %add_ln48, %Xpose_Col_Inner_Loop ], [ 0, %.preheader.preheader.preheader ]" [dct.c:48]   --->   Operation 70 'phi' 'indvar_flatten11' <Predicate = true> <Delay = 0.00>
ST_9 : Operation 71 [1/1] (0.00ns)   --->   "%j_1 = phi i4 [ %select_ln51_1, %Xpose_Col_Inner_Loop ], [ 0, %.preheader.preheader.preheader ]" [dct.c:51]   --->   Operation 71 'phi' 'j_1' <Predicate = true> <Delay = 0.00>
ST_9 : Operation 72 [1/1] (0.00ns)   --->   "%i_3 = phi i4 [ %i_6, %Xpose_Col_Inner_Loop ], [ 0, %.preheader.preheader.preheader ]"   --->   Operation 72 'phi' 'i_3' <Predicate = true> <Delay = 0.00>
ST_9 : Operation 73 [1/1] (1.18ns)   --->   "%icmp_ln48 = icmp eq i7 %indvar_flatten11, -64" [dct.c:48]   --->   Operation 73 'icmp' 'icmp_ln48' <Predicate = true> <Delay = 1.18> <Core = "Cmp">   --->   Core 25 'Cmp' <Latency = 0> <II = 1> <Delay = 1.08> <FuncUnit> <Opcode : 'icmp'> <InPorts = 2> <OutPorts = 1>
ST_9 : Operation 74 [1/1] (1.37ns)   --->   "%add_ln48 = add i7 %indvar_flatten11, 1" [dct.c:48]   --->   Operation 74 'add' 'add_ln48' <Predicate = true> <Delay = 1.37> <Core = "AddSub">   --->   Core 14 'AddSub' <Latency = 0> <II = 1> <Delay = 1.37> <FuncUnit> <Opcode : 'add' 'sub'> <InPorts = 2> <OutPorts = 1>
ST_9 : Operation 75 [1/1] (0.00ns)   --->   "br i1 %icmp_ln48, label %4, label %Xpose_Col_Inner_Loop" [dct.c:48]   --->   Operation 75 'br' <Predicate = true> <Delay = 0.00>
ST_9 : Operation 76 [1/1] (1.32ns)   --->   "%j_2 = add i4 %j_1, 1" [dct.c:48]   --->   Operation 76 'add' 'j_2' <Predicate = (!icmp_ln48)> <Delay = 1.32> <Core = "AddSub">   --->   Core 14 'AddSub' <Latency = 0> <II = 1> <Delay = 1.37> <FuncUnit> <Opcode : 'add' 'sub'> <InPorts = 2> <OutPorts = 1>
ST_9 : Operation 77 [1/1] (1.08ns)   --->   "%icmp_ln50 = icmp eq i4 %i_3, -8" [dct.c:50]   --->   Operation 77 'icmp' 'icmp_ln50' <Predicate = (!icmp_ln48)> <Delay = 1.08> <Core = "Cmp">   --->   Core 25 'Cmp' <Latency = 0> <II = 1> <Delay = 1.08> <FuncUnit> <Opcode : 'icmp'> <InPorts = 2> <OutPorts = 1>
ST_9 : Operation 78 [1/1] (0.66ns)   --->   "%select_ln51 = select i1 %icmp_ln50, i4 0, i4 %i_3" [dct.c:51]   --->   Operation 78 'select' 'select_ln51' <Predicate = (!icmp_ln48)> <Delay = 0.66> <Core = "Sel">   --->   Core 26 'Sel' <Latency = 0> <II = 1> <Delay = 0.66> <FuncUnit> <Opcode : 'select'> <InPorts = 3> <OutPorts = 1>
ST_9 : Operation 79 [1/1] (0.66ns)   --->   "%select_ln51_1 = select i1 %icmp_ln50, i4 %j_2, i4 %j_1" [dct.c:51]   --->   Operation 79 'select' 'select_ln51_1' <Predicate = (!icmp_ln48)> <Delay = 0.66> <Core = "Sel">   --->   Core 26 'Sel' <Latency = 0> <II = 1> <Delay = 0.66> <FuncUnit> <Opcode : 'select'> <InPorts = 3> <OutPorts = 1>
ST_9 : Operation 80 [1/1] (0.00ns)   --->   "%zext_ln51 = zext i4 %select_ln51_1 to i8" [dct.c:51]   --->   Operation 80 'zext' 'zext_ln51' <Predicate = (!icmp_ln48)> <Delay = 0.00>
ST_9 : Operation 81 [1/1] (0.00ns)   --->   "%tmp_3 = call i7 @_ssdm_op_BitConcatenate.i7.i4.i3(i4 %select_ln51, i3 0)" [dct.c:51]   --->   Operation 81 'bitconcatenate' 'tmp_3' <Predicate = (!icmp_ln48)> <Delay = 0.00>
ST_9 : Operation 82 [1/1] (0.00ns)   --->   "%zext_ln51_4 = zext i7 %tmp_3 to i8" [dct.c:51]   --->   Operation 82 'zext' 'zext_ln51_4' <Predicate = (!icmp_ln48)> <Delay = 0.00>
ST_9 : Operation 83 [1/1] (1.37ns)   --->   "%add_ln51_1 = add i8 %zext_ln51, %zext_ln51_4" [dct.c:51]   --->   Operation 83 'add' 'add_ln51_1' <Predicate = (!icmp_ln48)> <Delay = 1.37> <Core = "AddSub">   --->   Core 14 'AddSub' <Latency = 0> <II = 1> <Delay = 1.37> <FuncUnit> <Opcode : 'add' 'sub'> <InPorts = 2> <OutPorts = 1>
ST_9 : Operation 84 [1/1] (0.00ns)   --->   "%zext_ln51_5 = zext i8 %add_ln51_1 to i64" [dct.c:51]   --->   Operation 84 'zext' 'zext_ln51_5' <Predicate = (!icmp_ln48)> <Delay = 0.00>
ST_9 : Operation 85 [1/1] (0.00ns)   --->   "%col_outbuf_addr = getelementptr [64 x i16]* %col_outbuf, i64 0, i64 %zext_ln51_5" [dct.c:51]   --->   Operation 85 'getelementptr' 'col_outbuf_addr' <Predicate = (!icmp_ln48)> <Delay = 0.00>
ST_9 : Operation 86 [2/2] (2.66ns)   --->   "%col_outbuf_load = load i16* %col_outbuf_addr, align 2" [dct.c:51]   --->   Operation 86 'load' 'col_outbuf_load' <Predicate = (!icmp_ln48)> <Delay = 2.66> <Core = "RAM">   --->   Core 37 'RAM' <Latency = 1> <II = 1> <Delay = 2.66> <Storage> <Opcode : 'load' 'store'> <Ports = 2> <Width = 16> <Depth = 64> <RAM>
ST_9 : Operation 87 [1/1] (1.32ns)   --->   "%i_6 = add i4 %select_ln51, 1" [dct.c:50]   --->   Operation 87 'add' 'i_6' <Predicate = (!icmp_ln48)> <Delay = 1.32> <Core = "AddSub">   --->   Core 14 'AddSub' <Latency = 0> <II = 1> <Delay = 1.37> <FuncUnit> <Opcode : 'add' 'sub'> <InPorts = 2> <OutPorts = 1>

State 10 <SV = 6> <Delay = 5.32>
ST_10 : Operation 88 [1/1] (0.00ns)   --->   "call void (...)* @_ssdm_op_SpecLoopName([42 x i8]* @Xpose_Col_Outer_Loop)"   --->   Operation 88 'specloopname' <Predicate = (!icmp_ln48)> <Delay = 0.00>
ST_10 : Operation 89 [1/1] (0.00ns)   --->   "%empty_8 = call i32 (...)* @_ssdm_op_SpecLoopTripCount(i64 64, i64 64, i64 64)"   --->   Operation 89 'speclooptripcount' 'empty_8' <Predicate = (!icmp_ln48)> <Delay = 0.00>
ST_10 : Operation 90 [1/1] (0.00ns)   --->   "%tmp_2 = call i7 @_ssdm_op_BitConcatenate.i7.i4.i3(i4 %select_ln51_1, i3 0)" [dct.c:51]   --->   Operation 90 'bitconcatenate' 'tmp_2' <Predicate = (!icmp_ln48)> <Delay = 0.00>
ST_10 : Operation 91 [1/1] (0.00ns)   --->   "%zext_ln51_1 = zext i7 %tmp_2 to i8" [dct.c:51]   --->   Operation 91 'zext' 'zext_ln51_1' <Predicate = (!icmp_ln48)> <Delay = 0.00>
ST_10 : Operation 92 [1/1] (0.00ns)   --->   "call void (...)* @_ssdm_op_SpecLoopName([21 x i8]* @p_str8) nounwind" [dct.c:51]   --->   Operation 92 'specloopname' <Predicate = (!icmp_ln48)> <Delay = 0.00>
ST_10 : Operation 93 [1/1] (0.00ns)   --->   "%tmp_5 = call i32 (...)* @_ssdm_op_SpecRegionBegin([21 x i8]* @p_str8)" [dct.c:51]   --->   Operation 93 'specregionbegin' 'tmp_5' <Predicate = (!icmp_ln48)> <Delay = 0.00>
ST_10 : Operation 94 [1/1] (0.00ns)   --->   "call void (...)* @_ssdm_op_SpecPipeline(i32 -1, i32 1, i32 1, i32 0, [1 x i8]* @p_str1) nounwind" [dct.c:51]   --->   Operation 94 'specpipeline' <Predicate = (!icmp_ln48)> <Delay = 0.00>
ST_10 : Operation 95 [1/1] (0.00ns)   --->   "%zext_ln51_2 = zext i4 %select_ln51 to i8" [dct.c:51]   --->   Operation 95 'zext' 'zext_ln51_2' <Predicate = (!icmp_ln48)> <Delay = 0.00>
ST_10 : Operation 96 [1/1] (1.37ns)   --->   "%add_ln51 = add i8 %zext_ln51_2, %zext_ln51_1" [dct.c:51]   --->   Operation 96 'add' 'add_ln51' <Predicate = (!icmp_ln48)> <Delay = 1.37> <Core = "AddSub">   --->   Core 14 'AddSub' <Latency = 0> <II = 1> <Delay = 1.37> <FuncUnit> <Opcode : 'add' 'sub'> <InPorts = 2> <OutPorts = 1>
ST_10 : Operation 97 [1/1] (0.00ns)   --->   "%zext_ln51_3 = zext i8 %add_ln51 to i64" [dct.c:51]   --->   Operation 97 'zext' 'zext_ln51_3' <Predicate = (!icmp_ln48)> <Delay = 0.00>
ST_10 : Operation 98 [1/1] (0.00ns)   --->   "%out_block_addr = getelementptr [64 x i16]* %out_block, i64 0, i64 %zext_ln51_3" [dct.c:51]   --->   Operation 98 'getelementptr' 'out_block_addr' <Predicate = (!icmp_ln48)> <Delay = 0.00>
ST_10 : Operation 99 [1/2] (2.66ns)   --->   "%col_outbuf_load = load i16* %col_outbuf_addr, align 2" [dct.c:51]   --->   Operation 99 'load' 'col_outbuf_load' <Predicate = (!icmp_ln48)> <Delay = 2.66> <Core = "RAM">   --->   Core 37 'RAM' <Latency = 1> <II = 1> <Delay = 2.66> <Storage> <Opcode : 'load' 'store'> <Ports = 2> <Width = 16> <Depth = 64> <RAM>
ST_10 : Operation 100 [1/1] (2.66ns)   --->   "store i16 %col_outbuf_load, i16* %out_block_addr, align 2" [dct.c:51]   --->   Operation 100 'store' <Predicate = (!icmp_ln48)> <Delay = 2.66> <Core = "RAM">   --->   Core 37 'RAM' <Latency = 1> <II = 1> <Delay = 2.66> <Storage> <Opcode : 'load' 'store'> <Ports = 2> <Width = 16> <Depth = 64> <RAM>
ST_10 : Operation 101 [1/1] (0.00ns)   --->   "%empty_9 = call i32 (...)* @_ssdm_op_SpecRegionEnd([21 x i8]* @p_str8, i32 %tmp_5)" [dct.c:51]   --->   Operation 101 'specregionend' 'empty_9' <Predicate = (!icmp_ln48)> <Delay = 0.00>
ST_10 : Operation 102 [1/1] (0.00ns)   --->   "br label %.preheader.preheader"   --->   Operation 102 'br' <Predicate = (!icmp_ln48)> <Delay = 0.00>

State 11 <SV = 6> <Delay = 0.00>
ST_11 : Operation 103 [1/1] (0.00ns)   --->   "ret void" [dct.c:52]   --->   Operation 103 'ret' <Predicate = true> <Delay = 0.00>


============================================================
+ Verbose Summary: Binding
============================================================
STG Binding: 
---------------- STG Properties BEGIN ----------------
- Is combinational: 0
- Is one-state seq: 0
- Is datapath-only: 0
- Is pipelined: 0
- Is top level: 0
Port [ Return ] is wired: 1; IO mode=ap_ctrl_hs:ce=0
Port [ in_block]:  wired=1; compound=1; hidden=0; nouse=0; global=0; static=0; extern=0; dir=0; type=1; pingpong=0; private_global=0; MemPort=[11]; IO mode=ap_memory:ce=0
Port [ out_block]:  wired=1; compound=1; hidden=0; nouse=0; global=0; static=0; extern=0; dir=1; type=1; pingpong=0; private_global=0; MemPort=[03]; IO mode=ap_memory:ce=0
Port [ dct_coeff_table_0]:  wired=0; compound=1; hidden=1; nouse=1; global=1; static=1; extern=0; dir=0; type=1; pingpong=0; private_global=0; linkage=7; visibility=0; MemPort=[1]; IO mode=ap_memory:ce=0
Port [ dct_coeff_table_1]:  wired=0; compound=1; hidden=1; nouse=1; global=1; static=1; extern=0; dir=0; type=1; pingpong=0; private_global=0; linkage=7; visibility=0; MemPort=[1]; IO mode=ap_memory:ce=0
Port [ dct_coeff_table_2]:  wired=0; compound=1; hidden=1; nouse=1; global=1; static=1; extern=0; dir=0; type=1; pingpong=0; private_global=0; linkage=7; visibility=0; MemPort=[1]; IO mode=ap_memory:ce=0
Port [ dct_coeff_table_3]:  wired=0; compound=1; hidden=1; nouse=1; global=1; static=1; extern=0; dir=0; type=1; pingpong=0; private_global=0; linkage=7; visibility=0; MemPort=[1]; IO mode=ap_memory:ce=0
Port [ dct_coeff_table_4]:  wired=0; compound=1; hidden=1; nouse=1; global=1; static=1; extern=0; dir=0; type=1; pingpong=0; private_global=0; linkage=7; visibility=0; MemPort=[1]; IO mode=ap_memory:ce=0
Port [ dct_coeff_table_5]:  wired=0; compound=1; hidden=1; nouse=1; global=1; static=1; extern=0; dir=0; type=1; pingpong=0; private_global=0; linkage=7; visibility=0; MemPort=[1]; IO mode=ap_memory:ce=0
Port [ dct_coeff_table_6]:  wired=0; compound=1; hidden=1; nouse=1; global=1; static=1; extern=0; dir=0; type=1; pingpong=0; private_global=0; linkage=7; visibility=0; MemPort=[1]; IO mode=ap_memory:ce=0
Port [ dct_coeff_table_7]:  wired=0; compound=1; hidden=1; nouse=1; global=1; static=1; extern=0; dir=0; type=1; pingpong=0; private_global=0; linkage=7; visibility=0; MemPort=[1]; IO mode=ap_memory:ce=0
---------------- STG Properties END ------------------

---------------- Datapath Model BEGIN ----------------

<LifeTime>
<method=bitvector/>
row_outbuf        (alloca           ) [ 001111000000]
col_outbuf        (alloca           ) [ 001111111110]
col_inbuf         (alloca           ) [ 001111111000]
br_ln32           (br               ) [ 011100000000]
i_0               (phi              ) [ 001100000000]
icmp_ln32         (icmp             ) [ 001111000000]
empty             (speclooptripcount) [ 000000000000]
i                 (add              ) [ 011100000000]
br_ln32           (br               ) [ 000000000000]
br_ln37           (br               ) [ 001111000000]
specloopname_ln32 (specloopname     ) [ 000000000000]
call_ln33         (call             ) [ 000000000000]
br_ln32           (br               ) [ 011100000000]
indvar_flatten    (phi              ) [ 000010000000]
j_0               (phi              ) [ 000010000000]
i_1               (phi              ) [ 000010000000]
icmp_ln37         (icmp             ) [ 000011000000]
add_ln37          (add              ) [ 001011000000]
br_ln37           (br               ) [ 000000000000]
j                 (add              ) [ 000000000000]
icmp_ln39         (icmp             ) [ 000000000000]
select_ln40       (select           ) [ 000011000000]
select_ln40_1     (select           ) [ 001011000000]
zext_ln40         (zext             ) [ 000000000000]
tmp_1             (bitconcatenate   ) [ 000000000000]
zext_ln40_3       (zext             ) [ 000000000000]
add_ln40          (add              ) [ 000000000000]
zext_ln40_4       (zext             ) [ 000000000000]
row_outbuf_addr   (getelementptr    ) [ 000011000000]
i_4               (add              ) [ 001011000000]
specloopname_ln0  (specloopname     ) [ 000000000000]
empty_5           (speclooptripcount) [ 000000000000]
tmp               (bitconcatenate   ) [ 000000000000]
zext_ln40_1       (zext             ) [ 000000000000]
specloopname_ln40 (specloopname     ) [ 000000000000]
tmp_4             (specregionbegin  ) [ 000000000000]
specpipeline_ln40 (specpipeline     ) [ 000000000000]
zext_ln40_2       (zext             ) [ 000000000000]
add_ln40_1        (add              ) [ 000000000000]
zext_ln40_5       (zext             ) [ 000000000000]
col_inbuf_addr    (getelementptr    ) [ 000000000000]
row_outbuf_load   (load             ) [ 000000000000]
store_ln40        (store            ) [ 000000000000]
empty_6           (specregionend    ) [ 000000000000]
br_ln0            (br               ) [ 001011000000]
br_ln43           (br               ) [ 000000111000]
i_2               (phi              ) [ 000000011000]
icmp_ln43         (icmp             ) [ 000000011110]
empty_7           (speclooptripcount) [ 000000000000]
i_5               (add              ) [ 000000111000]
br_ln43           (br               ) [ 000000000000]
br_ln48           (br               ) [ 000000011110]
specloopname_ln43 (specloopname     ) [ 000000000000]
call_ln44         (call             ) [ 000000000000]
br_ln43           (br               ) [ 000000111000]
indvar_flatten11  (phi              ) [ 000000000100]
j_1               (phi              ) [ 000000000100]
i_3               (phi              ) [ 000000000100]
icmp_ln48         (icmp             ) [ 000000000110]
add_ln48          (add              ) [ 000000010110]
br_ln48           (br               ) [ 000000000000]
j_2               (add              ) [ 000000000000]
icmp_ln50         (icmp             ) [ 000000000000]
select_ln51       (select           ) [ 000000000110]
select_ln51_1     (select           ) [ 000000010110]
zext_ln51         (zext             ) [ 000000000000]
tmp_3             (bitconcatenate   ) [ 000000000000]
zext_ln51_4       (zext             ) [ 000000000000]
add_ln51_1        (add              ) [ 000000000000]
zext_ln51_5       (zext             ) [ 000000000000]
col_outbuf_addr   (getelementptr    ) [ 000000000110]
i_6               (add              ) [ 000000010110]
specloopname_ln0  (specloopname     ) [ 000000000000]
empty_8           (speclooptripcount) [ 000000000000]
tmp_2             (bitconcatenate   ) [ 000000000000]
zext_ln51_1       (zext             ) [ 000000000000]
specloopname_ln51 (specloopname     ) [ 000000000000]
tmp_5             (specregionbegin  ) [ 000000000000]
specpipeline_ln51 (specpipeline     ) [ 000000000000]
zext_ln51_2       (zext             ) [ 000000000000]
add_ln51          (add              ) [ 000000000000]
zext_ln51_3       (zext             ) [ 000000000000]
out_block_addr    (getelementptr    ) [ 000000000000]
col_outbuf_load   (load             ) [ 000000000000]
store_ln51        (store            ) [ 000000000000]
empty_9           (specregionend    ) [ 000000000000]
br_ln0            (br               ) [ 000000010110]
ret_ln52          (ret              ) [ 000000000000]
</LifeTime>

<model>

<comp_list>
<comp id="0" class="1000" name="in_block">
<pin_list>
<pin id="1" dir="1" index="0" bw="1" slack="0"/>
</pin_list>
<bind>
<StgValue><ssdm name="in_block"/><MemPortTyVec>1 1 </MemPortTyVec>
</StgValue>
</bind>
</comp>

<comp id="2" class="1000" name="out_block">
<pin_list>
<pin id="3" dir="1" index="0" bw="1" slack="0"/>
</pin_list>
<bind>
<StgValue><ssdm name="out_block"/><MemPortTyVec>0 3 </MemPortTyVec>
</StgValue>
</bind>
</comp>

<comp id="4" class="1000" name="dct_coeff_table_0">
<pin_list>
<pin id="5" dir="1" index="0" bw="1" slack="0"/>
</pin_list>
<bind>
<StgValue><ssdm name="dct_coeff_table_0"/><MemPortTyVec>1 </MemPortTyVec>
</StgValue>
</bind>
</comp>

<comp id="6" class="1000" name="dct_coeff_table_1">
<pin_list>
<pin id="7" dir="1" index="0" bw="1" slack="0"/>
</pin_list>
<bind>
<StgValue><ssdm name="dct_coeff_table_1"/><MemPortTyVec>1 </MemPortTyVec>
</StgValue>
</bind>
</comp>

<comp id="8" class="1000" name="dct_coeff_table_2">
<pin_list>
<pin id="9" dir="1" index="0" bw="1" slack="0"/>
</pin_list>
<bind>
<StgValue><ssdm name="dct_coeff_table_2"/><MemPortTyVec>1 </MemPortTyVec>
</StgValue>
</bind>
</comp>

<comp id="10" class="1000" name="dct_coeff_table_3">
<pin_list>
<pin id="11" dir="1" index="0" bw="1" slack="0"/>
</pin_list>
<bind>
<StgValue><ssdm name="dct_coeff_table_3"/><MemPortTyVec>1 </MemPortTyVec>
</StgValue>
</bind>
</comp>

<comp id="12" class="1000" name="dct_coeff_table_4">
<pin_list>
<pin id="13" dir="1" index="0" bw="1" slack="0"/>
</pin_list>
<bind>
<StgValue><ssdm name="dct_coeff_table_4"/><MemPortTyVec>1 </MemPortTyVec>
</StgValue>
</bind>
</comp>

<comp id="14" class="1000" name="dct_coeff_table_5">
<pin_list>
<pin id="15" dir="1" index="0" bw="1" slack="0"/>
</pin_list>
<bind>
<StgValue><ssdm name="dct_coeff_table_5"/><MemPortTyVec>1 </MemPortTyVec>
</StgValue>
</bind>
</comp>

<comp id="16" class="1000" name="dct_coeff_table_6">
<pin_list>
<pin id="17" dir="1" index="0" bw="1" slack="0"/>
</pin_list>
<bind>
<StgValue><ssdm name="dct_coeff_table_6"/><MemPortTyVec>1 </MemPortTyVec>
</StgValue>
</bind>
</comp>

<comp id="18" class="1000" name="dct_coeff_table_7">
<pin_list>
<pin id="19" dir="1" index="0" bw="1" slack="0"/>
</pin_list>
<bind>
<StgValue><ssdm name="dct_coeff_table_7"/><MemPortTyVec>1 </MemPortTyVec>
</StgValue>
</bind>
</comp>

<comp id="20" class="1001" name="const_20">
<pin_list>
<pin id="21" dir="1" index="0" bw="1" slack="0"/>
</pin_list>
<bind>
<StgValue><ssdm name=""/></StgValue>
</bind>
</comp>

<comp id="22" class="1001" name="const_22">
<pin_list>
<pin id="23" dir="1" index="0" bw="1" slack="0"/>
</pin_list>
<bind>
<StgValue><ssdm name=""/></StgValue>
</bind>
</comp>

<comp id="24" class="1001" name="const_24">
<pin_list>
<pin id="25" dir="1" index="0" bw="1" slack="0"/>
</pin_list>
<bind>
<StgValue><ssdm name=""/></StgValue>
</bind>
</comp>

<comp id="26" class="1001" name="const_26">
<pin_list>
<pin id="27" dir="1" index="0" bw="1" slack="2147483647"/>
</pin_list>
<bind>
<StgValue><ssdm name="_ssdm_op_SpecLoopTripCount"/></StgValue>
</bind>
</comp>

<comp id="28" class="1001" name="const_28">
<pin_list>
<pin id="29" dir="1" index="0" bw="1" slack="2147483647"/>
</pin_list>
<bind>
<StgValue><ssdm name=""/></StgValue>
</bind>
</comp>

<comp id="30" class="1001" name="const_30">
<pin_list>
<pin id="31" dir="1" index="0" bw="1" slack="0"/>
</pin_list>
<bind>
<StgValue><ssdm name=""/></StgValue>
</bind>
</comp>

<comp id="32" class="1001" name="const_32">
<pin_list>
<pin id="33" dir="1" index="0" bw="1" slack="0"/>
</pin_list>
<bind>
<StgValue><ssdm name="dct_1d2"/></StgValue>
</bind>
</comp>

<comp id="34" class="1001" name="const_34">
<pin_list>
<pin id="35" dir="1" index="0" bw="1" slack="2147483647"/>
</pin_list>
<bind>
<StgValue><ssdm name="_ssdm_op_SpecLoopName"/></StgValue>
</bind>
</comp>

<comp id="36" class="1001" name="const_36">
<pin_list>
<pin id="37" dir="1" index="0" bw="1" slack="2147483647"/>
</pin_list>
<bind>
<StgValue><ssdm name="p_str3"/></StgValue>
</bind>
</comp>

<comp id="38" class="1001" name="const_38">
<pin_list>
<pin id="39" dir="1" index="0" bw="1" slack="1"/>
</pin_list>
<bind>
<StgValue><ssdm name=""/></StgValue>
</bind>
</comp>

<comp id="40" class="1001" name="const_40">
<pin_list>
<pin id="41" dir="1" index="0" bw="1" slack="0"/>
</pin_list>
<bind>
<StgValue><ssdm name=""/></StgValue>
</bind>
</comp>

<comp id="42" class="1001" name="const_42">
<pin_list>
<pin id="43" dir="1" index="0" bw="1" slack="0"/>
</pin_list>
<bind>
<StgValue><ssdm name=""/></StgValue>
</bind>
</comp>

<comp id="44" class="1001" name="const_44">
<pin_list>
<pin id="45" dir="1" index="0" bw="1" slack="0"/>
</pin_list>
<bind>
<StgValue><ssdm name="_ssdm_op_BitConcatenate.i7.i4.i3"/></StgValue>
</bind>
</comp>

<comp id="46" class="1001" name="const_46">
<pin_list>
<pin id="47" dir="1" index="0" bw="1" slack="0"/>
</pin_list>
<bind>
<StgValue><ssdm name=""/></StgValue>
</bind>
</comp>

<comp id="48" class="1001" name="const_48">
<pin_list>
<pin id="49" dir="1" index="0" bw="1" slack="0"/>
</pin_list>
<bind>
<StgValue><ssdm name=""/></StgValue>
</bind>
</comp>

<comp id="50" class="1001" name="const_50">
<pin_list>
<pin id="51" dir="1" index="0" bw="1" slack="2147483647"/>
</pin_list>
<bind>
<StgValue><ssdm name="Xpose_Row_Outer_Loop"/></StgValue>
</bind>
</comp>

<comp id="52" class="1001" name="const_52">
<pin_list>
<pin id="53" dir="1" index="0" bw="1" slack="2147483647"/>
</pin_list>
<bind>
<StgValue><ssdm name=""/></StgValue>
</bind>
</comp>

<comp id="54" class="1001" name="const_54">
<pin_list>
<pin id="55" dir="1" index="0" bw="1" slack="2147483647"/>
</pin_list>
<bind>
<StgValue><ssdm name="p_str5"/></StgValue>
</bind>
</comp>

<comp id="56" class="1001" name="const_56">
<pin_list>
<pin id="57" dir="1" index="0" bw="1" slack="2147483647"/>
</pin_list>
<bind>
<StgValue><ssdm name="_ssdm_op_SpecRegionBegin"/></StgValue>
</bind>
</comp>

<comp id="58" class="1001" name="const_58">
<pin_list>
<pin id="59" dir="1" index="0" bw="1" slack="2147483647"/>
</pin_list>
<bind>
<StgValue><ssdm name="_ssdm_op_SpecPipeline"/></StgValue>
</bind>
</comp>

<comp id="60" class="1001" name="const_60">
<pin_list>
<pin id="61" dir="1" index="0" bw="1" slack="2147483647"/>
</pin_list>
<bind>
<StgValue><ssdm name=""/></StgValue>
</bind>
</comp>

<comp id="62" class="1001" name="const_62">
<pin_list>
<pin id="63" dir="1" index="0" bw="1" slack="2147483647"/>
</pin_list>
<bind>
<StgValue><ssdm name=""/></StgValue>
</bind>
</comp>

<comp id="64" class="1001" name="const_64">
<pin_list>
<pin id="65" dir="1" index="0" bw="1" slack="2147483647"/>
</pin_list>
<bind>
<StgValue><ssdm name=""/></StgValue>
</bind>
</comp>

<comp id="66" class="1001" name="const_66">
<pin_list>
<pin id="67" dir="1" index="0" bw="1" slack="2147483647"/>
</pin_list>
<bind>
<StgValue><ssdm name="p_str1"/></StgValue>
</bind>
</comp>

<comp id="68" class="1001" name="const_68">
<pin_list>
<pin id="69" dir="1" index="0" bw="1" slack="2147483647"/>
</pin_list>
<bind>
<StgValue><ssdm name="_ssdm_op_SpecRegionEnd"/></StgValue>
</bind>
</comp>

<comp id="70" class="1001" name="const_70">
<pin_list>
<pin id="71" dir="1" index="0" bw="1" slack="2147483647"/>
</pin_list>
<bind>
<StgValue><ssdm name="p_str6"/></StgValue>
</bind>
</comp>

<comp id="72" class="1001" name="const_72">
<pin_list>
<pin id="73" dir="1" index="0" bw="1" slack="2147483647"/>
</pin_list>
<bind>
<StgValue><ssdm name="Xpose_Col_Outer_Loop"/></StgValue>
</bind>
</comp>

<comp id="74" class="1001" name="const_74">
<pin_list>
<pin id="75" dir="1" index="0" bw="1" slack="2147483647"/>
</pin_list>
<bind>
<StgValue><ssdm name="p_str8"/></StgValue>
</bind>
</comp>

<comp id="76" class="1004" name="row_outbuf_alloca_fu_76">
<pin_list>
<pin id="77" dir="0" index="0" bw="1" slack="0"/>
<pin id="78" dir="1" index="1" bw="16" slack="2147483647"/>
</pin_list>
<bind>
<opcode="alloca(26) " fcode="alloca"/>
<opset="row_outbuf/1 "/>
</bind>
</comp>

<comp id="80" class="1004" name="col_outbuf_alloca_fu_80">
<pin_list>
<pin id="81" dir="0" index="0" bw="1" slack="0"/>
<pin id="82" dir="1" index="1" bw="16" slack="2147483647"/>
</pin_list>
<bind>
<opcode="alloca(26) " fcode="alloca"/>
<opset="col_outbuf/1 "/>
</bind>
</comp>

<comp id="84" class="1004" name="col_inbuf_alloca_fu_84">
<pin_list>
<pin id="85" dir="0" index="0" bw="1" slack="0"/>
<pin id="86" dir="1" index="1" bw="16" slack="2147483647"/>
</pin_list>
<bind>
<opcode="alloca(26) " fcode="alloca"/>
<opset="col_inbuf/1 "/>
</bind>
</comp>

<comp id="88" class="1004" name="row_outbuf_addr_gep_fu_88">
<pin_list>
<pin id="89" dir="0" index="0" bw="16" slack="2147483647"/>
<pin id="90" dir="0" index="1" bw="1" slack="0"/>
<pin id="91" dir="0" index="2" bw="8" slack="0"/>
<pin id="92" dir="1" index="3" bw="6" slack="0"/>
</pin_list>
<bind>
<opcode="getelementptr(29) " fcode="getelementptr"/>
<opset="row_outbuf_addr/4 "/>
</bind>
</comp>

<comp id="94" class="1004" name="grp_access_fu_94">
<pin_list>
<pin id="95" dir="0" index="0" bw="6" slack="0"/>
<pin id="96" dir="0" index="1" bw="16" slack="2147483647"/>
<pin id="97" dir="0" index="2" bw="0" slack="2147483647"/>
<pin id="98" dir="1" index="3" bw="16" slack="0"/>
</pin_list>
<bind>
<opcode="load(27) " fcode="load"/>
<opset="row_outbuf_load/4 "/>
</bind>
</comp>

<comp id="100" class="1004" name="col_inbuf_addr_gep_fu_100">
<pin_list>
<pin id="101" dir="0" index="0" bw="16" slack="2147483647"/>
<pin id="102" dir="0" index="1" bw="1" slack="0"/>
<pin id="103" dir="0" index="2" bw="8" slack="0"/>
<pin id="104" dir="1" index="3" bw="6" slack="0"/>
</pin_list>
<bind>
<opcode="getelementptr(29) " fcode="getelementptr"/>
<opset="col_inbuf_addr/5 "/>
</bind>
</comp>

<comp id="106" class="1004" name="store_ln40_access_fu_106">
<pin_list>
<pin id="107" dir="0" index="0" bw="6" slack="0"/>
<pin id="108" dir="0" index="1" bw="16" slack="0"/>
<pin id="109" dir="0" index="2" bw="0" slack="2147483647"/>
<pin id="110" dir="1" index="3" bw="16" slack="2147483647"/>
</pin_list>
<bind>
<opcode="store(28) " fcode="store"/>
<opset="store_ln40/5 "/>
</bind>
</comp>

<comp id="113" class="1004" name="col_outbuf_addr_gep_fu_113">
<pin_list>
<pin id="114" dir="0" index="0" bw="16" slack="2147483647"/>
<pin id="115" dir="0" index="1" bw="1" slack="0"/>
<pin id="116" dir="0" index="2" bw="8" slack="0"/>
<pin id="117" dir="1" index="3" bw="6" slack="0"/>
</pin_list>
<bind>
<opcode="getelementptr(29) " fcode="getelementptr"/>
<opset="col_outbuf_addr/9 "/>
</bind>
</comp>

<comp id="119" class="1004" name="grp_access_fu_119">
<pin_list>
<pin id="120" dir="0" index="0" bw="6" slack="0"/>
<pin id="121" dir="0" index="1" bw="16" slack="2147483647"/>
<pin id="122" dir="0" index="2" bw="0" slack="2147483647"/>
<pin id="123" dir="1" index="3" bw="16" slack="0"/>
</pin_list>
<bind>
<opcode="load(27) " fcode="load"/>
<opset="col_outbuf_load/9 "/>
</bind>
</comp>

<comp id="125" class="1004" name="out_block_addr_gep_fu_125">
<pin_list>
<pin id="126" dir="0" index="0" bw="16" slack="0"/>
<pin id="127" dir="0" index="1" bw="1" slack="0"/>
<pin id="128" dir="0" index="2" bw="8" slack="0"/>
<pin id="129" dir="1" index="3" bw="6" slack="0"/>
</pin_list>
<bind>
<opcode="getelementptr(29) " fcode="getelementptr"/>
<opset="out_block_addr/10 "/>
</bind>
</comp>

<comp id="132" class="1004" name="store_ln51_access_fu_132">
<pin_list>
<pin id="133" dir="0" index="0" bw="6" slack="0"/>
<pin id="134" dir="0" index="1" bw="16" slack="0"/>
<pin id="135" dir="0" index="2" bw="0" slack="2147483647"/>
<pin id="136" dir="1" index="3" bw="16" slack="2147483647"/>
</pin_list>
<bind>
<opcode="store(28) " fcode="store"/>
<opset="store_ln51/10 "/>
</bind>
</comp>

<comp id="139" class="1005" name="i_0_reg_139">
<pin_list>
<pin id="140" dir="0" index="0" bw="4" slack="1"/>
<pin id="141" dir="1" index="1" bw="4" slack="1"/>
</pin_list>
<bind>
<opset="i_0 (phireg) "/>
</bind>
</comp>

<comp id="143" class="1004" name="i_0_phi_fu_143">
<pin_list>
<pin id="144" dir="0" index="0" bw="1" slack="1"/>
<pin id="145" dir="0" index="1" bw="0" slack="2147483647"/>
<pin id="146" dir="0" index="2" bw="4" slack="0"/>
<pin id="147" dir="0" index="3" bw="0" slack="2147483647"/>
<pin id="148" dir="1" index="4" bw="4" slack="0"/>
</pin_list>
<bind>
<opcode="phi(47) " fcode="phi"/>
<opset="i_0/2 "/>
</bind>
</comp>

<comp id="151" class="1005" name="indvar_flatten_reg_151">
<pin_list>
<pin id="152" dir="0" index="0" bw="7" slack="1"/>
<pin id="153" dir="1" index="1" bw="7" slack="1"/>
</pin_list>
<bind>
<opset="indvar_flatten (phireg) "/>
</bind>
</comp>

<comp id="155" class="1004" name="indvar_flatten_phi_fu_155">
<pin_list>
<pin id="156" dir="0" index="0" bw="7" slack="0"/>
<pin id="157" dir="0" index="1" bw="0" slack="2147483647"/>
<pin id="158" dir="0" index="2" bw="1" slack="1"/>
<pin id="159" dir="0" index="3" bw="0" slack="2147483647"/>
<pin id="160" dir="1" index="4" bw="7" slack="0"/>
</pin_list>
<bind>
<opcode="phi(47) " fcode="phi"/>
<opset="indvar_flatten/4 "/>
</bind>
</comp>

<comp id="162" class="1005" name="j_0_reg_162">
<pin_list>
<pin id="163" dir="0" index="0" bw="4" slack="1"/>
<pin id="164" dir="1" index="1" bw="4" slack="1"/>
</pin_list>
<bind>
<opset="j_0 (phireg) "/>
</bind>
</comp>

<comp id="166" class="1004" name="j_0_phi_fu_166">
<pin_list>
<pin id="167" dir="0" index="0" bw="4" slack="0"/>
<pin id="168" dir="0" index="1" bw="0" slack="2147483647"/>
<pin id="169" dir="0" index="2" bw="1" slack="1"/>
<pin id="170" dir="0" index="3" bw="0" slack="2147483647"/>
<pin id="171" dir="1" index="4" bw="4" slack="0"/>
</pin_list>
<bind>
<opcode="phi(47) " fcode="phi"/>
<opset="j_0/4 "/>
</bind>
</comp>

<comp id="173" class="1005" name="i_1_reg_173">
<pin_list>
<pin id="174" dir="0" index="0" bw="4" slack="1"/>
<pin id="175" dir="1" index="1" bw="4" slack="1"/>
</pin_list>
<bind>
<opset="i_1 (phireg) "/>
</bind>
</comp>

<comp id="177" class="1004" name="i_1_phi_fu_177">
<pin_list>
<pin id="178" dir="0" index="0" bw="4" slack="0"/>
<pin id="179" dir="0" index="1" bw="0" slack="2147483647"/>
<pin id="180" dir="0" index="2" bw="1" slack="1"/>
<pin id="181" dir="0" index="3" bw="0" slack="2147483647"/>
<pin id="182" dir="1" index="4" bw="4" slack="0"/>
</pin_list>
<bind>
<opcode="phi(47) " fcode="phi"/>
<opset="i_1/4 "/>
</bind>
</comp>

<comp id="184" class="1005" name="i_2_reg_184">
<pin_list>
<pin id="185" dir="0" index="0" bw="4" slack="1"/>
<pin id="186" dir="1" index="1" bw="4" slack="1"/>
</pin_list>
<bind>
<opset="i_2 (phireg) "/>
</bind>
</comp>

<comp id="188" class="1004" name="i_2_phi_fu_188">
<pin_list>
<pin id="189" dir="0" index="0" bw="4" slack="0"/>
<pin id="190" dir="0" index="1" bw="0" slack="2147483647"/>
<pin id="191" dir="0" index="2" bw="1" slack="1"/>
<pin id="192" dir="0" index="3" bw="0" slack="2147483647"/>
<pin id="193" dir="1" index="4" bw="4" slack="0"/>
</pin_list>
<bind>
<opcode="phi(47) " fcode="phi"/>
<opset="i_2/7 "/>
</bind>
</comp>

<comp id="196" class="1005" name="indvar_flatten11_reg_196">
<pin_list>
<pin id="197" dir="0" index="0" bw="7" slack="1"/>
<pin id="198" dir="1" index="1" bw="7" slack="1"/>
</pin_list>
<bind>
<opset="indvar_flatten11 (phireg) "/>
</bind>
</comp>

<comp id="200" class="1004" name="indvar_flatten11_phi_fu_200">
<pin_list>
<pin id="201" dir="0" index="0" bw="7" slack="0"/>
<pin id="202" dir="0" index="1" bw="0" slack="2147483647"/>
<pin id="203" dir="0" index="2" bw="1" slack="1"/>
<pin id="204" dir="0" index="3" bw="0" slack="2147483647"/>
<pin id="205" dir="1" index="4" bw="7" slack="0"/>
</pin_list>
<bind>
<opcode="phi(47) " fcode="phi"/>
<opset="indvar_flatten11/9 "/>
</bind>
</comp>

<comp id="207" class="1005" name="j_1_reg_207">
<pin_list>
<pin id="208" dir="0" index="0" bw="4" slack="1"/>
<pin id="209" dir="1" index="1" bw="4" slack="1"/>
</pin_list>
<bind>
<opset="j_1 (phireg) "/>
</bind>
</comp>

<comp id="211" class="1004" name="j_1_phi_fu_211">
<pin_list>
<pin id="212" dir="0" index="0" bw="4" slack="0"/>
<pin id="213" dir="0" index="1" bw="0" slack="2147483647"/>
<pin id="214" dir="0" index="2" bw="1" slack="1"/>
<pin id="215" dir="0" index="3" bw="0" slack="2147483647"/>
<pin id="216" dir="1" index="4" bw="4" slack="0"/>
</pin_list>
<bind>
<opcode="phi(47) " fcode="phi"/>
<opset="j_1/9 "/>
</bind>
</comp>

<comp id="218" class="1005" name="i_3_reg_218">
<pin_list>
<pin id="219" dir="0" index="0" bw="4" slack="1"/>
<pin id="220" dir="1" index="1" bw="4" slack="1"/>
</pin_list>
<bind>
<opset="i_3 (phireg) "/>
</bind>
</comp>

<comp id="222" class="1004" name="i_3_phi_fu_222">
<pin_list>
<pin id="223" dir="0" index="0" bw="4" slack="0"/>
<pin id="224" dir="0" index="1" bw="0" slack="2147483647"/>
<pin id="225" dir="0" index="2" bw="1" slack="1"/>
<pin id="226" dir="0" index="3" bw="0" slack="2147483647"/>
<pin id="227" dir="1" index="4" bw="4" slack="0"/>
</pin_list>
<bind>
<opcode="phi(47) " fcode="phi"/>
<opset="i_3/9 "/>
</bind>
</comp>

<comp id="229" class="1004" name="grp_dct_1d2_fu_229">
<pin_list>
<pin id="230" dir="0" index="0" bw="0" slack="0"/>
<pin id="231" dir="0" index="1" bw="16" slack="0"/>
<pin id="232" dir="0" index="2" bw="4" slack="0"/>
<pin id="233" dir="0" index="3" bw="16" slack="2147483647"/>
<pin id="234" dir="0" index="4" bw="4" slack="0"/>
<pin id="235" dir="0" index="5" bw="14" slack="0"/>
<pin id="236" dir="0" index="6" bw="15" slack="0"/>
<pin id="237" dir="0" index="7" bw="15" slack="0"/>
<pin id="238" dir="0" index="8" bw="15" slack="0"/>
<pin id="239" dir="0" index="9" bw="15" slack="0"/>
<pin id="240" dir="0" index="10" bw="15" slack="0"/>
<pin id="241" dir="0" index="11" bw="15" slack="0"/>
<pin id="242" dir="0" index="12" bw="15" slack="0"/>
<pin id="243" dir="1" index="13" bw="0" slack="2147483647"/>
</pin_list>
<bind>
<opcode="call(48) " fcode="call"/>
<opset="call_ln33/2 call_ln44/7 "/>
</bind>
</comp>

<comp id="258" class="1004" name="icmp_ln32_fu_258">
<pin_list>
<pin id="259" dir="0" index="0" bw="4" slack="0"/>
<pin id="260" dir="0" index="1" bw="4" slack="0"/>
<pin id="261" dir="1" index="2" bw="1" slack="1"/>
</pin_list>
<bind>
<opcode="icmp(45) " fcode="icmp"/>
<opset="icmp_ln32/2 "/>
</bind>
</comp>

<comp id="264" class="1004" name="i_fu_264">
<pin_list>
<pin id="265" dir="0" index="0" bw="4" slack="0"/>
<pin id="266" dir="0" index="1" bw="1" slack="0"/>
<pin id="267" dir="1" index="2" bw="4" slack="0"/>
</pin_list>
<bind>
<opcode="add(8) " fcode="add"/>
<opset="i/2 "/>
</bind>
</comp>

<comp id="270" class="1004" name="icmp_ln37_fu_270">
<pin_list>
<pin id="271" dir="0" index="0" bw="7" slack="0"/>
<pin id="272" dir="0" index="1" bw="7" slack="0"/>
<pin id="273" dir="1" index="2" bw="1" slack="1"/>
</pin_list>
<bind>
<opcode="icmp(45) " fcode="icmp"/>
<opset="icmp_ln37/4 "/>
</bind>
</comp>

<comp id="276" class="1004" name="add_ln37_fu_276">
<pin_list>
<pin id="277" dir="0" index="0" bw="7" slack="0"/>
<pin id="278" dir="0" index="1" bw="1" slack="0"/>
<pin id="279" dir="1" index="2" bw="7" slack="0"/>
</pin_list>
<bind>
<opcode="add(8) " fcode="add"/>
<opset="add_ln37/4 "/>
</bind>
</comp>

<comp id="282" class="1004" name="j_fu_282">
<pin_list>
<pin id="283" dir="0" index="0" bw="4" slack="0"/>
<pin id="284" dir="0" index="1" bw="1" slack="0"/>
<pin id="285" dir="1" index="2" bw="4" slack="0"/>
</pin_list>
<bind>
<opcode="add(8) " fcode="add"/>
<opset="j/4 "/>
</bind>
</comp>

<comp id="288" class="1004" name="icmp_ln39_fu_288">
<pin_list>
<pin id="289" dir="0" index="0" bw="4" slack="0"/>
<pin id="290" dir="0" index="1" bw="4" slack="0"/>
<pin id="291" dir="1" index="2" bw="1" slack="0"/>
</pin_list>
<bind>
<opcode="icmp(45) " fcode="icmp"/>
<opset="icmp_ln39/4 "/>
</bind>
</comp>

<comp id="294" class="1004" name="select_ln40_fu_294">
<pin_list>
<pin id="295" dir="0" index="0" bw="1" slack="0"/>
<pin id="296" dir="0" index="1" bw="1" slack="0"/>
<pin id="297" dir="0" index="2" bw="4" slack="0"/>
<pin id="298" dir="1" index="3" bw="4" slack="0"/>
</pin_list>
<bind>
<opcode="select(49) " fcode="select"/>
<opset="select_ln40/4 "/>
</bind>
</comp>

<comp id="302" class="1004" name="select_ln40_1_fu_302">
<pin_list>
<pin id="303" dir="0" index="0" bw="1" slack="0"/>
<pin id="304" dir="0" index="1" bw="4" slack="0"/>
<pin id="305" dir="0" index="2" bw="4" slack="0"/>
<pin id="306" dir="1" index="3" bw="4" slack="0"/>
</pin_list>
<bind>
<opcode="select(49) " fcode="select"/>
<opset="select_ln40_1/4 "/>
</bind>
</comp>

<comp id="310" class="1004" name="zext_ln40_fu_310">
<pin_list>
<pin id="311" dir="0" index="0" bw="4" slack="0"/>
<pin id="312" dir="1" index="1" bw="8" slack="0"/>
</pin_list>
<bind>
<opcode="zext(34) " fcode="zext"/>
<opset="zext_ln40/4 "/>
</bind>
</comp>

<comp id="314" class="1004" name="tmp_1_fu_314">
<pin_list>
<pin id="315" dir="0" index="0" bw="7" slack="0"/>
<pin id="316" dir="0" index="1" bw="4" slack="0"/>
<pin id="317" dir="0" index="2" bw="1" slack="0"/>
<pin id="318" dir="1" index="3" bw="7" slack="0"/>
</pin_list>
<bind>
<opcode="bitconcatenate(1004) " fcode="bitconcatenate"/>
<opset="tmp_1/4 "/>
</bind>
</comp>

<comp id="322" class="1004" name="zext_ln40_3_fu_322">
<pin_list>
<pin id="323" dir="0" index="0" bw="7" slack="0"/>
<pin id="324" dir="1" index="1" bw="8" slack="0"/>
</pin_list>
<bind>
<opcode="zext(34) " fcode="zext"/>
<opset="zext_ln40_3/4 "/>
</bind>
</comp>

<comp id="326" class="1004" name="add_ln40_fu_326">
<pin_list>
<pin id="327" dir="0" index="0" bw="4" slack="0"/>
<pin id="328" dir="0" index="1" bw="7" slack="0"/>
<pin id="329" dir="1" index="2" bw="8" slack="0"/>
</pin_list>
<bind>
<opcode="add(8) " fcode="add"/>
<opset="add_ln40/4 "/>
</bind>
</comp>

<comp id="332" class="1004" name="zext_ln40_4_fu_332">
<pin_list>
<pin id="333" dir="0" index="0" bw="8" slack="0"/>
<pin id="334" dir="1" index="1" bw="64" slack="0"/>
</pin_list>
<bind>
<opcode="zext(34) " fcode="zext"/>
<opset="zext_ln40_4/4 "/>
</bind>
</comp>

<comp id="337" class="1004" name="i_4_fu_337">
<pin_list>
<pin id="338" dir="0" index="0" bw="4" slack="0"/>
<pin id="339" dir="0" index="1" bw="1" slack="0"/>
<pin id="340" dir="1" index="2" bw="4" slack="0"/>
</pin_list>
<bind>
<opcode="add(8) " fcode="add"/>
<opset="i_4/4 "/>
</bind>
</comp>

<comp id="343" class="1004" name="tmp_fu_343">
<pin_list>
<pin id="344" dir="0" index="0" bw="7" slack="0"/>
<pin id="345" dir="0" index="1" bw="4" slack="1"/>
<pin id="346" dir="0" index="2" bw="1" slack="0"/>
<pin id="347" dir="1" index="3" bw="7" slack="0"/>
</pin_list>
<bind>
<opcode="bitconcatenate(1004) " fcode="bitconcatenate"/>
<opset="tmp/5 "/>
</bind>
</comp>

<comp id="350" class="1004" name="zext_ln40_1_fu_350">
<pin_list>
<pin id="351" dir="0" index="0" bw="7" slack="0"/>
<pin id="352" dir="1" index="1" bw="8" slack="0"/>
</pin_list>
<bind>
<opcode="zext(34) " fcode="zext"/>
<opset="zext_ln40_1/5 "/>
</bind>
</comp>

<comp id="354" class="1004" name="zext_ln40_2_fu_354">
<pin_list>
<pin id="355" dir="0" index="0" bw="4" slack="1"/>
<pin id="356" dir="1" index="1" bw="8" slack="0"/>
</pin_list>
<bind>
<opcode="zext(34) " fcode="zext"/>
<opset="zext_ln40_2/5 "/>
</bind>
</comp>

<comp id="357" class="1004" name="add_ln40_1_fu_357">
<pin_list>
<pin id="358" dir="0" index="0" bw="4" slack="0"/>
<pin id="359" dir="0" index="1" bw="7" slack="0"/>
<pin id="360" dir="1" index="2" bw="8" slack="0"/>
</pin_list>
<bind>
<opcode="add(8) " fcode="add"/>
<opset="add_ln40_1/5 "/>
</bind>
</comp>

<comp id="363" class="1004" name="zext_ln40_5_fu_363">
<pin_list>
<pin id="364" dir="0" index="0" bw="8" slack="0"/>
<pin id="365" dir="1" index="1" bw="64" slack="0"/>
</pin_list>
<bind>
<opcode="zext(34) " fcode="zext"/>
<opset="zext_ln40_5/5 "/>
</bind>
</comp>

<comp id="368" class="1004" name="icmp_ln43_fu_368">
<pin_list>
<pin id="369" dir="0" index="0" bw="4" slack="0"/>
<pin id="370" dir="0" index="1" bw="4" slack="0"/>
<pin id="371" dir="1" index="2" bw="1" slack="1"/>
</pin_list>
<bind>
<opcode="icmp(45) " fcode="icmp"/>
<opset="icmp_ln43/7 "/>
</bind>
</comp>

<comp id="374" class="1004" name="i_5_fu_374">
<pin_list>
<pin id="375" dir="0" index="0" bw="4" slack="0"/>
<pin id="376" dir="0" index="1" bw="1" slack="0"/>
<pin id="377" dir="1" index="2" bw="4" slack="0"/>
</pin_list>
<bind>
<opcode="add(8) " fcode="add"/>
<opset="i_5/7 "/>
</bind>
</comp>

<comp id="380" class="1004" name="icmp_ln48_fu_380">
<pin_list>
<pin id="381" dir="0" index="0" bw="7" slack="0"/>
<pin id="382" dir="0" index="1" bw="7" slack="0"/>
<pin id="383" dir="1" index="2" bw="1" slack="1"/>
</pin_list>
<bind>
<opcode="icmp(45) " fcode="icmp"/>
<opset="icmp_ln48/9 "/>
</bind>
</comp>

<comp id="386" class="1004" name="add_ln48_fu_386">
<pin_list>
<pin id="387" dir="0" index="0" bw="7" slack="0"/>
<pin id="388" dir="0" index="1" bw="1" slack="0"/>
<pin id="389" dir="1" index="2" bw="7" slack="0"/>
</pin_list>
<bind>
<opcode="add(8) " fcode="add"/>
<opset="add_ln48/9 "/>
</bind>
</comp>

<comp id="392" class="1004" name="j_2_fu_392">
<pin_list>
<pin id="393" dir="0" index="0" bw="4" slack="0"/>
<pin id="394" dir="0" index="1" bw="1" slack="0"/>
<pin id="395" dir="1" index="2" bw="4" slack="0"/>
</pin_list>
<bind>
<opcode="add(8) " fcode="add"/>
<opset="j_2/9 "/>
</bind>
</comp>

<comp id="398" class="1004" name="icmp_ln50_fu_398">
<pin_list>
<pin id="399" dir="0" index="0" bw="4" slack="0"/>
<pin id="400" dir="0" index="1" bw="4" slack="0"/>
<pin id="401" dir="1" index="2" bw="1" slack="0"/>
</pin_list>
<bind>
<opcode="icmp(45) " fcode="icmp"/>
<opset="icmp_ln50/9 "/>
</bind>
</comp>

<comp id="404" class="1004" name="select_ln51_fu_404">
<pin_list>
<pin id="405" dir="0" index="0" bw="1" slack="0"/>
<pin id="406" dir="0" index="1" bw="1" slack="0"/>
<pin id="407" dir="0" index="2" bw="4" slack="0"/>
<pin id="408" dir="1" index="3" bw="4" slack="0"/>
</pin_list>
<bind>
<opcode="select(49) " fcode="select"/>
<opset="select_ln51/9 "/>
</bind>
</comp>

<comp id="412" class="1004" name="select_ln51_1_fu_412">
<pin_list>
<pin id="413" dir="0" index="0" bw="1" slack="0"/>
<pin id="414" dir="0" index="1" bw="4" slack="0"/>
<pin id="415" dir="0" index="2" bw="4" slack="0"/>
<pin id="416" dir="1" index="3" bw="4" slack="0"/>
</pin_list>
<bind>
<opcode="select(49) " fcode="select"/>
<opset="select_ln51_1/9 "/>
</bind>
</comp>

<comp id="420" class="1004" name="zext_ln51_fu_420">
<pin_list>
<pin id="421" dir="0" index="0" bw="4" slack="0"/>
<pin id="422" dir="1" index="1" bw="8" slack="0"/>
</pin_list>
<bind>
<opcode="zext(34) " fcode="zext"/>
<opset="zext_ln51/9 "/>
</bind>
</comp>

<comp id="424" class="1004" name="tmp_3_fu_424">
<pin_list>
<pin id="425" dir="0" index="0" bw="7" slack="0"/>
<pin id="426" dir="0" index="1" bw="4" slack="0"/>
<pin id="427" dir="0" index="2" bw="1" slack="0"/>
<pin id="428" dir="1" index="3" bw="7" slack="0"/>
</pin_list>
<bind>
<opcode="bitconcatenate(1004) " fcode="bitconcatenate"/>
<opset="tmp_3/9 "/>
</bind>
</comp>

<comp id="432" class="1004" name="zext_ln51_4_fu_432">
<pin_list>
<pin id="433" dir="0" index="0" bw="7" slack="0"/>
<pin id="434" dir="1" index="1" bw="8" slack="0"/>
</pin_list>
<bind>
<opcode="zext(34) " fcode="zext"/>
<opset="zext_ln51_4/9 "/>
</bind>
</comp>

<comp id="436" class="1004" name="add_ln51_1_fu_436">
<pin_list>
<pin id="437" dir="0" index="0" bw="4" slack="0"/>
<pin id="438" dir="0" index="1" bw="7" slack="0"/>
<pin id="439" dir="1" index="2" bw="8" slack="0"/>
</pin_list>
<bind>
<opcode="add(8) " fcode="add"/>
<opset="add_ln51_1/9 "/>
</bind>
</comp>

<comp id="442" class="1004" name="zext_ln51_5_fu_442">
<pin_list>
<pin id="443" dir="0" index="0" bw="8" slack="0"/>
<pin id="444" dir="1" index="1" bw="64" slack="0"/>
</pin_list>
<bind>
<opcode="zext(34) " fcode="zext"/>
<opset="zext_ln51_5/9 "/>
</bind>
</comp>

<comp id="447" class="1004" name="i_6_fu_447">
<pin_list>
<pin id="448" dir="0" index="0" bw="4" slack="0"/>
<pin id="449" dir="0" index="1" bw="1" slack="0"/>
<pin id="450" dir="1" index="2" bw="4" slack="0"/>
</pin_list>
<bind>
<opcode="add(8) " fcode="add"/>
<opset="i_6/9 "/>
</bind>
</comp>

<comp id="453" class="1004" name="tmp_2_fu_453">
<pin_list>
<pin id="454" dir="0" index="0" bw="7" slack="0"/>
<pin id="455" dir="0" index="1" bw="4" slack="1"/>
<pin id="456" dir="0" index="2" bw="1" slack="0"/>
<pin id="457" dir="1" index="3" bw="7" slack="0"/>
</pin_list>
<bind>
<opcode="bitconcatenate(1004) " fcode="bitconcatenate"/>
<opset="tmp_2/10 "/>
</bind>
</comp>

<comp id="460" class="1004" name="zext_ln51_1_fu_460">
<pin_list>
<pin id="461" dir="0" index="0" bw="7" slack="0"/>
<pin id="462" dir="1" index="1" bw="8" slack="0"/>
</pin_list>
<bind>
<opcode="zext(34) " fcode="zext"/>
<opset="zext_ln51_1/10 "/>
</bind>
</comp>

<comp id="464" class="1004" name="zext_ln51_2_fu_464">
<pin_list>
<pin id="465" dir="0" index="0" bw="4" slack="1"/>
<pin id="466" dir="1" index="1" bw="8" slack="0"/>
</pin_list>
<bind>
<opcode="zext(34) " fcode="zext"/>
<opset="zext_ln51_2/10 "/>
</bind>
</comp>

<comp id="467" class="1004" name="add_ln51_fu_467">
<pin_list>
<pin id="468" dir="0" index="0" bw="4" slack="0"/>
<pin id="469" dir="0" index="1" bw="7" slack="0"/>
<pin id="470" dir="1" index="2" bw="8" slack="0"/>
</pin_list>
<bind>
<opcode="add(8) " fcode="add"/>
<opset="add_ln51/10 "/>
</bind>
</comp>

<comp id="473" class="1004" name="zext_ln51_3_fu_473">
<pin_list>
<pin id="474" dir="0" index="0" bw="8" slack="0"/>
<pin id="475" dir="1" index="1" bw="64" slack="0"/>
</pin_list>
<bind>
<opcode="zext(34) " fcode="zext"/>
<opset="zext_ln51_3/10 "/>
</bind>
</comp>

<comp id="478" class="1005" name="icmp_ln32_reg_478">
<pin_list>
<pin id="479" dir="0" index="0" bw="1" slack="1"/>
<pin id="480" dir="1" index="1" bw="1" slack="2147483647"/>
</pin_list>
<bind>
<opset="icmp_ln32 "/>
</bind>
</comp>

<comp id="482" class="1005" name="i_reg_482">
<pin_list>
<pin id="483" dir="0" index="0" bw="4" slack="0"/>
<pin id="484" dir="1" index="1" bw="4" slack="0"/>
</pin_list>
<bind>
<opset="i "/>
</bind>
</comp>

<comp id="487" class="1005" name="icmp_ln37_reg_487">
<pin_list>
<pin id="488" dir="0" index="0" bw="1" slack="1"/>
<pin id="489" dir="1" index="1" bw="1" slack="2147483647"/>
</pin_list>
<bind>
<opset="icmp_ln37 "/>
</bind>
</comp>

<comp id="491" class="1005" name="add_ln37_reg_491">
<pin_list>
<pin id="492" dir="0" index="0" bw="7" slack="0"/>
<pin id="493" dir="1" index="1" bw="7" slack="0"/>
</pin_list>
<bind>
<opset="add_ln37 "/>
</bind>
</comp>

<comp id="496" class="1005" name="select_ln40_reg_496">
<pin_list>
<pin id="497" dir="0" index="0" bw="4" slack="1"/>
<pin id="498" dir="1" index="1" bw="4" slack="1"/>
</pin_list>
<bind>
<opset="select_ln40 "/>
</bind>
</comp>

<comp id="501" class="1005" name="select_ln40_1_reg_501">
<pin_list>
<pin id="502" dir="0" index="0" bw="4" slack="0"/>
<pin id="503" dir="1" index="1" bw="4" slack="0"/>
</pin_list>
<bind>
<opset="select_ln40_1 "/>
</bind>
</comp>

<comp id="507" class="1005" name="row_outbuf_addr_reg_507">
<pin_list>
<pin id="508" dir="0" index="0" bw="6" slack="1"/>
<pin id="509" dir="1" index="1" bw="6" slack="1"/>
</pin_list>
<bind>
<opset="row_outbuf_addr "/>
</bind>
</comp>

<comp id="512" class="1005" name="i_4_reg_512">
<pin_list>
<pin id="513" dir="0" index="0" bw="4" slack="0"/>
<pin id="514" dir="1" index="1" bw="4" slack="0"/>
</pin_list>
<bind>
<opset="i_4 "/>
</bind>
</comp>

<comp id="517" class="1005" name="icmp_ln43_reg_517">
<pin_list>
<pin id="518" dir="0" index="0" bw="1" slack="1"/>
<pin id="519" dir="1" index="1" bw="1" slack="2147483647"/>
</pin_list>
<bind>
<opset="icmp_ln43 "/>
</bind>
</comp>

<comp id="521" class="1005" name="i_5_reg_521">
<pin_list>
<pin id="522" dir="0" index="0" bw="4" slack="0"/>
<pin id="523" dir="1" index="1" bw="4" slack="0"/>
</pin_list>
<bind>
<opset="i_5 "/>
</bind>
</comp>

<comp id="526" class="1005" name="icmp_ln48_reg_526">
<pin_list>
<pin id="527" dir="0" index="0" bw="1" slack="1"/>
<pin id="528" dir="1" index="1" bw="1" slack="2147483647"/>
</pin_list>
<bind>
<opset="icmp_ln48 "/>
</bind>
</comp>

<comp id="530" class="1005" name="add_ln48_reg_530">
<pin_list>
<pin id="531" dir="0" index="0" bw="7" slack="0"/>
<pin id="532" dir="1" index="1" bw="7" slack="0"/>
</pin_list>
<bind>
<opset="add_ln48 "/>
</bind>
</comp>

<comp id="535" class="1005" name="select_ln51_reg_535">
<pin_list>
<pin id="536" dir="0" index="0" bw="4" slack="1"/>
<pin id="537" dir="1" index="1" bw="4" slack="1"/>
</pin_list>
<bind>
<opset="select_ln51 "/>
</bind>
</comp>

<comp id="540" class="1005" name="select_ln51_1_reg_540">
<pin_list>
<pin id="541" dir="0" index="0" bw="4" slack="0"/>
<pin id="542" dir="1" index="1" bw="4" slack="0"/>
</pin_list>
<bind>
<opset="select_ln51_1 "/>
</bind>
</comp>

<comp id="546" class="1005" name="col_outbuf_addr_reg_546">
<pin_list>
<pin id="547" dir="0" index="0" bw="6" slack="1"/>
<pin id="548" dir="1" index="1" bw="6" slack="1"/>
</pin_list>
<bind>
<opset="col_outbuf_addr "/>
</bind>
</comp>

<comp id="551" class="1005" name="i_6_reg_551">
<pin_list>
<pin id="552" dir="0" index="0" bw="4" slack="0"/>
<pin id="553" dir="1" index="1" bw="4" slack="0"/>
</pin_list>
<bind>
<opset="i_6 "/>
</bind>
</comp>

</comp_list>

<net_list>
<net id="79"><net_src comp="20" pin="0"/><net_sink comp="76" pin=0"/></net>

<net id="83"><net_src comp="20" pin="0"/><net_sink comp="80" pin=0"/></net>

<net id="87"><net_src comp="20" pin="0"/><net_sink comp="84" pin=0"/></net>

<net id="93"><net_src comp="48" pin="0"/><net_sink comp="88" pin=1"/></net>

<net id="99"><net_src comp="88" pin="3"/><net_sink comp="94" pin=0"/></net>

<net id="105"><net_src comp="48" pin="0"/><net_sink comp="100" pin=1"/></net>

<net id="111"><net_src comp="94" pin="3"/><net_sink comp="106" pin=1"/></net>

<net id="112"><net_src comp="100" pin="3"/><net_sink comp="106" pin=0"/></net>

<net id="118"><net_src comp="48" pin="0"/><net_sink comp="113" pin=1"/></net>

<net id="124"><net_src comp="113" pin="3"/><net_sink comp="119" pin=0"/></net>

<net id="130"><net_src comp="2" pin="0"/><net_sink comp="125" pin=0"/></net>

<net id="131"><net_src comp="48" pin="0"/><net_sink comp="125" pin=1"/></net>

<net id="137"><net_src comp="119" pin="3"/><net_sink comp="132" pin=1"/></net>

<net id="138"><net_src comp="125" pin="3"/><net_sink comp="132" pin=0"/></net>

<net id="142"><net_src comp="22" pin="0"/><net_sink comp="139" pin=0"/></net>

<net id="149"><net_src comp="139" pin="1"/><net_sink comp="143" pin=0"/></net>

<net id="150"><net_src comp="143" pin="4"/><net_sink comp="139" pin=0"/></net>

<net id="154"><net_src comp="38" pin="0"/><net_sink comp="151" pin=0"/></net>

<net id="161"><net_src comp="151" pin="1"/><net_sink comp="155" pin=2"/></net>

<net id="165"><net_src comp="22" pin="0"/><net_sink comp="162" pin=0"/></net>

<net id="172"><net_src comp="162" pin="1"/><net_sink comp="166" pin=2"/></net>

<net id="176"><net_src comp="22" pin="0"/><net_sink comp="173" pin=0"/></net>

<net id="183"><net_src comp="173" pin="1"/><net_sink comp="177" pin=2"/></net>

<net id="187"><net_src comp="22" pin="0"/><net_sink comp="184" pin=0"/></net>

<net id="194"><net_src comp="184" pin="1"/><net_sink comp="188" pin=2"/></net>

<net id="195"><net_src comp="188" pin="4"/><net_sink comp="184" pin=0"/></net>

<net id="199"><net_src comp="38" pin="0"/><net_sink comp="196" pin=0"/></net>

<net id="206"><net_src comp="196" pin="1"/><net_sink comp="200" pin=2"/></net>

<net id="210"><net_src comp="22" pin="0"/><net_sink comp="207" pin=0"/></net>

<net id="217"><net_src comp="207" pin="1"/><net_sink comp="211" pin=2"/></net>

<net id="221"><net_src comp="22" pin="0"/><net_sink comp="218" pin=0"/></net>

<net id="228"><net_src comp="218" pin="1"/><net_sink comp="222" pin=2"/></net>

<net id="244"><net_src comp="32" pin="0"/><net_sink comp="229" pin=0"/></net>

<net id="245"><net_src comp="0" pin="0"/><net_sink comp="229" pin=1"/></net>

<net id="246"><net_src comp="143" pin="4"/><net_sink comp="229" pin=2"/></net>

<net id="247"><net_src comp="143" pin="4"/><net_sink comp="229" pin=4"/></net>

<net id="248"><net_src comp="4" pin="0"/><net_sink comp="229" pin=5"/></net>

<net id="249"><net_src comp="6" pin="0"/><net_sink comp="229" pin=6"/></net>

<net id="250"><net_src comp="8" pin="0"/><net_sink comp="229" pin=7"/></net>

<net id="251"><net_src comp="10" pin="0"/><net_sink comp="229" pin=8"/></net>

<net id="252"><net_src comp="12" pin="0"/><net_sink comp="229" pin=9"/></net>

<net id="253"><net_src comp="14" pin="0"/><net_sink comp="229" pin=10"/></net>

<net id="254"><net_src comp="16" pin="0"/><net_sink comp="229" pin=11"/></net>

<net id="255"><net_src comp="18" pin="0"/><net_sink comp="229" pin=12"/></net>

<net id="256"><net_src comp="188" pin="4"/><net_sink comp="229" pin=2"/></net>

<net id="257"><net_src comp="188" pin="4"/><net_sink comp="229" pin=4"/></net>

<net id="262"><net_src comp="143" pin="4"/><net_sink comp="258" pin=0"/></net>

<net id="263"><net_src comp="24" pin="0"/><net_sink comp="258" pin=1"/></net>

<net id="268"><net_src comp="143" pin="4"/><net_sink comp="264" pin=0"/></net>

<net id="269"><net_src comp="30" pin="0"/><net_sink comp="264" pin=1"/></net>

<net id="274"><net_src comp="155" pin="4"/><net_sink comp="270" pin=0"/></net>

<net id="275"><net_src comp="40" pin="0"/><net_sink comp="270" pin=1"/></net>

<net id="280"><net_src comp="155" pin="4"/><net_sink comp="276" pin=0"/></net>

<net id="281"><net_src comp="42" pin="0"/><net_sink comp="276" pin=1"/></net>

<net id="286"><net_src comp="166" pin="4"/><net_sink comp="282" pin=0"/></net>

<net id="287"><net_src comp="30" pin="0"/><net_sink comp="282" pin=1"/></net>

<net id="292"><net_src comp="177" pin="4"/><net_sink comp="288" pin=0"/></net>

<net id="293"><net_src comp="24" pin="0"/><net_sink comp="288" pin=1"/></net>

<net id="299"><net_src comp="288" pin="2"/><net_sink comp="294" pin=0"/></net>

<net id="300"><net_src comp="22" pin="0"/><net_sink comp="294" pin=1"/></net>

<net id="301"><net_src comp="177" pin="4"/><net_sink comp="294" pin=2"/></net>

<net id="307"><net_src comp="288" pin="2"/><net_sink comp="302" pin=0"/></net>

<net id="308"><net_src comp="282" pin="2"/><net_sink comp="302" pin=1"/></net>

<net id="309"><net_src comp="166" pin="4"/><net_sink comp="302" pin=2"/></net>

<net id="313"><net_src comp="302" pin="3"/><net_sink comp="310" pin=0"/></net>

<net id="319"><net_src comp="44" pin="0"/><net_sink comp="314" pin=0"/></net>

<net id="320"><net_src comp="294" pin="3"/><net_sink comp="314" pin=1"/></net>

<net id="321"><net_src comp="46" pin="0"/><net_sink comp="314" pin=2"/></net>

<net id="325"><net_src comp="314" pin="3"/><net_sink comp="322" pin=0"/></net>

<net id="330"><net_src comp="310" pin="1"/><net_sink comp="326" pin=0"/></net>

<net id="331"><net_src comp="322" pin="1"/><net_sink comp="326" pin=1"/></net>

<net id="335"><net_src comp="326" pin="2"/><net_sink comp="332" pin=0"/></net>

<net id="336"><net_src comp="332" pin="1"/><net_sink comp="88" pin=2"/></net>

<net id="341"><net_src comp="294" pin="3"/><net_sink comp="337" pin=0"/></net>

<net id="342"><net_src comp="30" pin="0"/><net_sink comp="337" pin=1"/></net>

<net id="348"><net_src comp="44" pin="0"/><net_sink comp="343" pin=0"/></net>

<net id="349"><net_src comp="46" pin="0"/><net_sink comp="343" pin=2"/></net>

<net id="353"><net_src comp="343" pin="3"/><net_sink comp="350" pin=0"/></net>

<net id="361"><net_src comp="354" pin="1"/><net_sink comp="357" pin=0"/></net>

<net id="362"><net_src comp="350" pin="1"/><net_sink comp="357" pin=1"/></net>

<net id="366"><net_src comp="357" pin="2"/><net_sink comp="363" pin=0"/></net>

<net id="367"><net_src comp="363" pin="1"/><net_sink comp="100" pin=2"/></net>

<net id="372"><net_src comp="188" pin="4"/><net_sink comp="368" pin=0"/></net>

<net id="373"><net_src comp="24" pin="0"/><net_sink comp="368" pin=1"/></net>

<net id="378"><net_src comp="188" pin="4"/><net_sink comp="374" pin=0"/></net>

<net id="379"><net_src comp="30" pin="0"/><net_sink comp="374" pin=1"/></net>

<net id="384"><net_src comp="200" pin="4"/><net_sink comp="380" pin=0"/></net>

<net id="385"><net_src comp="40" pin="0"/><net_sink comp="380" pin=1"/></net>

<net id="390"><net_src comp="200" pin="4"/><net_sink comp="386" pin=0"/></net>

<net id="391"><net_src comp="42" pin="0"/><net_sink comp="386" pin=1"/></net>

<net id="396"><net_src comp="211" pin="4"/><net_sink comp="392" pin=0"/></net>

<net id="397"><net_src comp="30" pin="0"/><net_sink comp="392" pin=1"/></net>

<net id="402"><net_src comp="222" pin="4"/><net_sink comp="398" pin=0"/></net>

<net id="403"><net_src comp="24" pin="0"/><net_sink comp="398" pin=1"/></net>

<net id="409"><net_src comp="398" pin="2"/><net_sink comp="404" pin=0"/></net>

<net id="410"><net_src comp="22" pin="0"/><net_sink comp="404" pin=1"/></net>

<net id="411"><net_src comp="222" pin="4"/><net_sink comp="404" pin=2"/></net>

<net id="417"><net_src comp="398" pin="2"/><net_sink comp="412" pin=0"/></net>

<net id="418"><net_src comp="392" pin="2"/><net_sink comp="412" pin=1"/></net>

<net id="419"><net_src comp="211" pin="4"/><net_sink comp="412" pin=2"/></net>

<net id="423"><net_src comp="412" pin="3"/><net_sink comp="420" pin=0"/></net>

<net id="429"><net_src comp="44" pin="0"/><net_sink comp="424" pin=0"/></net>

<net id="430"><net_src comp="404" pin="3"/><net_sink comp="424" pin=1"/></net>

<net id="431"><net_src comp="46" pin="0"/><net_sink comp="424" pin=2"/></net>

<net id="435"><net_src comp="424" pin="3"/><net_sink comp="432" pin=0"/></net>

<net id="440"><net_src comp="420" pin="1"/><net_sink comp="436" pin=0"/></net>

<net id="441"><net_src comp="432" pin="1"/><net_sink comp="436" pin=1"/></net>

<net id="445"><net_src comp="436" pin="2"/><net_sink comp="442" pin=0"/></net>

<net id="446"><net_src comp="442" pin="1"/><net_sink comp="113" pin=2"/></net>

<net id="451"><net_src comp="404" pin="3"/><net_sink comp="447" pin=0"/></net>

<net id="452"><net_src comp="30" pin="0"/><net_sink comp="447" pin=1"/></net>

<net id="458"><net_src comp="44" pin="0"/><net_sink comp="453" pin=0"/></net>

<net id="459"><net_src comp="46" pin="0"/><net_sink comp="453" pin=2"/></net>

<net id="463"><net_src comp="453" pin="3"/><net_sink comp="460" pin=0"/></net>

<net id="471"><net_src comp="464" pin="1"/><net_sink comp="467" pin=0"/></net>

<net id="472"><net_src comp="460" pin="1"/><net_sink comp="467" pin=1"/></net>

<net id="476"><net_src comp="467" pin="2"/><net_sink comp="473" pin=0"/></net>

<net id="477"><net_src comp="473" pin="1"/><net_sink comp="125" pin=2"/></net>

<net id="481"><net_src comp="258" pin="2"/><net_sink comp="478" pin=0"/></net>

<net id="485"><net_src comp="264" pin="2"/><net_sink comp="482" pin=0"/></net>

<net id="486"><net_src comp="482" pin="1"/><net_sink comp="143" pin=2"/></net>

<net id="490"><net_src comp="270" pin="2"/><net_sink comp="487" pin=0"/></net>

<net id="494"><net_src comp="276" pin="2"/><net_sink comp="491" pin=0"/></net>

<net id="495"><net_src comp="491" pin="1"/><net_sink comp="155" pin=0"/></net>

<net id="499"><net_src comp="294" pin="3"/><net_sink comp="496" pin=0"/></net>

<net id="500"><net_src comp="496" pin="1"/><net_sink comp="354" pin=0"/></net>

<net id="504"><net_src comp="302" pin="3"/><net_sink comp="501" pin=0"/></net>

<net id="505"><net_src comp="501" pin="1"/><net_sink comp="166" pin=0"/></net>

<net id="506"><net_src comp="501" pin="1"/><net_sink comp="343" pin=1"/></net>

<net id="510"><net_src comp="88" pin="3"/><net_sink comp="507" pin=0"/></net>

<net id="511"><net_src comp="507" pin="1"/><net_sink comp="94" pin=0"/></net>

<net id="515"><net_src comp="337" pin="2"/><net_sink comp="512" pin=0"/></net>

<net id="516"><net_src comp="512" pin="1"/><net_sink comp="177" pin=0"/></net>

<net id="520"><net_src comp="368" pin="2"/><net_sink comp="517" pin=0"/></net>

<net id="524"><net_src comp="374" pin="2"/><net_sink comp="521" pin=0"/></net>

<net id="525"><net_src comp="521" pin="1"/><net_sink comp="188" pin=0"/></net>

<net id="529"><net_src comp="380" pin="2"/><net_sink comp="526" pin=0"/></net>

<net id="533"><net_src comp="386" pin="2"/><net_sink comp="530" pin=0"/></net>

<net id="534"><net_src comp="530" pin="1"/><net_sink comp="200" pin=0"/></net>

<net id="538"><net_src comp="404" pin="3"/><net_sink comp="535" pin=0"/></net>

<net id="539"><net_src comp="535" pin="1"/><net_sink comp="464" pin=0"/></net>

<net id="543"><net_src comp="412" pin="3"/><net_sink comp="540" pin=0"/></net>

<net id="544"><net_src comp="540" pin="1"/><net_sink comp="211" pin=0"/></net>

<net id="545"><net_src comp="540" pin="1"/><net_sink comp="453" pin=1"/></net>

<net id="549"><net_src comp="113" pin="3"/><net_sink comp="546" pin=0"/></net>

<net id="550"><net_src comp="546" pin="1"/><net_sink comp="119" pin=0"/></net>

<net id="554"><net_src comp="447" pin="2"/><net_sink comp="551" pin=0"/></net>

<net id="555"><net_src comp="551" pin="1"/><net_sink comp="222" pin=0"/></net>

</net_list>

</model> 
---------------- Datapath Model END ------------------

* FSMD analyzer results:
  - Output states:
	Port: out_block | {10 }
 - Input state : 
	Port: dct_2d : in_block | {2 3 }
	Port: dct_2d : dct_coeff_table_0 | {2 3 7 8 }
	Port: dct_2d : dct_coeff_table_1 | {2 3 7 8 }
	Port: dct_2d : dct_coeff_table_2 | {2 3 7 8 }
	Port: dct_2d : dct_coeff_table_3 | {2 3 7 8 }
	Port: dct_2d : dct_coeff_table_4 | {2 3 7 8 }
	Port: dct_2d : dct_coeff_table_5 | {2 3 7 8 }
	Port: dct_2d : dct_coeff_table_6 | {2 3 7 8 }
	Port: dct_2d : dct_coeff_table_7 | {2 3 7 8 }
  - Chain level:
	State 1
	State 2
		icmp_ln32 : 1
		i : 1
		br_ln32 : 2
		call_ln33 : 1
	State 3
	State 4
		icmp_ln37 : 1
		add_ln37 : 1
		br_ln37 : 2
		j : 1
		icmp_ln39 : 1
		select_ln40 : 2
		select_ln40_1 : 2
		zext_ln40 : 3
		tmp_1 : 3
		zext_ln40_3 : 4
		add_ln40 : 5
		zext_ln40_4 : 6
		row_outbuf_addr : 7
		row_outbuf_load : 8
		i_4 : 3
	State 5
		zext_ln40_1 : 1
		add_ln40_1 : 2
		zext_ln40_5 : 3
		col_inbuf_addr : 4
		store_ln40 : 5
		empty_6 : 1
	State 6
	State 7
		icmp_ln43 : 1
		i_5 : 1
		br_ln43 : 2
		call_ln44 : 1
	State 8
	State 9
		icmp_ln48 : 1
		add_ln48 : 1
		br_ln48 : 2
		j_2 : 1
		icmp_ln50 : 1
		select_ln51 : 2
		select_ln51_1 : 2
		zext_ln51 : 3
		tmp_3 : 3
		zext_ln51_4 : 4
		add_ln51_1 : 5
		zext_ln51_5 : 6
		col_outbuf_addr : 7
		col_outbuf_load : 8
		i_6 : 3
	State 10
		zext_ln51_1 : 1
		add_ln51 : 2
		zext_ln51_3 : 3
		out_block_addr : 4
		store_ln51 : 5
		empty_9 : 1
	State 11


============================================================
+ Verbose Summary: Datapath Resource usage 
============================================================

* Functional unit list:
|----------|----------------------|---------|---------|---------|---------|
| Operation|    Functional Unit   |  DSP48E |  Delay  |    FF   |   LUT   |
|----------|----------------------|---------|---------|---------|---------|
|   call   |  grp_dct_1d2_fu_229  |    8    |  15.128 |   447   |   281   |
|----------|----------------------|---------|---------|---------|---------|
|          |       i_fu_264       |    0    |    0    |    0    |    13   |
|          |    add_ln37_fu_276   |    0    |    0    |    0    |    15   |
|          |       j_fu_282       |    0    |    0    |    0    |    13   |
|          |    add_ln40_fu_326   |    0    |    0    |    0    |    15   |
|          |      i_4_fu_337      |    0    |    0    |    0    |    13   |
|    add   |   add_ln40_1_fu_357  |    0    |    0    |    0    |    15   |
|          |      i_5_fu_374      |    0    |    0    |    0    |    13   |
|          |    add_ln48_fu_386   |    0    |    0    |    0    |    15   |
|          |      j_2_fu_392      |    0    |    0    |    0    |    13   |
|          |   add_ln51_1_fu_436  |    0    |    0    |    0    |    15   |
|          |      i_6_fu_447      |    0    |    0    |    0    |    13   |
|          |    add_ln51_fu_467   |    0    |    0    |    0    |    15   |
|----------|----------------------|---------|---------|---------|---------|
|          |   icmp_ln32_fu_258   |    0    |    0    |    0    |    9    |
|          |   icmp_ln37_fu_270   |    0    |    0    |    0    |    11   |
|   icmp   |   icmp_ln39_fu_288   |    0    |    0    |    0    |    9    |
|          |   icmp_ln43_fu_368   |    0    |    0    |    0    |    9    |
|          |   icmp_ln48_fu_380   |    0    |    0    |    0    |    11   |
|          |   icmp_ln50_fu_398   |    0    |    0    |    0    |    9    |
|----------|----------------------|---------|---------|---------|---------|
|          |  select_ln40_fu_294  |    0    |    0    |    0    |    4    |
|  select  | select_ln40_1_fu_302 |    0    |    0    |    0    |    4    |
|          |  select_ln51_fu_404  |    0    |    0    |    0    |    4    |
|          | select_ln51_1_fu_412 |    0    |    0    |    0    |    4    |
|----------|----------------------|---------|---------|---------|---------|
|          |   zext_ln40_fu_310   |    0    |    0    |    0    |    0    |
|          |  zext_ln40_3_fu_322  |    0    |    0    |    0    |    0    |
|          |  zext_ln40_4_fu_332  |    0    |    0    |    0    |    0    |
|          |  zext_ln40_1_fu_350  |    0    |    0    |    0    |    0    |
|          |  zext_ln40_2_fu_354  |    0    |    0    |    0    |    0    |
|   zext   |  zext_ln40_5_fu_363  |    0    |    0    |    0    |    0    |
|          |   zext_ln51_fu_420   |    0    |    0    |    0    |    0    |
|          |  zext_ln51_4_fu_432  |    0    |    0    |    0    |    0    |
|          |  zext_ln51_5_fu_442  |    0    |    0    |    0    |    0    |
|          |  zext_ln51_1_fu_460  |    0    |    0    |    0    |    0    |
|          |  zext_ln51_2_fu_464  |    0    |    0    |    0    |    0    |
|          |  zext_ln51_3_fu_473  |    0    |    0    |    0    |    0    |
|----------|----------------------|---------|---------|---------|---------|
|          |     tmp_1_fu_314     |    0    |    0    |    0    |    0    |
|bitconcatenate|      tmp_fu_343      |    0    |    0    |    0    |    0    |
|          |     tmp_3_fu_424     |    0    |    0    |    0    |    0    |
|          |     tmp_2_fu_453     |    0    |    0    |    0    |    0    |
|----------|----------------------|---------|---------|---------|---------|
|   Total  |                      |    8    |  15.128 |   447   |   523   |
|----------|----------------------|---------|---------|---------|---------|

Memories:
+----------+--------+--------+--------+--------+
|          |  BRAM  |   FF   |   LUT  |  URAM  |
+----------+--------+--------+--------+--------+
| col_inbuf|    1   |    0   |    0   |    0   |
|col_outbuf|    1   |    0   |    0   |    0   |
|row_outbuf|    1   |    0   |    0   |    0   |
+----------+--------+--------+--------+--------+
|   Total  |    3   |    0   |    0   |    0   |
+----------+--------+--------+--------+--------+

* Register list:
+------------------------+--------+
|                        |   FF   |
+------------------------+--------+
|    add_ln37_reg_491    |    7   |
|    add_ln48_reg_530    |    7   |
| col_outbuf_addr_reg_546|    6   |
|       i_0_reg_139      |    4   |
|       i_1_reg_173      |    4   |
|       i_2_reg_184      |    4   |
|       i_3_reg_218      |    4   |
|       i_4_reg_512      |    4   |
|       i_5_reg_521      |    4   |
|       i_6_reg_551      |    4   |
|        i_reg_482       |    4   |
|    icmp_ln32_reg_478   |    1   |
|    icmp_ln37_reg_487   |    1   |
|    icmp_ln43_reg_517   |    1   |
|    icmp_ln48_reg_526   |    1   |
|indvar_flatten11_reg_196|    7   |
| indvar_flatten_reg_151 |    7   |
|       j_0_reg_162      |    4   |
|       j_1_reg_207      |    4   |
| row_outbuf_addr_reg_507|    6   |
|  select_ln40_1_reg_501 |    4   |
|   select_ln40_reg_496  |    4   |
|  select_ln51_1_reg_540 |    4   |
|   select_ln51_reg_535  |    4   |
+------------------------+--------+
|          Total         |   100  |
+------------------------+--------+

* Multiplexer (MUX) list: 
|--------------------|------|------|------|--------||---------||---------|
|        Comp        |  Pin | Size |  BW  | S x BW ||  Delay  ||   LUT   |
|--------------------|------|------|------|--------||---------||---------|
|  grp_access_fu_94  |  p0  |   2  |   6  |   12   ||    9    |
|  grp_access_fu_119 |  p0  |   2  |   6  |   12   ||    9    |
|     i_0_reg_139    |  p0  |   2  |   4  |    8   ||    9    |
|     i_2_reg_184    |  p0  |   2  |   4  |    8   ||    9    |
| grp_dct_1d2_fu_229 |  p2  |   2  |   4  |    8   ||    9    |
| grp_dct_1d2_fu_229 |  p4  |   2  |   4  |    8   ||    9    |
|--------------------|------|------|------|--------||---------||---------|
|        Total       |      |      |      |   56   ||  6.366  ||    54   |
|--------------------|------|------|------|--------||---------||---------|



* Summary:
+-----------+--------+--------+--------+--------+--------+--------+
|           |  BRAM  | DSP48E |  Delay |   FF   |   LUT  |  URAM  |
+-----------+--------+--------+--------+--------+--------+--------+
|  Function |    -   |    8   |   15   |   447  |   523  |    -   |
|   Memory  |    3   |    -   |    -   |    0   |    0   |    0   |
|Multiplexer|    -   |    -   |    6   |    -   |   54   |    -   |
|  Register |    -   |    -   |    -   |   100  |    -   |    -   |
+-----------+--------+--------+--------+--------+--------+--------+
|   Total   |    3   |    8   |   21   |   547  |   577  |    0   |
+-----------+--------+--------+--------+--------+--------+--------+
