masha@masha-pc:~/temp$ ls
key

masha@masha-pc:~/temp$ gpg --import key 
gpg: key 8A882796: public key "Donald <donald@trump.gov>" imported
gpg: Total number processed: 1
gpg:               imported: 1  (RSA: 1)

masha@masha-pc:~/temp$ gpg --list-keys
/home/masha/.gnupg/pubring.gpg
-------------------------------
pub   2048R/A6186B78 2017-04-23
uid                  My Super Certificate <im@the.best>
sub   2048R/D1332725 2017-04-23

pub   2048R/8A882796 2017-11-05
uid                  Donald <donald@trump.gov>
sub   2048R/49ECD6F1 2017-11-05

masha@masha-pc:~/temp$ echo "! My secret file !" > SECRET.DATA

masha@masha-pc:~/temp$ gpg -o SECRET.DATA.gpg -e -r Donald SECRET.DATA 
gpg: 49ECD6F1: There is no assurance this key belongs to the named user

pub  2048R/49ECD6F1 2017-11-05 Donald <donald@trump.gov>
 Primary key fingerprint: 0C4F 7BCD CA34 E401 77D8  07F4 EFB3 7A31 8A88 2796
      Subkey fingerprint: D128 458C A1B6 EBCF 340C  752F 98ED 17FB 49EC D6F1

It is NOT certain that the key belongs to the person named
in the user ID.  If you *really* know what you are doing,
you may answer the next question with yes.

Use this key anyway? (y/N) y

masha@masha-pc:~/temp$ cat SECRET.DATA.gpg 
-> UNREADABLE SYMBOLS FOR LATEX <-